<?xml version="1.0" encoding="UTF-8"?>
<!-- Generated by org.testng.reporters.JUnitReportReporter -->
<testsuite skipped="0" hostname="EDZ-20170729POB" name="AboutNewDaBiao.CreateDaBiaoTestNG" tests="1" failures="0" timestamp="27 二月 2019 08:20:03 GMT" time="58.624" errors="0">
  <testcase name="createDb" time="58.624" classname="AboutNewDaBiao.CreateDaBiaoTestNG"/>
</testsuite> <!-- AboutNewDaBiao.CreateDaBiaoTestNG -->
