<?xml version="1.0" encoding="UTF-8"?>
<!-- Generated by org.testng.reporters.JUnitReportReporter -->
<testsuite skipped="0" hostname="EDZ-20170729POB" name="com.irongbei.AddZhouZhouSheng" tests="1" failures="0" timestamp="12 四月 2019 02:23:02 GMT" time="27.580" errors="0">
  <testcase name="addZhouZhouSheng" time="27.580" classname="com.irongbei.AddZhouZhouSheng"/>
</testsuite> <!-- com.irongbei.AddZhouZhouSheng -->
