<?xml version="1.0" encoding="UTF-8"?>
<!-- Generated by org.testng.reporters.JUnitReportReporter -->
<testsuite skipped="0" hostname="EDZ-20170729POB" name="com.irongbeitest.GetExcelDataTest" tests="3" failures="0" timestamp="25 一月 2019 09:56:04 GMT" time="0.023" errors="0">
  <testcase name="testConnection" time="0.004" classname="com.irongbeitest.GetExcelDataTest"/>
  <testcase name="testConnection" time="0.017" classname="com.irongbeitest.GetExcelDataTest"/>
  <testcase name="testConnection" time="0.002" classname="com.irongbeitest.GetExcelDataTest"/>
</testsuite> <!-- com.irongbeitest.GetExcelDataTest -->
