<?xml version="1.0" encoding="UTF-8"?>
<!-- Generated by org.testng.reporters.JUnitReportReporter -->
<testsuite skipped="0" hostname="EDZ-20170729POB" name="com.irongbei.ShengXinTouTuiChu" tests="1" failures="0" timestamp="09 五月 2019 08:53:12 GMT" time="480.423" errors="0">
  <testcase name="sxttc" time="480.423" classname="com.irongbei.ShengXinTouTuiChu"/>
</testsuite> <!-- com.irongbei.ShengXinTouTuiChu -->
