<?xml version="1.0" encoding="UTF-8"?>
<!-- Generated by org.testng.reporters.JUnitReportReporter -->
<testsuite skipped="0" hostname="EDZ-20170729POB" name="com.irongbei.CreateDaBiao" tests="1" failures="0" timestamp="09 五月 2019 08:21:04 GMT" time="43.244" errors="0">
  <testcase name="createDaBiao" time="43.244" classname="com.irongbei.CreateDaBiao"/>
</testsuite> <!-- com.irongbei.CreateDaBiao -->
