<?xml version="1.0" encoding="UTF-8"?>
<!-- Generated by org.testng.reporters.JUnitReportReporter -->
<testsuite skipped="0" hostname="EDZ-20170729POB" name="com.irongbei.CreateZhiTouNew" tests="1" failures="0" timestamp="31 十月 2019 08:20:10 GMT" time="61.240" errors="0">
  <testcase name="createZhiTou" time="61.240" classname="com.irongbei.CreateZhiTouNew"/>
</testsuite> <!-- com.irongbei.CreateZhiTouNew -->
