<?xml version="1.0" encoding="UTF-8"?>
<!-- Generated by org.testng.reporters.JUnitReportReporter -->
<testsuite skipped="0" hostname="EDZ-20170729POB" name="com.rongbei.util.WriteBankCard" tests="1000" failures="0" timestamp="24 一月 2019 14:45:13 GMT" time="1.831" errors="0">
  <testcase name="writeUserCard" time="0.001" classname="com.rongbei.util.WriteBankCard"/>
  <testcase name="writeUserCard" time="0.001" classname="com.rongbei.util.WriteBankCard"/>
  <testcase name="writeUserCard" time="0.001" classname="com.rongbei.util.WriteBankCard"/>
  <testcase name="writeUserCard" time="0.001" classname="com.rongbei.util.WriteBankCard"/>
  <testcase name="writeUserCard" time="0.001" classname="com.rongbei.util.WriteBankCard"/>
  <testcase name="writeUserCard" time="0.002" classname="com.rongbei.util.WriteBankCard"/>
  <testcase name="writeUserCard" time="0.001" classname="com.rongbei.util.WriteBankCard"/>
  <testcase name="writeUserCard" time="0.001" classname="com.rongbei.util.WriteBankCard"/>
  <testcase name="writeUserCard" time="0.002" classname="com.rongbei.util.WriteBankCard"/>
  <testcase name="writeUserCard" time="0.001" classname="com.rongbei.util.WriteBankCard"/>
  <testcase name="writeUserCard" time="0.005" classname="com.rongbei.util.WriteBankCard"/>
  <testcase name="writeUserCard" time="0.001" classname="com.rongbei.util.WriteBankCard"/>
  <testcase name="writeUserCard" time="0.001" classname="com.rongbei.util.WriteBankCard"/>
  <testcase name="writeUserCard" time="0.001" classname="com.rongbei.util.WriteBankCard"/>
  <testcase name="writeUserCard" time="0.001" classname="com.rongbei.util.WriteBankCard"/>
  <testcase name="writeUserCard" time="0.001" classname="com.rongbei.util.WriteBankCard"/>
  <testcase name="writeUserCard" time="0.001" classname="com.rongbei.util.WriteBankCard"/>
  <testcase name="writeUserCard" time="0.002" classname="com.rongbei.util.WriteBankCard"/>
  <testcase name="writeUserCard" time="0.001" classname="com.rongbei.util.WriteBankCard"/>
  <testcase name="writeUserCard" time="0.001" classname="com.rongbei.util.WriteBankCard"/>
  <testcase name="writeUserCard" time="0.002" classname="com.rongbei.util.WriteBankCard"/>
  <testcase name="writeUserCard" time="0.001" classname="com.rongbei.util.WriteBankCard"/>
  <testcase name="writeUserCard" time="0.001" classname="com.rongbei.util.WriteBankCard"/>
  <testcase name="writeUserCard" time="0.001" classname="com.rongbei.util.WriteBankCard"/>
  <testcase name="writeUserCard" time="0.001" classname="com.rongbei.util.WriteBankCard"/>
  <testcase name="writeUserCard" time="0.001" classname="com.rongbei.util.WriteBankCard"/>
  <testcase name="writeUserCard" time="0.002" classname="com.rongbei.util.WriteBankCard"/>
  <testcase name="writeUserCard" time="0.044" classname="com.rongbei.util.WriteBankCard"/>
  <testcase name="writeUserCard" time="0.001" classname="com.rongbei.util.WriteBankCard"/>
  <testcase name="writeUserCard" time="0.002" classname="com.rongbei.util.WriteBankCard"/>
  <testcase name="writeUserCard" time="0.001" classname="com.rongbei.util.WriteBankCard"/>
  <testcase name="writeUserCard" time="0.002" classname="com.rongbei.util.WriteBankCard"/>
  <testcase name="writeUserCard" time="0.001" classname="com.rongbei.util.WriteBankCard"/>
  <testcase name="writeUserCard" time="0.001" classname="com.rongbei.util.WriteBankCard"/>
  <testcase name="writeUserCard" time="0.001" classname="com.rongbei.util.WriteBankCard"/>
  <testcase name="writeUserCard" time="0.000" classname="com.rongbei.util.WriteBankCard"/>
  <testcase name="writeUserCard" time="0.001" classname="com.rongbei.util.WriteBankCard"/>
  <testcase name="writeUserCard" time="0.009" classname="com.rongbei.util.WriteBankCard"/>
  <testcase name="writeUserCard" time="0.002" classname="com.rongbei.util.WriteBankCard"/>
  <testcase name="writeUserCard" time="0.001" classname="com.rongbei.util.WriteBankCard"/>
  <testcase name="writeUserCard" time="0.001" classname="com.rongbei.util.WriteBankCard"/>
  <testcase name="writeUserCard" time="0.001" classname="com.rongbei.util.WriteBankCard"/>
  <testcase name="writeUserCard" time="0.001" classname="com.rongbei.util.WriteBankCard"/>
  <testcase name="writeUserCard" time="0.002" classname="com.rongbei.util.WriteBankCard"/>
  <testcase name="writeUserCard" time="0.002" classname="com.rongbei.util.WriteBankCard"/>
  <testcase name="writeUserCard" time="0.006" classname="com.rongbei.util.WriteBankCard"/>
  <testcase name="writeUserCard" time="0.002" classname="com.rongbei.util.WriteBankCard"/>
  <testcase name="writeUserCard" time="0.002" classname="com.rongbei.util.WriteBankCard"/>
  <testcase name="writeUserCard" time="0.001" classname="com.rongbei.util.WriteBankCard"/>
  <testcase name="writeUserCard" time="0.001" classname="com.rongbei.util.WriteBankCard"/>
  <testcase name="writeUserCard" time="0.001" classname="com.rongbei.util.WriteBankCard"/>
  <testcase name="writeUserCard" time="0.001" classname="com.rongbei.util.WriteBankCard"/>
  <testcase name="writeUserCard" time="0.003" classname="com.rongbei.util.WriteBankCard"/>
  <testcase name="writeUserCard" time="0.001" classname="com.rongbei.util.WriteBankCard"/>
  <testcase name="writeUserCard" time="0.001" classname="com.rongbei.util.WriteBankCard"/>
  <testcase name="writeUserCard" time="0.001" classname="com.rongbei.util.WriteBankCard"/>
  <testcase name="writeUserCard" time="0.001" classname="com.rongbei.util.WriteBankCard"/>
  <testcase name="writeUserCard" time="0.001" classname="com.rongbei.util.WriteBankCard"/>
  <testcase name="writeUserCard" time="0.001" classname="com.rongbei.util.WriteBankCard"/>
  <testcase name="writeUserCard" time="0.001" classname="com.rongbei.util.WriteBankCard"/>
  <testcase name="writeUserCard" time="0.001" classname="com.rongbei.util.WriteBankCard"/>
  <testcase name="writeUserCard" time="0.002" classname="com.rongbei.util.WriteBankCard"/>
  <testcase name="writeUserCard" time="0.001" classname="com.rongbei.util.WriteBankCard"/>
  <testcase name="writeUserCard" time="0.001" classname="com.rongbei.util.WriteBankCard"/>
  <testcase name="writeUserCard" time="0.002" classname="com.rongbei.util.WriteBankCard"/>
  <testcase name="writeUserCard" time="0.001" classname="com.rongbei.util.WriteBankCard"/>
  <testcase name="writeUserCard" time="0.001" classname="com.rongbei.util.WriteBankCard"/>
  <testcase name="writeUserCard" time="0.001" classname="com.rongbei.util.WriteBankCard"/>
  <testcase name="writeUserCard" time="0.001" classname="com.rongbei.util.WriteBankCard"/>
  <testcase name="writeUserCard" time="0.002" classname="com.rongbei.util.WriteBankCard"/>
  <testcase name="writeUserCard" time="0.001" classname="com.rongbei.util.WriteBankCard"/>
  <testcase name="writeUserCard" time="0.012" classname="com.rongbei.util.WriteBankCard"/>
  <testcase name="writeUserCard" time="0.001" classname="com.rongbei.util.WriteBankCard"/>
  <testcase name="writeUserCard" time="0.001" classname="com.rongbei.util.WriteBankCard"/>
  <testcase name="writeUserCard" time="0.001" classname="com.rongbei.util.WriteBankCard"/>
  <testcase name="writeUserCard" time="0.001" classname="com.rongbei.util.WriteBankCard"/>
  <testcase name="writeUserCard" time="0.001" classname="com.rongbei.util.WriteBankCard"/>
  <testcase name="writeUserCard" time="0.001" classname="com.rongbei.util.WriteBankCard"/>
  <testcase name="writeUserCard" time="0.002" classname="com.rongbei.util.WriteBankCard"/>
  <testcase name="writeUserCard" time="0.001" classname="com.rongbei.util.WriteBankCard"/>
  <testcase name="writeUserCard" time="0.001" classname="com.rongbei.util.WriteBankCard"/>
  <testcase name="writeUserCard" time="0.002" classname="com.rongbei.util.WriteBankCard"/>
  <testcase name="writeUserCard" time="0.001" classname="com.rongbei.util.WriteBankCard"/>
  <testcase name="writeUserCard" time="0.001" classname="com.rongbei.util.WriteBankCard"/>
  <testcase name="writeUserCard" time="0.001" classname="com.rongbei.util.WriteBankCard"/>
  <testcase name="writeUserCard" time="0.001" classname="com.rongbei.util.WriteBankCard"/>
  <testcase name="writeUserCard" time="0.006" classname="com.rongbei.util.WriteBankCard"/>
  <testcase name="writeUserCard" time="0.028" classname="com.rongbei.util.WriteBankCard"/>
  <testcase name="writeUserCard" time="0.001" classname="com.rongbei.util.WriteBankCard"/>
  <testcase name="writeUserCard" time="0.001" classname="com.rongbei.util.WriteBankCard"/>
  <testcase name="writeUserCard" time="0.002" classname="com.rongbei.util.WriteBankCard"/>
  <testcase name="writeUserCard" time="0.001" classname="com.rongbei.util.WriteBankCard"/>
  <testcase name="writeUserCard" time="0.002" classname="com.rongbei.util.WriteBankCard"/>
  <testcase name="writeUserCard" time="0.001" classname="com.rongbei.util.WriteBankCard"/>
  <testcase name="writeUserCard" time="0.001" classname="com.rongbei.util.WriteBankCard"/>
  <testcase name="writeUserCard" time="0.001" classname="com.rongbei.util.WriteBankCard"/>
  <testcase name="writeUserCard" time="0.005" classname="com.rongbei.util.WriteBankCard"/>
  <testcase name="writeUserCard" time="0.003" classname="com.rongbei.util.WriteBankCard"/>
  <testcase name="writeUserCard" time="0.001" classname="com.rongbei.util.WriteBankCard"/>
  <testcase name="writeUserCard" time="0.003" classname="com.rongbei.util.WriteBankCard"/>
  <testcase name="writeUserCard" time="0.002" classname="com.rongbei.util.WriteBankCard"/>
  <testcase name="writeUserCard" time="0.002" classname="com.rongbei.util.WriteBankCard"/>
  <testcase name="writeUserCard" time="0.001" classname="com.rongbei.util.WriteBankCard"/>
  <testcase name="writeUserCard" time="0.001" classname="com.rongbei.util.WriteBankCard"/>
  <testcase name="writeUserCard" time="0.002" classname="com.rongbei.util.WriteBankCard"/>
  <testcase name="writeUserCard" time="0.001" classname="com.rongbei.util.WriteBankCard"/>
  <testcase name="writeUserCard" time="0.004" classname="com.rongbei.util.WriteBankCard"/>
  <testcase name="writeUserCard" time="0.011" classname="com.rongbei.util.WriteBankCard"/>
  <testcase name="writeUserCard" time="0.001" classname="com.rongbei.util.WriteBankCard"/>
  <testcase name="writeUserCard" time="0.001" classname="com.rongbei.util.WriteBankCard"/>
  <testcase name="writeUserCard" time="0.001" classname="com.rongbei.util.WriteBankCard"/>
  <testcase name="writeUserCard" time="0.001" classname="com.rongbei.util.WriteBankCard"/>
  <testcase name="writeUserCard" time="0.001" classname="com.rongbei.util.WriteBankCard"/>
  <testcase name="writeUserCard" time="0.003" classname="com.rongbei.util.WriteBankCard"/>
  <testcase name="writeUserCard" time="0.001" classname="com.rongbei.util.WriteBankCard"/>
  <testcase name="writeUserCard" time="0.001" classname="com.rongbei.util.WriteBankCard"/>
  <testcase name="writeUserCard" time="0.002" classname="com.rongbei.util.WriteBankCard"/>
  <testcase name="writeUserCard" time="0.001" classname="com.rongbei.util.WriteBankCard"/>
  <testcase name="writeUserCard" time="0.001" classname="com.rongbei.util.WriteBankCard"/>
  <testcase name="writeUserCard" time="0.001" classname="com.rongbei.util.WriteBankCard"/>
  <testcase name="writeUserCard" time="0.002" classname="com.rongbei.util.WriteBankCard"/>
  <testcase name="writeUserCard" time="0.001" classname="com.rongbei.util.WriteBankCard"/>
  <testcase name="writeUserCard" time="0.001" classname="com.rongbei.util.WriteBankCard"/>
  <testcase name="writeUserCard" time="0.001" classname="com.rongbei.util.WriteBankCard"/>
  <testcase name="writeUserCard" time="0.001" classname="com.rongbei.util.WriteBankCard"/>
  <testcase name="writeUserCard" time="0.002" classname="com.rongbei.util.WriteBankCard"/>
  <testcase name="writeUserCard" time="0.002" classname="com.rongbei.util.WriteBankCard"/>
  <testcase name="writeUserCard" time="0.000" classname="com.rongbei.util.WriteBankCard"/>
  <testcase name="writeUserCard" time="0.002" classname="com.rongbei.util.WriteBankCard"/>
  <testcase name="writeUserCard" time="0.001" classname="com.rongbei.util.WriteBankCard"/>
  <testcase name="writeUserCard" time="0.001" classname="com.rongbei.util.WriteBankCard"/>
  <testcase name="writeUserCard" time="0.001" classname="com.rongbei.util.WriteBankCard"/>
  <testcase name="writeUserCard" time="0.001" classname="com.rongbei.util.WriteBankCard"/>
  <testcase name="writeUserCard" time="0.002" classname="com.rongbei.util.WriteBankCard"/>
  <testcase name="writeUserCard" time="0.002" classname="com.rongbei.util.WriteBankCard"/>
  <testcase name="writeUserCard" time="0.001" classname="com.rongbei.util.WriteBankCard"/>
  <testcase name="writeUserCard" time="0.001" classname="com.rongbei.util.WriteBankCard"/>
  <testcase name="writeUserCard" time="0.001" classname="com.rongbei.util.WriteBankCard"/>
  <testcase name="writeUserCard" time="0.001" classname="com.rongbei.util.WriteBankCard"/>
  <testcase name="writeUserCard" time="0.001" classname="com.rongbei.util.WriteBankCard"/>
  <testcase name="writeUserCard" time="0.001" classname="com.rongbei.util.WriteBankCard"/>
  <testcase name="writeUserCard" time="0.008" classname="com.rongbei.util.WriteBankCard"/>
  <testcase name="writeUserCard" time="0.001" classname="com.rongbei.util.WriteBankCard"/>
  <testcase name="writeUserCard" time="0.002" classname="com.rongbei.util.WriteBankCard"/>
  <testcase name="writeUserCard" time="0.001" classname="com.rongbei.util.WriteBankCard"/>
  <testcase name="writeUserCard" time="0.009" classname="com.rongbei.util.WriteBankCard"/>
  <testcase name="writeUserCard" time="0.001" classname="com.rongbei.util.WriteBankCard"/>
  <testcase name="writeUserCard" time="0.001" classname="com.rongbei.util.WriteBankCard"/>
  <testcase name="writeUserCard" time="0.002" classname="com.rongbei.util.WriteBankCard"/>
  <testcase name="writeUserCard" time="0.001" classname="com.rongbei.util.WriteBankCard"/>
  <testcase name="writeUserCard" time="0.002" classname="com.rongbei.util.WriteBankCard"/>
  <testcase name="writeUserCard" time="0.001" classname="com.rongbei.util.WriteBankCard"/>
  <testcase name="writeUserCard" time="0.002" classname="com.rongbei.util.WriteBankCard"/>
  <testcase name="writeUserCard" time="0.001" classname="com.rongbei.util.WriteBankCard"/>
  <testcase name="writeUserCard" time="0.001" classname="com.rongbei.util.WriteBankCard"/>
  <testcase name="writeUserCard" time="0.001" classname="com.rongbei.util.WriteBankCard"/>
  <testcase name="writeUserCard" time="0.001" classname="com.rongbei.util.WriteBankCard"/>
  <testcase name="writeUserCard" time="0.001" classname="com.rongbei.util.WriteBankCard"/>
  <testcase name="writeUserCard" time="0.001" classname="com.rongbei.util.WriteBankCard"/>
  <testcase name="writeUserCard" time="0.002" classname="com.rongbei.util.WriteBankCard"/>
  <testcase name="writeUserCard" time="0.002" classname="com.rongbei.util.WriteBankCard"/>
  <testcase name="writeUserCard" time="0.001" classname="com.rongbei.util.WriteBankCard"/>
  <testcase name="writeUserCard" time="0.002" classname="com.rongbei.util.WriteBankCard"/>
  <testcase name="writeUserCard" time="0.001" classname="com.rongbei.util.WriteBankCard"/>
  <testcase name="writeUserCard" time="0.001" classname="com.rongbei.util.WriteBankCard"/>
  <testcase name="writeUserCard" time="0.001" classname="com.rongbei.util.WriteBankCard"/>
  <testcase name="writeUserCard" time="0.001" classname="com.rongbei.util.WriteBankCard"/>
  <testcase name="writeUserCard" time="0.004" classname="com.rongbei.util.WriteBankCard"/>
  <testcase name="writeUserCard" time="0.001" classname="com.rongbei.util.WriteBankCard"/>
  <testcase name="writeUserCard" time="0.002" classname="com.rongbei.util.WriteBankCard"/>
  <testcase name="writeUserCard" time="0.001" classname="com.rongbei.util.WriteBankCard"/>
  <testcase name="writeUserCard" time="0.001" classname="com.rongbei.util.WriteBankCard"/>
  <testcase name="writeUserCard" time="0.001" classname="com.rongbei.util.WriteBankCard"/>
  <testcase name="writeUserCard" time="0.002" classname="com.rongbei.util.WriteBankCard"/>
  <testcase name="writeUserCard" time="0.001" classname="com.rongbei.util.WriteBankCard"/>
  <testcase name="writeUserCard" time="0.001" classname="com.rongbei.util.WriteBankCard"/>
  <testcase name="writeUserCard" time="0.001" classname="com.rongbei.util.WriteBankCard"/>
  <testcase name="writeUserCard" time="0.003" classname="com.rongbei.util.WriteBankCard"/>
  <testcase name="writeUserCard" time="0.001" classname="com.rongbei.util.WriteBankCard"/>
  <testcase name="writeUserCard" time="0.001" classname="com.rongbei.util.WriteBankCard"/>
  <testcase name="writeUserCard" time="0.002" classname="com.rongbei.util.WriteBankCard"/>
  <testcase name="writeUserCard" time="0.001" classname="com.rongbei.util.WriteBankCard"/>
  <testcase name="writeUserCard" time="0.001" classname="com.rongbei.util.WriteBankCard"/>
  <testcase name="writeUserCard" time="0.001" classname="com.rongbei.util.WriteBankCard"/>
  <testcase name="writeUserCard" time="0.001" classname="com.rongbei.util.WriteBankCard"/>
  <testcase name="writeUserCard" time="0.002" classname="com.rongbei.util.WriteBankCard"/>
  <testcase name="writeUserCard" time="0.001" classname="com.rongbei.util.WriteBankCard"/>
  <testcase name="writeUserCard" time="0.001" classname="com.rongbei.util.WriteBankCard"/>
  <testcase name="writeUserCard" time="0.002" classname="com.rongbei.util.WriteBankCard"/>
  <testcase name="writeUserCard" time="0.010" classname="com.rongbei.util.WriteBankCard"/>
  <testcase name="writeUserCard" time="0.001" classname="com.rongbei.util.WriteBankCard"/>
  <testcase name="writeUserCard" time="0.003" classname="com.rongbei.util.WriteBankCard"/>
  <testcase name="writeUserCard" time="0.002" classname="com.rongbei.util.WriteBankCard"/>
  <testcase name="writeUserCard" time="0.001" classname="com.rongbei.util.WriteBankCard"/>
  <testcase name="writeUserCard" time="0.001" classname="com.rongbei.util.WriteBankCard"/>
  <testcase name="writeUserCard" time="0.001" classname="com.rongbei.util.WriteBankCard"/>
  <testcase name="writeUserCard" time="0.001" classname="com.rongbei.util.WriteBankCard"/>
  <testcase name="writeUserCard" time="0.001" classname="com.rongbei.util.WriteBankCard"/>
  <testcase name="writeUserCard" time="0.001" classname="com.rongbei.util.WriteBankCard"/>
  <testcase name="writeUserCard" time="0.001" classname="com.rongbei.util.WriteBankCard"/>
  <testcase name="writeUserCard" time="0.000" classname="com.rongbei.util.WriteBankCard"/>
  <testcase name="writeUserCard" time="0.001" classname="com.rongbei.util.WriteBankCard"/>
  <testcase name="writeUserCard" time="0.001" classname="com.rongbei.util.WriteBankCard"/>
  <testcase name="writeUserCard" time="0.001" classname="com.rongbei.util.WriteBankCard"/>
  <testcase name="writeUserCard" time="0.002" classname="com.rongbei.util.WriteBankCard"/>
  <testcase name="writeUserCard" time="0.001" classname="com.rongbei.util.WriteBankCard"/>
  <testcase name="writeUserCard" time="0.001" classname="com.rongbei.util.WriteBankCard"/>
  <testcase name="writeUserCard" time="0.001" classname="com.rongbei.util.WriteBankCard"/>
  <testcase name="writeUserCard" time="0.002" classname="com.rongbei.util.WriteBankCard"/>
  <testcase name="writeUserCard" time="0.002" classname="com.rongbei.util.WriteBankCard"/>
  <testcase name="writeUserCard" time="0.000" classname="com.rongbei.util.WriteBankCard"/>
  <testcase name="writeUserCard" time="0.011" classname="com.rongbei.util.WriteBankCard"/>
  <testcase name="writeUserCard" time="0.001" classname="com.rongbei.util.WriteBankCard"/>
  <testcase name="writeUserCard" time="0.001" classname="com.rongbei.util.WriteBankCard"/>
  <testcase name="writeUserCard" time="0.001" classname="com.rongbei.util.WriteBankCard"/>
  <testcase name="writeUserCard" time="0.001" classname="com.rongbei.util.WriteBankCard"/>
  <testcase name="writeUserCard" time="0.001" classname="com.rongbei.util.WriteBankCard"/>
  <testcase name="writeUserCard" time="0.002" classname="com.rongbei.util.WriteBankCard"/>
  <testcase name="writeUserCard" time="0.002" classname="com.rongbei.util.WriteBankCard"/>
  <testcase name="writeUserCard" time="0.002" classname="com.rongbei.util.WriteBankCard"/>
  <testcase name="writeUserCard" time="0.001" classname="com.rongbei.util.WriteBankCard"/>
  <testcase name="writeUserCard" time="0.001" classname="com.rongbei.util.WriteBankCard"/>
  <testcase name="writeUserCard" time="0.001" classname="com.rongbei.util.WriteBankCard"/>
  <testcase name="writeUserCard" time="0.002" classname="com.rongbei.util.WriteBankCard"/>
  <testcase name="writeUserCard" time="0.002" classname="com.rongbei.util.WriteBankCard"/>
  <testcase name="writeUserCard" time="0.001" classname="com.rongbei.util.WriteBankCard"/>
  <testcase name="writeUserCard" time="0.001" classname="com.rongbei.util.WriteBankCard"/>
  <testcase name="writeUserCard" time="0.002" classname="com.rongbei.util.WriteBankCard"/>
  <testcase name="writeUserCard" time="0.002" classname="com.rongbei.util.WriteBankCard"/>
  <testcase name="writeUserCard" time="0.002" classname="com.rongbei.util.WriteBankCard"/>
  <testcase name="writeUserCard" time="0.001" classname="com.rongbei.util.WriteBankCard"/>
  <testcase name="writeUserCard" time="0.001" classname="com.rongbei.util.WriteBankCard"/>
  <testcase name="writeUserCard" time="0.005" classname="com.rongbei.util.WriteBankCard"/>
  <testcase name="writeUserCard" time="0.003" classname="com.rongbei.util.WriteBankCard"/>
  <testcase name="writeUserCard" time="0.001" classname="com.rongbei.util.WriteBankCard"/>
  <testcase name="writeUserCard" time="0.001" classname="com.rongbei.util.WriteBankCard"/>
  <testcase name="writeUserCard" time="0.001" classname="com.rongbei.util.WriteBankCard"/>
  <testcase name="writeUserCard" time="0.001" classname="com.rongbei.util.WriteBankCard"/>
  <testcase name="writeUserCard" time="0.001" classname="com.rongbei.util.WriteBankCard"/>
  <testcase name="writeUserCard" time="0.001" classname="com.rongbei.util.WriteBankCard"/>
  <testcase name="writeUserCard" time="0.003" classname="com.rongbei.util.WriteBankCard"/>
  <testcase name="writeUserCard" time="0.002" classname="com.rongbei.util.WriteBankCard"/>
  <testcase name="writeUserCard" time="0.001" classname="com.rongbei.util.WriteBankCard"/>
  <testcase name="writeUserCard" time="0.001" classname="com.rongbei.util.WriteBankCard"/>
  <testcase name="writeUserCard" time="0.001" classname="com.rongbei.util.WriteBankCard"/>
  <testcase name="writeUserCard" time="0.001" classname="com.rongbei.util.WriteBankCard"/>
  <testcase name="writeUserCard" time="0.001" classname="com.rongbei.util.WriteBankCard"/>
  <testcase name="writeUserCard" time="0.001" classname="com.rongbei.util.WriteBankCard"/>
  <testcase name="writeUserCard" time="0.001" classname="com.rongbei.util.WriteBankCard"/>
  <testcase name="writeUserCard" time="0.001" classname="com.rongbei.util.WriteBankCard"/>
  <testcase name="writeUserCard" time="0.001" classname="com.rongbei.util.WriteBankCard"/>
  <testcase name="writeUserCard" time="0.001" classname="com.rongbei.util.WriteBankCard"/>
  <testcase name="writeUserCard" time="0.002" classname="com.rongbei.util.WriteBankCard"/>
  <testcase name="writeUserCard" time="0.002" classname="com.rongbei.util.WriteBankCard"/>
  <testcase name="writeUserCard" time="0.002" classname="com.rongbei.util.WriteBankCard"/>
  <testcase name="writeUserCard" time="0.001" classname="com.rongbei.util.WriteBankCard"/>
  <testcase name="writeUserCard" time="0.001" classname="com.rongbei.util.WriteBankCard"/>
  <testcase name="writeUserCard" time="0.001" classname="com.rongbei.util.WriteBankCard"/>
  <testcase name="writeUserCard" time="0.001" classname="com.rongbei.util.WriteBankCard"/>
  <testcase name="writeUserCard" time="0.001" classname="com.rongbei.util.WriteBankCard"/>
  <testcase name="writeUserCard" time="0.000" classname="com.rongbei.util.WriteBankCard"/>
  <testcase name="writeUserCard" time="0.001" classname="com.rongbei.util.WriteBankCard"/>
  <testcase name="writeUserCard" time="0.001" classname="com.rongbei.util.WriteBankCard"/>
  <testcase name="writeUserCard" time="0.002" classname="com.rongbei.util.WriteBankCard"/>
  <testcase name="writeUserCard" time="0.001" classname="com.rongbei.util.WriteBankCard"/>
  <testcase name="writeUserCard" time="0.019" classname="com.rongbei.util.WriteBankCard"/>
  <testcase name="writeUserCard" time="0.001" classname="com.rongbei.util.WriteBankCard"/>
  <testcase name="writeUserCard" time="0.001" classname="com.rongbei.util.WriteBankCard"/>
  <testcase name="writeUserCard" time="0.001" classname="com.rongbei.util.WriteBankCard"/>
  <testcase name="writeUserCard" time="0.001" classname="com.rongbei.util.WriteBankCard"/>
  <testcase name="writeUserCard" time="0.001" classname="com.rongbei.util.WriteBankCard"/>
  <testcase name="writeUserCard" time="0.003" classname="com.rongbei.util.WriteBankCard"/>
  <testcase name="writeUserCard" time="0.002" classname="com.rongbei.util.WriteBankCard"/>
  <testcase name="writeUserCard" time="0.001" classname="com.rongbei.util.WriteBankCard"/>
  <testcase name="writeUserCard" time="0.001" classname="com.rongbei.util.WriteBankCard"/>
  <testcase name="writeUserCard" time="0.002" classname="com.rongbei.util.WriteBankCard"/>
  <testcase name="writeUserCard" time="0.003" classname="com.rongbei.util.WriteBankCard"/>
  <testcase name="writeUserCard" time="0.001" classname="com.rongbei.util.WriteBankCard"/>
  <testcase name="writeUserCard" time="0.002" classname="com.rongbei.util.WriteBankCard"/>
  <testcase name="writeUserCard" time="0.001" classname="com.rongbei.util.WriteBankCard"/>
  <testcase name="writeUserCard" time="0.001" classname="com.rongbei.util.WriteBankCard"/>
  <testcase name="writeUserCard" time="0.001" classname="com.rongbei.util.WriteBankCard"/>
  <testcase name="writeUserCard" time="0.001" classname="com.rongbei.util.WriteBankCard"/>
  <testcase name="writeUserCard" time="0.001" classname="com.rongbei.util.WriteBankCard"/>
  <testcase name="writeUserCard" time="0.001" classname="com.rongbei.util.WriteBankCard"/>
  <testcase name="writeUserCard" time="0.001" classname="com.rongbei.util.WriteBankCard"/>
  <testcase name="writeUserCard" time="0.002" classname="com.rongbei.util.WriteBankCard"/>
  <testcase name="writeUserCard" time="0.001" classname="com.rongbei.util.WriteBankCard"/>
  <testcase name="writeUserCard" time="0.001" classname="com.rongbei.util.WriteBankCard"/>
  <testcase name="writeUserCard" time="0.000" classname="com.rongbei.util.WriteBankCard"/>
  <testcase name="writeUserCard" time="0.002" classname="com.rongbei.util.WriteBankCard"/>
  <testcase name="writeUserCard" time="0.001" classname="com.rongbei.util.WriteBankCard"/>
  <testcase name="writeUserCard" time="0.001" classname="com.rongbei.util.WriteBankCard"/>
  <testcase name="writeUserCard" time="0.002" classname="com.rongbei.util.WriteBankCard"/>
  <testcase name="writeUserCard" time="0.001" classname="com.rongbei.util.WriteBankCard"/>
  <testcase name="writeUserCard" time="0.002" classname="com.rongbei.util.WriteBankCard"/>
  <testcase name="writeUserCard" time="0.001" classname="com.rongbei.util.WriteBankCard"/>
  <testcase name="writeUserCard" time="0.001" classname="com.rongbei.util.WriteBankCard"/>
  <testcase name="writeUserCard" time="0.001" classname="com.rongbei.util.WriteBankCard"/>
  <testcase name="writeUserCard" time="0.002" classname="com.rongbei.util.WriteBankCard"/>
  <testcase name="writeUserCard" time="0.002" classname="com.rongbei.util.WriteBankCard"/>
  <testcase name="writeUserCard" time="0.001" classname="com.rongbei.util.WriteBankCard"/>
  <testcase name="writeUserCard" time="0.002" classname="com.rongbei.util.WriteBankCard"/>
  <testcase name="writeUserCard" time="0.001" classname="com.rongbei.util.WriteBankCard"/>
  <testcase name="writeUserCard" time="0.001" classname="com.rongbei.util.WriteBankCard"/>
  <testcase name="writeUserCard" time="0.001" classname="com.rongbei.util.WriteBankCard"/>
  <testcase name="writeUserCard" time="0.001" classname="com.rongbei.util.WriteBankCard"/>
  <testcase name="writeUserCard" time="0.000" classname="com.rongbei.util.WriteBankCard"/>
  <testcase name="writeUserCard" time="0.001" classname="com.rongbei.util.WriteBankCard"/>
  <testcase name="writeUserCard" time="0.001" classname="com.rongbei.util.WriteBankCard"/>
  <testcase name="writeUserCard" time="0.001" classname="com.rongbei.util.WriteBankCard"/>
  <testcase name="writeUserCard" time="0.001" classname="com.rongbei.util.WriteBankCard"/>
  <testcase name="writeUserCard" time="0.002" classname="com.rongbei.util.WriteBankCard"/>
  <testcase name="writeUserCard" time="0.001" classname="com.rongbei.util.WriteBankCard"/>
  <testcase name="writeUserCard" time="0.001" classname="com.rongbei.util.WriteBankCard"/>
  <testcase name="writeUserCard" time="0.002" classname="com.rongbei.util.WriteBankCard"/>
  <testcase name="writeUserCard" time="0.001" classname="com.rongbei.util.WriteBankCard"/>
  <testcase name="writeUserCard" time="0.001" classname="com.rongbei.util.WriteBankCard"/>
  <testcase name="writeUserCard" time="0.001" classname="com.rongbei.util.WriteBankCard"/>
  <testcase name="writeUserCard" time="0.001" classname="com.rongbei.util.WriteBankCard"/>
  <testcase name="writeUserCard" time="0.001" classname="com.rongbei.util.WriteBankCard"/>
  <testcase name="writeUserCard" time="0.000" classname="com.rongbei.util.WriteBankCard"/>
  <testcase name="writeUserCard" time="0.001" classname="com.rongbei.util.WriteBankCard"/>
  <testcase name="writeUserCard" time="0.003" classname="com.rongbei.util.WriteBankCard"/>
  <testcase name="writeUserCard" time="0.001" classname="com.rongbei.util.WriteBankCard"/>
  <testcase name="writeUserCard" time="0.001" classname="com.rongbei.util.WriteBankCard"/>
  <testcase name="writeUserCard" time="0.002" classname="com.rongbei.util.WriteBankCard"/>
  <testcase name="writeUserCard" time="0.001" classname="com.rongbei.util.WriteBankCard"/>
  <testcase name="writeUserCard" time="0.001" classname="com.rongbei.util.WriteBankCard"/>
  <testcase name="writeUserCard" time="0.001" classname="com.rongbei.util.WriteBankCard"/>
  <testcase name="writeUserCard" time="0.001" classname="com.rongbei.util.WriteBankCard"/>
  <testcase name="writeUserCard" time="0.002" classname="com.rongbei.util.WriteBankCard"/>
  <testcase name="writeUserCard" time="0.001" classname="com.rongbei.util.WriteBankCard"/>
  <testcase name="writeUserCard" time="0.002" classname="com.rongbei.util.WriteBankCard"/>
  <testcase name="writeUserCard" time="0.002" classname="com.rongbei.util.WriteBankCard"/>
  <testcase name="writeUserCard" time="0.001" classname="com.rongbei.util.WriteBankCard"/>
  <testcase name="writeUserCard" time="0.001" classname="com.rongbei.util.WriteBankCard"/>
  <testcase name="writeUserCard" time="0.001" classname="com.rongbei.util.WriteBankCard"/>
  <testcase name="writeUserCard" time="0.023" classname="com.rongbei.util.WriteBankCard"/>
  <testcase name="writeUserCard" time="0.001" classname="com.rongbei.util.WriteBankCard"/>
  <testcase name="writeUserCard" time="0.002" classname="com.rongbei.util.WriteBankCard"/>
  <testcase name="writeUserCard" time="0.001" classname="com.rongbei.util.WriteBankCard"/>
  <testcase name="writeUserCard" time="0.001" classname="com.rongbei.util.WriteBankCard"/>
  <testcase name="writeUserCard" time="0.002" classname="com.rongbei.util.WriteBankCard"/>
  <testcase name="writeUserCard" time="0.001" classname="com.rongbei.util.WriteBankCard"/>
  <testcase name="writeUserCard" time="0.001" classname="com.rongbei.util.WriteBankCard"/>
  <testcase name="writeUserCard" time="0.001" classname="com.rongbei.util.WriteBankCard"/>
  <testcase name="writeUserCard" time="0.001" classname="com.rongbei.util.WriteBankCard"/>
  <testcase name="writeUserCard" time="0.000" classname="com.rongbei.util.WriteBankCard"/>
  <testcase name="writeUserCard" time="0.001" classname="com.rongbei.util.WriteBankCard"/>
  <testcase name="writeUserCard" time="0.001" classname="com.rongbei.util.WriteBankCard"/>
  <testcase name="writeUserCard" time="0.001" classname="com.rongbei.util.WriteBankCard"/>
  <testcase name="writeUserCard" time="0.001" classname="com.rongbei.util.WriteBankCard"/>
  <testcase name="writeUserCard" time="0.001" classname="com.rongbei.util.WriteBankCard"/>
  <testcase name="writeUserCard" time="0.001" classname="com.rongbei.util.WriteBankCard"/>
  <testcase name="writeUserCard" time="0.001" classname="com.rongbei.util.WriteBankCard"/>
  <testcase name="writeUserCard" time="0.001" classname="com.rongbei.util.WriteBankCard"/>
  <testcase name="writeUserCard" time="0.007" classname="com.rongbei.util.WriteBankCard"/>
  <testcase name="writeUserCard" time="0.001" classname="com.rongbei.util.WriteBankCard"/>
  <testcase name="writeUserCard" time="0.002" classname="com.rongbei.util.WriteBankCard"/>
  <testcase name="writeUserCard" time="0.001" classname="com.rongbei.util.WriteBankCard"/>
  <testcase name="writeUserCard" time="0.001" classname="com.rongbei.util.WriteBankCard"/>
  <testcase name="writeUserCard" time="0.002" classname="com.rongbei.util.WriteBankCard"/>
  <testcase name="writeUserCard" time="0.001" classname="com.rongbei.util.WriteBankCard"/>
  <testcase name="writeUserCard" time="0.001" classname="com.rongbei.util.WriteBankCard"/>
  <testcase name="writeUserCard" time="0.005" classname="com.rongbei.util.WriteBankCard"/>
  <testcase name="writeUserCard" time="0.002" classname="com.rongbei.util.WriteBankCard"/>
  <testcase name="writeUserCard" time="0.002" classname="com.rongbei.util.WriteBankCard"/>
  <testcase name="writeUserCard" time="0.001" classname="com.rongbei.util.WriteBankCard"/>
  <testcase name="writeUserCard" time="0.001" classname="com.rongbei.util.WriteBankCard"/>
  <testcase name="writeUserCard" time="0.001" classname="com.rongbei.util.WriteBankCard"/>
  <testcase name="writeUserCard" time="0.001" classname="com.rongbei.util.WriteBankCard"/>
  <testcase name="writeUserCard" time="0.001" classname="com.rongbei.util.WriteBankCard"/>
  <testcase name="writeUserCard" time="0.002" classname="com.rongbei.util.WriteBankCard"/>
  <testcase name="writeUserCard" time="0.001" classname="com.rongbei.util.WriteBankCard"/>
  <testcase name="writeUserCard" time="0.000" classname="com.rongbei.util.WriteBankCard"/>
  <testcase name="writeUserCard" time="0.002" classname="com.rongbei.util.WriteBankCard"/>
  <testcase name="writeUserCard" time="0.001" classname="com.rongbei.util.WriteBankCard"/>
  <testcase name="writeUserCard" time="0.001" classname="com.rongbei.util.WriteBankCard"/>
  <testcase name="writeUserCard" time="0.001" classname="com.rongbei.util.WriteBankCard"/>
  <testcase name="writeUserCard" time="0.001" classname="com.rongbei.util.WriteBankCard"/>
  <testcase name="writeUserCard" time="0.001" classname="com.rongbei.util.WriteBankCard"/>
  <testcase name="writeUserCard" time="0.002" classname="com.rongbei.util.WriteBankCard"/>
  <testcase name="writeUserCard" time="0.001" classname="com.rongbei.util.WriteBankCard"/>
  <testcase name="writeUserCard" time="0.001" classname="com.rongbei.util.WriteBankCard"/>
  <testcase name="writeUserCard" time="0.001" classname="com.rongbei.util.WriteBankCard"/>
  <testcase name="writeUserCard" time="0.001" classname="com.rongbei.util.WriteBankCard"/>
  <testcase name="writeUserCard" time="0.002" classname="com.rongbei.util.WriteBankCard"/>
  <testcase name="writeUserCard" time="0.001" classname="com.rongbei.util.WriteBankCard"/>
  <testcase name="writeUserCard" time="0.001" classname="com.rongbei.util.WriteBankCard"/>
  <testcase name="writeUserCard" time="0.001" classname="com.rongbei.util.WriteBankCard"/>
  <testcase name="writeUserCard" time="0.001" classname="com.rongbei.util.WriteBankCard"/>
  <testcase name="writeUserCard" time="0.001" classname="com.rongbei.util.WriteBankCard"/>
  <testcase name="writeUserCard" time="0.000" classname="com.rongbei.util.WriteBankCard"/>
  <testcase name="writeUserCard" time="0.002" classname="com.rongbei.util.WriteBankCard"/>
  <testcase name="writeUserCard" time="0.002" classname="com.rongbei.util.WriteBankCard"/>
  <testcase name="writeUserCard" time="0.002" classname="com.rongbei.util.WriteBankCard"/>
  <testcase name="writeUserCard" time="0.002" classname="com.rongbei.util.WriteBankCard"/>
  <testcase name="writeUserCard" time="0.001" classname="com.rongbei.util.WriteBankCard"/>
  <testcase name="writeUserCard" time="0.001" classname="com.rongbei.util.WriteBankCard"/>
  <testcase name="writeUserCard" time="0.002" classname="com.rongbei.util.WriteBankCard"/>
  <testcase name="writeUserCard" time="0.002" classname="com.rongbei.util.WriteBankCard"/>
  <testcase name="writeUserCard" time="0.028" classname="com.rongbei.util.WriteBankCard"/>
  <testcase name="writeUserCard" time="0.038" classname="com.rongbei.util.WriteBankCard"/>
  <testcase name="writeUserCard" time="0.001" classname="com.rongbei.util.WriteBankCard"/>
  <testcase name="writeUserCard" time="0.002" classname="com.rongbei.util.WriteBankCard"/>
  <testcase name="writeUserCard" time="0.001" classname="com.rongbei.util.WriteBankCard"/>
  <testcase name="writeUserCard" time="0.001" classname="com.rongbei.util.WriteBankCard"/>
  <testcase name="writeUserCard" time="0.001" classname="com.rongbei.util.WriteBankCard"/>
  <testcase name="writeUserCard" time="0.001" classname="com.rongbei.util.WriteBankCard"/>
  <testcase name="writeUserCard" time="0.002" classname="com.rongbei.util.WriteBankCard"/>
  <testcase name="writeUserCard" time="0.001" classname="com.rongbei.util.WriteBankCard"/>
  <testcase name="writeUserCard" time="0.001" classname="com.rongbei.util.WriteBankCard"/>
  <testcase name="writeUserCard" time="0.001" classname="com.rongbei.util.WriteBankCard"/>
  <testcase name="writeUserCard" time="0.001" classname="com.rongbei.util.WriteBankCard"/>
  <testcase name="writeUserCard" time="0.001" classname="com.rongbei.util.WriteBankCard"/>
  <testcase name="writeUserCard" time="0.001" classname="com.rongbei.util.WriteBankCard"/>
  <testcase name="writeUserCard" time="0.020" classname="com.rongbei.util.WriteBankCard"/>
  <testcase name="writeUserCard" time="0.001" classname="com.rongbei.util.WriteBankCard"/>
  <testcase name="writeUserCard" time="0.002" classname="com.rongbei.util.WriteBankCard"/>
  <testcase name="writeUserCard" time="0.003" classname="com.rongbei.util.WriteBankCard"/>
  <testcase name="writeUserCard" time="0.002" classname="com.rongbei.util.WriteBankCard"/>
  <testcase name="writeUserCard" time="0.001" classname="com.rongbei.util.WriteBankCard"/>
  <testcase name="writeUserCard" time="0.001" classname="com.rongbei.util.WriteBankCard"/>
  <testcase name="writeUserCard" time="0.002" classname="com.rongbei.util.WriteBankCard"/>
  <testcase name="writeUserCard" time="0.001" classname="com.rongbei.util.WriteBankCard"/>
  <testcase name="writeUserCard" time="0.001" classname="com.rongbei.util.WriteBankCard"/>
  <testcase name="writeUserCard" time="0.000" classname="com.rongbei.util.WriteBankCard"/>
  <testcase name="writeUserCard" time="0.002" classname="com.rongbei.util.WriteBankCard"/>
  <testcase name="writeUserCard" time="0.001" classname="com.rongbei.util.WriteBankCard"/>
  <testcase name="writeUserCard" time="0.001" classname="com.rongbei.util.WriteBankCard"/>
  <testcase name="writeUserCard" time="0.001" classname="com.rongbei.util.WriteBankCard"/>
  <testcase name="writeUserCard" time="0.002" classname="com.rongbei.util.WriteBankCard"/>
  <testcase name="writeUserCard" time="0.002" classname="com.rongbei.util.WriteBankCard"/>
  <testcase name="writeUserCard" time="0.001" classname="com.rongbei.util.WriteBankCard"/>
  <testcase name="writeUserCard" time="0.004" classname="com.rongbei.util.WriteBankCard"/>
  <testcase name="writeUserCard" time="0.001" classname="com.rongbei.util.WriteBankCard"/>
  <testcase name="writeUserCard" time="0.001" classname="com.rongbei.util.WriteBankCard"/>
  <testcase name="writeUserCard" time="0.002" classname="com.rongbei.util.WriteBankCard"/>
  <testcase name="writeUserCard" time="0.001" classname="com.rongbei.util.WriteBankCard"/>
  <testcase name="writeUserCard" time="0.002" classname="com.rongbei.util.WriteBankCard"/>
  <testcase name="writeUserCard" time="0.002" classname="com.rongbei.util.WriteBankCard"/>
  <testcase name="writeUserCard" time="0.001" classname="com.rongbei.util.WriteBankCard"/>
  <testcase name="writeUserCard" time="0.001" classname="com.rongbei.util.WriteBankCard"/>
  <testcase name="writeUserCard" time="0.001" classname="com.rongbei.util.WriteBankCard"/>
  <testcase name="writeUserCard" time="0.001" classname="com.rongbei.util.WriteBankCard"/>
  <testcase name="writeUserCard" time="0.001" classname="com.rongbei.util.WriteBankCard"/>
  <testcase name="writeUserCard" time="0.002" classname="com.rongbei.util.WriteBankCard"/>
  <testcase name="writeUserCard" time="0.001" classname="com.rongbei.util.WriteBankCard"/>
  <testcase name="writeUserCard" time="0.001" classname="com.rongbei.util.WriteBankCard"/>
  <testcase name="writeUserCard" time="0.000" classname="com.rongbei.util.WriteBankCard"/>
  <testcase name="writeUserCard" time="0.001" classname="com.rongbei.util.WriteBankCard"/>
  <testcase name="writeUserCard" time="0.001" classname="com.rongbei.util.WriteBankCard"/>
  <testcase name="writeUserCard" time="0.001" classname="com.rongbei.util.WriteBankCard"/>
  <testcase name="writeUserCard" time="0.001" classname="com.rongbei.util.WriteBankCard"/>
  <testcase name="writeUserCard" time="0.001" classname="com.rongbei.util.WriteBankCard"/>
  <testcase name="writeUserCard" time="0.001" classname="com.rongbei.util.WriteBankCard"/>
  <testcase name="writeUserCard" time="0.001" classname="com.rongbei.util.WriteBankCard"/>
  <testcase name="writeUserCard" time="0.002" classname="com.rongbei.util.WriteBankCard"/>
  <testcase name="writeUserCard" time="0.001" classname="com.rongbei.util.WriteBankCard"/>
  <testcase name="writeUserCard" time="0.001" classname="com.rongbei.util.WriteBankCard"/>
  <testcase name="writeUserCard" time="0.002" classname="com.rongbei.util.WriteBankCard"/>
  <testcase name="writeUserCard" time="0.002" classname="com.rongbei.util.WriteBankCard"/>
  <testcase name="writeUserCard" time="0.001" classname="com.rongbei.util.WriteBankCard"/>
  <testcase name="writeUserCard" time="0.002" classname="com.rongbei.util.WriteBankCard"/>
  <testcase name="writeUserCard" time="0.007" classname="com.rongbei.util.WriteBankCard"/>
  <testcase name="writeUserCard" time="0.002" classname="com.rongbei.util.WriteBankCard"/>
  <testcase name="writeUserCard" time="0.001" classname="com.rongbei.util.WriteBankCard"/>
  <testcase name="writeUserCard" time="0.002" classname="com.rongbei.util.WriteBankCard"/>
  <testcase name="writeUserCard" time="0.001" classname="com.rongbei.util.WriteBankCard"/>
  <testcase name="writeUserCard" time="0.001" classname="com.rongbei.util.WriteBankCard"/>
  <testcase name="writeUserCard" time="0.001" classname="com.rongbei.util.WriteBankCard"/>
  <testcase name="writeUserCard" time="0.002" classname="com.rongbei.util.WriteBankCard"/>
  <testcase name="writeUserCard" time="0.002" classname="com.rongbei.util.WriteBankCard"/>
  <testcase name="writeUserCard" time="0.002" classname="com.rongbei.util.WriteBankCard"/>
  <testcase name="writeUserCard" time="0.001" classname="com.rongbei.util.WriteBankCard"/>
  <testcase name="writeUserCard" time="0.001" classname="com.rongbei.util.WriteBankCard"/>
  <testcase name="writeUserCard" time="0.001" classname="com.rongbei.util.WriteBankCard"/>
  <testcase name="writeUserCard" time="0.001" classname="com.rongbei.util.WriteBankCard"/>
  <testcase name="writeUserCard" time="0.002" classname="com.rongbei.util.WriteBankCard"/>
  <testcase name="writeUserCard" time="0.002" classname="com.rongbei.util.WriteBankCard"/>
  <testcase name="writeUserCard" time="0.001" classname="com.rongbei.util.WriteBankCard"/>
  <testcase name="writeUserCard" time="0.002" classname="com.rongbei.util.WriteBankCard"/>
  <testcase name="writeUserCard" time="0.001" classname="com.rongbei.util.WriteBankCard"/>
  <testcase name="writeUserCard" time="0.001" classname="com.rongbei.util.WriteBankCard"/>
  <testcase name="writeUserCard" time="0.001" classname="com.rongbei.util.WriteBankCard"/>
  <testcase name="writeUserCard" time="0.001" classname="com.rongbei.util.WriteBankCard"/>
  <testcase name="writeUserCard" time="0.002" classname="com.rongbei.util.WriteBankCard"/>
  <testcase name="writeUserCard" time="0.001" classname="com.rongbei.util.WriteBankCard"/>
  <testcase name="writeUserCard" time="0.001" classname="com.rongbei.util.WriteBankCard"/>
  <testcase name="writeUserCard" time="0.003" classname="com.rongbei.util.WriteBankCard"/>
  <testcase name="writeUserCard" time="0.001" classname="com.rongbei.util.WriteBankCard"/>
  <testcase name="writeUserCard" time="0.001" classname="com.rongbei.util.WriteBankCard"/>
  <testcase name="writeUserCard" time="0.001" classname="com.rongbei.util.WriteBankCard"/>
  <testcase name="writeUserCard" time="0.005" classname="com.rongbei.util.WriteBankCard"/>
  <testcase name="writeUserCard" time="0.001" classname="com.rongbei.util.WriteBankCard"/>
  <testcase name="writeUserCard" time="0.003" classname="com.rongbei.util.WriteBankCard"/>
  <testcase name="writeUserCard" time="0.001" classname="com.rongbei.util.WriteBankCard"/>
  <testcase name="writeUserCard" time="0.001" classname="com.rongbei.util.WriteBankCard"/>
  <testcase name="writeUserCard" time="0.002" classname="com.rongbei.util.WriteBankCard"/>
  <testcase name="writeUserCard" time="0.001" classname="com.rongbei.util.WriteBankCard"/>
  <testcase name="writeUserCard" time="0.001" classname="com.rongbei.util.WriteBankCard"/>
  <testcase name="writeUserCard" time="0.001" classname="com.rongbei.util.WriteBankCard"/>
  <testcase name="writeUserCard" time="0.002" classname="com.rongbei.util.WriteBankCard"/>
  <testcase name="writeUserCard" time="0.002" classname="com.rongbei.util.WriteBankCard"/>
  <testcase name="writeUserCard" time="0.001" classname="com.rongbei.util.WriteBankCard"/>
  <testcase name="writeUserCard" time="0.001" classname="com.rongbei.util.WriteBankCard"/>
  <testcase name="writeUserCard" time="0.001" classname="com.rongbei.util.WriteBankCard"/>
  <testcase name="writeUserCard" time="0.003" classname="com.rongbei.util.WriteBankCard"/>
  <testcase name="writeUserCard" time="0.001" classname="com.rongbei.util.WriteBankCard"/>
  <testcase name="writeUserCard" time="0.001" classname="com.rongbei.util.WriteBankCard"/>
  <testcase name="writeUserCard" time="0.001" classname="com.rongbei.util.WriteBankCard"/>
  <testcase name="writeUserCard" time="0.001" classname="com.rongbei.util.WriteBankCard"/>
  <testcase name="writeUserCard" time="0.001" classname="com.rongbei.util.WriteBankCard"/>
  <testcase name="writeUserCard" time="0.001" classname="com.rongbei.util.WriteBankCard"/>
  <testcase name="writeUserCard" time="0.007" classname="com.rongbei.util.WriteBankCard"/>
  <testcase name="writeUserCard" time="0.001" classname="com.rongbei.util.WriteBankCard"/>
  <testcase name="writeUserCard" time="0.001" classname="com.rongbei.util.WriteBankCard"/>
  <testcase name="writeUserCard" time="0.001" classname="com.rongbei.util.WriteBankCard"/>
  <testcase name="writeUserCard" time="0.001" classname="com.rongbei.util.WriteBankCard"/>
  <testcase name="writeUserCard" time="0.002" classname="com.rongbei.util.WriteBankCard"/>
  <testcase name="writeUserCard" time="0.000" classname="com.rongbei.util.WriteBankCard"/>
  <testcase name="writeUserCard" time="0.001" classname="com.rongbei.util.WriteBankCard"/>
  <testcase name="writeUserCard" time="0.005" classname="com.rongbei.util.WriteBankCard"/>
  <testcase name="writeUserCard" time="0.002" classname="com.rongbei.util.WriteBankCard"/>
  <testcase name="writeUserCard" time="0.001" classname="com.rongbei.util.WriteBankCard"/>
  <testcase name="writeUserCard" time="0.001" classname="com.rongbei.util.WriteBankCard"/>
  <testcase name="writeUserCard" time="0.001" classname="com.rongbei.util.WriteBankCard"/>
  <testcase name="writeUserCard" time="0.002" classname="com.rongbei.util.WriteBankCard"/>
  <testcase name="writeUserCard" time="0.001" classname="com.rongbei.util.WriteBankCard"/>
  <testcase name="writeUserCard" time="0.001" classname="com.rongbei.util.WriteBankCard"/>
  <testcase name="writeUserCard" time="0.001" classname="com.rongbei.util.WriteBankCard"/>
  <testcase name="writeUserCard" time="0.002" classname="com.rongbei.util.WriteBankCard"/>
  <testcase name="writeUserCard" time="0.003" classname="com.rongbei.util.WriteBankCard"/>
  <testcase name="writeUserCard" time="0.001" classname="com.rongbei.util.WriteBankCard"/>
  <testcase name="writeUserCard" time="0.001" classname="com.rongbei.util.WriteBankCard"/>
  <testcase name="writeUserCard" time="0.001" classname="com.rongbei.util.WriteBankCard"/>
  <testcase name="writeUserCard" time="0.001" classname="com.rongbei.util.WriteBankCard"/>
  <testcase name="writeUserCard" time="0.008" classname="com.rongbei.util.WriteBankCard"/>
  <testcase name="writeUserCard" time="0.001" classname="com.rongbei.util.WriteBankCard"/>
  <testcase name="writeUserCard" time="0.001" classname="com.rongbei.util.WriteBankCard"/>
  <testcase name="writeUserCard" time="0.001" classname="com.rongbei.util.WriteBankCard"/>
  <testcase name="writeUserCard" time="0.001" classname="com.rongbei.util.WriteBankCard"/>
  <testcase name="writeUserCard" time="0.002" classname="com.rongbei.util.WriteBankCard"/>
  <testcase name="writeUserCard" time="0.001" classname="com.rongbei.util.WriteBankCard"/>
  <testcase name="writeUserCard" time="0.001" classname="com.rongbei.util.WriteBankCard"/>
  <testcase name="writeUserCard" time="0.001" classname="com.rongbei.util.WriteBankCard"/>
  <testcase name="writeUserCard" time="0.001" classname="com.rongbei.util.WriteBankCard"/>
  <testcase name="writeUserCard" time="0.001" classname="com.rongbei.util.WriteBankCard"/>
  <testcase name="writeUserCard" time="0.001" classname="com.rongbei.util.WriteBankCard"/>
  <testcase name="writeUserCard" time="0.001" classname="com.rongbei.util.WriteBankCard"/>
  <testcase name="writeUserCard" time="0.001" classname="com.rongbei.util.WriteBankCard"/>
  <testcase name="writeUserCard" time="0.001" classname="com.rongbei.util.WriteBankCard"/>
  <testcase name="writeUserCard" time="0.001" classname="com.rongbei.util.WriteBankCard"/>
  <testcase name="writeUserCard" time="0.001" classname="com.rongbei.util.WriteBankCard"/>
  <testcase name="writeUserCard" time="0.001" classname="com.rongbei.util.WriteBankCard"/>
  <testcase name="writeUserCard" time="0.001" classname="com.rongbei.util.WriteBankCard"/>
  <testcase name="writeUserCard" time="0.001" classname="com.rongbei.util.WriteBankCard"/>
  <testcase name="writeUserCard" time="0.001" classname="com.rongbei.util.WriteBankCard"/>
  <testcase name="writeUserCard" time="0.001" classname="com.rongbei.util.WriteBankCard"/>
  <testcase name="writeUserCard" time="0.002" classname="com.rongbei.util.WriteBankCard"/>
  <testcase name="writeUserCard" time="0.001" classname="com.rongbei.util.WriteBankCard"/>
  <testcase name="writeUserCard" time="0.001" classname="com.rongbei.util.WriteBankCard"/>
  <testcase name="writeUserCard" time="0.001" classname="com.rongbei.util.WriteBankCard"/>
  <testcase name="writeUserCard" time="0.001" classname="com.rongbei.util.WriteBankCard"/>
  <testcase name="writeUserCard" time="0.001" classname="com.rongbei.util.WriteBankCard"/>
  <testcase name="writeUserCard" time="0.002" classname="com.rongbei.util.WriteBankCard"/>
  <testcase name="writeUserCard" time="0.001" classname="com.rongbei.util.WriteBankCard"/>
  <testcase name="writeUserCard" time="0.002" classname="com.rongbei.util.WriteBankCard"/>
  <testcase name="writeUserCard" time="0.002" classname="com.rongbei.util.WriteBankCard"/>
  <testcase name="writeUserCard" time="0.001" classname="com.rongbei.util.WriteBankCard"/>
  <testcase name="writeUserCard" time="0.001" classname="com.rongbei.util.WriteBankCard"/>
  <testcase name="writeUserCard" time="0.001" classname="com.rongbei.util.WriteBankCard"/>
  <testcase name="writeUserCard" time="0.001" classname="com.rongbei.util.WriteBankCard"/>
  <testcase name="writeUserCard" time="0.011" classname="com.rongbei.util.WriteBankCard"/>
  <testcase name="writeUserCard" time="0.005" classname="com.rongbei.util.WriteBankCard"/>
  <testcase name="writeUserCard" time="0.002" classname="com.rongbei.util.WriteBankCard"/>
  <testcase name="writeUserCard" time="0.001" classname="com.rongbei.util.WriteBankCard"/>
  <testcase name="writeUserCard" time="0.001" classname="com.rongbei.util.WriteBankCard"/>
  <testcase name="writeUserCard" time="0.001" classname="com.rongbei.util.WriteBankCard"/>
  <testcase name="writeUserCard" time="0.012" classname="com.rongbei.util.WriteBankCard"/>
  <testcase name="writeUserCard" time="0.001" classname="com.rongbei.util.WriteBankCard"/>
  <testcase name="writeUserCard" time="0.002" classname="com.rongbei.util.WriteBankCard"/>
  <testcase name="writeUserCard" time="0.001" classname="com.rongbei.util.WriteBankCard"/>
  <testcase name="writeUserCard" time="0.003" classname="com.rongbei.util.WriteBankCard"/>
  <testcase name="writeUserCard" time="0.001" classname="com.rongbei.util.WriteBankCard"/>
  <testcase name="writeUserCard" time="0.009" classname="com.rongbei.util.WriteBankCard"/>
  <testcase name="writeUserCard" time="0.002" classname="com.rongbei.util.WriteBankCard"/>
  <testcase name="writeUserCard" time="0.001" classname="com.rongbei.util.WriteBankCard"/>
  <testcase name="writeUserCard" time="0.002" classname="com.rongbei.util.WriteBankCard"/>
  <testcase name="writeUserCard" time="0.001" classname="com.rongbei.util.WriteBankCard"/>
  <testcase name="writeUserCard" time="0.002" classname="com.rongbei.util.WriteBankCard"/>
  <testcase name="writeUserCard" time="0.001" classname="com.rongbei.util.WriteBankCard"/>
  <testcase name="writeUserCard" time="0.002" classname="com.rongbei.util.WriteBankCard"/>
  <testcase name="writeUserCard" time="0.001" classname="com.rongbei.util.WriteBankCard"/>
  <testcase name="writeUserCard" time="0.003" classname="com.rongbei.util.WriteBankCard"/>
  <testcase name="writeUserCard" time="0.001" classname="com.rongbei.util.WriteBankCard"/>
  <testcase name="writeUserCard" time="0.001" classname="com.rongbei.util.WriteBankCard"/>
  <testcase name="writeUserCard" time="0.001" classname="com.rongbei.util.WriteBankCard"/>
  <testcase name="writeUserCard" time="0.001" classname="com.rongbei.util.WriteBankCard"/>
  <testcase name="writeUserCard" time="0.001" classname="com.rongbei.util.WriteBankCard"/>
  <testcase name="writeUserCard" time="0.001" classname="com.rongbei.util.WriteBankCard"/>
  <testcase name="writeUserCard" time="0.001" classname="com.rongbei.util.WriteBankCard"/>
  <testcase name="writeUserCard" time="0.008" classname="com.rongbei.util.WriteBankCard"/>
  <testcase name="writeUserCard" time="0.001" classname="com.rongbei.util.WriteBankCard"/>
  <testcase name="writeUserCard" time="0.002" classname="com.rongbei.util.WriteBankCard"/>
  <testcase name="writeUserCard" time="0.002" classname="com.rongbei.util.WriteBankCard"/>
  <testcase name="writeUserCard" time="0.002" classname="com.rongbei.util.WriteBankCard"/>
  <testcase name="writeUserCard" time="0.001" classname="com.rongbei.util.WriteBankCard"/>
  <testcase name="writeUserCard" time="0.000" classname="com.rongbei.util.WriteBankCard"/>
  <testcase name="writeUserCard" time="0.002" classname="com.rongbei.util.WriteBankCard"/>
  <testcase name="writeUserCard" time="0.001" classname="com.rongbei.util.WriteBankCard"/>
  <testcase name="writeUserCard" time="0.001" classname="com.rongbei.util.WriteBankCard"/>
  <testcase name="writeUserCard" time="0.000" classname="com.rongbei.util.WriteBankCard"/>
  <testcase name="writeUserCard" time="0.021" classname="com.rongbei.util.WriteBankCard"/>
  <testcase name="writeUserCard" time="0.001" classname="com.rongbei.util.WriteBankCard"/>
  <testcase name="writeUserCard" time="0.001" classname="com.rongbei.util.WriteBankCard"/>
  <testcase name="writeUserCard" time="0.002" classname="com.rongbei.util.WriteBankCard"/>
  <testcase name="writeUserCard" time="0.001" classname="com.rongbei.util.WriteBankCard"/>
  <testcase name="writeUserCard" time="0.000" classname="com.rongbei.util.WriteBankCard"/>
  <testcase name="writeUserCard" time="0.001" classname="com.rongbei.util.WriteBankCard"/>
  <testcase name="writeUserCard" time="0.002" classname="com.rongbei.util.WriteBankCard"/>
  <testcase name="writeUserCard" time="0.001" classname="com.rongbei.util.WriteBankCard"/>
  <testcase name="writeUserCard" time="0.001" classname="com.rongbei.util.WriteBankCard"/>
  <testcase name="writeUserCard" time="0.002" classname="com.rongbei.util.WriteBankCard"/>
  <testcase name="writeUserCard" time="0.001" classname="com.rongbei.util.WriteBankCard"/>
  <testcase name="writeUserCard" time="0.001" classname="com.rongbei.util.WriteBankCard"/>
  <testcase name="writeUserCard" time="0.001" classname="com.rongbei.util.WriteBankCard"/>
  <testcase name="writeUserCard" time="0.001" classname="com.rongbei.util.WriteBankCard"/>
  <testcase name="writeUserCard" time="0.002" classname="com.rongbei.util.WriteBankCard"/>
  <testcase name="writeUserCard" time="0.001" classname="com.rongbei.util.WriteBankCard"/>
  <testcase name="writeUserCard" time="0.002" classname="com.rongbei.util.WriteBankCard"/>
  <testcase name="writeUserCard" time="0.002" classname="com.rongbei.util.WriteBankCard"/>
  <testcase name="writeUserCard" time="0.001" classname="com.rongbei.util.WriteBankCard"/>
  <testcase name="writeUserCard" time="0.001" classname="com.rongbei.util.WriteBankCard"/>
  <testcase name="writeUserCard" time="0.001" classname="com.rongbei.util.WriteBankCard"/>
  <testcase name="writeUserCard" time="0.001" classname="com.rongbei.util.WriteBankCard"/>
  <testcase name="writeUserCard" time="0.001" classname="com.rongbei.util.WriteBankCard"/>
  <testcase name="writeUserCard" time="0.002" classname="com.rongbei.util.WriteBankCard"/>
  <testcase name="writeUserCard" time="0.004" classname="com.rongbei.util.WriteBankCard"/>
  <testcase name="writeUserCard" time="0.001" classname="com.rongbei.util.WriteBankCard"/>
  <testcase name="writeUserCard" time="0.001" classname="com.rongbei.util.WriteBankCard"/>
  <testcase name="writeUserCard" time="0.002" classname="com.rongbei.util.WriteBankCard"/>
  <testcase name="writeUserCard" time="0.001" classname="com.rongbei.util.WriteBankCard"/>
  <testcase name="writeUserCard" time="0.001" classname="com.rongbei.util.WriteBankCard"/>
  <testcase name="writeUserCard" time="0.001" classname="com.rongbei.util.WriteBankCard"/>
  <testcase name="writeUserCard" time="0.002" classname="com.rongbei.util.WriteBankCard"/>
  <testcase name="writeUserCard" time="0.006" classname="com.rongbei.util.WriteBankCard"/>
  <testcase name="writeUserCard" time="0.001" classname="com.rongbei.util.WriteBankCard"/>
  <testcase name="writeUserCard" time="0.001" classname="com.rongbei.util.WriteBankCard"/>
  <testcase name="writeUserCard" time="0.001" classname="com.rongbei.util.WriteBankCard"/>
  <testcase name="writeUserCard" time="0.001" classname="com.rongbei.util.WriteBankCard"/>
  <testcase name="writeUserCard" time="0.001" classname="com.rongbei.util.WriteBankCard"/>
  <testcase name="writeUserCard" time="0.002" classname="com.rongbei.util.WriteBankCard"/>
  <testcase name="writeUserCard" time="0.001" classname="com.rongbei.util.WriteBankCard"/>
  <testcase name="writeUserCard" time="0.001" classname="com.rongbei.util.WriteBankCard"/>
  <testcase name="writeUserCard" time="0.001" classname="com.rongbei.util.WriteBankCard"/>
  <testcase name="writeUserCard" time="0.012" classname="com.rongbei.util.WriteBankCard"/>
  <testcase name="writeUserCard" time="0.002" classname="com.rongbei.util.WriteBankCard"/>
  <testcase name="writeUserCard" time="0.001" classname="com.rongbei.util.WriteBankCard"/>
  <testcase name="writeUserCard" time="0.001" classname="com.rongbei.util.WriteBankCard"/>
  <testcase name="writeUserCard" time="0.001" classname="com.rongbei.util.WriteBankCard"/>
  <testcase name="writeUserCard" time="0.001" classname="com.rongbei.util.WriteBankCard"/>
  <testcase name="writeUserCard" time="0.002" classname="com.rongbei.util.WriteBankCard"/>
  <testcase name="writeUserCard" time="0.002" classname="com.rongbei.util.WriteBankCard"/>
  <testcase name="writeUserCard" time="0.001" classname="com.rongbei.util.WriteBankCard"/>
  <testcase name="writeUserCard" time="0.001" classname="com.rongbei.util.WriteBankCard"/>
  <testcase name="writeUserCard" time="0.001" classname="com.rongbei.util.WriteBankCard"/>
  <testcase name="writeUserCard" time="0.001" classname="com.rongbei.util.WriteBankCard"/>
  <testcase name="writeUserCard" time="0.002" classname="com.rongbei.util.WriteBankCard"/>
  <testcase name="writeUserCard" time="0.001" classname="com.rongbei.util.WriteBankCard"/>
  <testcase name="writeUserCard" time="0.001" classname="com.rongbei.util.WriteBankCard"/>
  <testcase name="writeUserCard" time="0.001" classname="com.rongbei.util.WriteBankCard"/>
  <testcase name="writeUserCard" time="0.001" classname="com.rongbei.util.WriteBankCard"/>
  <testcase name="writeUserCard" time="0.001" classname="com.rongbei.util.WriteBankCard"/>
  <testcase name="writeUserCard" time="0.001" classname="com.rongbei.util.WriteBankCard"/>
  <testcase name="writeUserCard" time="0.002" classname="com.rongbei.util.WriteBankCard"/>
  <testcase name="writeUserCard" time="0.002" classname="com.rongbei.util.WriteBankCard"/>
  <testcase name="writeUserCard" time="0.001" classname="com.rongbei.util.WriteBankCard"/>
  <testcase name="writeUserCard" time="0.001" classname="com.rongbei.util.WriteBankCard"/>
  <testcase name="writeUserCard" time="0.002" classname="com.rongbei.util.WriteBankCard"/>
  <testcase name="writeUserCard" time="0.002" classname="com.rongbei.util.WriteBankCard"/>
  <testcase name="writeUserCard" time="0.008" classname="com.rongbei.util.WriteBankCard"/>
  <testcase name="writeUserCard" time="0.001" classname="com.rongbei.util.WriteBankCard"/>
  <testcase name="writeUserCard" time="0.002" classname="com.rongbei.util.WriteBankCard"/>
  <testcase name="writeUserCard" time="0.001" classname="com.rongbei.util.WriteBankCard"/>
  <testcase name="writeUserCard" time="0.002" classname="com.rongbei.util.WriteBankCard"/>
  <testcase name="writeUserCard" time="0.001" classname="com.rongbei.util.WriteBankCard"/>
  <testcase name="writeUserCard" time="0.013" classname="com.rongbei.util.WriteBankCard"/>
  <testcase name="writeUserCard" time="0.003" classname="com.rongbei.util.WriteBankCard"/>
  <testcase name="writeUserCard" time="0.001" classname="com.rongbei.util.WriteBankCard"/>
  <testcase name="writeUserCard" time="0.001" classname="com.rongbei.util.WriteBankCard"/>
  <testcase name="writeUserCard" time="0.001" classname="com.rongbei.util.WriteBankCard"/>
  <testcase name="writeUserCard" time="0.001" classname="com.rongbei.util.WriteBankCard"/>
  <testcase name="writeUserCard" time="0.001" classname="com.rongbei.util.WriteBankCard"/>
  <testcase name="writeUserCard" time="0.002" classname="com.rongbei.util.WriteBankCard"/>
  <testcase name="writeUserCard" time="0.001" classname="com.rongbei.util.WriteBankCard"/>
  <testcase name="writeUserCard" time="0.001" classname="com.rongbei.util.WriteBankCard"/>
  <testcase name="writeUserCard" time="0.002" classname="com.rongbei.util.WriteBankCard"/>
  <testcase name="writeUserCard" time="0.001" classname="com.rongbei.util.WriteBankCard"/>
  <testcase name="writeUserCard" time="0.002" classname="com.rongbei.util.WriteBankCard"/>
  <testcase name="writeUserCard" time="0.001" classname="com.rongbei.util.WriteBankCard"/>
  <testcase name="writeUserCard" time="0.001" classname="com.rongbei.util.WriteBankCard"/>
  <testcase name="writeUserCard" time="0.001" classname="com.rongbei.util.WriteBankCard"/>
  <testcase name="writeUserCard" time="0.001" classname="com.rongbei.util.WriteBankCard"/>
  <testcase name="writeUserCard" time="0.002" classname="com.rongbei.util.WriteBankCard"/>
  <testcase name="writeUserCard" time="0.001" classname="com.rongbei.util.WriteBankCard"/>
  <testcase name="writeUserCard" time="0.001" classname="com.rongbei.util.WriteBankCard"/>
  <testcase name="writeUserCard" time="0.001" classname="com.rongbei.util.WriteBankCard"/>
  <testcase name="writeUserCard" time="0.002" classname="com.rongbei.util.WriteBankCard"/>
  <testcase name="writeUserCard" time="0.001" classname="com.rongbei.util.WriteBankCard"/>
  <testcase name="writeUserCard" time="0.001" classname="com.rongbei.util.WriteBankCard"/>
  <testcase name="writeUserCard" time="0.002" classname="com.rongbei.util.WriteBankCard"/>
  <testcase name="writeUserCard" time="0.001" classname="com.rongbei.util.WriteBankCard"/>
  <testcase name="writeUserCard" time="0.001" classname="com.rongbei.util.WriteBankCard"/>
  <testcase name="writeUserCard" time="0.001" classname="com.rongbei.util.WriteBankCard"/>
  <testcase name="writeUserCard" time="0.007" classname="com.rongbei.util.WriteBankCard"/>
  <testcase name="writeUserCard" time="0.001" classname="com.rongbei.util.WriteBankCard"/>
  <testcase name="writeUserCard" time="0.001" classname="com.rongbei.util.WriteBankCard"/>
  <testcase name="writeUserCard" time="0.002" classname="com.rongbei.util.WriteBankCard"/>
  <testcase name="writeUserCard" time="0.001" classname="com.rongbei.util.WriteBankCard"/>
  <testcase name="writeUserCard" time="0.002" classname="com.rongbei.util.WriteBankCard"/>
  <testcase name="writeUserCard" time="0.003" classname="com.rongbei.util.WriteBankCard"/>
  <testcase name="writeUserCard" time="0.001" classname="com.rongbei.util.WriteBankCard"/>
  <testcase name="writeUserCard" time="0.002" classname="com.rongbei.util.WriteBankCard"/>
  <testcase name="writeUserCard" time="0.001" classname="com.rongbei.util.WriteBankCard"/>
  <testcase name="writeUserCard" time="0.002" classname="com.rongbei.util.WriteBankCard"/>
  <testcase name="writeUserCard" time="0.002" classname="com.rongbei.util.WriteBankCard"/>
  <testcase name="writeUserCard" time="0.001" classname="com.rongbei.util.WriteBankCard"/>
  <testcase name="writeUserCard" time="0.002" classname="com.rongbei.util.WriteBankCard"/>
  <testcase name="writeUserCard" time="0.003" classname="com.rongbei.util.WriteBankCard"/>
  <testcase name="writeUserCard" time="0.001" classname="com.rongbei.util.WriteBankCard"/>
  <testcase name="writeUserCard" time="0.002" classname="com.rongbei.util.WriteBankCard"/>
  <testcase name="writeUserCard" time="0.002" classname="com.rongbei.util.WriteBankCard"/>
  <testcase name="writeUserCard" time="0.001" classname="com.rongbei.util.WriteBankCard"/>
  <testcase name="writeUserCard" time="0.001" classname="com.rongbei.util.WriteBankCard"/>
  <testcase name="writeUserCard" time="0.001" classname="com.rongbei.util.WriteBankCard"/>
  <testcase name="writeUserCard" time="0.001" classname="com.rongbei.util.WriteBankCard"/>
  <testcase name="writeUserCard" time="0.001" classname="com.rongbei.util.WriteBankCard"/>
  <testcase name="writeUserCard" time="0.005" classname="com.rongbei.util.WriteBankCard"/>
  <testcase name="writeUserCard" time="0.003" classname="com.rongbei.util.WriteBankCard"/>
  <testcase name="writeUserCard" time="0.001" classname="com.rongbei.util.WriteBankCard"/>
  <testcase name="writeUserCard" time="0.001" classname="com.rongbei.util.WriteBankCard"/>
  <testcase name="writeUserCard" time="0.002" classname="com.rongbei.util.WriteBankCard"/>
  <testcase name="writeUserCard" time="0.002" classname="com.rongbei.util.WriteBankCard"/>
  <testcase name="writeUserCard" time="0.001" classname="com.rongbei.util.WriteBankCard"/>
  <testcase name="writeUserCard" time="0.001" classname="com.rongbei.util.WriteBankCard"/>
  <testcase name="writeUserCard" time="0.001" classname="com.rongbei.util.WriteBankCard"/>
  <testcase name="writeUserCard" time="0.001" classname="com.rongbei.util.WriteBankCard"/>
  <testcase name="writeUserCard" time="0.001" classname="com.rongbei.util.WriteBankCard"/>
  <testcase name="writeUserCard" time="0.003" classname="com.rongbei.util.WriteBankCard"/>
  <testcase name="writeUserCard" time="0.001" classname="com.rongbei.util.WriteBankCard"/>
  <testcase name="writeUserCard" time="0.001" classname="com.rongbei.util.WriteBankCard"/>
  <testcase name="writeUserCard" time="0.001" classname="com.rongbei.util.WriteBankCard"/>
  <testcase name="writeUserCard" time="0.001" classname="com.rongbei.util.WriteBankCard"/>
  <testcase name="writeUserCard" time="0.002" classname="com.rongbei.util.WriteBankCard"/>
  <testcase name="writeUserCard" time="0.001" classname="com.rongbei.util.WriteBankCard"/>
  <testcase name="writeUserCard" time="0.001" classname="com.rongbei.util.WriteBankCard"/>
  <testcase name="writeUserCard" time="0.001" classname="com.rongbei.util.WriteBankCard"/>
  <testcase name="writeUserCard" time="0.000" classname="com.rongbei.util.WriteBankCard"/>
  <testcase name="writeUserCard" time="0.001" classname="com.rongbei.util.WriteBankCard"/>
  <testcase name="writeUserCard" time="0.001" classname="com.rongbei.util.WriteBankCard"/>
  <testcase name="writeUserCard" time="0.002" classname="com.rongbei.util.WriteBankCard"/>
  <testcase name="writeUserCard" time="0.001" classname="com.rongbei.util.WriteBankCard"/>
  <testcase name="writeUserCard" time="0.001" classname="com.rongbei.util.WriteBankCard"/>
  <testcase name="writeUserCard" time="0.002" classname="com.rongbei.util.WriteBankCard"/>
  <testcase name="writeUserCard" time="0.001" classname="com.rongbei.util.WriteBankCard"/>
  <testcase name="writeUserCard" time="0.001" classname="com.rongbei.util.WriteBankCard"/>
  <testcase name="writeUserCard" time="0.001" classname="com.rongbei.util.WriteBankCard"/>
  <testcase name="writeUserCard" time="0.001" classname="com.rongbei.util.WriteBankCard"/>
  <testcase name="writeUserCard" time="0.002" classname="com.rongbei.util.WriteBankCard"/>
  <testcase name="writeUserCard" time="0.001" classname="com.rongbei.util.WriteBankCard"/>
  <testcase name="writeUserCard" time="0.001" classname="com.rongbei.util.WriteBankCard"/>
  <testcase name="writeUserCard" time="0.001" classname="com.rongbei.util.WriteBankCard"/>
  <testcase name="writeUserCard" time="0.001" classname="com.rongbei.util.WriteBankCard"/>
  <testcase name="writeUserCard" time="0.001" classname="com.rongbei.util.WriteBankCard"/>
  <testcase name="writeUserCard" time="0.001" classname="com.rongbei.util.WriteBankCard"/>
  <testcase name="writeUserCard" time="0.001" classname="com.rongbei.util.WriteBankCard"/>
  <testcase name="writeUserCard" time="0.001" classname="com.rongbei.util.WriteBankCard"/>
  <testcase name="writeUserCard" time="0.003" classname="com.rongbei.util.WriteBankCard"/>
  <testcase name="writeUserCard" time="0.001" classname="com.rongbei.util.WriteBankCard"/>
  <testcase name="writeUserCard" time="0.001" classname="com.rongbei.util.WriteBankCard"/>
  <testcase name="writeUserCard" time="0.001" classname="com.rongbei.util.WriteBankCard"/>
  <testcase name="writeUserCard" time="0.001" classname="com.rongbei.util.WriteBankCard"/>
  <testcase name="writeUserCard" time="0.001" classname="com.rongbei.util.WriteBankCard"/>
  <testcase name="writeUserCard" time="0.001" classname="com.rongbei.util.WriteBankCard"/>
  <testcase name="writeUserCard" time="0.001" classname="com.rongbei.util.WriteBankCard"/>
  <testcase name="writeUserCard" time="0.001" classname="com.rongbei.util.WriteBankCard"/>
  <testcase name="writeUserCard" time="0.001" classname="com.rongbei.util.WriteBankCard"/>
  <testcase name="writeUserCard" time="0.001" classname="com.rongbei.util.WriteBankCard"/>
  <testcase name="writeUserCard" time="0.000" classname="com.rongbei.util.WriteBankCard"/>
  <testcase name="writeUserCard" time="0.024" classname="com.rongbei.util.WriteBankCard"/>
  <testcase name="writeUserCard" time="0.001" classname="com.rongbei.util.WriteBankCard"/>
  <testcase name="writeUserCard" time="0.001" classname="com.rongbei.util.WriteBankCard"/>
  <testcase name="writeUserCard" time="0.001" classname="com.rongbei.util.WriteBankCard"/>
  <testcase name="writeUserCard" time="0.001" classname="com.rongbei.util.WriteBankCard"/>
  <testcase name="writeUserCard" time="0.002" classname="com.rongbei.util.WriteBankCard"/>
  <testcase name="writeUserCard" time="0.001" classname="com.rongbei.util.WriteBankCard"/>
  <testcase name="writeUserCard" time="0.001" classname="com.rongbei.util.WriteBankCard"/>
  <testcase name="writeUserCard" time="0.002" classname="com.rongbei.util.WriteBankCard"/>
  <testcase name="writeUserCard" time="0.001" classname="com.rongbei.util.WriteBankCard"/>
  <testcase name="writeUserCard" time="0.002" classname="com.rongbei.util.WriteBankCard"/>
  <testcase name="writeUserCard" time="0.001" classname="com.rongbei.util.WriteBankCard"/>
  <testcase name="writeUserCard" time="0.001" classname="com.rongbei.util.WriteBankCard"/>
  <testcase name="writeUserCard" time="0.002" classname="com.rongbei.util.WriteBankCard"/>
  <testcase name="writeUserCard" time="0.001" classname="com.rongbei.util.WriteBankCard"/>
  <testcase name="writeUserCard" time="0.001" classname="com.rongbei.util.WriteBankCard"/>
  <testcase name="writeUserCard" time="0.002" classname="com.rongbei.util.WriteBankCard"/>
  <testcase name="writeUserCard" time="0.001" classname="com.rongbei.util.WriteBankCard"/>
  <testcase name="writeUserCard" time="0.001" classname="com.rongbei.util.WriteBankCard"/>
  <testcase name="writeUserCard" time="0.001" classname="com.rongbei.util.WriteBankCard"/>
  <testcase name="writeUserCard" time="0.001" classname="com.rongbei.util.WriteBankCard"/>
  <testcase name="writeUserCard" time="0.002" classname="com.rongbei.util.WriteBankCard"/>
  <testcase name="writeUserCard" time="0.002" classname="com.rongbei.util.WriteBankCard"/>
  <testcase name="writeUserCard" time="0.002" classname="com.rongbei.util.WriteBankCard"/>
  <testcase name="writeUserCard" time="0.001" classname="com.rongbei.util.WriteBankCard"/>
  <testcase name="writeUserCard" time="0.001" classname="com.rongbei.util.WriteBankCard"/>
  <testcase name="writeUserCard" time="0.001" classname="com.rongbei.util.WriteBankCard"/>
  <testcase name="writeUserCard" time="0.001" classname="com.rongbei.util.WriteBankCard"/>
  <testcase name="writeUserCard" time="0.001" classname="com.rongbei.util.WriteBankCard"/>
  <testcase name="writeUserCard" time="0.002" classname="com.rongbei.util.WriteBankCard"/>
  <testcase name="writeUserCard" time="0.002" classname="com.rongbei.util.WriteBankCard"/>
  <testcase name="writeUserCard" time="0.003" classname="com.rongbei.util.WriteBankCard"/>
  <testcase name="writeUserCard" time="0.002" classname="com.rongbei.util.WriteBankCard"/>
  <testcase name="writeUserCard" time="0.000" classname="com.rongbei.util.WriteBankCard"/>
  <testcase name="writeUserCard" time="0.001" classname="com.rongbei.util.WriteBankCard"/>
  <testcase name="writeUserCard" time="0.001" classname="com.rongbei.util.WriteBankCard"/>
  <testcase name="writeUserCard" time="0.001" classname="com.rongbei.util.WriteBankCard"/>
  <testcase name="writeUserCard" time="0.001" classname="com.rongbei.util.WriteBankCard"/>
  <testcase name="writeUserCard" time="0.001" classname="com.rongbei.util.WriteBankCard"/>
  <testcase name="writeUserCard" time="0.002" classname="com.rongbei.util.WriteBankCard"/>
  <testcase name="writeUserCard" time="0.001" classname="com.rongbei.util.WriteBankCard"/>
  <testcase name="writeUserCard" time="0.001" classname="com.rongbei.util.WriteBankCard"/>
  <testcase name="writeUserCard" time="0.002" classname="com.rongbei.util.WriteBankCard"/>
  <testcase name="writeUserCard" time="0.002" classname="com.rongbei.util.WriteBankCard"/>
  <testcase name="writeUserCard" time="0.002" classname="com.rongbei.util.WriteBankCard"/>
  <testcase name="writeUserCard" time="0.001" classname="com.rongbei.util.WriteBankCard"/>
  <testcase name="writeUserCard" time="0.001" classname="com.rongbei.util.WriteBankCard"/>
  <testcase name="writeUserCard" time="0.001" classname="com.rongbei.util.WriteBankCard"/>
  <testcase name="writeUserCard" time="0.006" classname="com.rongbei.util.WriteBankCard"/>
  <testcase name="writeUserCard" time="0.001" classname="com.rongbei.util.WriteBankCard"/>
  <testcase name="writeUserCard" time="0.001" classname="com.rongbei.util.WriteBankCard"/>
  <testcase name="writeUserCard" time="0.001" classname="com.rongbei.util.WriteBankCard"/>
  <testcase name="writeUserCard" time="0.002" classname="com.rongbei.util.WriteBankCard"/>
  <testcase name="writeUserCard" time="0.001" classname="com.rongbei.util.WriteBankCard"/>
  <testcase name="writeUserCard" time="0.001" classname="com.rongbei.util.WriteBankCard"/>
  <testcase name="writeUserCard" time="0.001" classname="com.rongbei.util.WriteBankCard"/>
  <testcase name="writeUserCard" time="0.002" classname="com.rongbei.util.WriteBankCard"/>
  <testcase name="writeUserCard" time="0.002" classname="com.rongbei.util.WriteBankCard"/>
  <testcase name="writeUserCard" time="0.001" classname="com.rongbei.util.WriteBankCard"/>
  <testcase name="writeUserCard" time="0.002" classname="com.rongbei.util.WriteBankCard"/>
  <testcase name="writeUserCard" time="0.001" classname="com.rongbei.util.WriteBankCard"/>
  <testcase name="writeUserCard" time="0.001" classname="com.rongbei.util.WriteBankCard"/>
  <testcase name="writeUserCard" time="0.002" classname="com.rongbei.util.WriteBankCard"/>
  <testcase name="writeUserCard" time="0.001" classname="com.rongbei.util.WriteBankCard"/>
  <testcase name="writeUserCard" time="0.001" classname="com.rongbei.util.WriteBankCard"/>
  <testcase name="writeUserCard" time="0.002" classname="com.rongbei.util.WriteBankCard"/>
  <testcase name="writeUserCard" time="0.004" classname="com.rongbei.util.WriteBankCard"/>
  <testcase name="writeUserCard" time="0.001" classname="com.rongbei.util.WriteBankCard"/>
  <testcase name="writeUserCard" time="0.001" classname="com.rongbei.util.WriteBankCard"/>
  <testcase name="writeUserCard" time="0.007" classname="com.rongbei.util.WriteBankCard"/>
  <testcase name="writeUserCard" time="0.002" classname="com.rongbei.util.WriteBankCard"/>
  <testcase name="writeUserCard" time="0.002" classname="com.rongbei.util.WriteBankCard"/>
  <testcase name="writeUserCard" time="0.006" classname="com.rongbei.util.WriteBankCard"/>
  <testcase name="writeUserCard" time="0.001" classname="com.rongbei.util.WriteBankCard"/>
  <testcase name="writeUserCard" time="0.001" classname="com.rongbei.util.WriteBankCard"/>
  <testcase name="writeUserCard" time="0.001" classname="com.rongbei.util.WriteBankCard"/>
  <testcase name="writeUserCard" time="0.001" classname="com.rongbei.util.WriteBankCard"/>
  <testcase name="writeUserCard" time="0.001" classname="com.rongbei.util.WriteBankCard"/>
  <testcase name="writeUserCard" time="0.001" classname="com.rongbei.util.WriteBankCard"/>
  <testcase name="writeUserCard" time="0.001" classname="com.rongbei.util.WriteBankCard"/>
  <testcase name="writeUserCard" time="0.001" classname="com.rongbei.util.WriteBankCard"/>
  <testcase name="writeUserCard" time="0.001" classname="com.rongbei.util.WriteBankCard"/>
  <testcase name="writeUserCard" time="0.001" classname="com.rongbei.util.WriteBankCard"/>
  <testcase name="writeUserCard" time="0.028" classname="com.rongbei.util.WriteBankCard"/>
  <testcase name="writeUserCard" time="0.002" classname="com.rongbei.util.WriteBankCard"/>
  <testcase name="writeUserCard" time="0.001" classname="com.rongbei.util.WriteBankCard"/>
  <testcase name="writeUserCard" time="0.001" classname="com.rongbei.util.WriteBankCard"/>
  <testcase name="writeUserCard" time="0.001" classname="com.rongbei.util.WriteBankCard"/>
  <testcase name="writeUserCard" time="0.002" classname="com.rongbei.util.WriteBankCard"/>
  <testcase name="writeUserCard" time="0.002" classname="com.rongbei.util.WriteBankCard"/>
  <testcase name="writeUserCard" time="0.002" classname="com.rongbei.util.WriteBankCard"/>
  <testcase name="writeUserCard" time="0.001" classname="com.rongbei.util.WriteBankCard"/>
  <testcase name="writeUserCard" time="0.001" classname="com.rongbei.util.WriteBankCard"/>
  <testcase name="writeUserCard" time="0.002" classname="com.rongbei.util.WriteBankCard"/>
  <testcase name="writeUserCard" time="0.001" classname="com.rongbei.util.WriteBankCard"/>
  <testcase name="writeUserCard" time="0.001" classname="com.rongbei.util.WriteBankCard"/>
  <testcase name="writeUserCard" time="0.001" classname="com.rongbei.util.WriteBankCard"/>
  <testcase name="writeUserCard" time="0.002" classname="com.rongbei.util.WriteBankCard"/>
  <testcase name="writeUserCard" time="0.001" classname="com.rongbei.util.WriteBankCard"/>
  <testcase name="writeUserCard" time="0.001" classname="com.rongbei.util.WriteBankCard"/>
  <testcase name="writeUserCard" time="0.001" classname="com.rongbei.util.WriteBankCard"/>
  <testcase name="writeUserCard" time="0.001" classname="com.rongbei.util.WriteBankCard"/>
  <testcase name="writeUserCard" time="0.001" classname="com.rongbei.util.WriteBankCard"/>
  <testcase name="writeUserCard" time="0.001" classname="com.rongbei.util.WriteBankCard"/>
  <testcase name="writeUserCard" time="0.001" classname="com.rongbei.util.WriteBankCard"/>
  <testcase name="writeUserCard" time="0.001" classname="com.rongbei.util.WriteBankCard"/>
  <testcase name="writeUserCard" time="0.001" classname="com.rongbei.util.WriteBankCard"/>
  <testcase name="writeUserCard" time="0.001" classname="com.rongbei.util.WriteBankCard"/>
  <testcase name="writeUserCard" time="0.002" classname="com.rongbei.util.WriteBankCard"/>
  <testcase name="writeUserCard" time="0.001" classname="com.rongbei.util.WriteBankCard"/>
  <testcase name="writeUserCard" time="0.001" classname="com.rongbei.util.WriteBankCard"/>
  <testcase name="writeUserCard" time="0.001" classname="com.rongbei.util.WriteBankCard"/>
  <testcase name="writeUserCard" time="0.002" classname="com.rongbei.util.WriteBankCard"/>
  <testcase name="writeUserCard" time="0.002" classname="com.rongbei.util.WriteBankCard"/>
  <testcase name="writeUserCard" time="0.001" classname="com.rongbei.util.WriteBankCard"/>
  <testcase name="writeUserCard" time="0.001" classname="com.rongbei.util.WriteBankCard"/>
  <testcase name="writeUserCard" time="0.004" classname="com.rongbei.util.WriteBankCard"/>
  <testcase name="writeUserCard" time="0.001" classname="com.rongbei.util.WriteBankCard"/>
  <testcase name="writeUserCard" time="0.001" classname="com.rongbei.util.WriteBankCard"/>
  <testcase name="writeUserCard" time="0.001" classname="com.rongbei.util.WriteBankCard"/>
  <testcase name="writeUserCard" time="0.002" classname="com.rongbei.util.WriteBankCard"/>
  <testcase name="writeUserCard" time="0.002" classname="com.rongbei.util.WriteBankCard"/>
  <testcase name="writeUserCard" time="0.001" classname="com.rongbei.util.WriteBankCard"/>
  <testcase name="writeUserCard" time="0.001" classname="com.rongbei.util.WriteBankCard"/>
  <testcase name="writeUserCard" time="0.001" classname="com.rongbei.util.WriteBankCard"/>
  <testcase name="writeUserCard" time="0.001" classname="com.rongbei.util.WriteBankCard"/>
  <testcase name="writeUserCard" time="0.001" classname="com.rongbei.util.WriteBankCard"/>
  <testcase name="writeUserCard" time="0.001" classname="com.rongbei.util.WriteBankCard"/>
  <testcase name="writeUserCard" time="0.002" classname="com.rongbei.util.WriteBankCard"/>
  <testcase name="writeUserCard" time="0.001" classname="com.rongbei.util.WriteBankCard"/>
  <testcase name="writeUserCard" time="0.005" classname="com.rongbei.util.WriteBankCard"/>
  <testcase name="writeUserCard" time="0.001" classname="com.rongbei.util.WriteBankCard"/>
  <testcase name="writeUserCard" time="0.001" classname="com.rongbei.util.WriteBankCard"/>
  <testcase name="writeUserCard" time="0.002" classname="com.rongbei.util.WriteBankCard"/>
  <testcase name="writeUserCard" time="0.002" classname="com.rongbei.util.WriteBankCard"/>
  <testcase name="writeUserCard" time="0.018" classname="com.rongbei.util.WriteBankCard"/>
  <testcase name="writeUserCard" time="0.001" classname="com.rongbei.util.WriteBankCard"/>
  <testcase name="writeUserCard" time="0.002" classname="com.rongbei.util.WriteBankCard"/>
  <testcase name="writeUserCard" time="0.001" classname="com.rongbei.util.WriteBankCard"/>
  <testcase name="writeUserCard" time="0.001" classname="com.rongbei.util.WriteBankCard"/>
  <testcase name="writeUserCard" time="0.001" classname="com.rongbei.util.WriteBankCard"/>
  <testcase name="writeUserCard" time="0.001" classname="com.rongbei.util.WriteBankCard"/>
  <testcase name="writeUserCard" time="0.002" classname="com.rongbei.util.WriteBankCard"/>
  <testcase name="writeUserCard" time="0.003" classname="com.rongbei.util.WriteBankCard"/>
  <testcase name="writeUserCard" time="0.002" classname="com.rongbei.util.WriteBankCard"/>
  <testcase name="writeUserCard" time="0.002" classname="com.rongbei.util.WriteBankCard"/>
  <testcase name="writeUserCard" time="0.001" classname="com.rongbei.util.WriteBankCard"/>
  <testcase name="writeUserCard" time="0.001" classname="com.rongbei.util.WriteBankCard"/>
  <testcase name="writeUserCard" time="0.001" classname="com.rongbei.util.WriteBankCard"/>
  <testcase name="writeUserCard" time="0.001" classname="com.rongbei.util.WriteBankCard"/>
  <testcase name="writeUserCard" time="0.002" classname="com.rongbei.util.WriteBankCard"/>
  <testcase name="writeUserCard" time="0.001" classname="com.rongbei.util.WriteBankCard"/>
  <testcase name="writeUserCard" time="0.002" classname="com.rongbei.util.WriteBankCard"/>
  <testcase name="writeUserCard" time="0.001" classname="com.rongbei.util.WriteBankCard"/>
  <testcase name="writeUserCard" time="0.001" classname="com.rongbei.util.WriteBankCard"/>
  <testcase name="writeUserCard" time="0.001" classname="com.rongbei.util.WriteBankCard"/>
  <testcase name="writeUserCard" time="0.002" classname="com.rongbei.util.WriteBankCard"/>
  <testcase name="writeUserCard" time="0.001" classname="com.rongbei.util.WriteBankCard"/>
  <testcase name="writeUserCard" time="0.004" classname="com.rongbei.util.WriteBankCard"/>
  <testcase name="writeUserCard" time="0.001" classname="com.rongbei.util.WriteBankCard"/>
  <testcase name="writeUserCard" time="0.001" classname="com.rongbei.util.WriteBankCard"/>
  <testcase name="writeUserCard" time="0.001" classname="com.rongbei.util.WriteBankCard"/>
  <testcase name="writeUserCard" time="0.001" classname="com.rongbei.util.WriteBankCard"/>
  <testcase name="writeUserCard" time="0.016" classname="com.rongbei.util.WriteBankCard"/>
  <testcase name="writeUserCard" time="0.001" classname="com.rongbei.util.WriteBankCard"/>
  <testcase name="writeUserCard" time="0.001" classname="com.rongbei.util.WriteBankCard"/>
  <testcase name="writeUserCard" time="0.002" classname="com.rongbei.util.WriteBankCard"/>
  <testcase name="writeUserCard" time="0.001" classname="com.rongbei.util.WriteBankCard"/>
  <testcase name="writeUserCard" time="0.001" classname="com.rongbei.util.WriteBankCard"/>
  <testcase name="writeUserCard" time="0.003" classname="com.rongbei.util.WriteBankCard"/>
  <testcase name="writeUserCard" time="0.024" classname="com.rongbei.util.WriteBankCard"/>
  <testcase name="writeUserCard" time="0.001" classname="com.rongbei.util.WriteBankCard"/>
  <testcase name="writeUserCard" time="0.001" classname="com.rongbei.util.WriteBankCard"/>
  <testcase name="writeUserCard" time="0.001" classname="com.rongbei.util.WriteBankCard"/>
  <testcase name="writeUserCard" time="0.001" classname="com.rongbei.util.WriteBankCard"/>
  <testcase name="writeUserCard" time="0.001" classname="com.rongbei.util.WriteBankCard"/>
  <testcase name="writeUserCard" time="0.001" classname="com.rongbei.util.WriteBankCard"/>
  <testcase name="writeUserCard" time="0.001" classname="com.rongbei.util.WriteBankCard"/>
  <testcase name="writeUserCard" time="0.001" classname="com.rongbei.util.WriteBankCard"/>
  <testcase name="writeUserCard" time="0.001" classname="com.rongbei.util.WriteBankCard"/>
  <testcase name="writeUserCard" time="0.001" classname="com.rongbei.util.WriteBankCard"/>
  <testcase name="writeUserCard" time="0.001" classname="com.rongbei.util.WriteBankCard"/>
  <testcase name="writeUserCard" time="0.004" classname="com.rongbei.util.WriteBankCard"/>
  <testcase name="writeUserCard" time="0.001" classname="com.rongbei.util.WriteBankCard"/>
  <testcase name="writeUserCard" time="0.001" classname="com.rongbei.util.WriteBankCard"/>
  <testcase name="writeUserCard" time="0.002" classname="com.rongbei.util.WriteBankCard"/>
  <testcase name="writeUserCard" time="0.001" classname="com.rongbei.util.WriteBankCard"/>
  <testcase name="writeUserCard" time="0.001" classname="com.rongbei.util.WriteBankCard"/>
  <testcase name="writeUserCard" time="0.001" classname="com.rongbei.util.WriteBankCard"/>
  <testcase name="writeUserCard" time="0.001" classname="com.rongbei.util.WriteBankCard"/>
  <testcase name="writeUserCard" time="0.001" classname="com.rongbei.util.WriteBankCard"/>
  <testcase name="writeUserCard" time="0.001" classname="com.rongbei.util.WriteBankCard"/>
  <testcase name="writeUserCard" time="0.001" classname="com.rongbei.util.WriteBankCard"/>
  <testcase name="writeUserCard" time="0.001" classname="com.rongbei.util.WriteBankCard"/>
  <testcase name="writeUserCard" time="0.001" classname="com.rongbei.util.WriteBankCard"/>
  <testcase name="writeUserCard" time="0.001" classname="com.rongbei.util.WriteBankCard"/>
  <testcase name="writeUserCard" time="0.002" classname="com.rongbei.util.WriteBankCard"/>
  <testcase name="writeUserCard" time="0.002" classname="com.rongbei.util.WriteBankCard"/>
  <testcase name="writeUserCard" time="0.001" classname="com.rongbei.util.WriteBankCard"/>
  <testcase name="writeUserCard" time="0.001" classname="com.rongbei.util.WriteBankCard"/>
  <testcase name="writeUserCard" time="0.001" classname="com.rongbei.util.WriteBankCard"/>
  <testcase name="writeUserCard" time="0.001" classname="com.rongbei.util.WriteBankCard"/>
  <testcase name="writeUserCard" time="0.001" classname="com.rongbei.util.WriteBankCard"/>
  <testcase name="writeUserCard" time="0.001" classname="com.rongbei.util.WriteBankCard"/>
  <testcase name="writeUserCard" time="0.002" classname="com.rongbei.util.WriteBankCard"/>
  <testcase name="writeUserCard" time="0.001" classname="com.rongbei.util.WriteBankCard"/>
  <testcase name="writeUserCard" time="0.002" classname="com.rongbei.util.WriteBankCard"/>
  <testcase name="writeUserCard" time="0.002" classname="com.rongbei.util.WriteBankCard"/>
  <testcase name="writeUserCard" time="0.001" classname="com.rongbei.util.WriteBankCard"/>
</testsuite> <!-- com.rongbei.util.WriteBankCard -->
