<?xml version="1.0" encoding="UTF-8"?>
<!-- Generated by org.testng.reporters.JUnitReportReporter -->
<testsuite skipped="0" hostname="EDZ-20170729POB" name="com.irongbei.ShengXinTouTuiChuMingLing" tests="1" failures="0" timestamp="09 五月 2019 08:53:12 GMT" time="310.957" errors="0">
  <testcase name="sxttcml" time="310.957" classname="com.irongbei.ShengXinTouTuiChuMingLing"/>
</testsuite> <!-- com.irongbei.ShengXinTouTuiChuMingLing -->
