<?xml version="1.0" encoding="UTF-8"?>
<!-- Generated by org.testng.reporters.JUnitReportReporter -->
<testsuite skipped="0" hostname="EDZ-20170729POB" name="com.irongbei.ShengXinTouTuiChu" tests="1" failures="0" timestamp="11 十月 2019 07:38:22 GMT" time="497.079" errors="0">
  <testcase name="sxttc" time="497.079" classname="com.irongbei.ShengXinTouTuiChu"/>
</testsuite> <!-- com.irongbei.ShengXinTouTuiChu -->
