<?xml version="1.0" encoding="UTF-8"?>
<!-- Generated by org.testng.reporters.JUnitReportReporter -->
<testsuite skipped="0" hostname="EDZ-20170729POB" name="com.irongbei.CreatNewDaBiaoPlanforTestNG" tests="1" failures="0" timestamp="27 二月 2019 03:55:34 GMT" time="16.407" errors="0">
  <testcase name="createPlan" time="16.407" classname="com.irongbei.CreatNewDaBiaoPlanforTestNG"/>
</testsuite> <!-- com.irongbei.CreatNewDaBiaoPlanforTestNG -->
