<?xml version="1.0" encoding="UTF-8"?>
<!-- Generated by org.testng.reporters.JUnitReportReporter -->
<testsuite skipped="0" hostname="EDZ-20170729POB" name="com.irongbei.AddZhouZhouSheng" tests="1" failures="0" timestamp="31 一月 2019 09:51:10 GMT" time="33.798" errors="0">
  <testcase name="addZhouZhouSheng" time="33.798" classname="com.irongbei.AddZhouZhouSheng"/>
</testsuite> <!-- com.irongbei.AddZhouZhouSheng -->
