<?xml version="1.0" encoding="UTF-8"?>
<!-- Generated by org.testng.reporters.JUnitReportReporter -->
<testsuite skipped="0" hostname="DESKTOP-TRU9B26" name="AboutNewDaBiao.CreateDaBiaoTestNG" tests="1" failures="0" timestamp="2020-02-14T13:35:58 CST" time="35.294" errors="0">
  <testcase name="createDb" time="35.294" classname="AboutNewDaBiao.CreateDaBiaoTestNG"/>
</testsuite> <!-- AboutNewDaBiao.CreateDaBiaoTestNG -->
