<?xml version="1.0" encoding="UTF-8"?>
<!-- Generated by org.testng.reporters.JUnitReportReporter -->
<testsuite skipped="0" hostname="EDZ-20170729POB" name="AboutNewDaBiao.CreateDaBiaoTestNG" tests="1" failures="0" timestamp="27 二月 2019 03:55:34 GMT" time="55.260" errors="0">
  <testcase name="createDb" time="55.260" classname="AboutNewDaBiao.CreateDaBiaoTestNG"/>
</testsuite> <!-- AboutNewDaBiao.CreateDaBiaoTestNG -->
