<?xml version="1.0" encoding="UTF-8"?>
<!-- Generated by org.testng.reporters.JUnitReportReporter -->
<testsuite skipped="0" hostname="DESKTOP-TRU9B26" name="com.irongbei.CreatNewDaBiaoPlanforTestNG" tests="1" failures="0" timestamp="2020-02-14T13:37:28 CST" time="25.755" errors="0">
  <testcase name="createPlan" time="25.755" classname="com.irongbei.CreatNewDaBiaoPlanforTestNG"/>
</testsuite> <!-- com.irongbei.CreatNewDaBiaoPlanforTestNG -->
