<?xml version="1.0" encoding="UTF-8"?>
<!-- Generated by org.testng.reporters.JUnitReportReporter -->
<testsuite skipped="0" hostname="EDZ-20170729POB" name="com.irongbei.ShengXinTouTuiChuMingLing" tests="1" failures="0" timestamp="11 十月 2019 07:38:22 GMT" time="342.177" errors="0">
  <testcase name="sxttcml" time="342.177" classname="com.irongbei.ShengXinTouTuiChuMingLing"/>
</testsuite> <!-- com.irongbei.ShengXinTouTuiChuMingLing -->
