<?xml version="1.0" encoding="UTF-8"?>
<!-- Generated by org.testng.reporters.JUnitReportReporter -->
<testsuite skipped="0" hostname="EDZ-20170729POB" name="com.rongbei.util.GetKey" tests="1" failures="0" timestamp="11 三月 2019 14:23:25 GMT" time="32.996" errors="0">
  <testcase name="getKey" time="32.996" classname="com.rongbei.util.GetKey"/>
</testsuite> <!-- com.rongbei.util.GetKey -->
