<?xml version="1.0" encoding="UTF-8"?>
<!-- Generated by org.testng.reporters.JUnitReportReporter -->
<testsuite skipped="0" hostname="EDZ-20170729POB" name="AboutNewDaBiao.CreateDaBiaoTestNG" tests="1" failures="0" timestamp="28 一月 2019 10:26:01 GMT" time="58.788" errors="0">
  <testcase name="createDb" time="58.788" classname="AboutNewDaBiao.CreateDaBiaoTestNG"/>
</testsuite> <!-- AboutNewDaBiao.CreateDaBiaoTestNG -->
