<?xml version="1.0" encoding="UTF-8"?>
<!-- Generated by org.testng.reporters.JUnitReportReporter -->
<testsuite skipped="0" hostname="EDZ-20170729POB" name="AboutNewDaBiao.CreateDaBiaoTestNG" tests="1" failures="0" timestamp="25 十月 2019 02:59:51 GMT" time="32.934" errors="0">
  <testcase name="createDb" time="32.934" classname="AboutNewDaBiao.CreateDaBiaoTestNG"/>
</testsuite> <!-- AboutNewDaBiao.CreateDaBiaoTestNG -->
