<?xml version="1.0" encoding="UTF-8"?>
<!-- Generated by org.testng.reporters.JUnitReportReporter -->
<testsuite skipped="0" hostname="EDZ-20170729POB" name="com.rongbei.util.WriteBankCard" tests="1000" failures="0" timestamp="09 四月 2019 02:49:03 GMT" time="4.476" errors="0">
  <testcase name="writeUserCard" time="0.001" classname="com.rongbei.util.WriteBankCard"/>
  <testcase name="writeUserCard" time="0.001" classname="com.rongbei.util.WriteBankCard"/>
  <testcase name="writeUserCard" time="0.078" classname="com.rongbei.util.WriteBankCard"/>
  <testcase name="writeUserCard" time="0.001" classname="com.rongbei.util.WriteBankCard"/>
  <testcase name="writeUserCard" time="0.001" classname="com.rongbei.util.WriteBankCard"/>
  <testcase name="writeUserCard" time="0.001" classname="com.rongbei.util.WriteBankCard"/>
  <testcase name="writeUserCard" time="0.001" classname="com.rongbei.util.WriteBankCard"/>
  <testcase name="writeUserCard" time="0.064" classname="com.rongbei.util.WriteBankCard"/>
  <testcase name="writeUserCard" time="0.001" classname="com.rongbei.util.WriteBankCard"/>
  <testcase name="writeUserCard" time="0.003" classname="com.rongbei.util.WriteBankCard"/>
  <testcase name="writeUserCard" time="0.001" classname="com.rongbei.util.WriteBankCard"/>
  <testcase name="writeUserCard" time="0.001" classname="com.rongbei.util.WriteBankCard"/>
  <testcase name="writeUserCard" time="0.001" classname="com.rongbei.util.WriteBankCard"/>
  <testcase name="writeUserCard" time="0.001" classname="com.rongbei.util.WriteBankCard"/>
  <testcase name="writeUserCard" time="0.001" classname="com.rongbei.util.WriteBankCard"/>
  <testcase name="writeUserCard" time="0.000" classname="com.rongbei.util.WriteBankCard"/>
  <testcase name="writeUserCard" time="0.001" classname="com.rongbei.util.WriteBankCard"/>
  <testcase name="writeUserCard" time="0.048" classname="com.rongbei.util.WriteBankCard"/>
  <testcase name="writeUserCard" time="0.002" classname="com.rongbei.util.WriteBankCard"/>
  <testcase name="writeUserCard" time="0.002" classname="com.rongbei.util.WriteBankCard"/>
  <testcase name="writeUserCard" time="0.001" classname="com.rongbei.util.WriteBankCard"/>
  <testcase name="writeUserCard" time="0.002" classname="com.rongbei.util.WriteBankCard"/>
  <testcase name="writeUserCard" time="0.001" classname="com.rongbei.util.WriteBankCard"/>
  <testcase name="writeUserCard" time="0.001" classname="com.rongbei.util.WriteBankCard"/>
  <testcase name="writeUserCard" time="0.001" classname="com.rongbei.util.WriteBankCard"/>
  <testcase name="writeUserCard" time="0.001" classname="com.rongbei.util.WriteBankCard"/>
  <testcase name="writeUserCard" time="0.001" classname="com.rongbei.util.WriteBankCard"/>
  <testcase name="writeUserCard" time="0.002" classname="com.rongbei.util.WriteBankCard"/>
  <testcase name="writeUserCard" time="0.001" classname="com.rongbei.util.WriteBankCard"/>
  <testcase name="writeUserCard" time="0.002" classname="com.rongbei.util.WriteBankCard"/>
  <testcase name="writeUserCard" time="0.001" classname="com.rongbei.util.WriteBankCard"/>
  <testcase name="writeUserCard" time="0.003" classname="com.rongbei.util.WriteBankCard"/>
  <testcase name="writeUserCard" time="0.001" classname="com.rongbei.util.WriteBankCard"/>
  <testcase name="writeUserCard" time="0.001" classname="com.rongbei.util.WriteBankCard"/>
  <testcase name="writeUserCard" time="0.003" classname="com.rongbei.util.WriteBankCard"/>
  <testcase name="writeUserCard" time="0.001" classname="com.rongbei.util.WriteBankCard"/>
  <testcase name="writeUserCard" time="0.001" classname="com.rongbei.util.WriteBankCard"/>
  <testcase name="writeUserCard" time="0.001" classname="com.rongbei.util.WriteBankCard"/>
  <testcase name="writeUserCard" time="0.001" classname="com.rongbei.util.WriteBankCard"/>
  <testcase name="writeUserCard" time="0.001" classname="com.rongbei.util.WriteBankCard"/>
  <testcase name="writeUserCard" time="0.002" classname="com.rongbei.util.WriteBankCard"/>
  <testcase name="writeUserCard" time="0.001" classname="com.rongbei.util.WriteBankCard"/>
  <testcase name="writeUserCard" time="0.000" classname="com.rongbei.util.WriteBankCard"/>
  <testcase name="writeUserCard" time="0.001" classname="com.rongbei.util.WriteBankCard"/>
  <testcase name="writeUserCard" time="0.002" classname="com.rongbei.util.WriteBankCard"/>
  <testcase name="writeUserCard" time="0.000" classname="com.rongbei.util.WriteBankCard"/>
  <testcase name="writeUserCard" time="0.002" classname="com.rongbei.util.WriteBankCard"/>
  <testcase name="writeUserCard" time="0.001" classname="com.rongbei.util.WriteBankCard"/>
  <testcase name="writeUserCard" time="0.001" classname="com.rongbei.util.WriteBankCard"/>
  <testcase name="writeUserCard" time="0.002" classname="com.rongbei.util.WriteBankCard"/>
  <testcase name="writeUserCard" time="0.001" classname="com.rongbei.util.WriteBankCard"/>
  <testcase name="writeUserCard" time="0.002" classname="com.rongbei.util.WriteBankCard"/>
  <testcase name="writeUserCard" time="0.000" classname="com.rongbei.util.WriteBankCard"/>
  <testcase name="writeUserCard" time="0.004" classname="com.rongbei.util.WriteBankCard"/>
  <testcase name="writeUserCard" time="0.001" classname="com.rongbei.util.WriteBankCard"/>
  <testcase name="writeUserCard" time="0.001" classname="com.rongbei.util.WriteBankCard"/>
  <testcase name="writeUserCard" time="0.001" classname="com.rongbei.util.WriteBankCard"/>
  <testcase name="writeUserCard" time="0.001" classname="com.rongbei.util.WriteBankCard"/>
  <testcase name="writeUserCard" time="0.001" classname="com.rongbei.util.WriteBankCard"/>
  <testcase name="writeUserCard" time="0.002" classname="com.rongbei.util.WriteBankCard"/>
  <testcase name="writeUserCard" time="0.000" classname="com.rongbei.util.WriteBankCard"/>
  <testcase name="writeUserCard" time="0.001" classname="com.rongbei.util.WriteBankCard"/>
  <testcase name="writeUserCard" time="0.068" classname="com.rongbei.util.WriteBankCard"/>
  <testcase name="writeUserCard" time="0.001" classname="com.rongbei.util.WriteBankCard"/>
  <testcase name="writeUserCard" time="0.001" classname="com.rongbei.util.WriteBankCard"/>
  <testcase name="writeUserCard" time="0.002" classname="com.rongbei.util.WriteBankCard"/>
  <testcase name="writeUserCard" time="0.001" classname="com.rongbei.util.WriteBankCard"/>
  <testcase name="writeUserCard" time="0.001" classname="com.rongbei.util.WriteBankCard"/>
  <testcase name="writeUserCard" time="0.001" classname="com.rongbei.util.WriteBankCard"/>
  <testcase name="writeUserCard" time="0.000" classname="com.rongbei.util.WriteBankCard"/>
  <testcase name="writeUserCard" time="0.002" classname="com.rongbei.util.WriteBankCard"/>
  <testcase name="writeUserCard" time="0.001" classname="com.rongbei.util.WriteBankCard"/>
  <testcase name="writeUserCard" time="0.001" classname="com.rongbei.util.WriteBankCard"/>
  <testcase name="writeUserCard" time="0.001" classname="com.rongbei.util.WriteBankCard"/>
  <testcase name="writeUserCard" time="0.001" classname="com.rongbei.util.WriteBankCard"/>
  <testcase name="writeUserCard" time="0.001" classname="com.rongbei.util.WriteBankCard"/>
  <testcase name="writeUserCard" time="0.001" classname="com.rongbei.util.WriteBankCard"/>
  <testcase name="writeUserCard" time="0.001" classname="com.rongbei.util.WriteBankCard"/>
  <testcase name="writeUserCard" time="0.001" classname="com.rongbei.util.WriteBankCard"/>
  <testcase name="writeUserCard" time="0.002" classname="com.rongbei.util.WriteBankCard"/>
  <testcase name="writeUserCard" time="0.002" classname="com.rongbei.util.WriteBankCard"/>
  <testcase name="writeUserCard" time="0.001" classname="com.rongbei.util.WriteBankCard"/>
  <testcase name="writeUserCard" time="0.001" classname="com.rongbei.util.WriteBankCard"/>
  <testcase name="writeUserCard" time="0.001" classname="com.rongbei.util.WriteBankCard"/>
  <testcase name="writeUserCard" time="0.001" classname="com.rongbei.util.WriteBankCard"/>
  <testcase name="writeUserCard" time="0.001" classname="com.rongbei.util.WriteBankCard"/>
  <testcase name="writeUserCard" time="0.002" classname="com.rongbei.util.WriteBankCard"/>
  <testcase name="writeUserCard" time="0.001" classname="com.rongbei.util.WriteBankCard"/>
  <testcase name="writeUserCard" time="0.001" classname="com.rongbei.util.WriteBankCard"/>
  <testcase name="writeUserCard" time="0.002" classname="com.rongbei.util.WriteBankCard"/>
  <testcase name="writeUserCard" time="0.002" classname="com.rongbei.util.WriteBankCard"/>
  <testcase name="writeUserCard" time="0.001" classname="com.rongbei.util.WriteBankCard"/>
  <testcase name="writeUserCard" time="0.001" classname="com.rongbei.util.WriteBankCard"/>
  <testcase name="writeUserCard" time="0.002" classname="com.rongbei.util.WriteBankCard"/>
  <testcase name="writeUserCard" time="0.001" classname="com.rongbei.util.WriteBankCard"/>
  <testcase name="writeUserCard" time="0.057" classname="com.rongbei.util.WriteBankCard"/>
  <testcase name="writeUserCard" time="0.001" classname="com.rongbei.util.WriteBankCard"/>
  <testcase name="writeUserCard" time="0.000" classname="com.rongbei.util.WriteBankCard"/>
  <testcase name="writeUserCard" time="0.002" classname="com.rongbei.util.WriteBankCard"/>
  <testcase name="writeUserCard" time="0.003" classname="com.rongbei.util.WriteBankCard"/>
  <testcase name="writeUserCard" time="0.068" classname="com.rongbei.util.WriteBankCard"/>
  <testcase name="writeUserCard" time="0.001" classname="com.rongbei.util.WriteBankCard"/>
  <testcase name="writeUserCard" time="0.001" classname="com.rongbei.util.WriteBankCard"/>
  <testcase name="writeUserCard" time="0.001" classname="com.rongbei.util.WriteBankCard"/>
  <testcase name="writeUserCard" time="0.001" classname="com.rongbei.util.WriteBankCard"/>
  <testcase name="writeUserCard" time="0.001" classname="com.rongbei.util.WriteBankCard"/>
  <testcase name="writeUserCard" time="0.001" classname="com.rongbei.util.WriteBankCard"/>
  <testcase name="writeUserCard" time="0.001" classname="com.rongbei.util.WriteBankCard"/>
  <testcase name="writeUserCard" time="0.001" classname="com.rongbei.util.WriteBankCard"/>
  <testcase name="writeUserCard" time="0.001" classname="com.rongbei.util.WriteBankCard"/>
  <testcase name="writeUserCard" time="0.001" classname="com.rongbei.util.WriteBankCard"/>
  <testcase name="writeUserCard" time="0.001" classname="com.rongbei.util.WriteBankCard"/>
  <testcase name="writeUserCard" time="0.002" classname="com.rongbei.util.WriteBankCard"/>
  <testcase name="writeUserCard" time="0.001" classname="com.rongbei.util.WriteBankCard"/>
  <testcase name="writeUserCard" time="0.002" classname="com.rongbei.util.WriteBankCard"/>
  <testcase name="writeUserCard" time="0.001" classname="com.rongbei.util.WriteBankCard"/>
  <testcase name="writeUserCard" time="0.001" classname="com.rongbei.util.WriteBankCard"/>
  <testcase name="writeUserCard" time="0.002" classname="com.rongbei.util.WriteBankCard"/>
  <testcase name="writeUserCard" time="0.001" classname="com.rongbei.util.WriteBankCard"/>
  <testcase name="writeUserCard" time="0.078" classname="com.rongbei.util.WriteBankCard"/>
  <testcase name="writeUserCard" time="0.003" classname="com.rongbei.util.WriteBankCard"/>
  <testcase name="writeUserCard" time="0.001" classname="com.rongbei.util.WriteBankCard"/>
  <testcase name="writeUserCard" time="0.001" classname="com.rongbei.util.WriteBankCard"/>
  <testcase name="writeUserCard" time="0.001" classname="com.rongbei.util.WriteBankCard"/>
  <testcase name="writeUserCard" time="0.001" classname="com.rongbei.util.WriteBankCard"/>
  <testcase name="writeUserCard" time="0.001" classname="com.rongbei.util.WriteBankCard"/>
  <testcase name="writeUserCard" time="0.002" classname="com.rongbei.util.WriteBankCard"/>
  <testcase name="writeUserCard" time="0.002" classname="com.rongbei.util.WriteBankCard"/>
  <testcase name="writeUserCard" time="0.001" classname="com.rongbei.util.WriteBankCard"/>
  <testcase name="writeUserCard" time="0.002" classname="com.rongbei.util.WriteBankCard"/>
  <testcase name="writeUserCard" time="0.001" classname="com.rongbei.util.WriteBankCard"/>
  <testcase name="writeUserCard" time="0.066" classname="com.rongbei.util.WriteBankCard"/>
  <testcase name="writeUserCard" time="0.001" classname="com.rongbei.util.WriteBankCard"/>
  <testcase name="writeUserCard" time="0.001" classname="com.rongbei.util.WriteBankCard"/>
  <testcase name="writeUserCard" time="0.001" classname="com.rongbei.util.WriteBankCard"/>
  <testcase name="writeUserCard" time="0.002" classname="com.rongbei.util.WriteBankCard"/>
  <testcase name="writeUserCard" time="0.001" classname="com.rongbei.util.WriteBankCard"/>
  <testcase name="writeUserCard" time="0.001" classname="com.rongbei.util.WriteBankCard"/>
  <testcase name="writeUserCard" time="0.001" classname="com.rongbei.util.WriteBankCard"/>
  <testcase name="writeUserCard" time="0.001" classname="com.rongbei.util.WriteBankCard"/>
  <testcase name="writeUserCard" time="0.002" classname="com.rongbei.util.WriteBankCard"/>
  <testcase name="writeUserCard" time="0.001" classname="com.rongbei.util.WriteBankCard"/>
  <testcase name="writeUserCard" time="0.001" classname="com.rongbei.util.WriteBankCard"/>
  <testcase name="writeUserCard" time="0.001" classname="com.rongbei.util.WriteBankCard"/>
  <testcase name="writeUserCard" time="0.001" classname="com.rongbei.util.WriteBankCard"/>
  <testcase name="writeUserCard" time="0.001" classname="com.rongbei.util.WriteBankCard"/>
  <testcase name="writeUserCard" time="0.004" classname="com.rongbei.util.WriteBankCard"/>
  <testcase name="writeUserCard" time="0.001" classname="com.rongbei.util.WriteBankCard"/>
  <testcase name="writeUserCard" time="0.002" classname="com.rongbei.util.WriteBankCard"/>
  <testcase name="writeUserCard" time="0.003" classname="com.rongbei.util.WriteBankCard"/>
  <testcase name="writeUserCard" time="0.001" classname="com.rongbei.util.WriteBankCard"/>
  <testcase name="writeUserCard" time="0.002" classname="com.rongbei.util.WriteBankCard"/>
  <testcase name="writeUserCard" time="0.001" classname="com.rongbei.util.WriteBankCard"/>
  <testcase name="writeUserCard" time="0.001" classname="com.rongbei.util.WriteBankCard"/>
  <testcase name="writeUserCard" time="0.002" classname="com.rongbei.util.WriteBankCard"/>
  <testcase name="writeUserCard" time="0.002" classname="com.rongbei.util.WriteBankCard"/>
  <testcase name="writeUserCard" time="0.002" classname="com.rongbei.util.WriteBankCard"/>
  <testcase name="writeUserCard" time="0.001" classname="com.rongbei.util.WriteBankCard"/>
  <testcase name="writeUserCard" time="0.001" classname="com.rongbei.util.WriteBankCard"/>
  <testcase name="writeUserCard" time="0.002" classname="com.rongbei.util.WriteBankCard"/>
  <testcase name="writeUserCard" time="0.001" classname="com.rongbei.util.WriteBankCard"/>
  <testcase name="writeUserCard" time="0.001" classname="com.rongbei.util.WriteBankCard"/>
  <testcase name="writeUserCard" time="0.001" classname="com.rongbei.util.WriteBankCard"/>
  <testcase name="writeUserCard" time="0.001" classname="com.rongbei.util.WriteBankCard"/>
  <testcase name="writeUserCard" time="0.002" classname="com.rongbei.util.WriteBankCard"/>
  <testcase name="writeUserCard" time="0.001" classname="com.rongbei.util.WriteBankCard"/>
  <testcase name="writeUserCard" time="0.001" classname="com.rongbei.util.WriteBankCard"/>
  <testcase name="writeUserCard" time="0.001" classname="com.rongbei.util.WriteBankCard"/>
  <testcase name="writeUserCard" time="0.000" classname="com.rongbei.util.WriteBankCard"/>
  <testcase name="writeUserCard" time="0.001" classname="com.rongbei.util.WriteBankCard"/>
  <testcase name="writeUserCard" time="0.007" classname="com.rongbei.util.WriteBankCard"/>
  <testcase name="writeUserCard" time="0.001" classname="com.rongbei.util.WriteBankCard"/>
  <testcase name="writeUserCard" time="0.002" classname="com.rongbei.util.WriteBankCard"/>
  <testcase name="writeUserCard" time="0.001" classname="com.rongbei.util.WriteBankCard"/>
  <testcase name="writeUserCard" time="0.001" classname="com.rongbei.util.WriteBankCard"/>
  <testcase name="writeUserCard" time="0.001" classname="com.rongbei.util.WriteBankCard"/>
  <testcase name="writeUserCard" time="0.001" classname="com.rongbei.util.WriteBankCard"/>
  <testcase name="writeUserCard" time="0.001" classname="com.rongbei.util.WriteBankCard"/>
  <testcase name="writeUserCard" time="0.001" classname="com.rongbei.util.WriteBankCard"/>
  <testcase name="writeUserCard" time="0.052" classname="com.rongbei.util.WriteBankCard"/>
  <testcase name="writeUserCard" time="0.001" classname="com.rongbei.util.WriteBankCard"/>
  <testcase name="writeUserCard" time="0.001" classname="com.rongbei.util.WriteBankCard"/>
  <testcase name="writeUserCard" time="0.002" classname="com.rongbei.util.WriteBankCard"/>
  <testcase name="writeUserCard" time="0.001" classname="com.rongbei.util.WriteBankCard"/>
  <testcase name="writeUserCard" time="0.001" classname="com.rongbei.util.WriteBankCard"/>
  <testcase name="writeUserCard" time="0.002" classname="com.rongbei.util.WriteBankCard"/>
  <testcase name="writeUserCard" time="0.001" classname="com.rongbei.util.WriteBankCard"/>
  <testcase name="writeUserCard" time="0.001" classname="com.rongbei.util.WriteBankCard"/>
  <testcase name="writeUserCard" time="0.001" classname="com.rongbei.util.WriteBankCard"/>
  <testcase name="writeUserCard" time="0.001" classname="com.rongbei.util.WriteBankCard"/>
  <testcase name="writeUserCard" time="0.001" classname="com.rongbei.util.WriteBankCard"/>
  <testcase name="writeUserCard" time="0.001" classname="com.rongbei.util.WriteBankCard"/>
  <testcase name="writeUserCard" time="0.001" classname="com.rongbei.util.WriteBankCard"/>
  <testcase name="writeUserCard" time="0.001" classname="com.rongbei.util.WriteBankCard"/>
  <testcase name="writeUserCard" time="0.002" classname="com.rongbei.util.WriteBankCard"/>
  <testcase name="writeUserCard" time="0.001" classname="com.rongbei.util.WriteBankCard"/>
  <testcase name="writeUserCard" time="0.001" classname="com.rongbei.util.WriteBankCard"/>
  <testcase name="writeUserCard" time="0.001" classname="com.rongbei.util.WriteBankCard"/>
  <testcase name="writeUserCard" time="0.001" classname="com.rongbei.util.WriteBankCard"/>
  <testcase name="writeUserCard" time="0.001" classname="com.rongbei.util.WriteBankCard"/>
  <testcase name="writeUserCard" time="0.001" classname="com.rongbei.util.WriteBankCard"/>
  <testcase name="writeUserCard" time="0.001" classname="com.rongbei.util.WriteBankCard"/>
  <testcase name="writeUserCard" time="0.001" classname="com.rongbei.util.WriteBankCard"/>
  <testcase name="writeUserCard" time="0.002" classname="com.rongbei.util.WriteBankCard"/>
  <testcase name="writeUserCard" time="0.001" classname="com.rongbei.util.WriteBankCard"/>
  <testcase name="writeUserCard" time="0.073" classname="com.rongbei.util.WriteBankCard"/>
  <testcase name="writeUserCard" time="0.001" classname="com.rongbei.util.WriteBankCard"/>
  <testcase name="writeUserCard" time="0.001" classname="com.rongbei.util.WriteBankCard"/>
  <testcase name="writeUserCard" time="0.001" classname="com.rongbei.util.WriteBankCard"/>
  <testcase name="writeUserCard" time="0.001" classname="com.rongbei.util.WriteBankCard"/>
  <testcase name="writeUserCard" time="0.001" classname="com.rongbei.util.WriteBankCard"/>
  <testcase name="writeUserCard" time="0.000" classname="com.rongbei.util.WriteBankCard"/>
  <testcase name="writeUserCard" time="0.003" classname="com.rongbei.util.WriteBankCard"/>
  <testcase name="writeUserCard" time="0.001" classname="com.rongbei.util.WriteBankCard"/>
  <testcase name="writeUserCard" time="0.001" classname="com.rongbei.util.WriteBankCard"/>
  <testcase name="writeUserCard" time="0.001" classname="com.rongbei.util.WriteBankCard"/>
  <testcase name="writeUserCard" time="0.001" classname="com.rongbei.util.WriteBankCard"/>
  <testcase name="writeUserCard" time="0.001" classname="com.rongbei.util.WriteBankCard"/>
  <testcase name="writeUserCard" time="0.001" classname="com.rongbei.util.WriteBankCard"/>
  <testcase name="writeUserCard" time="0.001" classname="com.rongbei.util.WriteBankCard"/>
  <testcase name="writeUserCard" time="0.001" classname="com.rongbei.util.WriteBankCard"/>
  <testcase name="writeUserCard" time="0.056" classname="com.rongbei.util.WriteBankCard"/>
  <testcase name="writeUserCard" time="0.001" classname="com.rongbei.util.WriteBankCard"/>
  <testcase name="writeUserCard" time="0.001" classname="com.rongbei.util.WriteBankCard"/>
  <testcase name="writeUserCard" time="0.001" classname="com.rongbei.util.WriteBankCard"/>
  <testcase name="writeUserCard" time="0.001" classname="com.rongbei.util.WriteBankCard"/>
  <testcase name="writeUserCard" time="0.001" classname="com.rongbei.util.WriteBankCard"/>
  <testcase name="writeUserCard" time="0.001" classname="com.rongbei.util.WriteBankCard"/>
  <testcase name="writeUserCard" time="0.001" classname="com.rongbei.util.WriteBankCard"/>
  <testcase name="writeUserCard" time="0.002" classname="com.rongbei.util.WriteBankCard"/>
  <testcase name="writeUserCard" time="0.001" classname="com.rongbei.util.WriteBankCard"/>
  <testcase name="writeUserCard" time="0.001" classname="com.rongbei.util.WriteBankCard"/>
  <testcase name="writeUserCard" time="0.001" classname="com.rongbei.util.WriteBankCard"/>
  <testcase name="writeUserCard" time="0.003" classname="com.rongbei.util.WriteBankCard"/>
  <testcase name="writeUserCard" time="0.001" classname="com.rongbei.util.WriteBankCard"/>
  <testcase name="writeUserCard" time="0.070" classname="com.rongbei.util.WriteBankCard"/>
  <testcase name="writeUserCard" time="0.001" classname="com.rongbei.util.WriteBankCard"/>
  <testcase name="writeUserCard" time="0.001" classname="com.rongbei.util.WriteBankCard"/>
  <testcase name="writeUserCard" time="0.001" classname="com.rongbei.util.WriteBankCard"/>
  <testcase name="writeUserCard" time="0.002" classname="com.rongbei.util.WriteBankCard"/>
  <testcase name="writeUserCard" time="0.002" classname="com.rongbei.util.WriteBankCard"/>
  <testcase name="writeUserCard" time="0.001" classname="com.rongbei.util.WriteBankCard"/>
  <testcase name="writeUserCard" time="0.001" classname="com.rongbei.util.WriteBankCard"/>
  <testcase name="writeUserCard" time="0.002" classname="com.rongbei.util.WriteBankCard"/>
  <testcase name="writeUserCard" time="0.001" classname="com.rongbei.util.WriteBankCard"/>
  <testcase name="writeUserCard" time="0.002" classname="com.rongbei.util.WriteBankCard"/>
  <testcase name="writeUserCard" time="0.001" classname="com.rongbei.util.WriteBankCard"/>
  <testcase name="writeUserCard" time="0.001" classname="com.rongbei.util.WriteBankCard"/>
  <testcase name="writeUserCard" time="0.002" classname="com.rongbei.util.WriteBankCard"/>
  <testcase name="writeUserCard" time="0.001" classname="com.rongbei.util.WriteBankCard"/>
  <testcase name="writeUserCard" time="0.001" classname="com.rongbei.util.WriteBankCard"/>
  <testcase name="writeUserCard" time="0.000" classname="com.rongbei.util.WriteBankCard"/>
  <testcase name="writeUserCard" time="0.001" classname="com.rongbei.util.WriteBankCard"/>
  <testcase name="writeUserCard" time="0.002" classname="com.rongbei.util.WriteBankCard"/>
  <testcase name="writeUserCard" time="0.001" classname="com.rongbei.util.WriteBankCard"/>
  <testcase name="writeUserCard" time="0.001" classname="com.rongbei.util.WriteBankCard"/>
  <testcase name="writeUserCard" time="0.001" classname="com.rongbei.util.WriteBankCard"/>
  <testcase name="writeUserCard" time="0.001" classname="com.rongbei.util.WriteBankCard"/>
  <testcase name="writeUserCard" time="0.001" classname="com.rongbei.util.WriteBankCard"/>
  <testcase name="writeUserCard" time="0.001" classname="com.rongbei.util.WriteBankCard"/>
  <testcase name="writeUserCard" time="0.075" classname="com.rongbei.util.WriteBankCard"/>
  <testcase name="writeUserCard" time="0.001" classname="com.rongbei.util.WriteBankCard"/>
  <testcase name="writeUserCard" time="0.001" classname="com.rongbei.util.WriteBankCard"/>
  <testcase name="writeUserCard" time="0.001" classname="com.rongbei.util.WriteBankCard"/>
  <testcase name="writeUserCard" time="0.000" classname="com.rongbei.util.WriteBankCard"/>
  <testcase name="writeUserCard" time="0.001" classname="com.rongbei.util.WriteBankCard"/>
  <testcase name="writeUserCard" time="0.001" classname="com.rongbei.util.WriteBankCard"/>
  <testcase name="writeUserCard" time="0.001" classname="com.rongbei.util.WriteBankCard"/>
  <testcase name="writeUserCard" time="0.002" classname="com.rongbei.util.WriteBankCard"/>
  <testcase name="writeUserCard" time="0.001" classname="com.rongbei.util.WriteBankCard"/>
  <testcase name="writeUserCard" time="0.001" classname="com.rongbei.util.WriteBankCard"/>
  <testcase name="writeUserCard" time="0.001" classname="com.rongbei.util.WriteBankCard"/>
  <testcase name="writeUserCard" time="0.003" classname="com.rongbei.util.WriteBankCard"/>
  <testcase name="writeUserCard" time="0.001" classname="com.rongbei.util.WriteBankCard"/>
  <testcase name="writeUserCard" time="0.046" classname="com.rongbei.util.WriteBankCard"/>
  <testcase name="writeUserCard" time="0.002" classname="com.rongbei.util.WriteBankCard"/>
  <testcase name="writeUserCard" time="0.001" classname="com.rongbei.util.WriteBankCard"/>
  <testcase name="writeUserCard" time="0.001" classname="com.rongbei.util.WriteBankCard"/>
  <testcase name="writeUserCard" time="0.001" classname="com.rongbei.util.WriteBankCard"/>
  <testcase name="writeUserCard" time="0.001" classname="com.rongbei.util.WriteBankCard"/>
  <testcase name="writeUserCard" time="0.001" classname="com.rongbei.util.WriteBankCard"/>
  <testcase name="writeUserCard" time="0.001" classname="com.rongbei.util.WriteBankCard"/>
  <testcase name="writeUserCard" time="0.001" classname="com.rongbei.util.WriteBankCard"/>
  <testcase name="writeUserCard" time="0.001" classname="com.rongbei.util.WriteBankCard"/>
  <testcase name="writeUserCard" time="0.001" classname="com.rongbei.util.WriteBankCard"/>
  <testcase name="writeUserCard" time="0.001" classname="com.rongbei.util.WriteBankCard"/>
  <testcase name="writeUserCard" time="0.001" classname="com.rongbei.util.WriteBankCard"/>
  <testcase name="writeUserCard" time="0.001" classname="com.rongbei.util.WriteBankCard"/>
  <testcase name="writeUserCard" time="0.001" classname="com.rongbei.util.WriteBankCard"/>
  <testcase name="writeUserCard" time="0.001" classname="com.rongbei.util.WriteBankCard"/>
  <testcase name="writeUserCard" time="0.001" classname="com.rongbei.util.WriteBankCard"/>
  <testcase name="writeUserCard" time="0.001" classname="com.rongbei.util.WriteBankCard"/>
  <testcase name="writeUserCard" time="0.002" classname="com.rongbei.util.WriteBankCard"/>
  <testcase name="writeUserCard" time="0.001" classname="com.rongbei.util.WriteBankCard"/>
  <testcase name="writeUserCard" time="0.001" classname="com.rongbei.util.WriteBankCard"/>
  <testcase name="writeUserCard" time="0.001" classname="com.rongbei.util.WriteBankCard"/>
  <testcase name="writeUserCard" time="0.001" classname="com.rongbei.util.WriteBankCard"/>
  <testcase name="writeUserCard" time="0.001" classname="com.rongbei.util.WriteBankCard"/>
  <testcase name="writeUserCard" time="0.001" classname="com.rongbei.util.WriteBankCard"/>
  <testcase name="writeUserCard" time="0.001" classname="com.rongbei.util.WriteBankCard"/>
  <testcase name="writeUserCard" time="0.001" classname="com.rongbei.util.WriteBankCard"/>
  <testcase name="writeUserCard" time="0.001" classname="com.rongbei.util.WriteBankCard"/>
  <testcase name="writeUserCard" time="0.003" classname="com.rongbei.util.WriteBankCard"/>
  <testcase name="writeUserCard" time="0.003" classname="com.rongbei.util.WriteBankCard"/>
  <testcase name="writeUserCard" time="0.001" classname="com.rongbei.util.WriteBankCard"/>
  <testcase name="writeUserCard" time="0.001" classname="com.rongbei.util.WriteBankCard"/>
  <testcase name="writeUserCard" time="0.001" classname="com.rongbei.util.WriteBankCard"/>
  <testcase name="writeUserCard" time="0.001" classname="com.rongbei.util.WriteBankCard"/>
  <testcase name="writeUserCard" time="0.001" classname="com.rongbei.util.WriteBankCard"/>
  <testcase name="writeUserCard" time="0.002" classname="com.rongbei.util.WriteBankCard"/>
  <testcase name="writeUserCard" time="0.001" classname="com.rongbei.util.WriteBankCard"/>
  <testcase name="writeUserCard" time="0.001" classname="com.rongbei.util.WriteBankCard"/>
  <testcase name="writeUserCard" time="0.002" classname="com.rongbei.util.WriteBankCard"/>
  <testcase name="writeUserCard" time="0.001" classname="com.rongbei.util.WriteBankCard"/>
  <testcase name="writeUserCard" time="0.002" classname="com.rongbei.util.WriteBankCard"/>
  <testcase name="writeUserCard" time="0.000" classname="com.rongbei.util.WriteBankCard"/>
  <testcase name="writeUserCard" time="0.001" classname="com.rongbei.util.WriteBankCard"/>
  <testcase name="writeUserCard" time="0.001" classname="com.rongbei.util.WriteBankCard"/>
  <testcase name="writeUserCard" time="0.001" classname="com.rongbei.util.WriteBankCard"/>
  <testcase name="writeUserCard" time="0.001" classname="com.rongbei.util.WriteBankCard"/>
  <testcase name="writeUserCard" time="0.001" classname="com.rongbei.util.WriteBankCard"/>
  <testcase name="writeUserCard" time="0.001" classname="com.rongbei.util.WriteBankCard"/>
  <testcase name="writeUserCard" time="0.001" classname="com.rongbei.util.WriteBankCard"/>
  <testcase name="writeUserCard" time="0.001" classname="com.rongbei.util.WriteBankCard"/>
  <testcase name="writeUserCard" time="0.001" classname="com.rongbei.util.WriteBankCard"/>
  <testcase name="writeUserCard" time="0.000" classname="com.rongbei.util.WriteBankCard"/>
  <testcase name="writeUserCard" time="0.055" classname="com.rongbei.util.WriteBankCard"/>
  <testcase name="writeUserCard" time="0.001" classname="com.rongbei.util.WriteBankCard"/>
  <testcase name="writeUserCard" time="0.001" classname="com.rongbei.util.WriteBankCard"/>
  <testcase name="writeUserCard" time="0.001" classname="com.rongbei.util.WriteBankCard"/>
  <testcase name="writeUserCard" time="0.001" classname="com.rongbei.util.WriteBankCard"/>
  <testcase name="writeUserCard" time="0.001" classname="com.rongbei.util.WriteBankCard"/>
  <testcase name="writeUserCard" time="0.001" classname="com.rongbei.util.WriteBankCard"/>
  <testcase name="writeUserCard" time="0.001" classname="com.rongbei.util.WriteBankCard"/>
  <testcase name="writeUserCard" time="0.001" classname="com.rongbei.util.WriteBankCard"/>
  <testcase name="writeUserCard" time="0.062" classname="com.rongbei.util.WriteBankCard"/>
  <testcase name="writeUserCard" time="0.001" classname="com.rongbei.util.WriteBankCard"/>
  <testcase name="writeUserCard" time="0.004" classname="com.rongbei.util.WriteBankCard"/>
  <testcase name="writeUserCard" time="0.000" classname="com.rongbei.util.WriteBankCard"/>
  <testcase name="writeUserCard" time="0.001" classname="com.rongbei.util.WriteBankCard"/>
  <testcase name="writeUserCard" time="0.003" classname="com.rongbei.util.WriteBankCard"/>
  <testcase name="writeUserCard" time="0.001" classname="com.rongbei.util.WriteBankCard"/>
  <testcase name="writeUserCard" time="0.002" classname="com.rongbei.util.WriteBankCard"/>
  <testcase name="writeUserCard" time="0.001" classname="com.rongbei.util.WriteBankCard"/>
  <testcase name="writeUserCard" time="0.001" classname="com.rongbei.util.WriteBankCard"/>
  <testcase name="writeUserCard" time="0.001" classname="com.rongbei.util.WriteBankCard"/>
  <testcase name="writeUserCard" time="0.001" classname="com.rongbei.util.WriteBankCard"/>
  <testcase name="writeUserCard" time="0.001" classname="com.rongbei.util.WriteBankCard"/>
  <testcase name="writeUserCard" time="0.001" classname="com.rongbei.util.WriteBankCard"/>
  <testcase name="writeUserCard" time="0.000" classname="com.rongbei.util.WriteBankCard"/>
  <testcase name="writeUserCard" time="0.001" classname="com.rongbei.util.WriteBankCard"/>
  <testcase name="writeUserCard" time="0.001" classname="com.rongbei.util.WriteBankCard"/>
  <testcase name="writeUserCard" time="0.001" classname="com.rongbei.util.WriteBankCard"/>
  <testcase name="writeUserCard" time="0.001" classname="com.rongbei.util.WriteBankCard"/>
  <testcase name="writeUserCard" time="0.001" classname="com.rongbei.util.WriteBankCard"/>
  <testcase name="writeUserCard" time="0.004" classname="com.rongbei.util.WriteBankCard"/>
  <testcase name="writeUserCard" time="0.002" classname="com.rongbei.util.WriteBankCard"/>
  <testcase name="writeUserCard" time="0.002" classname="com.rongbei.util.WriteBankCard"/>
  <testcase name="writeUserCard" time="0.001" classname="com.rongbei.util.WriteBankCard"/>
  <testcase name="writeUserCard" time="0.002" classname="com.rongbei.util.WriteBankCard"/>
  <testcase name="writeUserCard" time="0.001" classname="com.rongbei.util.WriteBankCard"/>
  <testcase name="writeUserCard" time="0.001" classname="com.rongbei.util.WriteBankCard"/>
  <testcase name="writeUserCard" time="0.001" classname="com.rongbei.util.WriteBankCard"/>
  <testcase name="writeUserCard" time="0.001" classname="com.rongbei.util.WriteBankCard"/>
  <testcase name="writeUserCard" time="0.001" classname="com.rongbei.util.WriteBankCard"/>
  <testcase name="writeUserCard" time="0.001" classname="com.rongbei.util.WriteBankCard"/>
  <testcase name="writeUserCard" time="0.001" classname="com.rongbei.util.WriteBankCard"/>
  <testcase name="writeUserCard" time="0.002" classname="com.rongbei.util.WriteBankCard"/>
  <testcase name="writeUserCard" time="0.002" classname="com.rongbei.util.WriteBankCard"/>
  <testcase name="writeUserCard" time="0.001" classname="com.rongbei.util.WriteBankCard"/>
  <testcase name="writeUserCard" time="0.001" classname="com.rongbei.util.WriteBankCard"/>
  <testcase name="writeUserCard" time="0.003" classname="com.rongbei.util.WriteBankCard"/>
  <testcase name="writeUserCard" time="0.001" classname="com.rongbei.util.WriteBankCard"/>
  <testcase name="writeUserCard" time="0.001" classname="com.rongbei.util.WriteBankCard"/>
  <testcase name="writeUserCard" time="0.001" classname="com.rongbei.util.WriteBankCard"/>
  <testcase name="writeUserCard" time="0.001" classname="com.rongbei.util.WriteBankCard"/>
  <testcase name="writeUserCard" time="0.001" classname="com.rongbei.util.WriteBankCard"/>
  <testcase name="writeUserCard" time="0.001" classname="com.rongbei.util.WriteBankCard"/>
  <testcase name="writeUserCard" time="0.001" classname="com.rongbei.util.WriteBankCard"/>
  <testcase name="writeUserCard" time="0.001" classname="com.rongbei.util.WriteBankCard"/>
  <testcase name="writeUserCard" time="0.001" classname="com.rongbei.util.WriteBankCard"/>
  <testcase name="writeUserCard" time="0.001" classname="com.rongbei.util.WriteBankCard"/>
  <testcase name="writeUserCard" time="0.001" classname="com.rongbei.util.WriteBankCard"/>
  <testcase name="writeUserCard" time="0.002" classname="com.rongbei.util.WriteBankCard"/>
  <testcase name="writeUserCard" time="0.001" classname="com.rongbei.util.WriteBankCard"/>
  <testcase name="writeUserCard" time="0.001" classname="com.rongbei.util.WriteBankCard"/>
  <testcase name="writeUserCard" time="0.001" classname="com.rongbei.util.WriteBankCard"/>
  <testcase name="writeUserCard" time="0.001" classname="com.rongbei.util.WriteBankCard"/>
  <testcase name="writeUserCard" time="0.002" classname="com.rongbei.util.WriteBankCard"/>
  <testcase name="writeUserCard" time="0.001" classname="com.rongbei.util.WriteBankCard"/>
  <testcase name="writeUserCard" time="0.001" classname="com.rongbei.util.WriteBankCard"/>
  <testcase name="writeUserCard" time="0.001" classname="com.rongbei.util.WriteBankCard"/>
  <testcase name="writeUserCard" time="0.001" classname="com.rongbei.util.WriteBankCard"/>
  <testcase name="writeUserCard" time="0.001" classname="com.rongbei.util.WriteBankCard"/>
  <testcase name="writeUserCard" time="0.002" classname="com.rongbei.util.WriteBankCard"/>
  <testcase name="writeUserCard" time="0.001" classname="com.rongbei.util.WriteBankCard"/>
  <testcase name="writeUserCard" time="0.002" classname="com.rongbei.util.WriteBankCard"/>
  <testcase name="writeUserCard" time="0.060" classname="com.rongbei.util.WriteBankCard"/>
  <testcase name="writeUserCard" time="0.001" classname="com.rongbei.util.WriteBankCard"/>
  <testcase name="writeUserCard" time="0.001" classname="com.rongbei.util.WriteBankCard"/>
  <testcase name="writeUserCard" time="0.001" classname="com.rongbei.util.WriteBankCard"/>
  <testcase name="writeUserCard" time="0.002" classname="com.rongbei.util.WriteBankCard"/>
  <testcase name="writeUserCard" time="0.001" classname="com.rongbei.util.WriteBankCard"/>
  <testcase name="writeUserCard" time="0.001" classname="com.rongbei.util.WriteBankCard"/>
  <testcase name="writeUserCard" time="0.001" classname="com.rongbei.util.WriteBankCard"/>
  <testcase name="writeUserCard" time="0.001" classname="com.rongbei.util.WriteBankCard"/>
  <testcase name="writeUserCard" time="0.001" classname="com.rongbei.util.WriteBankCard"/>
  <testcase name="writeUserCard" time="0.001" classname="com.rongbei.util.WriteBankCard"/>
  <testcase name="writeUserCard" time="0.001" classname="com.rongbei.util.WriteBankCard"/>
  <testcase name="writeUserCard" time="0.000" classname="com.rongbei.util.WriteBankCard"/>
  <testcase name="writeUserCard" time="0.001" classname="com.rongbei.util.WriteBankCard"/>
  <testcase name="writeUserCard" time="0.001" classname="com.rongbei.util.WriteBankCard"/>
  <testcase name="writeUserCard" time="0.000" classname="com.rongbei.util.WriteBankCard"/>
  <testcase name="writeUserCard" time="0.001" classname="com.rongbei.util.WriteBankCard"/>
  <testcase name="writeUserCard" time="0.065" classname="com.rongbei.util.WriteBankCard"/>
  <testcase name="writeUserCard" time="0.002" classname="com.rongbei.util.WriteBankCard"/>
  <testcase name="writeUserCard" time="0.001" classname="com.rongbei.util.WriteBankCard"/>
  <testcase name="writeUserCard" time="0.001" classname="com.rongbei.util.WriteBankCard"/>
  <testcase name="writeUserCard" time="0.001" classname="com.rongbei.util.WriteBankCard"/>
  <testcase name="writeUserCard" time="0.001" classname="com.rongbei.util.WriteBankCard"/>
  <testcase name="writeUserCard" time="0.001" classname="com.rongbei.util.WriteBankCard"/>
  <testcase name="writeUserCard" time="0.002" classname="com.rongbei.util.WriteBankCard"/>
  <testcase name="writeUserCard" time="0.002" classname="com.rongbei.util.WriteBankCard"/>
  <testcase name="writeUserCard" time="0.002" classname="com.rongbei.util.WriteBankCard"/>
  <testcase name="writeUserCard" time="0.001" classname="com.rongbei.util.WriteBankCard"/>
  <testcase name="writeUserCard" time="0.001" classname="com.rongbei.util.WriteBankCard"/>
  <testcase name="writeUserCard" time="0.001" classname="com.rongbei.util.WriteBankCard"/>
  <testcase name="writeUserCard" time="0.001" classname="com.rongbei.util.WriteBankCard"/>
  <testcase name="writeUserCard" time="0.001" classname="com.rongbei.util.WriteBankCard"/>
  <testcase name="writeUserCard" time="0.001" classname="com.rongbei.util.WriteBankCard"/>
  <testcase name="writeUserCard" time="0.001" classname="com.rongbei.util.WriteBankCard"/>
  <testcase name="writeUserCard" time="0.001" classname="com.rongbei.util.WriteBankCard"/>
  <testcase name="writeUserCard" time="0.002" classname="com.rongbei.util.WriteBankCard"/>
  <testcase name="writeUserCard" time="0.001" classname="com.rongbei.util.WriteBankCard"/>
  <testcase name="writeUserCard" time="0.001" classname="com.rongbei.util.WriteBankCard"/>
  <testcase name="writeUserCard" time="0.002" classname="com.rongbei.util.WriteBankCard"/>
  <testcase name="writeUserCard" time="0.002" classname="com.rongbei.util.WriteBankCard"/>
  <testcase name="writeUserCard" time="0.002" classname="com.rongbei.util.WriteBankCard"/>
  <testcase name="writeUserCard" time="0.001" classname="com.rongbei.util.WriteBankCard"/>
  <testcase name="writeUserCard" time="0.002" classname="com.rongbei.util.WriteBankCard"/>
  <testcase name="writeUserCard" time="0.001" classname="com.rongbei.util.WriteBankCard"/>
  <testcase name="writeUserCard" time="0.001" classname="com.rongbei.util.WriteBankCard"/>
  <testcase name="writeUserCard" time="0.001" classname="com.rongbei.util.WriteBankCard"/>
  <testcase name="writeUserCard" time="0.002" classname="com.rongbei.util.WriteBankCard"/>
  <testcase name="writeUserCard" time="0.003" classname="com.rongbei.util.WriteBankCard"/>
  <testcase name="writeUserCard" time="0.001" classname="com.rongbei.util.WriteBankCard"/>
  <testcase name="writeUserCard" time="0.001" classname="com.rongbei.util.WriteBankCard"/>
  <testcase name="writeUserCard" time="0.001" classname="com.rongbei.util.WriteBankCard"/>
  <testcase name="writeUserCard" time="0.001" classname="com.rongbei.util.WriteBankCard"/>
  <testcase name="writeUserCard" time="0.001" classname="com.rongbei.util.WriteBankCard"/>
  <testcase name="writeUserCard" time="0.001" classname="com.rongbei.util.WriteBankCard"/>
  <testcase name="writeUserCard" time="0.001" classname="com.rongbei.util.WriteBankCard"/>
  <testcase name="writeUserCard" time="0.001" classname="com.rongbei.util.WriteBankCard"/>
  <testcase name="writeUserCard" time="0.001" classname="com.rongbei.util.WriteBankCard"/>
  <testcase name="writeUserCard" time="0.001" classname="com.rongbei.util.WriteBankCard"/>
  <testcase name="writeUserCard" time="0.000" classname="com.rongbei.util.WriteBankCard"/>
  <testcase name="writeUserCard" time="0.001" classname="com.rongbei.util.WriteBankCard"/>
  <testcase name="writeUserCard" time="0.001" classname="com.rongbei.util.WriteBankCard"/>
  <testcase name="writeUserCard" time="0.002" classname="com.rongbei.util.WriteBankCard"/>
  <testcase name="writeUserCard" time="0.001" classname="com.rongbei.util.WriteBankCard"/>
  <testcase name="writeUserCard" time="0.001" classname="com.rongbei.util.WriteBankCard"/>
  <testcase name="writeUserCard" time="0.001" classname="com.rongbei.util.WriteBankCard"/>
  <testcase name="writeUserCard" time="0.001" classname="com.rongbei.util.WriteBankCard"/>
  <testcase name="writeUserCard" time="0.001" classname="com.rongbei.util.WriteBankCard"/>
  <testcase name="writeUserCard" time="0.001" classname="com.rongbei.util.WriteBankCard"/>
  <testcase name="writeUserCard" time="0.124" classname="com.rongbei.util.WriteBankCard"/>
  <testcase name="writeUserCard" time="0.001" classname="com.rongbei.util.WriteBankCard"/>
  <testcase name="writeUserCard" time="0.001" classname="com.rongbei.util.WriteBankCard"/>
  <testcase name="writeUserCard" time="0.001" classname="com.rongbei.util.WriteBankCard"/>
  <testcase name="writeUserCard" time="0.001" classname="com.rongbei.util.WriteBankCard"/>
  <testcase name="writeUserCard" time="0.001" classname="com.rongbei.util.WriteBankCard"/>
  <testcase name="writeUserCard" time="0.001" classname="com.rongbei.util.WriteBankCard"/>
  <testcase name="writeUserCard" time="0.001" classname="com.rongbei.util.WriteBankCard"/>
  <testcase name="writeUserCard" time="0.073" classname="com.rongbei.util.WriteBankCard"/>
  <testcase name="writeUserCard" time="0.001" classname="com.rongbei.util.WriteBankCard"/>
  <testcase name="writeUserCard" time="0.001" classname="com.rongbei.util.WriteBankCard"/>
  <testcase name="writeUserCard" time="0.001" classname="com.rongbei.util.WriteBankCard"/>
  <testcase name="writeUserCard" time="0.002" classname="com.rongbei.util.WriteBankCard"/>
  <testcase name="writeUserCard" time="0.001" classname="com.rongbei.util.WriteBankCard"/>
  <testcase name="writeUserCard" time="0.001" classname="com.rongbei.util.WriteBankCard"/>
  <testcase name="writeUserCard" time="0.001" classname="com.rongbei.util.WriteBankCard"/>
  <testcase name="writeUserCard" time="0.001" classname="com.rongbei.util.WriteBankCard"/>
  <testcase name="writeUserCard" time="0.001" classname="com.rongbei.util.WriteBankCard"/>
  <testcase name="writeUserCard" time="0.001" classname="com.rongbei.util.WriteBankCard"/>
  <testcase name="writeUserCard" time="0.002" classname="com.rongbei.util.WriteBankCard"/>
  <testcase name="writeUserCard" time="0.001" classname="com.rongbei.util.WriteBankCard"/>
  <testcase name="writeUserCard" time="0.001" classname="com.rongbei.util.WriteBankCard"/>
  <testcase name="writeUserCard" time="0.001" classname="com.rongbei.util.WriteBankCard"/>
  <testcase name="writeUserCard" time="0.001" classname="com.rongbei.util.WriteBankCard"/>
  <testcase name="writeUserCard" time="0.002" classname="com.rongbei.util.WriteBankCard"/>
  <testcase name="writeUserCard" time="0.001" classname="com.rongbei.util.WriteBankCard"/>
  <testcase name="writeUserCard" time="0.002" classname="com.rongbei.util.WriteBankCard"/>
  <testcase name="writeUserCard" time="0.066" classname="com.rongbei.util.WriteBankCard"/>
  <testcase name="writeUserCard" time="0.001" classname="com.rongbei.util.WriteBankCard"/>
  <testcase name="writeUserCard" time="0.002" classname="com.rongbei.util.WriteBankCard"/>
  <testcase name="writeUserCard" time="0.001" classname="com.rongbei.util.WriteBankCard"/>
  <testcase name="writeUserCard" time="0.001" classname="com.rongbei.util.WriteBankCard"/>
  <testcase name="writeUserCard" time="0.001" classname="com.rongbei.util.WriteBankCard"/>
  <testcase name="writeUserCard" time="0.057" classname="com.rongbei.util.WriteBankCard"/>
  <testcase name="writeUserCard" time="0.001" classname="com.rongbei.util.WriteBankCard"/>
  <testcase name="writeUserCard" time="0.001" classname="com.rongbei.util.WriteBankCard"/>
  <testcase name="writeUserCard" time="0.001" classname="com.rongbei.util.WriteBankCard"/>
  <testcase name="writeUserCard" time="0.002" classname="com.rongbei.util.WriteBankCard"/>
  <testcase name="writeUserCard" time="0.001" classname="com.rongbei.util.WriteBankCard"/>
  <testcase name="writeUserCard" time="0.002" classname="com.rongbei.util.WriteBankCard"/>
  <testcase name="writeUserCard" time="0.001" classname="com.rongbei.util.WriteBankCard"/>
  <testcase name="writeUserCard" time="0.001" classname="com.rongbei.util.WriteBankCard"/>
  <testcase name="writeUserCard" time="0.000" classname="com.rongbei.util.WriteBankCard"/>
  <testcase name="writeUserCard" time="0.001" classname="com.rongbei.util.WriteBankCard"/>
  <testcase name="writeUserCard" time="0.001" classname="com.rongbei.util.WriteBankCard"/>
  <testcase name="writeUserCard" time="0.001" classname="com.rongbei.util.WriteBankCard"/>
  <testcase name="writeUserCard" time="0.002" classname="com.rongbei.util.WriteBankCard"/>
  <testcase name="writeUserCard" time="0.002" classname="com.rongbei.util.WriteBankCard"/>
  <testcase name="writeUserCard" time="0.001" classname="com.rongbei.util.WriteBankCard"/>
  <testcase name="writeUserCard" time="0.002" classname="com.rongbei.util.WriteBankCard"/>
  <testcase name="writeUserCard" time="0.001" classname="com.rongbei.util.WriteBankCard"/>
  <testcase name="writeUserCard" time="0.001" classname="com.rongbei.util.WriteBankCard"/>
  <testcase name="writeUserCard" time="0.001" classname="com.rongbei.util.WriteBankCard"/>
  <testcase name="writeUserCard" time="0.001" classname="com.rongbei.util.WriteBankCard"/>
  <testcase name="writeUserCard" time="0.001" classname="com.rongbei.util.WriteBankCard"/>
  <testcase name="writeUserCard" time="0.000" classname="com.rongbei.util.WriteBankCard"/>
  <testcase name="writeUserCard" time="0.001" classname="com.rongbei.util.WriteBankCard"/>
  <testcase name="writeUserCard" time="0.001" classname="com.rongbei.util.WriteBankCard"/>
  <testcase name="writeUserCard" time="0.001" classname="com.rongbei.util.WriteBankCard"/>
  <testcase name="writeUserCard" time="0.001" classname="com.rongbei.util.WriteBankCard"/>
  <testcase name="writeUserCard" time="0.001" classname="com.rongbei.util.WriteBankCard"/>
  <testcase name="writeUserCard" time="0.002" classname="com.rongbei.util.WriteBankCard"/>
  <testcase name="writeUserCard" time="0.001" classname="com.rongbei.util.WriteBankCard"/>
  <testcase name="writeUserCard" time="0.001" classname="com.rongbei.util.WriteBankCard"/>
  <testcase name="writeUserCard" time="0.001" classname="com.rongbei.util.WriteBankCard"/>
  <testcase name="writeUserCard" time="0.001" classname="com.rongbei.util.WriteBankCard"/>
  <testcase name="writeUserCard" time="0.002" classname="com.rongbei.util.WriteBankCard"/>
  <testcase name="writeUserCard" time="0.001" classname="com.rongbei.util.WriteBankCard"/>
  <testcase name="writeUserCard" time="0.001" classname="com.rongbei.util.WriteBankCard"/>
  <testcase name="writeUserCard" time="0.000" classname="com.rongbei.util.WriteBankCard"/>
  <testcase name="writeUserCard" time="0.038" classname="com.rongbei.util.WriteBankCard"/>
  <testcase name="writeUserCard" time="0.001" classname="com.rongbei.util.WriteBankCard"/>
  <testcase name="writeUserCard" time="0.002" classname="com.rongbei.util.WriteBankCard"/>
  <testcase name="writeUserCard" time="0.002" classname="com.rongbei.util.WriteBankCard"/>
  <testcase name="writeUserCard" time="0.001" classname="com.rongbei.util.WriteBankCard"/>
  <testcase name="writeUserCard" time="0.001" classname="com.rongbei.util.WriteBankCard"/>
  <testcase name="writeUserCard" time="0.001" classname="com.rongbei.util.WriteBankCard"/>
  <testcase name="writeUserCard" time="0.001" classname="com.rongbei.util.WriteBankCard"/>
  <testcase name="writeUserCard" time="0.001" classname="com.rongbei.util.WriteBankCard"/>
  <testcase name="writeUserCard" time="0.001" classname="com.rongbei.util.WriteBankCard"/>
  <testcase name="writeUserCard" time="0.001" classname="com.rongbei.util.WriteBankCard"/>
  <testcase name="writeUserCard" time="0.001" classname="com.rongbei.util.WriteBankCard"/>
  <testcase name="writeUserCard" time="0.001" classname="com.rongbei.util.WriteBankCard"/>
  <testcase name="writeUserCard" time="0.002" classname="com.rongbei.util.WriteBankCard"/>
  <testcase name="writeUserCard" time="0.001" classname="com.rongbei.util.WriteBankCard"/>
  <testcase name="writeUserCard" time="0.001" classname="com.rongbei.util.WriteBankCard"/>
  <testcase name="writeUserCard" time="0.001" classname="com.rongbei.util.WriteBankCard"/>
  <testcase name="writeUserCard" time="0.001" classname="com.rongbei.util.WriteBankCard"/>
  <testcase name="writeUserCard" time="0.001" classname="com.rongbei.util.WriteBankCard"/>
  <testcase name="writeUserCard" time="0.001" classname="com.rongbei.util.WriteBankCard"/>
  <testcase name="writeUserCard" time="0.000" classname="com.rongbei.util.WriteBankCard"/>
  <testcase name="writeUserCard" time="0.001" classname="com.rongbei.util.WriteBankCard"/>
  <testcase name="writeUserCard" time="0.001" classname="com.rongbei.util.WriteBankCard"/>
  <testcase name="writeUserCard" time="0.093" classname="com.rongbei.util.WriteBankCard"/>
  <testcase name="writeUserCard" time="0.001" classname="com.rongbei.util.WriteBankCard"/>
  <testcase name="writeUserCard" time="0.001" classname="com.rongbei.util.WriteBankCard"/>
  <testcase name="writeUserCard" time="0.001" classname="com.rongbei.util.WriteBankCard"/>
  <testcase name="writeUserCard" time="0.002" classname="com.rongbei.util.WriteBankCard"/>
  <testcase name="writeUserCard" time="0.062" classname="com.rongbei.util.WriteBankCard"/>
  <testcase name="writeUserCard" time="0.001" classname="com.rongbei.util.WriteBankCard"/>
  <testcase name="writeUserCard" time="0.001" classname="com.rongbei.util.WriteBankCard"/>
  <testcase name="writeUserCard" time="0.001" classname="com.rongbei.util.WriteBankCard"/>
  <testcase name="writeUserCard" time="0.001" classname="com.rongbei.util.WriteBankCard"/>
  <testcase name="writeUserCard" time="0.097" classname="com.rongbei.util.WriteBankCard"/>
  <testcase name="writeUserCard" time="0.002" classname="com.rongbei.util.WriteBankCard"/>
  <testcase name="writeUserCard" time="0.001" classname="com.rongbei.util.WriteBankCard"/>
  <testcase name="writeUserCard" time="0.001" classname="com.rongbei.util.WriteBankCard"/>
  <testcase name="writeUserCard" time="0.001" classname="com.rongbei.util.WriteBankCard"/>
  <testcase name="writeUserCard" time="0.001" classname="com.rongbei.util.WriteBankCard"/>
  <testcase name="writeUserCard" time="0.001" classname="com.rongbei.util.WriteBankCard"/>
  <testcase name="writeUserCard" time="0.001" classname="com.rongbei.util.WriteBankCard"/>
  <testcase name="writeUserCard" time="0.001" classname="com.rongbei.util.WriteBankCard"/>
  <testcase name="writeUserCard" time="0.001" classname="com.rongbei.util.WriteBankCard"/>
  <testcase name="writeUserCard" time="0.001" classname="com.rongbei.util.WriteBankCard"/>
  <testcase name="writeUserCard" time="0.067" classname="com.rongbei.util.WriteBankCard"/>
  <testcase name="writeUserCard" time="0.001" classname="com.rongbei.util.WriteBankCard"/>
  <testcase name="writeUserCard" time="0.001" classname="com.rongbei.util.WriteBankCard"/>
  <testcase name="writeUserCard" time="0.001" classname="com.rongbei.util.WriteBankCard"/>
  <testcase name="writeUserCard" time="0.002" classname="com.rongbei.util.WriteBankCard"/>
  <testcase name="writeUserCard" time="0.002" classname="com.rongbei.util.WriteBankCard"/>
  <testcase name="writeUserCard" time="0.002" classname="com.rongbei.util.WriteBankCard"/>
  <testcase name="writeUserCard" time="0.002" classname="com.rongbei.util.WriteBankCard"/>
  <testcase name="writeUserCard" time="0.000" classname="com.rongbei.util.WriteBankCard"/>
  <testcase name="writeUserCard" time="0.003" classname="com.rongbei.util.WriteBankCard"/>
  <testcase name="writeUserCard" time="0.001" classname="com.rongbei.util.WriteBankCard"/>
  <testcase name="writeUserCard" time="0.002" classname="com.rongbei.util.WriteBankCard"/>
  <testcase name="writeUserCard" time="0.001" classname="com.rongbei.util.WriteBankCard"/>
  <testcase name="writeUserCard" time="0.001" classname="com.rongbei.util.WriteBankCard"/>
  <testcase name="writeUserCard" time="0.002" classname="com.rongbei.util.WriteBankCard"/>
  <testcase name="writeUserCard" time="0.001" classname="com.rongbei.util.WriteBankCard"/>
  <testcase name="writeUserCard" time="0.001" classname="com.rongbei.util.WriteBankCard"/>
  <testcase name="writeUserCard" time="0.001" classname="com.rongbei.util.WriteBankCard"/>
  <testcase name="writeUserCard" time="0.001" classname="com.rongbei.util.WriteBankCard"/>
  <testcase name="writeUserCard" time="0.001" classname="com.rongbei.util.WriteBankCard"/>
  <testcase name="writeUserCard" time="0.001" classname="com.rongbei.util.WriteBankCard"/>
  <testcase name="writeUserCard" time="0.001" classname="com.rongbei.util.WriteBankCard"/>
  <testcase name="writeUserCard" time="0.078" classname="com.rongbei.util.WriteBankCard"/>
  <testcase name="writeUserCard" time="0.001" classname="com.rongbei.util.WriteBankCard"/>
  <testcase name="writeUserCard" time="0.001" classname="com.rongbei.util.WriteBankCard"/>
  <testcase name="writeUserCard" time="0.001" classname="com.rongbei.util.WriteBankCard"/>
  <testcase name="writeUserCard" time="0.001" classname="com.rongbei.util.WriteBankCard"/>
  <testcase name="writeUserCard" time="0.063" classname="com.rongbei.util.WriteBankCard"/>
  <testcase name="writeUserCard" time="0.088" classname="com.rongbei.util.WriteBankCard"/>
  <testcase name="writeUserCard" time="0.001" classname="com.rongbei.util.WriteBankCard"/>
  <testcase name="writeUserCard" time="0.002" classname="com.rongbei.util.WriteBankCard"/>
  <testcase name="writeUserCard" time="0.001" classname="com.rongbei.util.WriteBankCard"/>
  <testcase name="writeUserCard" time="0.001" classname="com.rongbei.util.WriteBankCard"/>
  <testcase name="writeUserCard" time="0.001" classname="com.rongbei.util.WriteBankCard"/>
  <testcase name="writeUserCard" time="0.001" classname="com.rongbei.util.WriteBankCard"/>
  <testcase name="writeUserCard" time="0.002" classname="com.rongbei.util.WriteBankCard"/>
  <testcase name="writeUserCard" time="0.001" classname="com.rongbei.util.WriteBankCard"/>
  <testcase name="writeUserCard" time="0.062" classname="com.rongbei.util.WriteBankCard"/>
  <testcase name="writeUserCard" time="0.001" classname="com.rongbei.util.WriteBankCard"/>
  <testcase name="writeUserCard" time="0.001" classname="com.rongbei.util.WriteBankCard"/>
  <testcase name="writeUserCard" time="0.001" classname="com.rongbei.util.WriteBankCard"/>
  <testcase name="writeUserCard" time="0.001" classname="com.rongbei.util.WriteBankCard"/>
  <testcase name="writeUserCard" time="0.001" classname="com.rongbei.util.WriteBankCard"/>
  <testcase name="writeUserCard" time="0.047" classname="com.rongbei.util.WriteBankCard"/>
  <testcase name="writeUserCard" time="0.001" classname="com.rongbei.util.WriteBankCard"/>
  <testcase name="writeUserCard" time="0.002" classname="com.rongbei.util.WriteBankCard"/>
  <testcase name="writeUserCard" time="0.001" classname="com.rongbei.util.WriteBankCard"/>
  <testcase name="writeUserCard" time="0.002" classname="com.rongbei.util.WriteBankCard"/>
  <testcase name="writeUserCard" time="0.001" classname="com.rongbei.util.WriteBankCard"/>
  <testcase name="writeUserCard" time="0.001" classname="com.rongbei.util.WriteBankCard"/>
  <testcase name="writeUserCard" time="0.001" classname="com.rongbei.util.WriteBankCard"/>
  <testcase name="writeUserCard" time="0.001" classname="com.rongbei.util.WriteBankCard"/>
  <testcase name="writeUserCard" time="0.001" classname="com.rongbei.util.WriteBankCard"/>
  <testcase name="writeUserCard" time="0.001" classname="com.rongbei.util.WriteBankCard"/>
  <testcase name="writeUserCard" time="0.001" classname="com.rongbei.util.WriteBankCard"/>
  <testcase name="writeUserCard" time="0.001" classname="com.rongbei.util.WriteBankCard"/>
  <testcase name="writeUserCard" time="0.001" classname="com.rongbei.util.WriteBankCard"/>
  <testcase name="writeUserCard" time="0.002" classname="com.rongbei.util.WriteBankCard"/>
  <testcase name="writeUserCard" time="0.001" classname="com.rongbei.util.WriteBankCard"/>
  <testcase name="writeUserCard" time="0.000" classname="com.rongbei.util.WriteBankCard"/>
  <testcase name="writeUserCard" time="0.000" classname="com.rongbei.util.WriteBankCard"/>
  <testcase name="writeUserCard" time="0.002" classname="com.rongbei.util.WriteBankCard"/>
  <testcase name="writeUserCard" time="0.001" classname="com.rongbei.util.WriteBankCard"/>
  <testcase name="writeUserCard" time="0.003" classname="com.rongbei.util.WriteBankCard"/>
  <testcase name="writeUserCard" time="0.001" classname="com.rongbei.util.WriteBankCard"/>
  <testcase name="writeUserCard" time="0.003" classname="com.rongbei.util.WriteBankCard"/>
  <testcase name="writeUserCard" time="0.001" classname="com.rongbei.util.WriteBankCard"/>
  <testcase name="writeUserCard" time="0.001" classname="com.rongbei.util.WriteBankCard"/>
  <testcase name="writeUserCard" time="0.001" classname="com.rongbei.util.WriteBankCard"/>
  <testcase name="writeUserCard" time="0.002" classname="com.rongbei.util.WriteBankCard"/>
  <testcase name="writeUserCard" time="0.001" classname="com.rongbei.util.WriteBankCard"/>
  <testcase name="writeUserCard" time="0.002" classname="com.rongbei.util.WriteBankCard"/>
  <testcase name="writeUserCard" time="0.044" classname="com.rongbei.util.WriteBankCard"/>
  <testcase name="writeUserCard" time="0.001" classname="com.rongbei.util.WriteBankCard"/>
  <testcase name="writeUserCard" time="0.001" classname="com.rongbei.util.WriteBankCard"/>
  <testcase name="writeUserCard" time="0.001" classname="com.rongbei.util.WriteBankCard"/>
  <testcase name="writeUserCard" time="0.001" classname="com.rongbei.util.WriteBankCard"/>
  <testcase name="writeUserCard" time="0.060" classname="com.rongbei.util.WriteBankCard"/>
  <testcase name="writeUserCard" time="0.001" classname="com.rongbei.util.WriteBankCard"/>
  <testcase name="writeUserCard" time="0.001" classname="com.rongbei.util.WriteBankCard"/>
  <testcase name="writeUserCard" time="0.001" classname="com.rongbei.util.WriteBankCard"/>
  <testcase name="writeUserCard" time="0.002" classname="com.rongbei.util.WriteBankCard"/>
  <testcase name="writeUserCard" time="0.001" classname="com.rongbei.util.WriteBankCard"/>
  <testcase name="writeUserCard" time="0.001" classname="com.rongbei.util.WriteBankCard"/>
  <testcase name="writeUserCard" time="0.001" classname="com.rongbei.util.WriteBankCard"/>
  <testcase name="writeUserCard" time="0.001" classname="com.rongbei.util.WriteBankCard"/>
  <testcase name="writeUserCard" time="0.001" classname="com.rongbei.util.WriteBankCard"/>
  <testcase name="writeUserCard" time="0.002" classname="com.rongbei.util.WriteBankCard"/>
  <testcase name="writeUserCard" time="0.054" classname="com.rongbei.util.WriteBankCard"/>
  <testcase name="writeUserCard" time="0.001" classname="com.rongbei.util.WriteBankCard"/>
  <testcase name="writeUserCard" time="0.001" classname="com.rongbei.util.WriteBankCard"/>
  <testcase name="writeUserCard" time="0.001" classname="com.rongbei.util.WriteBankCard"/>
  <testcase name="writeUserCard" time="0.002" classname="com.rongbei.util.WriteBankCard"/>
  <testcase name="writeUserCard" time="0.001" classname="com.rongbei.util.WriteBankCard"/>
  <testcase name="writeUserCard" time="0.001" classname="com.rongbei.util.WriteBankCard"/>
  <testcase name="writeUserCard" time="0.001" classname="com.rongbei.util.WriteBankCard"/>
  <testcase name="writeUserCard" time="0.001" classname="com.rongbei.util.WriteBankCard"/>
  <testcase name="writeUserCard" time="0.001" classname="com.rongbei.util.WriteBankCard"/>
  <testcase name="writeUserCard" time="0.001" classname="com.rongbei.util.WriteBankCard"/>
  <testcase name="writeUserCard" time="0.001" classname="com.rongbei.util.WriteBankCard"/>
  <testcase name="writeUserCard" time="0.001" classname="com.rongbei.util.WriteBankCard"/>
  <testcase name="writeUserCard" time="0.001" classname="com.rongbei.util.WriteBankCard"/>
  <testcase name="writeUserCard" time="0.001" classname="com.rongbei.util.WriteBankCard"/>
  <testcase name="writeUserCard" time="0.001" classname="com.rongbei.util.WriteBankCard"/>
  <testcase name="writeUserCard" time="0.001" classname="com.rongbei.util.WriteBankCard"/>
  <testcase name="writeUserCard" time="0.002" classname="com.rongbei.util.WriteBankCard"/>
  <testcase name="writeUserCard" time="0.002" classname="com.rongbei.util.WriteBankCard"/>
  <testcase name="writeUserCard" time="0.001" classname="com.rongbei.util.WriteBankCard"/>
  <testcase name="writeUserCard" time="0.000" classname="com.rongbei.util.WriteBankCard"/>
  <testcase name="writeUserCard" time="0.001" classname="com.rongbei.util.WriteBankCard"/>
  <testcase name="writeUserCard" time="0.001" classname="com.rongbei.util.WriteBankCard"/>
  <testcase name="writeUserCard" time="0.001" classname="com.rongbei.util.WriteBankCard"/>
  <testcase name="writeUserCard" time="0.001" classname="com.rongbei.util.WriteBankCard"/>
  <testcase name="writeUserCard" time="0.001" classname="com.rongbei.util.WriteBankCard"/>
  <testcase name="writeUserCard" time="0.001" classname="com.rongbei.util.WriteBankCard"/>
  <testcase name="writeUserCard" time="0.001" classname="com.rongbei.util.WriteBankCard"/>
  <testcase name="writeUserCard" time="0.002" classname="com.rongbei.util.WriteBankCard"/>
  <testcase name="writeUserCard" time="0.001" classname="com.rongbei.util.WriteBankCard"/>
  <testcase name="writeUserCard" time="0.002" classname="com.rongbei.util.WriteBankCard"/>
  <testcase name="writeUserCard" time="0.002" classname="com.rongbei.util.WriteBankCard"/>
  <testcase name="writeUserCard" time="0.001" classname="com.rongbei.util.WriteBankCard"/>
  <testcase name="writeUserCard" time="0.001" classname="com.rongbei.util.WriteBankCard"/>
  <testcase name="writeUserCard" time="0.001" classname="com.rongbei.util.WriteBankCard"/>
  <testcase name="writeUserCard" time="0.001" classname="com.rongbei.util.WriteBankCard"/>
  <testcase name="writeUserCard" time="0.001" classname="com.rongbei.util.WriteBankCard"/>
  <testcase name="writeUserCard" time="0.002" classname="com.rongbei.util.WriteBankCard"/>
  <testcase name="writeUserCard" time="0.001" classname="com.rongbei.util.WriteBankCard"/>
  <testcase name="writeUserCard" time="0.001" classname="com.rongbei.util.WriteBankCard"/>
  <testcase name="writeUserCard" time="0.002" classname="com.rongbei.util.WriteBankCard"/>
  <testcase name="writeUserCard" time="0.001" classname="com.rongbei.util.WriteBankCard"/>
  <testcase name="writeUserCard" time="0.001" classname="com.rongbei.util.WriteBankCard"/>
  <testcase name="writeUserCard" time="0.002" classname="com.rongbei.util.WriteBankCard"/>
  <testcase name="writeUserCard" time="0.002" classname="com.rongbei.util.WriteBankCard"/>
  <testcase name="writeUserCard" time="0.001" classname="com.rongbei.util.WriteBankCard"/>
  <testcase name="writeUserCard" time="0.001" classname="com.rongbei.util.WriteBankCard"/>
  <testcase name="writeUserCard" time="0.002" classname="com.rongbei.util.WriteBankCard"/>
  <testcase name="writeUserCard" time="0.001" classname="com.rongbei.util.WriteBankCard"/>
  <testcase name="writeUserCard" time="0.002" classname="com.rongbei.util.WriteBankCard"/>
  <testcase name="writeUserCard" time="0.057" classname="com.rongbei.util.WriteBankCard"/>
  <testcase name="writeUserCard" time="0.001" classname="com.rongbei.util.WriteBankCard"/>
  <testcase name="writeUserCard" time="0.001" classname="com.rongbei.util.WriteBankCard"/>
  <testcase name="writeUserCard" time="0.001" classname="com.rongbei.util.WriteBankCard"/>
  <testcase name="writeUserCard" time="0.002" classname="com.rongbei.util.WriteBankCard"/>
  <testcase name="writeUserCard" time="0.001" classname="com.rongbei.util.WriteBankCard"/>
  <testcase name="writeUserCard" time="0.001" classname="com.rongbei.util.WriteBankCard"/>
  <testcase name="writeUserCard" time="0.001" classname="com.rongbei.util.WriteBankCard"/>
  <testcase name="writeUserCard" time="0.001" classname="com.rongbei.util.WriteBankCard"/>
  <testcase name="writeUserCard" time="0.001" classname="com.rongbei.util.WriteBankCard"/>
  <testcase name="writeUserCard" time="0.068" classname="com.rongbei.util.WriteBankCard"/>
  <testcase name="writeUserCard" time="0.002" classname="com.rongbei.util.WriteBankCard"/>
  <testcase name="writeUserCard" time="0.001" classname="com.rongbei.util.WriteBankCard"/>
  <testcase name="writeUserCard" time="0.002" classname="com.rongbei.util.WriteBankCard"/>
  <testcase name="writeUserCard" time="0.001" classname="com.rongbei.util.WriteBankCard"/>
  <testcase name="writeUserCard" time="0.002" classname="com.rongbei.util.WriteBankCard"/>
  <testcase name="writeUserCard" time="0.001" classname="com.rongbei.util.WriteBankCard"/>
  <testcase name="writeUserCard" time="0.001" classname="com.rongbei.util.WriteBankCard"/>
  <testcase name="writeUserCard" time="0.056" classname="com.rongbei.util.WriteBankCard"/>
  <testcase name="writeUserCard" time="0.001" classname="com.rongbei.util.WriteBankCard"/>
  <testcase name="writeUserCard" time="0.001" classname="com.rongbei.util.WriteBankCard"/>
  <testcase name="writeUserCard" time="0.001" classname="com.rongbei.util.WriteBankCard"/>
  <testcase name="writeUserCard" time="0.001" classname="com.rongbei.util.WriteBankCard"/>
  <testcase name="writeUserCard" time="0.001" classname="com.rongbei.util.WriteBankCard"/>
  <testcase name="writeUserCard" time="0.001" classname="com.rongbei.util.WriteBankCard"/>
  <testcase name="writeUserCard" time="0.002" classname="com.rongbei.util.WriteBankCard"/>
  <testcase name="writeUserCard" time="0.059" classname="com.rongbei.util.WriteBankCard"/>
  <testcase name="writeUserCard" time="0.001" classname="com.rongbei.util.WriteBankCard"/>
  <testcase name="writeUserCard" time="0.002" classname="com.rongbei.util.WriteBankCard"/>
  <testcase name="writeUserCard" time="0.001" classname="com.rongbei.util.WriteBankCard"/>
  <testcase name="writeUserCard" time="0.002" classname="com.rongbei.util.WriteBankCard"/>
  <testcase name="writeUserCard" time="0.001" classname="com.rongbei.util.WriteBankCard"/>
  <testcase name="writeUserCard" time="0.001" classname="com.rongbei.util.WriteBankCard"/>
  <testcase name="writeUserCard" time="0.001" classname="com.rongbei.util.WriteBankCard"/>
  <testcase name="writeUserCard" time="0.001" classname="com.rongbei.util.WriteBankCard"/>
  <testcase name="writeUserCard" time="0.002" classname="com.rongbei.util.WriteBankCard"/>
  <testcase name="writeUserCard" time="0.001" classname="com.rongbei.util.WriteBankCard"/>
  <testcase name="writeUserCard" time="0.001" classname="com.rongbei.util.WriteBankCard"/>
  <testcase name="writeUserCard" time="0.001" classname="com.rongbei.util.WriteBankCard"/>
  <testcase name="writeUserCard" time="0.001" classname="com.rongbei.util.WriteBankCard"/>
  <testcase name="writeUserCard" time="0.001" classname="com.rongbei.util.WriteBankCard"/>
  <testcase name="writeUserCard" time="0.001" classname="com.rongbei.util.WriteBankCard"/>
  <testcase name="writeUserCard" time="0.001" classname="com.rongbei.util.WriteBankCard"/>
  <testcase name="writeUserCard" time="0.002" classname="com.rongbei.util.WriteBankCard"/>
  <testcase name="writeUserCard" time="0.001" classname="com.rongbei.util.WriteBankCard"/>
  <testcase name="writeUserCard" time="0.002" classname="com.rongbei.util.WriteBankCard"/>
  <testcase name="writeUserCard" time="0.001" classname="com.rongbei.util.WriteBankCard"/>
  <testcase name="writeUserCard" time="0.001" classname="com.rongbei.util.WriteBankCard"/>
  <testcase name="writeUserCard" time="0.001" classname="com.rongbei.util.WriteBankCard"/>
  <testcase name="writeUserCard" time="0.002" classname="com.rongbei.util.WriteBankCard"/>
  <testcase name="writeUserCard" time="0.001" classname="com.rongbei.util.WriteBankCard"/>
  <testcase name="writeUserCard" time="0.000" classname="com.rongbei.util.WriteBankCard"/>
  <testcase name="writeUserCard" time="0.001" classname="com.rongbei.util.WriteBankCard"/>
  <testcase name="writeUserCard" time="0.001" classname="com.rongbei.util.WriteBankCard"/>
  <testcase name="writeUserCard" time="0.001" classname="com.rongbei.util.WriteBankCard"/>
  <testcase name="writeUserCard" time="0.001" classname="com.rongbei.util.WriteBankCard"/>
  <testcase name="writeUserCard" time="0.004" classname="com.rongbei.util.WriteBankCard"/>
  <testcase name="writeUserCard" time="0.001" classname="com.rongbei.util.WriteBankCard"/>
  <testcase name="writeUserCard" time="0.001" classname="com.rongbei.util.WriteBankCard"/>
  <testcase name="writeUserCard" time="0.001" classname="com.rongbei.util.WriteBankCard"/>
  <testcase name="writeUserCard" time="0.001" classname="com.rongbei.util.WriteBankCard"/>
  <testcase name="writeUserCard" time="0.001" classname="com.rongbei.util.WriteBankCard"/>
  <testcase name="writeUserCard" time="0.002" classname="com.rongbei.util.WriteBankCard"/>
  <testcase name="writeUserCard" time="0.001" classname="com.rongbei.util.WriteBankCard"/>
  <testcase name="writeUserCard" time="0.002" classname="com.rongbei.util.WriteBankCard"/>
  <testcase name="writeUserCard" time="0.019" classname="com.rongbei.util.WriteBankCard"/>
  <testcase name="writeUserCard" time="0.003" classname="com.rongbei.util.WriteBankCard"/>
  <testcase name="writeUserCard" time="0.001" classname="com.rongbei.util.WriteBankCard"/>
  <testcase name="writeUserCard" time="0.001" classname="com.rongbei.util.WriteBankCard"/>
  <testcase name="writeUserCard" time="0.001" classname="com.rongbei.util.WriteBankCard"/>
  <testcase name="writeUserCard" time="0.001" classname="com.rongbei.util.WriteBankCard"/>
  <testcase name="writeUserCard" time="0.001" classname="com.rongbei.util.WriteBankCard"/>
  <testcase name="writeUserCard" time="0.001" classname="com.rongbei.util.WriteBankCard"/>
  <testcase name="writeUserCard" time="0.001" classname="com.rongbei.util.WriteBankCard"/>
  <testcase name="writeUserCard" time="0.001" classname="com.rongbei.util.WriteBankCard"/>
  <testcase name="writeUserCard" time="0.001" classname="com.rongbei.util.WriteBankCard"/>
  <testcase name="writeUserCard" time="0.002" classname="com.rongbei.util.WriteBankCard"/>
  <testcase name="writeUserCard" time="0.001" classname="com.rongbei.util.WriteBankCard"/>
  <testcase name="writeUserCard" time="0.001" classname="com.rongbei.util.WriteBankCard"/>
  <testcase name="writeUserCard" time="0.059" classname="com.rongbei.util.WriteBankCard"/>
  <testcase name="writeUserCard" time="0.001" classname="com.rongbei.util.WriteBankCard"/>
  <testcase name="writeUserCard" time="0.002" classname="com.rongbei.util.WriteBankCard"/>
  <testcase name="writeUserCard" time="0.001" classname="com.rongbei.util.WriteBankCard"/>
  <testcase name="writeUserCard" time="0.001" classname="com.rongbei.util.WriteBankCard"/>
  <testcase name="writeUserCard" time="0.000" classname="com.rongbei.util.WriteBankCard"/>
  <testcase name="writeUserCard" time="0.002" classname="com.rongbei.util.WriteBankCard"/>
  <testcase name="writeUserCard" time="0.001" classname="com.rongbei.util.WriteBankCard"/>
  <testcase name="writeUserCard" time="0.001" classname="com.rongbei.util.WriteBankCard"/>
  <testcase name="writeUserCard" time="0.001" classname="com.rongbei.util.WriteBankCard"/>
  <testcase name="writeUserCard" time="0.001" classname="com.rongbei.util.WriteBankCard"/>
  <testcase name="writeUserCard" time="0.002" classname="com.rongbei.util.WriteBankCard"/>
  <testcase name="writeUserCard" time="0.001" classname="com.rongbei.util.WriteBankCard"/>
  <testcase name="writeUserCard" time="0.080" classname="com.rongbei.util.WriteBankCard"/>
  <testcase name="writeUserCard" time="0.001" classname="com.rongbei.util.WriteBankCard"/>
  <testcase name="writeUserCard" time="0.000" classname="com.rongbei.util.WriteBankCard"/>
  <testcase name="writeUserCard" time="0.001" classname="com.rongbei.util.WriteBankCard"/>
  <testcase name="writeUserCard" time="0.001" classname="com.rongbei.util.WriteBankCard"/>
  <testcase name="writeUserCard" time="0.001" classname="com.rongbei.util.WriteBankCard"/>
  <testcase name="writeUserCard" time="0.001" classname="com.rongbei.util.WriteBankCard"/>
  <testcase name="writeUserCard" time="0.001" classname="com.rongbei.util.WriteBankCard"/>
  <testcase name="writeUserCard" time="0.001" classname="com.rongbei.util.WriteBankCard"/>
  <testcase name="writeUserCard" time="0.001" classname="com.rongbei.util.WriteBankCard"/>
  <testcase name="writeUserCard" time="0.001" classname="com.rongbei.util.WriteBankCard"/>
  <testcase name="writeUserCard" time="0.001" classname="com.rongbei.util.WriteBankCard"/>
  <testcase name="writeUserCard" time="0.077" classname="com.rongbei.util.WriteBankCard"/>
  <testcase name="writeUserCard" time="0.001" classname="com.rongbei.util.WriteBankCard"/>
  <testcase name="writeUserCard" time="0.002" classname="com.rongbei.util.WriteBankCard"/>
  <testcase name="writeUserCard" time="0.001" classname="com.rongbei.util.WriteBankCard"/>
  <testcase name="writeUserCard" time="0.002" classname="com.rongbei.util.WriteBankCard"/>
  <testcase name="writeUserCard" time="0.001" classname="com.rongbei.util.WriteBankCard"/>
  <testcase name="writeUserCard" time="0.001" classname="com.rongbei.util.WriteBankCard"/>
  <testcase name="writeUserCard" time="0.001" classname="com.rongbei.util.WriteBankCard"/>
  <testcase name="writeUserCard" time="0.001" classname="com.rongbei.util.WriteBankCard"/>
  <testcase name="writeUserCard" time="0.002" classname="com.rongbei.util.WriteBankCard"/>
  <testcase name="writeUserCard" time="0.001" classname="com.rongbei.util.WriteBankCard"/>
  <testcase name="writeUserCard" time="0.001" classname="com.rongbei.util.WriteBankCard"/>
  <testcase name="writeUserCard" time="0.001" classname="com.rongbei.util.WriteBankCard"/>
  <testcase name="writeUserCard" time="0.001" classname="com.rongbei.util.WriteBankCard"/>
  <testcase name="writeUserCard" time="0.002" classname="com.rongbei.util.WriteBankCard"/>
  <testcase name="writeUserCard" time="0.001" classname="com.rongbei.util.WriteBankCard"/>
  <testcase name="writeUserCard" time="0.001" classname="com.rongbei.util.WriteBankCard"/>
  <testcase name="writeUserCard" time="0.001" classname="com.rongbei.util.WriteBankCard"/>
  <testcase name="writeUserCard" time="0.001" classname="com.rongbei.util.WriteBankCard"/>
  <testcase name="writeUserCard" time="0.002" classname="com.rongbei.util.WriteBankCard"/>
  <testcase name="writeUserCard" time="0.001" classname="com.rongbei.util.WriteBankCard"/>
  <testcase name="writeUserCard" time="0.002" classname="com.rongbei.util.WriteBankCard"/>
  <testcase name="writeUserCard" time="0.002" classname="com.rongbei.util.WriteBankCard"/>
  <testcase name="writeUserCard" time="0.001" classname="com.rongbei.util.WriteBankCard"/>
  <testcase name="writeUserCard" time="0.001" classname="com.rongbei.util.WriteBankCard"/>
  <testcase name="writeUserCard" time="0.002" classname="com.rongbei.util.WriteBankCard"/>
  <testcase name="writeUserCard" time="0.001" classname="com.rongbei.util.WriteBankCard"/>
  <testcase name="writeUserCard" time="0.001" classname="com.rongbei.util.WriteBankCard"/>
  <testcase name="writeUserCard" time="0.001" classname="com.rongbei.util.WriteBankCard"/>
  <testcase name="writeUserCard" time="0.001" classname="com.rongbei.util.WriteBankCard"/>
  <testcase name="writeUserCard" time="0.002" classname="com.rongbei.util.WriteBankCard"/>
  <testcase name="writeUserCard" time="0.002" classname="com.rongbei.util.WriteBankCard"/>
  <testcase name="writeUserCard" time="0.001" classname="com.rongbei.util.WriteBankCard"/>
  <testcase name="writeUserCard" time="0.055" classname="com.rongbei.util.WriteBankCard"/>
  <testcase name="writeUserCard" time="0.001" classname="com.rongbei.util.WriteBankCard"/>
  <testcase name="writeUserCard" time="0.001" classname="com.rongbei.util.WriteBankCard"/>
  <testcase name="writeUserCard" time="0.001" classname="com.rongbei.util.WriteBankCard"/>
  <testcase name="writeUserCard" time="0.003" classname="com.rongbei.util.WriteBankCard"/>
  <testcase name="writeUserCard" time="0.001" classname="com.rongbei.util.WriteBankCard"/>
  <testcase name="writeUserCard" time="0.001" classname="com.rongbei.util.WriteBankCard"/>
  <testcase name="writeUserCard" time="0.001" classname="com.rongbei.util.WriteBankCard"/>
  <testcase name="writeUserCard" time="0.001" classname="com.rongbei.util.WriteBankCard"/>
  <testcase name="writeUserCard" time="0.001" classname="com.rongbei.util.WriteBankCard"/>
  <testcase name="writeUserCard" time="0.001" classname="com.rongbei.util.WriteBankCard"/>
  <testcase name="writeUserCard" time="0.001" classname="com.rongbei.util.WriteBankCard"/>
  <testcase name="writeUserCard" time="0.001" classname="com.rongbei.util.WriteBankCard"/>
  <testcase name="writeUserCard" time="0.000" classname="com.rongbei.util.WriteBankCard"/>
  <testcase name="writeUserCard" time="0.001" classname="com.rongbei.util.WriteBankCard"/>
  <testcase name="writeUserCard" time="0.001" classname="com.rongbei.util.WriteBankCard"/>
  <testcase name="writeUserCard" time="0.003" classname="com.rongbei.util.WriteBankCard"/>
  <testcase name="writeUserCard" time="0.001" classname="com.rongbei.util.WriteBankCard"/>
  <testcase name="writeUserCard" time="0.001" classname="com.rongbei.util.WriteBankCard"/>
  <testcase name="writeUserCard" time="0.002" classname="com.rongbei.util.WriteBankCard"/>
  <testcase name="writeUserCard" time="0.001" classname="com.rongbei.util.WriteBankCard"/>
  <testcase name="writeUserCard" time="0.001" classname="com.rongbei.util.WriteBankCard"/>
  <testcase name="writeUserCard" time="0.001" classname="com.rongbei.util.WriteBankCard"/>
  <testcase name="writeUserCard" time="0.001" classname="com.rongbei.util.WriteBankCard"/>
  <testcase name="writeUserCard" time="0.001" classname="com.rongbei.util.WriteBankCard"/>
  <testcase name="writeUserCard" time="0.001" classname="com.rongbei.util.WriteBankCard"/>
  <testcase name="writeUserCard" time="0.001" classname="com.rongbei.util.WriteBankCard"/>
  <testcase name="writeUserCard" time="0.001" classname="com.rongbei.util.WriteBankCard"/>
  <testcase name="writeUserCard" time="0.001" classname="com.rongbei.util.WriteBankCard"/>
  <testcase name="writeUserCard" time="0.001" classname="com.rongbei.util.WriteBankCard"/>
  <testcase name="writeUserCard" time="0.001" classname="com.rongbei.util.WriteBankCard"/>
  <testcase name="writeUserCard" time="0.001" classname="com.rongbei.util.WriteBankCard"/>
  <testcase name="writeUserCard" time="0.002" classname="com.rongbei.util.WriteBankCard"/>
  <testcase name="writeUserCard" time="0.001" classname="com.rongbei.util.WriteBankCard"/>
  <testcase name="writeUserCard" time="0.001" classname="com.rongbei.util.WriteBankCard"/>
  <testcase name="writeUserCard" time="0.001" classname="com.rongbei.util.WriteBankCard"/>
  <testcase name="writeUserCard" time="0.002" classname="com.rongbei.util.WriteBankCard"/>
  <testcase name="writeUserCard" time="0.001" classname="com.rongbei.util.WriteBankCard"/>
  <testcase name="writeUserCard" time="0.001" classname="com.rongbei.util.WriteBankCard"/>
  <testcase name="writeUserCard" time="0.002" classname="com.rongbei.util.WriteBankCard"/>
  <testcase name="writeUserCard" time="0.001" classname="com.rongbei.util.WriteBankCard"/>
  <testcase name="writeUserCard" time="0.001" classname="com.rongbei.util.WriteBankCard"/>
  <testcase name="writeUserCard" time="0.001" classname="com.rongbei.util.WriteBankCard"/>
  <testcase name="writeUserCard" time="0.001" classname="com.rongbei.util.WriteBankCard"/>
  <testcase name="writeUserCard" time="0.000" classname="com.rongbei.util.WriteBankCard"/>
  <testcase name="writeUserCard" time="0.001" classname="com.rongbei.util.WriteBankCard"/>
  <testcase name="writeUserCard" time="0.001" classname="com.rongbei.util.WriteBankCard"/>
  <testcase name="writeUserCard" time="0.001" classname="com.rongbei.util.WriteBankCard"/>
  <testcase name="writeUserCard" time="0.001" classname="com.rongbei.util.WriteBankCard"/>
  <testcase name="writeUserCard" time="0.001" classname="com.rongbei.util.WriteBankCard"/>
  <testcase name="writeUserCard" time="0.000" classname="com.rongbei.util.WriteBankCard"/>
  <testcase name="writeUserCard" time="0.002" classname="com.rongbei.util.WriteBankCard"/>
  <testcase name="writeUserCard" time="0.001" classname="com.rongbei.util.WriteBankCard"/>
  <testcase name="writeUserCard" time="0.001" classname="com.rongbei.util.WriteBankCard"/>
  <testcase name="writeUserCard" time="0.002" classname="com.rongbei.util.WriteBankCard"/>
  <testcase name="writeUserCard" time="0.002" classname="com.rongbei.util.WriteBankCard"/>
  <testcase name="writeUserCard" time="0.002" classname="com.rongbei.util.WriteBankCard"/>
  <testcase name="writeUserCard" time="0.004" classname="com.rongbei.util.WriteBankCard"/>
  <testcase name="writeUserCard" time="0.078" classname="com.rongbei.util.WriteBankCard"/>
  <testcase name="writeUserCard" time="0.001" classname="com.rongbei.util.WriteBankCard"/>
  <testcase name="writeUserCard" time="0.001" classname="com.rongbei.util.WriteBankCard"/>
  <testcase name="writeUserCard" time="0.063" classname="com.rongbei.util.WriteBankCard"/>
  <testcase name="writeUserCard" time="0.001" classname="com.rongbei.util.WriteBankCard"/>
  <testcase name="writeUserCard" time="0.001" classname="com.rongbei.util.WriteBankCard"/>
  <testcase name="writeUserCard" time="0.002" classname="com.rongbei.util.WriteBankCard"/>
  <testcase name="writeUserCard" time="0.001" classname="com.rongbei.util.WriteBankCard"/>
  <testcase name="writeUserCard" time="0.001" classname="com.rongbei.util.WriteBankCard"/>
  <testcase name="writeUserCard" time="0.001" classname="com.rongbei.util.WriteBankCard"/>
  <testcase name="writeUserCard" time="0.001" classname="com.rongbei.util.WriteBankCard"/>
  <testcase name="writeUserCard" time="0.002" classname="com.rongbei.util.WriteBankCard"/>
  <testcase name="writeUserCard" time="0.001" classname="com.rongbei.util.WriteBankCard"/>
  <testcase name="writeUserCard" time="0.001" classname="com.rongbei.util.WriteBankCard"/>
  <testcase name="writeUserCard" time="0.070" classname="com.rongbei.util.WriteBankCard"/>
  <testcase name="writeUserCard" time="0.002" classname="com.rongbei.util.WriteBankCard"/>
  <testcase name="writeUserCard" time="0.001" classname="com.rongbei.util.WriteBankCard"/>
  <testcase name="writeUserCard" time="0.001" classname="com.rongbei.util.WriteBankCard"/>
  <testcase name="writeUserCard" time="0.002" classname="com.rongbei.util.WriteBankCard"/>
  <testcase name="writeUserCard" time="0.001" classname="com.rongbei.util.WriteBankCard"/>
  <testcase name="writeUserCard" time="0.002" classname="com.rongbei.util.WriteBankCard"/>
  <testcase name="writeUserCard" time="0.001" classname="com.rongbei.util.WriteBankCard"/>
  <testcase name="writeUserCard" time="0.001" classname="com.rongbei.util.WriteBankCard"/>
  <testcase name="writeUserCard" time="0.001" classname="com.rongbei.util.WriteBankCard"/>
  <testcase name="writeUserCard" time="0.002" classname="com.rongbei.util.WriteBankCard"/>
  <testcase name="writeUserCard" time="0.001" classname="com.rongbei.util.WriteBankCard"/>
  <testcase name="writeUserCard" time="0.002" classname="com.rongbei.util.WriteBankCard"/>
  <testcase name="writeUserCard" time="0.001" classname="com.rongbei.util.WriteBankCard"/>
  <testcase name="writeUserCard" time="0.001" classname="com.rongbei.util.WriteBankCard"/>
  <testcase name="writeUserCard" time="0.062" classname="com.rongbei.util.WriteBankCard"/>
  <testcase name="writeUserCard" time="0.001" classname="com.rongbei.util.WriteBankCard"/>
  <testcase name="writeUserCard" time="0.000" classname="com.rongbei.util.WriteBankCard"/>
  <testcase name="writeUserCard" time="0.002" classname="com.rongbei.util.WriteBankCard"/>
  <testcase name="writeUserCard" time="0.001" classname="com.rongbei.util.WriteBankCard"/>
  <testcase name="writeUserCard" time="0.001" classname="com.rongbei.util.WriteBankCard"/>
  <testcase name="writeUserCard" time="0.001" classname="com.rongbei.util.WriteBankCard"/>
  <testcase name="writeUserCard" time="0.054" classname="com.rongbei.util.WriteBankCard"/>
  <testcase name="writeUserCard" time="0.001" classname="com.rongbei.util.WriteBankCard"/>
  <testcase name="writeUserCard" time="0.001" classname="com.rongbei.util.WriteBankCard"/>
  <testcase name="writeUserCard" time="0.002" classname="com.rongbei.util.WriteBankCard"/>
  <testcase name="writeUserCard" time="0.001" classname="com.rongbei.util.WriteBankCard"/>
  <testcase name="writeUserCard" time="0.001" classname="com.rongbei.util.WriteBankCard"/>
  <testcase name="writeUserCard" time="0.001" classname="com.rongbei.util.WriteBankCard"/>
  <testcase name="writeUserCard" time="0.000" classname="com.rongbei.util.WriteBankCard"/>
  <testcase name="writeUserCard" time="0.003" classname="com.rongbei.util.WriteBankCard"/>
  <testcase name="writeUserCard" time="0.001" classname="com.rongbei.util.WriteBankCard"/>
  <testcase name="writeUserCard" time="0.001" classname="com.rongbei.util.WriteBankCard"/>
  <testcase name="writeUserCard" time="0.001" classname="com.rongbei.util.WriteBankCard"/>
  <testcase name="writeUserCard" time="0.001" classname="com.rongbei.util.WriteBankCard"/>
  <testcase name="writeUserCard" time="0.002" classname="com.rongbei.util.WriteBankCard"/>
  <testcase name="writeUserCard" time="0.001" classname="com.rongbei.util.WriteBankCard"/>
  <testcase name="writeUserCard" time="0.001" classname="com.rongbei.util.WriteBankCard"/>
  <testcase name="writeUserCard" time="0.001" classname="com.rongbei.util.WriteBankCard"/>
  <testcase name="writeUserCard" time="0.001" classname="com.rongbei.util.WriteBankCard"/>
  <testcase name="writeUserCard" time="0.001" classname="com.rongbei.util.WriteBankCard"/>
  <testcase name="writeUserCard" time="0.001" classname="com.rongbei.util.WriteBankCard"/>
  <testcase name="writeUserCard" time="0.001" classname="com.rongbei.util.WriteBankCard"/>
  <testcase name="writeUserCard" time="0.001" classname="com.rongbei.util.WriteBankCard"/>
  <testcase name="writeUserCard" time="0.001" classname="com.rongbei.util.WriteBankCard"/>
  <testcase name="writeUserCard" time="0.001" classname="com.rongbei.util.WriteBankCard"/>
  <testcase name="writeUserCard" time="0.001" classname="com.rongbei.util.WriteBankCard"/>
  <testcase name="writeUserCard" time="0.087" classname="com.rongbei.util.WriteBankCard"/>
  <testcase name="writeUserCard" time="0.001" classname="com.rongbei.util.WriteBankCard"/>
  <testcase name="writeUserCard" time="0.001" classname="com.rongbei.util.WriteBankCard"/>
  <testcase name="writeUserCard" time="0.000" classname="com.rongbei.util.WriteBankCard"/>
  <testcase name="writeUserCard" time="0.001" classname="com.rongbei.util.WriteBankCard"/>
  <testcase name="writeUserCard" time="0.002" classname="com.rongbei.util.WriteBankCard"/>
  <testcase name="writeUserCard" time="0.001" classname="com.rongbei.util.WriteBankCard"/>
  <testcase name="writeUserCard" time="0.001" classname="com.rongbei.util.WriteBankCard"/>
  <testcase name="writeUserCard" time="0.002" classname="com.rongbei.util.WriteBankCard"/>
  <testcase name="writeUserCard" time="0.001" classname="com.rongbei.util.WriteBankCard"/>
  <testcase name="writeUserCard" time="0.001" classname="com.rongbei.util.WriteBankCard"/>
  <testcase name="writeUserCard" time="0.001" classname="com.rongbei.util.WriteBankCard"/>
  <testcase name="writeUserCard" time="0.004" classname="com.rongbei.util.WriteBankCard"/>
  <testcase name="writeUserCard" time="0.000" classname="com.rongbei.util.WriteBankCard"/>
  <testcase name="writeUserCard" time="0.002" classname="com.rongbei.util.WriteBankCard"/>
  <testcase name="writeUserCard" time="0.001" classname="com.rongbei.util.WriteBankCard"/>
  <testcase name="writeUserCard" time="0.001" classname="com.rongbei.util.WriteBankCard"/>
  <testcase name="writeUserCard" time="0.001" classname="com.rongbei.util.WriteBankCard"/>
  <testcase name="writeUserCard" time="0.001" classname="com.rongbei.util.WriteBankCard"/>
  <testcase name="writeUserCard" time="0.001" classname="com.rongbei.util.WriteBankCard"/>
  <testcase name="writeUserCard" time="0.002" classname="com.rongbei.util.WriteBankCard"/>
  <testcase name="writeUserCard" time="0.001" classname="com.rongbei.util.WriteBankCard"/>
  <testcase name="writeUserCard" time="0.001" classname="com.rongbei.util.WriteBankCard"/>
  <testcase name="writeUserCard" time="0.001" classname="com.rongbei.util.WriteBankCard"/>
  <testcase name="writeUserCard" time="0.067" classname="com.rongbei.util.WriteBankCard"/>
  <testcase name="writeUserCard" time="0.001" classname="com.rongbei.util.WriteBankCard"/>
  <testcase name="writeUserCard" time="0.001" classname="com.rongbei.util.WriteBankCard"/>
</testsuite> <!-- com.rongbei.util.WriteBankCard -->
