<?xml version="1.0" encoding="UTF-8"?>
<!-- Generated by org.testng.reporters.JUnitReportReporter -->
<testsuite skipped="0" hostname="EDZ-20170729POB" name="com.irongbei.AddZhouZhouSheng" tests="1" failures="0" timestamp="16 十月 2019 06:45:56 GMT" time="40.642" errors="0">
  <testcase name="addZhouZhouSheng" time="40.642" classname="com.irongbei.AddZhouZhouSheng"/>
</testsuite> <!-- com.irongbei.AddZhouZhouSheng -->
