<?xml version="1.0" encoding="UTF-8"?>
<!-- Generated by org.testng.reporters.JUnitReportReporter -->
<testsuite skipped="0" hostname="EDZ-20170729POB" name="com.irongbei.CreateZZSPlan" tests="1" failures="0" timestamp="16 十月 2019 06:45:56 GMT" time="16.230" errors="0">
  <testcase name="createZzsPlan" time="16.230" classname="com.irongbei.CreateZZSPlan"/>
</testsuite> <!-- com.irongbei.CreateZZSPlan -->
