<?xml version="1.0" encoding="UTF-8"?>
<!-- Generated by org.testng.reporters.JUnitReportReporter -->
<testsuite skipped="0" hostname="EDZ-20170729POB" name="com.irongbei.CreatNewDaBiaoPlanforTestNG" tests="1" failures="0" timestamp="05 七月 2019 02:24:01 GMT" time="23.139" errors="0">
  <testcase name="createPlan" time="23.139" classname="com.irongbei.CreatNewDaBiaoPlanforTestNG"/>
</testsuite> <!-- com.irongbei.CreatNewDaBiaoPlanforTestNG -->
