<?xml version="1.0" encoding="UTF-8"?>
<!-- Generated by org.testng.reporters.JUnitReportReporter -->
<testsuite skipped="0" hostname="EDZ-20170729POB" name="com.irongbei.BuyZzs" tests="1" failures="0" timestamp="29 一月 2019 07:24:28 GMT" time="34.421" errors="0">
  <testcase name="buyZzs" time="34.421" classname="com.irongbei.BuyZzs"/>
</testsuite> <!-- com.irongbei.BuyZzs -->
