<?xml version="1.0" encoding="UTF-8"?>
<!-- Generated by org.testng.reporters.JUnitReportReporter -->
<testsuite skipped="0" hostname="EDZ-20170729POB" name="com.irongbei.CreatNewDaBiaoPlanforTestNG" tests="1" failures="0" timestamp="19 二月 2019 09:32:57 GMT" time="20.785" errors="0">
  <testcase name="createPlan" time="20.785" classname="com.irongbei.CreatNewDaBiaoPlanforTestNG"/>
</testsuite> <!-- com.irongbei.CreatNewDaBiaoPlanforTestNG -->
