<?xml version="1.0" encoding="UTF-8"?>
<!-- Generated by org.testng.reporters.JUnitReportReporter -->
<testsuite skipped="0" hostname="EDZ-20170729POB" name="com.irongbei.BuyZhiTou" tests="8" failures="0" timestamp="15 五月 2019 10:22:17 GMT" time="345.812" errors="0">
  <testcase name="buyZhiTou" time="33.647" classname="com.irongbei.BuyZhiTou"/>
  <testcase name="buyZhiTou" time="33.950" classname="com.irongbei.BuyZhiTou"/>
  <testcase name="buyZhiTou" time="33.286" classname="com.irongbei.BuyZhiTou"/>
  <testcase name="buyZhiTou" time="35.460" classname="com.irongbei.BuyZhiTou"/>
  <testcase name="buyZhiTou" time="97.418" classname="com.irongbei.BuyZhiTou"/>
  <testcase name="buyZhiTou" time="37.022" classname="com.irongbei.BuyZhiTou"/>
  <testcase name="buyZhiTou" time="35.987" classname="com.irongbei.BuyZhiTou"/>
  <testcase name="buyZhiTou" time="39.042" classname="com.irongbei.BuyZhiTou"/>
</testsuite> <!-- com.irongbei.BuyZhiTou -->
