<?xml version="1.0" encoding="UTF-8"?>
<!-- Generated by org.testng.reporters.JUnitReportReporter -->
<testsuite skipped="0" hostname="EDZ-20170729POB" name="AboutNewDaBiao.CreateDaBiaoTestNG" tests="1" failures="0" timestamp="05 五月 2019 01:56:48 GMT" time="54.933" errors="0">
  <testcase name="createDb" time="54.933" classname="AboutNewDaBiao.CreateDaBiaoTestNG"/>
</testsuite> <!-- AboutNewDaBiao.CreateDaBiaoTestNG -->
