<?xml version="1.0" encoding="UTF-8"?>
<!-- Generated by org.testng.reporters.JUnitReportReporter -->
<testsuite skipped="0" hostname="EDZ-20170729POB" name="com.rongbei.util.WriteUserCard" tests="1000" failures="0" timestamp="09 四月 2019 02:48:45 GMT" time="2.514" errors="0">
  <testcase name="writeUserCard" time="0.014" classname="com.rongbei.util.WriteUserCard"/>
  <testcase name="writeUserCard" time="0.000" classname="com.rongbei.util.WriteUserCard"/>
  <testcase name="writeUserCard" time="0.000" classname="com.rongbei.util.WriteUserCard"/>
  <testcase name="writeUserCard" time="0.001" classname="com.rongbei.util.WriteUserCard"/>
  <testcase name="writeUserCard" time="0.001" classname="com.rongbei.util.WriteUserCard"/>
  <testcase name="writeUserCard" time="0.002" classname="com.rongbei.util.WriteUserCard"/>
  <testcase name="writeUserCard" time="0.000" classname="com.rongbei.util.WriteUserCard"/>
  <testcase name="writeUserCard" time="0.001" classname="com.rongbei.util.WriteUserCard"/>
  <testcase name="writeUserCard" time="0.001" classname="com.rongbei.util.WriteUserCard"/>
  <testcase name="writeUserCard" time="0.002" classname="com.rongbei.util.WriteUserCard"/>
  <testcase name="writeUserCard" time="0.001" classname="com.rongbei.util.WriteUserCard"/>
  <testcase name="writeUserCard" time="0.002" classname="com.rongbei.util.WriteUserCard"/>
  <testcase name="writeUserCard" time="0.001" classname="com.rongbei.util.WriteUserCard"/>
  <testcase name="writeUserCard" time="0.001" classname="com.rongbei.util.WriteUserCard"/>
  <testcase name="writeUserCard" time="0.001" classname="com.rongbei.util.WriteUserCard"/>
  <testcase name="writeUserCard" time="0.001" classname="com.rongbei.util.WriteUserCard"/>
  <testcase name="writeUserCard" time="0.002" classname="com.rongbei.util.WriteUserCard"/>
  <testcase name="writeUserCard" time="0.003" classname="com.rongbei.util.WriteUserCard"/>
  <testcase name="writeUserCard" time="0.002" classname="com.rongbei.util.WriteUserCard"/>
  <testcase name="writeUserCard" time="0.001" classname="com.rongbei.util.WriteUserCard"/>
  <testcase name="writeUserCard" time="0.002" classname="com.rongbei.util.WriteUserCard"/>
  <testcase name="writeUserCard" time="0.008" classname="com.rongbei.util.WriteUserCard"/>
  <testcase name="writeUserCard" time="0.017" classname="com.rongbei.util.WriteUserCard"/>
  <testcase name="writeUserCard" time="0.001" classname="com.rongbei.util.WriteUserCard"/>
  <testcase name="writeUserCard" time="0.002" classname="com.rongbei.util.WriteUserCard"/>
  <testcase name="writeUserCard" time="0.002" classname="com.rongbei.util.WriteUserCard"/>
  <testcase name="writeUserCard" time="0.001" classname="com.rongbei.util.WriteUserCard"/>
  <testcase name="writeUserCard" time="0.002" classname="com.rongbei.util.WriteUserCard"/>
  <testcase name="writeUserCard" time="0.001" classname="com.rongbei.util.WriteUserCard"/>
  <testcase name="writeUserCard" time="0.002" classname="com.rongbei.util.WriteUserCard"/>
  <testcase name="writeUserCard" time="0.002" classname="com.rongbei.util.WriteUserCard"/>
  <testcase name="writeUserCard" time="0.001" classname="com.rongbei.util.WriteUserCard"/>
  <testcase name="writeUserCard" time="0.001" classname="com.rongbei.util.WriteUserCard"/>
  <testcase name="writeUserCard" time="0.001" classname="com.rongbei.util.WriteUserCard"/>
  <testcase name="writeUserCard" time="0.006" classname="com.rongbei.util.WriteUserCard"/>
  <testcase name="writeUserCard" time="0.000" classname="com.rongbei.util.WriteUserCard"/>
  <testcase name="writeUserCard" time="0.001" classname="com.rongbei.util.WriteUserCard"/>
  <testcase name="writeUserCard" time="0.001" classname="com.rongbei.util.WriteUserCard"/>
  <testcase name="writeUserCard" time="0.002" classname="com.rongbei.util.WriteUserCard"/>
  <testcase name="writeUserCard" time="0.001" classname="com.rongbei.util.WriteUserCard"/>
  <testcase name="writeUserCard" time="0.003" classname="com.rongbei.util.WriteUserCard"/>
  <testcase name="writeUserCard" time="0.001" classname="com.rongbei.util.WriteUserCard"/>
  <testcase name="writeUserCard" time="0.001" classname="com.rongbei.util.WriteUserCard"/>
  <testcase name="writeUserCard" time="0.002" classname="com.rongbei.util.WriteUserCard"/>
  <testcase name="writeUserCard" time="0.001" classname="com.rongbei.util.WriteUserCard"/>
  <testcase name="writeUserCard" time="0.000" classname="com.rongbei.util.WriteUserCard"/>
  <testcase name="writeUserCard" time="0.001" classname="com.rongbei.util.WriteUserCard"/>
  <testcase name="writeUserCard" time="0.001" classname="com.rongbei.util.WriteUserCard"/>
  <testcase name="writeUserCard" time="0.001" classname="com.rongbei.util.WriteUserCard"/>
  <testcase name="writeUserCard" time="0.001" classname="com.rongbei.util.WriteUserCard"/>
  <testcase name="writeUserCard" time="0.001" classname="com.rongbei.util.WriteUserCard"/>
  <testcase name="writeUserCard" time="0.001" classname="com.rongbei.util.WriteUserCard"/>
  <testcase name="writeUserCard" time="0.001" classname="com.rongbei.util.WriteUserCard"/>
  <testcase name="writeUserCard" time="0.005" classname="com.rongbei.util.WriteUserCard"/>
  <testcase name="writeUserCard" time="0.001" classname="com.rongbei.util.WriteUserCard"/>
  <testcase name="writeUserCard" time="0.049" classname="com.rongbei.util.WriteUserCard"/>
  <testcase name="writeUserCard" time="0.001" classname="com.rongbei.util.WriteUserCard"/>
  <testcase name="writeUserCard" time="0.001" classname="com.rongbei.util.WriteUserCard"/>
  <testcase name="writeUserCard" time="0.001" classname="com.rongbei.util.WriteUserCard"/>
  <testcase name="writeUserCard" time="0.016" classname="com.rongbei.util.WriteUserCard"/>
  <testcase name="writeUserCard" time="0.001" classname="com.rongbei.util.WriteUserCard"/>
  <testcase name="writeUserCard" time="0.001" classname="com.rongbei.util.WriteUserCard"/>
  <testcase name="writeUserCard" time="0.001" classname="com.rongbei.util.WriteUserCard"/>
  <testcase name="writeUserCard" time="0.001" classname="com.rongbei.util.WriteUserCard"/>
  <testcase name="writeUserCard" time="0.001" classname="com.rongbei.util.WriteUserCard"/>
  <testcase name="writeUserCard" time="0.001" classname="com.rongbei.util.WriteUserCard"/>
  <testcase name="writeUserCard" time="0.016" classname="com.rongbei.util.WriteUserCard"/>
  <testcase name="writeUserCard" time="0.001" classname="com.rongbei.util.WriteUserCard"/>
  <testcase name="writeUserCard" time="0.001" classname="com.rongbei.util.WriteUserCard"/>
  <testcase name="writeUserCard" time="0.001" classname="com.rongbei.util.WriteUserCard"/>
  <testcase name="writeUserCard" time="0.001" classname="com.rongbei.util.WriteUserCard"/>
  <testcase name="writeUserCard" time="0.001" classname="com.rongbei.util.WriteUserCard"/>
  <testcase name="writeUserCard" time="0.001" classname="com.rongbei.util.WriteUserCard"/>
  <testcase name="writeUserCard" time="0.001" classname="com.rongbei.util.WriteUserCard"/>
  <testcase name="writeUserCard" time="0.001" classname="com.rongbei.util.WriteUserCard"/>
  <testcase name="writeUserCard" time="0.002" classname="com.rongbei.util.WriteUserCard"/>
  <testcase name="writeUserCard" time="0.001" classname="com.rongbei.util.WriteUserCard"/>
  <testcase name="writeUserCard" time="0.001" classname="com.rongbei.util.WriteUserCard"/>
  <testcase name="writeUserCard" time="0.018" classname="com.rongbei.util.WriteUserCard"/>
  <testcase name="writeUserCard" time="0.002" classname="com.rongbei.util.WriteUserCard"/>
  <testcase name="writeUserCard" time="0.022" classname="com.rongbei.util.WriteUserCard"/>
  <testcase name="writeUserCard" time="0.001" classname="com.rongbei.util.WriteUserCard"/>
  <testcase name="writeUserCard" time="0.002" classname="com.rongbei.util.WriteUserCard"/>
  <testcase name="writeUserCard" time="0.001" classname="com.rongbei.util.WriteUserCard"/>
  <testcase name="writeUserCard" time="0.001" classname="com.rongbei.util.WriteUserCard"/>
  <testcase name="writeUserCard" time="0.001" classname="com.rongbei.util.WriteUserCard"/>
  <testcase name="writeUserCard" time="0.002" classname="com.rongbei.util.WriteUserCard"/>
  <testcase name="writeUserCard" time="0.001" classname="com.rongbei.util.WriteUserCard"/>
  <testcase name="writeUserCard" time="0.001" classname="com.rongbei.util.WriteUserCard"/>
  <testcase name="writeUserCard" time="0.001" classname="com.rongbei.util.WriteUserCard"/>
  <testcase name="writeUserCard" time="0.001" classname="com.rongbei.util.WriteUserCard"/>
  <testcase name="writeUserCard" time="0.003" classname="com.rongbei.util.WriteUserCard"/>
  <testcase name="writeUserCard" time="0.001" classname="com.rongbei.util.WriteUserCard"/>
  <testcase name="writeUserCard" time="0.001" classname="com.rongbei.util.WriteUserCard"/>
  <testcase name="writeUserCard" time="0.001" classname="com.rongbei.util.WriteUserCard"/>
  <testcase name="writeUserCard" time="0.005" classname="com.rongbei.util.WriteUserCard"/>
  <testcase name="writeUserCard" time="0.002" classname="com.rongbei.util.WriteUserCard"/>
  <testcase name="writeUserCard" time="0.001" classname="com.rongbei.util.WriteUserCard"/>
  <testcase name="writeUserCard" time="0.002" classname="com.rongbei.util.WriteUserCard"/>
  <testcase name="writeUserCard" time="0.002" classname="com.rongbei.util.WriteUserCard"/>
  <testcase name="writeUserCard" time="0.001" classname="com.rongbei.util.WriteUserCard"/>
  <testcase name="writeUserCard" time="0.001" classname="com.rongbei.util.WriteUserCard"/>
  <testcase name="writeUserCard" time="0.001" classname="com.rongbei.util.WriteUserCard"/>
  <testcase name="writeUserCard" time="0.000" classname="com.rongbei.util.WriteUserCard"/>
  <testcase name="writeUserCard" time="0.004" classname="com.rongbei.util.WriteUserCard"/>
  <testcase name="writeUserCard" time="0.000" classname="com.rongbei.util.WriteUserCard"/>
  <testcase name="writeUserCard" time="0.001" classname="com.rongbei.util.WriteUserCard"/>
  <testcase name="writeUserCard" time="0.001" classname="com.rongbei.util.WriteUserCard"/>
  <testcase name="writeUserCard" time="0.023" classname="com.rongbei.util.WriteUserCard"/>
  <testcase name="writeUserCard" time="0.001" classname="com.rongbei.util.WriteUserCard"/>
  <testcase name="writeUserCard" time="0.001" classname="com.rongbei.util.WriteUserCard"/>
  <testcase name="writeUserCard" time="0.001" classname="com.rongbei.util.WriteUserCard"/>
  <testcase name="writeUserCard" time="0.001" classname="com.rongbei.util.WriteUserCard"/>
  <testcase name="writeUserCard" time="0.001" classname="com.rongbei.util.WriteUserCard"/>
  <testcase name="writeUserCard" time="0.018" classname="com.rongbei.util.WriteUserCard"/>
  <testcase name="writeUserCard" time="0.001" classname="com.rongbei.util.WriteUserCard"/>
  <testcase name="writeUserCard" time="0.001" classname="com.rongbei.util.WriteUserCard"/>
  <testcase name="writeUserCard" time="0.002" classname="com.rongbei.util.WriteUserCard"/>
  <testcase name="writeUserCard" time="0.001" classname="com.rongbei.util.WriteUserCard"/>
  <testcase name="writeUserCard" time="0.001" classname="com.rongbei.util.WriteUserCard"/>
  <testcase name="writeUserCard" time="0.002" classname="com.rongbei.util.WriteUserCard"/>
  <testcase name="writeUserCard" time="0.001" classname="com.rongbei.util.WriteUserCard"/>
  <testcase name="writeUserCard" time="0.001" classname="com.rongbei.util.WriteUserCard"/>
  <testcase name="writeUserCard" time="0.001" classname="com.rongbei.util.WriteUserCard"/>
  <testcase name="writeUserCard" time="0.002" classname="com.rongbei.util.WriteUserCard"/>
  <testcase name="writeUserCard" time="0.001" classname="com.rongbei.util.WriteUserCard"/>
  <testcase name="writeUserCard" time="0.001" classname="com.rongbei.util.WriteUserCard"/>
  <testcase name="writeUserCard" time="0.001" classname="com.rongbei.util.WriteUserCard"/>
  <testcase name="writeUserCard" time="0.001" classname="com.rongbei.util.WriteUserCard"/>
  <testcase name="writeUserCard" time="0.002" classname="com.rongbei.util.WriteUserCard"/>
  <testcase name="writeUserCard" time="0.001" classname="com.rongbei.util.WriteUserCard"/>
  <testcase name="writeUserCard" time="0.000" classname="com.rongbei.util.WriteUserCard"/>
  <testcase name="writeUserCard" time="0.001" classname="com.rongbei.util.WriteUserCard"/>
  <testcase name="writeUserCard" time="0.001" classname="com.rongbei.util.WriteUserCard"/>
  <testcase name="writeUserCard" time="0.002" classname="com.rongbei.util.WriteUserCard"/>
  <testcase name="writeUserCard" time="0.002" classname="com.rongbei.util.WriteUserCard"/>
  <testcase name="writeUserCard" time="0.001" classname="com.rongbei.util.WriteUserCard"/>
  <testcase name="writeUserCard" time="0.001" classname="com.rongbei.util.WriteUserCard"/>
  <testcase name="writeUserCard" time="0.001" classname="com.rongbei.util.WriteUserCard"/>
  <testcase name="writeUserCard" time="0.002" classname="com.rongbei.util.WriteUserCard"/>
  <testcase name="writeUserCard" time="0.000" classname="com.rongbei.util.WriteUserCard"/>
  <testcase name="writeUserCard" time="0.002" classname="com.rongbei.util.WriteUserCard"/>
  <testcase name="writeUserCard" time="0.001" classname="com.rongbei.util.WriteUserCard"/>
  <testcase name="writeUserCard" time="0.001" classname="com.rongbei.util.WriteUserCard"/>
  <testcase name="writeUserCard" time="0.001" classname="com.rongbei.util.WriteUserCard"/>
  <testcase name="writeUserCard" time="0.001" classname="com.rongbei.util.WriteUserCard"/>
  <testcase name="writeUserCard" time="0.002" classname="com.rongbei.util.WriteUserCard"/>
  <testcase name="writeUserCard" time="0.001" classname="com.rongbei.util.WriteUserCard"/>
  <testcase name="writeUserCard" time="0.001" classname="com.rongbei.util.WriteUserCard"/>
  <testcase name="writeUserCard" time="0.002" classname="com.rongbei.util.WriteUserCard"/>
  <testcase name="writeUserCard" time="0.016" classname="com.rongbei.util.WriteUserCard"/>
  <testcase name="writeUserCard" time="0.001" classname="com.rongbei.util.WriteUserCard"/>
  <testcase name="writeUserCard" time="0.002" classname="com.rongbei.util.WriteUserCard"/>
  <testcase name="writeUserCard" time="0.001" classname="com.rongbei.util.WriteUserCard"/>
  <testcase name="writeUserCard" time="0.001" classname="com.rongbei.util.WriteUserCard"/>
  <testcase name="writeUserCard" time="0.001" classname="com.rongbei.util.WriteUserCard"/>
  <testcase name="writeUserCard" time="0.001" classname="com.rongbei.util.WriteUserCard"/>
  <testcase name="writeUserCard" time="0.001" classname="com.rongbei.util.WriteUserCard"/>
  <testcase name="writeUserCard" time="0.001" classname="com.rongbei.util.WriteUserCard"/>
  <testcase name="writeUserCard" time="0.001" classname="com.rongbei.util.WriteUserCard"/>
  <testcase name="writeUserCard" time="0.001" classname="com.rongbei.util.WriteUserCard"/>
  <testcase name="writeUserCard" time="0.001" classname="com.rongbei.util.WriteUserCard"/>
  <testcase name="writeUserCard" time="0.001" classname="com.rongbei.util.WriteUserCard"/>
  <testcase name="writeUserCard" time="0.001" classname="com.rongbei.util.WriteUserCard"/>
  <testcase name="writeUserCard" time="0.001" classname="com.rongbei.util.WriteUserCard"/>
  <testcase name="writeUserCard" time="0.001" classname="com.rongbei.util.WriteUserCard"/>
  <testcase name="writeUserCard" time="0.001" classname="com.rongbei.util.WriteUserCard"/>
  <testcase name="writeUserCard" time="0.001" classname="com.rongbei.util.WriteUserCard"/>
  <testcase name="writeUserCard" time="0.000" classname="com.rongbei.util.WriteUserCard"/>
  <testcase name="writeUserCard" time="0.001" classname="com.rongbei.util.WriteUserCard"/>
  <testcase name="writeUserCard" time="0.002" classname="com.rongbei.util.WriteUserCard"/>
  <testcase name="writeUserCard" time="0.002" classname="com.rongbei.util.WriteUserCard"/>
  <testcase name="writeUserCard" time="0.018" classname="com.rongbei.util.WriteUserCard"/>
  <testcase name="writeUserCard" time="0.001" classname="com.rongbei.util.WriteUserCard"/>
  <testcase name="writeUserCard" time="0.001" classname="com.rongbei.util.WriteUserCard"/>
  <testcase name="writeUserCard" time="0.000" classname="com.rongbei.util.WriteUserCard"/>
  <testcase name="writeUserCard" time="0.022" classname="com.rongbei.util.WriteUserCard"/>
  <testcase name="writeUserCard" time="0.001" classname="com.rongbei.util.WriteUserCard"/>
  <testcase name="writeUserCard" time="0.001" classname="com.rongbei.util.WriteUserCard"/>
  <testcase name="writeUserCard" time="0.001" classname="com.rongbei.util.WriteUserCard"/>
  <testcase name="writeUserCard" time="0.001" classname="com.rongbei.util.WriteUserCard"/>
  <testcase name="writeUserCard" time="0.001" classname="com.rongbei.util.WriteUserCard"/>
  <testcase name="writeUserCard" time="0.001" classname="com.rongbei.util.WriteUserCard"/>
  <testcase name="writeUserCard" time="0.001" classname="com.rongbei.util.WriteUserCard"/>
  <testcase name="writeUserCard" time="0.001" classname="com.rongbei.util.WriteUserCard"/>
  <testcase name="writeUserCard" time="0.001" classname="com.rongbei.util.WriteUserCard"/>
  <testcase name="writeUserCard" time="0.005" classname="com.rongbei.util.WriteUserCard"/>
  <testcase name="writeUserCard" time="0.001" classname="com.rongbei.util.WriteUserCard"/>
  <testcase name="writeUserCard" time="0.001" classname="com.rongbei.util.WriteUserCard"/>
  <testcase name="writeUserCard" time="0.001" classname="com.rongbei.util.WriteUserCard"/>
  <testcase name="writeUserCard" time="0.001" classname="com.rongbei.util.WriteUserCard"/>
  <testcase name="writeUserCard" time="0.001" classname="com.rongbei.util.WriteUserCard"/>
  <testcase name="writeUserCard" time="0.002" classname="com.rongbei.util.WriteUserCard"/>
  <testcase name="writeUserCard" time="0.001" classname="com.rongbei.util.WriteUserCard"/>
  <testcase name="writeUserCard" time="0.002" classname="com.rongbei.util.WriteUserCard"/>
  <testcase name="writeUserCard" time="0.001" classname="com.rongbei.util.WriteUserCard"/>
  <testcase name="writeUserCard" time="0.001" classname="com.rongbei.util.WriteUserCard"/>
  <testcase name="writeUserCard" time="0.001" classname="com.rongbei.util.WriteUserCard"/>
  <testcase name="writeUserCard" time="0.002" classname="com.rongbei.util.WriteUserCard"/>
  <testcase name="writeUserCard" time="0.001" classname="com.rongbei.util.WriteUserCard"/>
  <testcase name="writeUserCard" time="0.002" classname="com.rongbei.util.WriteUserCard"/>
  <testcase name="writeUserCard" time="0.001" classname="com.rongbei.util.WriteUserCard"/>
  <testcase name="writeUserCard" time="0.001" classname="com.rongbei.util.WriteUserCard"/>
  <testcase name="writeUserCard" time="0.002" classname="com.rongbei.util.WriteUserCard"/>
  <testcase name="writeUserCard" time="0.001" classname="com.rongbei.util.WriteUserCard"/>
  <testcase name="writeUserCard" time="0.003" classname="com.rongbei.util.WriteUserCard"/>
  <testcase name="writeUserCard" time="0.000" classname="com.rongbei.util.WriteUserCard"/>
  <testcase name="writeUserCard" time="0.002" classname="com.rongbei.util.WriteUserCard"/>
  <testcase name="writeUserCard" time="0.001" classname="com.rongbei.util.WriteUserCard"/>
  <testcase name="writeUserCard" time="0.001" classname="com.rongbei.util.WriteUserCard"/>
  <testcase name="writeUserCard" time="0.001" classname="com.rongbei.util.WriteUserCard"/>
  <testcase name="writeUserCard" time="0.002" classname="com.rongbei.util.WriteUserCard"/>
  <testcase name="writeUserCard" time="0.001" classname="com.rongbei.util.WriteUserCard"/>
  <testcase name="writeUserCard" time="0.001" classname="com.rongbei.util.WriteUserCard"/>
  <testcase name="writeUserCard" time="0.014" classname="com.rongbei.util.WriteUserCard"/>
  <testcase name="writeUserCard" time="0.001" classname="com.rongbei.util.WriteUserCard"/>
  <testcase name="writeUserCard" time="0.001" classname="com.rongbei.util.WriteUserCard"/>
  <testcase name="writeUserCard" time="0.001" classname="com.rongbei.util.WriteUserCard"/>
  <testcase name="writeUserCard" time="0.002" classname="com.rongbei.util.WriteUserCard"/>
  <testcase name="writeUserCard" time="0.001" classname="com.rongbei.util.WriteUserCard"/>
  <testcase name="writeUserCard" time="0.001" classname="com.rongbei.util.WriteUserCard"/>
  <testcase name="writeUserCard" time="0.001" classname="com.rongbei.util.WriteUserCard"/>
  <testcase name="writeUserCard" time="0.001" classname="com.rongbei.util.WriteUserCard"/>
  <testcase name="writeUserCard" time="0.003" classname="com.rongbei.util.WriteUserCard"/>
  <testcase name="writeUserCard" time="0.004" classname="com.rongbei.util.WriteUserCard"/>
  <testcase name="writeUserCard" time="0.001" classname="com.rongbei.util.WriteUserCard"/>
  <testcase name="writeUserCard" time="0.001" classname="com.rongbei.util.WriteUserCard"/>
  <testcase name="writeUserCard" time="0.001" classname="com.rongbei.util.WriteUserCard"/>
  <testcase name="writeUserCard" time="0.000" classname="com.rongbei.util.WriteUserCard"/>
  <testcase name="writeUserCard" time="0.002" classname="com.rongbei.util.WriteUserCard"/>
  <testcase name="writeUserCard" time="0.001" classname="com.rongbei.util.WriteUserCard"/>
  <testcase name="writeUserCard" time="0.001" classname="com.rongbei.util.WriteUserCard"/>
  <testcase name="writeUserCard" time="0.002" classname="com.rongbei.util.WriteUserCard"/>
  <testcase name="writeUserCard" time="0.001" classname="com.rongbei.util.WriteUserCard"/>
  <testcase name="writeUserCard" time="0.003" classname="com.rongbei.util.WriteUserCard"/>
  <testcase name="writeUserCard" time="0.001" classname="com.rongbei.util.WriteUserCard"/>
  <testcase name="writeUserCard" time="0.001" classname="com.rongbei.util.WriteUserCard"/>
  <testcase name="writeUserCard" time="0.001" classname="com.rongbei.util.WriteUserCard"/>
  <testcase name="writeUserCard" time="0.001" classname="com.rongbei.util.WriteUserCard"/>
  <testcase name="writeUserCard" time="0.001" classname="com.rongbei.util.WriteUserCard"/>
  <testcase name="writeUserCard" time="0.002" classname="com.rongbei.util.WriteUserCard"/>
  <testcase name="writeUserCard" time="0.002" classname="com.rongbei.util.WriteUserCard"/>
  <testcase name="writeUserCard" time="0.001" classname="com.rongbei.util.WriteUserCard"/>
  <testcase name="writeUserCard" time="0.002" classname="com.rongbei.util.WriteUserCard"/>
  <testcase name="writeUserCard" time="0.001" classname="com.rongbei.util.WriteUserCard"/>
  <testcase name="writeUserCard" time="0.002" classname="com.rongbei.util.WriteUserCard"/>
  <testcase name="writeUserCard" time="0.001" classname="com.rongbei.util.WriteUserCard"/>
  <testcase name="writeUserCard" time="0.007" classname="com.rongbei.util.WriteUserCard"/>
  <testcase name="writeUserCard" time="0.001" classname="com.rongbei.util.WriteUserCard"/>
  <testcase name="writeUserCard" time="0.008" classname="com.rongbei.util.WriteUserCard"/>
  <testcase name="writeUserCard" time="0.001" classname="com.rongbei.util.WriteUserCard"/>
  <testcase name="writeUserCard" time="0.001" classname="com.rongbei.util.WriteUserCard"/>
  <testcase name="writeUserCard" time="0.001" classname="com.rongbei.util.WriteUserCard"/>
  <testcase name="writeUserCard" time="0.004" classname="com.rongbei.util.WriteUserCard"/>
  <testcase name="writeUserCard" time="0.001" classname="com.rongbei.util.WriteUserCard"/>
  <testcase name="writeUserCard" time="0.001" classname="com.rongbei.util.WriteUserCard"/>
  <testcase name="writeUserCard" time="0.001" classname="com.rongbei.util.WriteUserCard"/>
  <testcase name="writeUserCard" time="0.001" classname="com.rongbei.util.WriteUserCard"/>
  <testcase name="writeUserCard" time="0.001" classname="com.rongbei.util.WriteUserCard"/>
  <testcase name="writeUserCard" time="0.001" classname="com.rongbei.util.WriteUserCard"/>
  <testcase name="writeUserCard" time="0.001" classname="com.rongbei.util.WriteUserCard"/>
  <testcase name="writeUserCard" time="0.001" classname="com.rongbei.util.WriteUserCard"/>
  <testcase name="writeUserCard" time="0.002" classname="com.rongbei.util.WriteUserCard"/>
  <testcase name="writeUserCard" time="0.002" classname="com.rongbei.util.WriteUserCard"/>
  <testcase name="writeUserCard" time="0.000" classname="com.rongbei.util.WriteUserCard"/>
  <testcase name="writeUserCard" time="0.002" classname="com.rongbei.util.WriteUserCard"/>
  <testcase name="writeUserCard" time="0.001" classname="com.rongbei.util.WriteUserCard"/>
  <testcase name="writeUserCard" time="0.001" classname="com.rongbei.util.WriteUserCard"/>
  <testcase name="writeUserCard" time="0.002" classname="com.rongbei.util.WriteUserCard"/>
  <testcase name="writeUserCard" time="0.002" classname="com.rongbei.util.WriteUserCard"/>
  <testcase name="writeUserCard" time="0.005" classname="com.rongbei.util.WriteUserCard"/>
  <testcase name="writeUserCard" time="0.002" classname="com.rongbei.util.WriteUserCard"/>
  <testcase name="writeUserCard" time="0.002" classname="com.rongbei.util.WriteUserCard"/>
  <testcase name="writeUserCard" time="0.001" classname="com.rongbei.util.WriteUserCard"/>
  <testcase name="writeUserCard" time="0.001" classname="com.rongbei.util.WriteUserCard"/>
  <testcase name="writeUserCard" time="0.006" classname="com.rongbei.util.WriteUserCard"/>
  <testcase name="writeUserCard" time="0.000" classname="com.rongbei.util.WriteUserCard"/>
  <testcase name="writeUserCard" time="0.001" classname="com.rongbei.util.WriteUserCard"/>
  <testcase name="writeUserCard" time="0.001" classname="com.rongbei.util.WriteUserCard"/>
  <testcase name="writeUserCard" time="0.001" classname="com.rongbei.util.WriteUserCard"/>
  <testcase name="writeUserCard" time="0.001" classname="com.rongbei.util.WriteUserCard"/>
  <testcase name="writeUserCard" time="0.001" classname="com.rongbei.util.WriteUserCard"/>
  <testcase name="writeUserCard" time="0.001" classname="com.rongbei.util.WriteUserCard"/>
  <testcase name="writeUserCard" time="0.001" classname="com.rongbei.util.WriteUserCard"/>
  <testcase name="writeUserCard" time="0.000" classname="com.rongbei.util.WriteUserCard"/>
  <testcase name="writeUserCard" time="0.001" classname="com.rongbei.util.WriteUserCard"/>
  <testcase name="writeUserCard" time="0.001" classname="com.rongbei.util.WriteUserCard"/>
  <testcase name="writeUserCard" time="0.001" classname="com.rongbei.util.WriteUserCard"/>
  <testcase name="writeUserCard" time="0.001" classname="com.rongbei.util.WriteUserCard"/>
  <testcase name="writeUserCard" time="0.002" classname="com.rongbei.util.WriteUserCard"/>
  <testcase name="writeUserCard" time="0.001" classname="com.rongbei.util.WriteUserCard"/>
  <testcase name="writeUserCard" time="0.007" classname="com.rongbei.util.WriteUserCard"/>
  <testcase name="writeUserCard" time="0.001" classname="com.rongbei.util.WriteUserCard"/>
  <testcase name="writeUserCard" time="0.001" classname="com.rongbei.util.WriteUserCard"/>
  <testcase name="writeUserCard" time="0.001" classname="com.rongbei.util.WriteUserCard"/>
  <testcase name="writeUserCard" time="0.002" classname="com.rongbei.util.WriteUserCard"/>
  <testcase name="writeUserCard" time="0.001" classname="com.rongbei.util.WriteUserCard"/>
  <testcase name="writeUserCard" time="0.001" classname="com.rongbei.util.WriteUserCard"/>
  <testcase name="writeUserCard" time="0.001" classname="com.rongbei.util.WriteUserCard"/>
  <testcase name="writeUserCard" time="0.002" classname="com.rongbei.util.WriteUserCard"/>
  <testcase name="writeUserCard" time="0.002" classname="com.rongbei.util.WriteUserCard"/>
  <testcase name="writeUserCard" time="0.001" classname="com.rongbei.util.WriteUserCard"/>
  <testcase name="writeUserCard" time="0.007" classname="com.rongbei.util.WriteUserCard"/>
  <testcase name="writeUserCard" time="0.002" classname="com.rongbei.util.WriteUserCard"/>
  <testcase name="writeUserCard" time="0.002" classname="com.rongbei.util.WriteUserCard"/>
  <testcase name="writeUserCard" time="0.001" classname="com.rongbei.util.WriteUserCard"/>
  <testcase name="writeUserCard" time="0.001" classname="com.rongbei.util.WriteUserCard"/>
  <testcase name="writeUserCard" time="0.001" classname="com.rongbei.util.WriteUserCard"/>
  <testcase name="writeUserCard" time="0.001" classname="com.rongbei.util.WriteUserCard"/>
  <testcase name="writeUserCard" time="0.001" classname="com.rongbei.util.WriteUserCard"/>
  <testcase name="writeUserCard" time="0.001" classname="com.rongbei.util.WriteUserCard"/>
  <testcase name="writeUserCard" time="0.001" classname="com.rongbei.util.WriteUserCard"/>
  <testcase name="writeUserCard" time="0.001" classname="com.rongbei.util.WriteUserCard"/>
  <testcase name="writeUserCard" time="0.020" classname="com.rongbei.util.WriteUserCard"/>
  <testcase name="writeUserCard" time="0.001" classname="com.rongbei.util.WriteUserCard"/>
  <testcase name="writeUserCard" time="0.001" classname="com.rongbei.util.WriteUserCard"/>
  <testcase name="writeUserCard" time="0.032" classname="com.rongbei.util.WriteUserCard"/>
  <testcase name="writeUserCard" time="0.001" classname="com.rongbei.util.WriteUserCard"/>
  <testcase name="writeUserCard" time="0.001" classname="com.rongbei.util.WriteUserCard"/>
  <testcase name="writeUserCard" time="0.001" classname="com.rongbei.util.WriteUserCard"/>
  <testcase name="writeUserCard" time="0.002" classname="com.rongbei.util.WriteUserCard"/>
  <testcase name="writeUserCard" time="0.001" classname="com.rongbei.util.WriteUserCard"/>
  <testcase name="writeUserCard" time="0.001" classname="com.rongbei.util.WriteUserCard"/>
  <testcase name="writeUserCard" time="0.006" classname="com.rongbei.util.WriteUserCard"/>
  <testcase name="writeUserCard" time="0.031" classname="com.rongbei.util.WriteUserCard"/>
  <testcase name="writeUserCard" time="0.001" classname="com.rongbei.util.WriteUserCard"/>
  <testcase name="writeUserCard" time="0.002" classname="com.rongbei.util.WriteUserCard"/>
  <testcase name="writeUserCard" time="0.001" classname="com.rongbei.util.WriteUserCard"/>
  <testcase name="writeUserCard" time="0.001" classname="com.rongbei.util.WriteUserCard"/>
  <testcase name="writeUserCard" time="0.025" classname="com.rongbei.util.WriteUserCard"/>
  <testcase name="writeUserCard" time="0.001" classname="com.rongbei.util.WriteUserCard"/>
  <testcase name="writeUserCard" time="0.001" classname="com.rongbei.util.WriteUserCard"/>
  <testcase name="writeUserCard" time="0.001" classname="com.rongbei.util.WriteUserCard"/>
  <testcase name="writeUserCard" time="0.001" classname="com.rongbei.util.WriteUserCard"/>
  <testcase name="writeUserCard" time="0.001" classname="com.rongbei.util.WriteUserCard"/>
  <testcase name="writeUserCard" time="0.001" classname="com.rongbei.util.WriteUserCard"/>
  <testcase name="writeUserCard" time="0.001" classname="com.rongbei.util.WriteUserCard"/>
  <testcase name="writeUserCard" time="0.001" classname="com.rongbei.util.WriteUserCard"/>
  <testcase name="writeUserCard" time="0.001" classname="com.rongbei.util.WriteUserCard"/>
  <testcase name="writeUserCard" time="0.001" classname="com.rongbei.util.WriteUserCard"/>
  <testcase name="writeUserCard" time="0.002" classname="com.rongbei.util.WriteUserCard"/>
  <testcase name="writeUserCard" time="0.001" classname="com.rongbei.util.WriteUserCard"/>
  <testcase name="writeUserCard" time="0.002" classname="com.rongbei.util.WriteUserCard"/>
  <testcase name="writeUserCard" time="0.001" classname="com.rongbei.util.WriteUserCard"/>
  <testcase name="writeUserCard" time="0.001" classname="com.rongbei.util.WriteUserCard"/>
  <testcase name="writeUserCard" time="0.000" classname="com.rongbei.util.WriteUserCard"/>
  <testcase name="writeUserCard" time="0.001" classname="com.rongbei.util.WriteUserCard"/>
  <testcase name="writeUserCard" time="0.000" classname="com.rongbei.util.WriteUserCard"/>
  <testcase name="writeUserCard" time="0.001" classname="com.rongbei.util.WriteUserCard"/>
  <testcase name="writeUserCard" time="0.001" classname="com.rongbei.util.WriteUserCard"/>
  <testcase name="writeUserCard" time="0.001" classname="com.rongbei.util.WriteUserCard"/>
  <testcase name="writeUserCard" time="0.001" classname="com.rongbei.util.WriteUserCard"/>
  <testcase name="writeUserCard" time="0.001" classname="com.rongbei.util.WriteUserCard"/>
  <testcase name="writeUserCard" time="0.001" classname="com.rongbei.util.WriteUserCard"/>
  <testcase name="writeUserCard" time="0.001" classname="com.rongbei.util.WriteUserCard"/>
  <testcase name="writeUserCard" time="0.002" classname="com.rongbei.util.WriteUserCard"/>
  <testcase name="writeUserCard" time="0.001" classname="com.rongbei.util.WriteUserCard"/>
  <testcase name="writeUserCard" time="0.001" classname="com.rongbei.util.WriteUserCard"/>
  <testcase name="writeUserCard" time="0.001" classname="com.rongbei.util.WriteUserCard"/>
  <testcase name="writeUserCard" time="0.002" classname="com.rongbei.util.WriteUserCard"/>
  <testcase name="writeUserCard" time="0.001" classname="com.rongbei.util.WriteUserCard"/>
  <testcase name="writeUserCard" time="0.001" classname="com.rongbei.util.WriteUserCard"/>
  <testcase name="writeUserCard" time="0.001" classname="com.rongbei.util.WriteUserCard"/>
  <testcase name="writeUserCard" time="0.001" classname="com.rongbei.util.WriteUserCard"/>
  <testcase name="writeUserCard" time="0.002" classname="com.rongbei.util.WriteUserCard"/>
  <testcase name="writeUserCard" time="0.001" classname="com.rongbei.util.WriteUserCard"/>
  <testcase name="writeUserCard" time="0.001" classname="com.rongbei.util.WriteUserCard"/>
  <testcase name="writeUserCard" time="0.004" classname="com.rongbei.util.WriteUserCard"/>
  <testcase name="writeUserCard" time="0.001" classname="com.rongbei.util.WriteUserCard"/>
  <testcase name="writeUserCard" time="0.000" classname="com.rongbei.util.WriteUserCard"/>
  <testcase name="writeUserCard" time="0.001" classname="com.rongbei.util.WriteUserCard"/>
  <testcase name="writeUserCard" time="0.003" classname="com.rongbei.util.WriteUserCard"/>
  <testcase name="writeUserCard" time="0.001" classname="com.rongbei.util.WriteUserCard"/>
  <testcase name="writeUserCard" time="0.000" classname="com.rongbei.util.WriteUserCard"/>
  <testcase name="writeUserCard" time="0.002" classname="com.rongbei.util.WriteUserCard"/>
  <testcase name="writeUserCard" time="0.000" classname="com.rongbei.util.WriteUserCard"/>
  <testcase name="writeUserCard" time="0.001" classname="com.rongbei.util.WriteUserCard"/>
  <testcase name="writeUserCard" time="0.001" classname="com.rongbei.util.WriteUserCard"/>
  <testcase name="writeUserCard" time="0.001" classname="com.rongbei.util.WriteUserCard"/>
  <testcase name="writeUserCard" time="0.001" classname="com.rongbei.util.WriteUserCard"/>
  <testcase name="writeUserCard" time="0.001" classname="com.rongbei.util.WriteUserCard"/>
  <testcase name="writeUserCard" time="0.001" classname="com.rongbei.util.WriteUserCard"/>
  <testcase name="writeUserCard" time="0.001" classname="com.rongbei.util.WriteUserCard"/>
  <testcase name="writeUserCard" time="0.001" classname="com.rongbei.util.WriteUserCard"/>
  <testcase name="writeUserCard" time="0.001" classname="com.rongbei.util.WriteUserCard"/>
  <testcase name="writeUserCard" time="0.001" classname="com.rongbei.util.WriteUserCard"/>
  <testcase name="writeUserCard" time="0.000" classname="com.rongbei.util.WriteUserCard"/>
  <testcase name="writeUserCard" time="0.002" classname="com.rongbei.util.WriteUserCard"/>
  <testcase name="writeUserCard" time="0.001" classname="com.rongbei.util.WriteUserCard"/>
  <testcase name="writeUserCard" time="0.001" classname="com.rongbei.util.WriteUserCard"/>
  <testcase name="writeUserCard" time="0.001" classname="com.rongbei.util.WriteUserCard"/>
  <testcase name="writeUserCard" time="0.002" classname="com.rongbei.util.WriteUserCard"/>
  <testcase name="writeUserCard" time="0.001" classname="com.rongbei.util.WriteUserCard"/>
  <testcase name="writeUserCard" time="0.002" classname="com.rongbei.util.WriteUserCard"/>
  <testcase name="writeUserCard" time="0.001" classname="com.rongbei.util.WriteUserCard"/>
  <testcase name="writeUserCard" time="0.000" classname="com.rongbei.util.WriteUserCard"/>
  <testcase name="writeUserCard" time="0.001" classname="com.rongbei.util.WriteUserCard"/>
  <testcase name="writeUserCard" time="0.002" classname="com.rongbei.util.WriteUserCard"/>
  <testcase name="writeUserCard" time="0.001" classname="com.rongbei.util.WriteUserCard"/>
  <testcase name="writeUserCard" time="0.001" classname="com.rongbei.util.WriteUserCard"/>
  <testcase name="writeUserCard" time="0.020" classname="com.rongbei.util.WriteUserCard"/>
  <testcase name="writeUserCard" time="0.001" classname="com.rongbei.util.WriteUserCard"/>
  <testcase name="writeUserCard" time="0.000" classname="com.rongbei.util.WriteUserCard"/>
  <testcase name="writeUserCard" time="0.001" classname="com.rongbei.util.WriteUserCard"/>
  <testcase name="writeUserCard" time="0.001" classname="com.rongbei.util.WriteUserCard"/>
  <testcase name="writeUserCard" time="0.001" classname="com.rongbei.util.WriteUserCard"/>
  <testcase name="writeUserCard" time="0.002" classname="com.rongbei.util.WriteUserCard"/>
  <testcase name="writeUserCard" time="0.001" classname="com.rongbei.util.WriteUserCard"/>
  <testcase name="writeUserCard" time="0.001" classname="com.rongbei.util.WriteUserCard"/>
  <testcase name="writeUserCard" time="0.001" classname="com.rongbei.util.WriteUserCard"/>
  <testcase name="writeUserCard" time="0.001" classname="com.rongbei.util.WriteUserCard"/>
  <testcase name="writeUserCard" time="0.001" classname="com.rongbei.util.WriteUserCard"/>
  <testcase name="writeUserCard" time="0.001" classname="com.rongbei.util.WriteUserCard"/>
  <testcase name="writeUserCard" time="0.001" classname="com.rongbei.util.WriteUserCard"/>
  <testcase name="writeUserCard" time="0.001" classname="com.rongbei.util.WriteUserCard"/>
  <testcase name="writeUserCard" time="0.002" classname="com.rongbei.util.WriteUserCard"/>
  <testcase name="writeUserCard" time="0.004" classname="com.rongbei.util.WriteUserCard"/>
  <testcase name="writeUserCard" time="0.002" classname="com.rongbei.util.WriteUserCard"/>
  <testcase name="writeUserCard" time="0.001" classname="com.rongbei.util.WriteUserCard"/>
  <testcase name="writeUserCard" time="0.001" classname="com.rongbei.util.WriteUserCard"/>
  <testcase name="writeUserCard" time="0.001" classname="com.rongbei.util.WriteUserCard"/>
  <testcase name="writeUserCard" time="0.001" classname="com.rongbei.util.WriteUserCard"/>
  <testcase name="writeUserCard" time="0.003" classname="com.rongbei.util.WriteUserCard"/>
  <testcase name="writeUserCard" time="0.001" classname="com.rongbei.util.WriteUserCard"/>
  <testcase name="writeUserCard" time="0.001" classname="com.rongbei.util.WriteUserCard"/>
  <testcase name="writeUserCard" time="0.001" classname="com.rongbei.util.WriteUserCard"/>
  <testcase name="writeUserCard" time="0.002" classname="com.rongbei.util.WriteUserCard"/>
  <testcase name="writeUserCard" time="0.001" classname="com.rongbei.util.WriteUserCard"/>
  <testcase name="writeUserCard" time="0.002" classname="com.rongbei.util.WriteUserCard"/>
  <testcase name="writeUserCard" time="0.000" classname="com.rongbei.util.WriteUserCard"/>
  <testcase name="writeUserCard" time="0.001" classname="com.rongbei.util.WriteUserCard"/>
  <testcase name="writeUserCard" time="0.001" classname="com.rongbei.util.WriteUserCard"/>
  <testcase name="writeUserCard" time="0.001" classname="com.rongbei.util.WriteUserCard"/>
  <testcase name="writeUserCard" time="0.002" classname="com.rongbei.util.WriteUserCard"/>
  <testcase name="writeUserCard" time="0.001" classname="com.rongbei.util.WriteUserCard"/>
  <testcase name="writeUserCard" time="0.001" classname="com.rongbei.util.WriteUserCard"/>
  <testcase name="writeUserCard" time="0.000" classname="com.rongbei.util.WriteUserCard"/>
  <testcase name="writeUserCard" time="0.008" classname="com.rongbei.util.WriteUserCard"/>
  <testcase name="writeUserCard" time="0.001" classname="com.rongbei.util.WriteUserCard"/>
  <testcase name="writeUserCard" time="0.002" classname="com.rongbei.util.WriteUserCard"/>
  <testcase name="writeUserCard" time="0.001" classname="com.rongbei.util.WriteUserCard"/>
  <testcase name="writeUserCard" time="0.001" classname="com.rongbei.util.WriteUserCard"/>
  <testcase name="writeUserCard" time="0.001" classname="com.rongbei.util.WriteUserCard"/>
  <testcase name="writeUserCard" time="0.001" classname="com.rongbei.util.WriteUserCard"/>
  <testcase name="writeUserCard" time="0.001" classname="com.rongbei.util.WriteUserCard"/>
  <testcase name="writeUserCard" time="0.001" classname="com.rongbei.util.WriteUserCard"/>
  <testcase name="writeUserCard" time="0.001" classname="com.rongbei.util.WriteUserCard"/>
  <testcase name="writeUserCard" time="0.001" classname="com.rongbei.util.WriteUserCard"/>
  <testcase name="writeUserCard" time="0.001" classname="com.rongbei.util.WriteUserCard"/>
  <testcase name="writeUserCard" time="0.001" classname="com.rongbei.util.WriteUserCard"/>
  <testcase name="writeUserCard" time="0.001" classname="com.rongbei.util.WriteUserCard"/>
  <testcase name="writeUserCard" time="0.001" classname="com.rongbei.util.WriteUserCard"/>
  <testcase name="writeUserCard" time="0.001" classname="com.rongbei.util.WriteUserCard"/>
  <testcase name="writeUserCard" time="0.001" classname="com.rongbei.util.WriteUserCard"/>
  <testcase name="writeUserCard" time="0.000" classname="com.rongbei.util.WriteUserCard"/>
  <testcase name="writeUserCard" time="0.001" classname="com.rongbei.util.WriteUserCard"/>
  <testcase name="writeUserCard" time="0.001" classname="com.rongbei.util.WriteUserCard"/>
  <testcase name="writeUserCard" time="0.001" classname="com.rongbei.util.WriteUserCard"/>
  <testcase name="writeUserCard" time="0.002" classname="com.rongbei.util.WriteUserCard"/>
  <testcase name="writeUserCard" time="0.001" classname="com.rongbei.util.WriteUserCard"/>
  <testcase name="writeUserCard" time="0.000" classname="com.rongbei.util.WriteUserCard"/>
  <testcase name="writeUserCard" time="0.001" classname="com.rongbei.util.WriteUserCard"/>
  <testcase name="writeUserCard" time="0.001" classname="com.rongbei.util.WriteUserCard"/>
  <testcase name="writeUserCard" time="0.001" classname="com.rongbei.util.WriteUserCard"/>
  <testcase name="writeUserCard" time="0.004" classname="com.rongbei.util.WriteUserCard"/>
  <testcase name="writeUserCard" time="0.002" classname="com.rongbei.util.WriteUserCard"/>
  <testcase name="writeUserCard" time="0.001" classname="com.rongbei.util.WriteUserCard"/>
  <testcase name="writeUserCard" time="0.001" classname="com.rongbei.util.WriteUserCard"/>
  <testcase name="writeUserCard" time="0.001" classname="com.rongbei.util.WriteUserCard"/>
  <testcase name="writeUserCard" time="0.001" classname="com.rongbei.util.WriteUserCard"/>
  <testcase name="writeUserCard" time="0.001" classname="com.rongbei.util.WriteUserCard"/>
  <testcase name="writeUserCard" time="0.001" classname="com.rongbei.util.WriteUserCard"/>
  <testcase name="writeUserCard" time="0.003" classname="com.rongbei.util.WriteUserCard"/>
  <testcase name="writeUserCard" time="0.001" classname="com.rongbei.util.WriteUserCard"/>
  <testcase name="writeUserCard" time="0.001" classname="com.rongbei.util.WriteUserCard"/>
  <testcase name="writeUserCard" time="0.002" classname="com.rongbei.util.WriteUserCard"/>
  <testcase name="writeUserCard" time="0.001" classname="com.rongbei.util.WriteUserCard"/>
  <testcase name="writeUserCard" time="0.006" classname="com.rongbei.util.WriteUserCard"/>
  <testcase name="writeUserCard" time="0.001" classname="com.rongbei.util.WriteUserCard"/>
  <testcase name="writeUserCard" time="0.001" classname="com.rongbei.util.WriteUserCard"/>
  <testcase name="writeUserCard" time="0.001" classname="com.rongbei.util.WriteUserCard"/>
  <testcase name="writeUserCard" time="0.002" classname="com.rongbei.util.WriteUserCard"/>
  <testcase name="writeUserCard" time="0.001" classname="com.rongbei.util.WriteUserCard"/>
  <testcase name="writeUserCard" time="0.001" classname="com.rongbei.util.WriteUserCard"/>
  <testcase name="writeUserCard" time="0.007" classname="com.rongbei.util.WriteUserCard"/>
  <testcase name="writeUserCard" time="0.001" classname="com.rongbei.util.WriteUserCard"/>
  <testcase name="writeUserCard" time="0.002" classname="com.rongbei.util.WriteUserCard"/>
  <testcase name="writeUserCard" time="0.001" classname="com.rongbei.util.WriteUserCard"/>
  <testcase name="writeUserCard" time="0.001" classname="com.rongbei.util.WriteUserCard"/>
  <testcase name="writeUserCard" time="0.001" classname="com.rongbei.util.WriteUserCard"/>
  <testcase name="writeUserCard" time="0.001" classname="com.rongbei.util.WriteUserCard"/>
  <testcase name="writeUserCard" time="0.001" classname="com.rongbei.util.WriteUserCard"/>
  <testcase name="writeUserCard" time="0.001" classname="com.rongbei.util.WriteUserCard"/>
  <testcase name="writeUserCard" time="0.001" classname="com.rongbei.util.WriteUserCard"/>
  <testcase name="writeUserCard" time="0.002" classname="com.rongbei.util.WriteUserCard"/>
  <testcase name="writeUserCard" time="0.002" classname="com.rongbei.util.WriteUserCard"/>
  <testcase name="writeUserCard" time="0.000" classname="com.rongbei.util.WriteUserCard"/>
  <testcase name="writeUserCard" time="0.001" classname="com.rongbei.util.WriteUserCard"/>
  <testcase name="writeUserCard" time="0.002" classname="com.rongbei.util.WriteUserCard"/>
  <testcase name="writeUserCard" time="0.001" classname="com.rongbei.util.WriteUserCard"/>
  <testcase name="writeUserCard" time="0.001" classname="com.rongbei.util.WriteUserCard"/>
  <testcase name="writeUserCard" time="0.001" classname="com.rongbei.util.WriteUserCard"/>
  <testcase name="writeUserCard" time="0.001" classname="com.rongbei.util.WriteUserCard"/>
  <testcase name="writeUserCard" time="0.001" classname="com.rongbei.util.WriteUserCard"/>
  <testcase name="writeUserCard" time="0.001" classname="com.rongbei.util.WriteUserCard"/>
  <testcase name="writeUserCard" time="0.001" classname="com.rongbei.util.WriteUserCard"/>
  <testcase name="writeUserCard" time="0.001" classname="com.rongbei.util.WriteUserCard"/>
  <testcase name="writeUserCard" time="0.001" classname="com.rongbei.util.WriteUserCard"/>
  <testcase name="writeUserCard" time="0.001" classname="com.rongbei.util.WriteUserCard"/>
  <testcase name="writeUserCard" time="0.001" classname="com.rongbei.util.WriteUserCard"/>
  <testcase name="writeUserCard" time="0.001" classname="com.rongbei.util.WriteUserCard"/>
  <testcase name="writeUserCard" time="0.002" classname="com.rongbei.util.WriteUserCard"/>
  <testcase name="writeUserCard" time="0.001" classname="com.rongbei.util.WriteUserCard"/>
  <testcase name="writeUserCard" time="0.001" classname="com.rongbei.util.WriteUserCard"/>
  <testcase name="writeUserCard" time="0.001" classname="com.rongbei.util.WriteUserCard"/>
  <testcase name="writeUserCard" time="0.001" classname="com.rongbei.util.WriteUserCard"/>
  <testcase name="writeUserCard" time="0.000" classname="com.rongbei.util.WriteUserCard"/>
  <testcase name="writeUserCard" time="0.001" classname="com.rongbei.util.WriteUserCard"/>
  <testcase name="writeUserCard" time="0.001" classname="com.rongbei.util.WriteUserCard"/>
  <testcase name="writeUserCard" time="0.001" classname="com.rongbei.util.WriteUserCard"/>
  <testcase name="writeUserCard" time="0.001" classname="com.rongbei.util.WriteUserCard"/>
  <testcase name="writeUserCard" time="0.001" classname="com.rongbei.util.WriteUserCard"/>
  <testcase name="writeUserCard" time="0.000" classname="com.rongbei.util.WriteUserCard"/>
  <testcase name="writeUserCard" time="0.001" classname="com.rongbei.util.WriteUserCard"/>
  <testcase name="writeUserCard" time="0.002" classname="com.rongbei.util.WriteUserCard"/>
  <testcase name="writeUserCard" time="0.002" classname="com.rongbei.util.WriteUserCard"/>
  <testcase name="writeUserCard" time="0.001" classname="com.rongbei.util.WriteUserCard"/>
  <testcase name="writeUserCard" time="0.001" classname="com.rongbei.util.WriteUserCard"/>
  <testcase name="writeUserCard" time="0.003" classname="com.rongbei.util.WriteUserCard"/>
  <testcase name="writeUserCard" time="0.001" classname="com.rongbei.util.WriteUserCard"/>
  <testcase name="writeUserCard" time="0.001" classname="com.rongbei.util.WriteUserCard"/>
  <testcase name="writeUserCard" time="0.002" classname="com.rongbei.util.WriteUserCard"/>
  <testcase name="writeUserCard" time="0.001" classname="com.rongbei.util.WriteUserCard"/>
  <testcase name="writeUserCard" time="0.001" classname="com.rongbei.util.WriteUserCard"/>
  <testcase name="writeUserCard" time="0.002" classname="com.rongbei.util.WriteUserCard"/>
  <testcase name="writeUserCard" time="0.002" classname="com.rongbei.util.WriteUserCard"/>
  <testcase name="writeUserCard" time="0.025" classname="com.rongbei.util.WriteUserCard"/>
  <testcase name="writeUserCard" time="0.001" classname="com.rongbei.util.WriteUserCard"/>
  <testcase name="writeUserCard" time="0.001" classname="com.rongbei.util.WriteUserCard"/>
  <testcase name="writeUserCard" time="0.001" classname="com.rongbei.util.WriteUserCard"/>
  <testcase name="writeUserCard" time="0.000" classname="com.rongbei.util.WriteUserCard"/>
  <testcase name="writeUserCard" time="0.001" classname="com.rongbei.util.WriteUserCard"/>
  <testcase name="writeUserCard" time="0.002" classname="com.rongbei.util.WriteUserCard"/>
  <testcase name="writeUserCard" time="0.001" classname="com.rongbei.util.WriteUserCard"/>
  <testcase name="writeUserCard" time="0.050" classname="com.rongbei.util.WriteUserCard"/>
  <testcase name="writeUserCard" time="0.001" classname="com.rongbei.util.WriteUserCard"/>
  <testcase name="writeUserCard" time="0.021" classname="com.rongbei.util.WriteUserCard"/>
  <testcase name="writeUserCard" time="0.000" classname="com.rongbei.util.WriteUserCard"/>
  <testcase name="writeUserCard" time="0.000" classname="com.rongbei.util.WriteUserCard"/>
  <testcase name="writeUserCard" time="0.012" classname="com.rongbei.util.WriteUserCard"/>
  <testcase name="writeUserCard" time="0.001" classname="com.rongbei.util.WriteUserCard"/>
  <testcase name="writeUserCard" time="0.001" classname="com.rongbei.util.WriteUserCard"/>
  <testcase name="writeUserCard" time="0.001" classname="com.rongbei.util.WriteUserCard"/>
  <testcase name="writeUserCard" time="0.001" classname="com.rongbei.util.WriteUserCard"/>
  <testcase name="writeUserCard" time="0.002" classname="com.rongbei.util.WriteUserCard"/>
  <testcase name="writeUserCard" time="0.034" classname="com.rongbei.util.WriteUserCard"/>
  <testcase name="writeUserCard" time="0.001" classname="com.rongbei.util.WriteUserCard"/>
  <testcase name="writeUserCard" time="0.028" classname="com.rongbei.util.WriteUserCard"/>
  <testcase name="writeUserCard" time="0.001" classname="com.rongbei.util.WriteUserCard"/>
  <testcase name="writeUserCard" time="0.001" classname="com.rongbei.util.WriteUserCard"/>
  <testcase name="writeUserCard" time="0.001" classname="com.rongbei.util.WriteUserCard"/>
  <testcase name="writeUserCard" time="0.001" classname="com.rongbei.util.WriteUserCard"/>
  <testcase name="writeUserCard" time="0.002" classname="com.rongbei.util.WriteUserCard"/>
  <testcase name="writeUserCard" time="0.001" classname="com.rongbei.util.WriteUserCard"/>
  <testcase name="writeUserCard" time="0.001" classname="com.rongbei.util.WriteUserCard"/>
  <testcase name="writeUserCard" time="0.001" classname="com.rongbei.util.WriteUserCard"/>
  <testcase name="writeUserCard" time="0.001" classname="com.rongbei.util.WriteUserCard"/>
  <testcase name="writeUserCard" time="0.001" classname="com.rongbei.util.WriteUserCard"/>
  <testcase name="writeUserCard" time="0.096" classname="com.rongbei.util.WriteUserCard"/>
  <testcase name="writeUserCard" time="0.001" classname="com.rongbei.util.WriteUserCard"/>
  <testcase name="writeUserCard" time="0.002" classname="com.rongbei.util.WriteUserCard"/>
  <testcase name="writeUserCard" time="0.003" classname="com.rongbei.util.WriteUserCard"/>
  <testcase name="writeUserCard" time="0.000" classname="com.rongbei.util.WriteUserCard"/>
  <testcase name="writeUserCard" time="0.002" classname="com.rongbei.util.WriteUserCard"/>
  <testcase name="writeUserCard" time="0.047" classname="com.rongbei.util.WriteUserCard"/>
  <testcase name="writeUserCard" time="0.001" classname="com.rongbei.util.WriteUserCard"/>
  <testcase name="writeUserCard" time="0.004" classname="com.rongbei.util.WriteUserCard"/>
  <testcase name="writeUserCard" time="0.001" classname="com.rongbei.util.WriteUserCard"/>
  <testcase name="writeUserCard" time="0.001" classname="com.rongbei.util.WriteUserCard"/>
  <testcase name="writeUserCard" time="0.000" classname="com.rongbei.util.WriteUserCard"/>
  <testcase name="writeUserCard" time="0.001" classname="com.rongbei.util.WriteUserCard"/>
  <testcase name="writeUserCard" time="0.001" classname="com.rongbei.util.WriteUserCard"/>
  <testcase name="writeUserCard" time="0.001" classname="com.rongbei.util.WriteUserCard"/>
  <testcase name="writeUserCard" time="0.001" classname="com.rongbei.util.WriteUserCard"/>
  <testcase name="writeUserCard" time="0.001" classname="com.rongbei.util.WriteUserCard"/>
  <testcase name="writeUserCard" time="0.007" classname="com.rongbei.util.WriteUserCard"/>
  <testcase name="writeUserCard" time="0.001" classname="com.rongbei.util.WriteUserCard"/>
  <testcase name="writeUserCard" time="0.001" classname="com.rongbei.util.WriteUserCard"/>
  <testcase name="writeUserCard" time="0.002" classname="com.rongbei.util.WriteUserCard"/>
  <testcase name="writeUserCard" time="0.001" classname="com.rongbei.util.WriteUserCard"/>
  <testcase name="writeUserCard" time="0.002" classname="com.rongbei.util.WriteUserCard"/>
  <testcase name="writeUserCard" time="0.001" classname="com.rongbei.util.WriteUserCard"/>
  <testcase name="writeUserCard" time="0.003" classname="com.rongbei.util.WriteUserCard"/>
  <testcase name="writeUserCard" time="0.001" classname="com.rongbei.util.WriteUserCard"/>
  <testcase name="writeUserCard" time="0.001" classname="com.rongbei.util.WriteUserCard"/>
  <testcase name="writeUserCard" time="0.001" classname="com.rongbei.util.WriteUserCard"/>
  <testcase name="writeUserCard" time="0.001" classname="com.rongbei.util.WriteUserCard"/>
  <testcase name="writeUserCard" time="0.002" classname="com.rongbei.util.WriteUserCard"/>
  <testcase name="writeUserCard" time="0.001" classname="com.rongbei.util.WriteUserCard"/>
  <testcase name="writeUserCard" time="0.001" classname="com.rongbei.util.WriteUserCard"/>
  <testcase name="writeUserCard" time="0.001" classname="com.rongbei.util.WriteUserCard"/>
  <testcase name="writeUserCard" time="0.001" classname="com.rongbei.util.WriteUserCard"/>
  <testcase name="writeUserCard" time="0.000" classname="com.rongbei.util.WriteUserCard"/>
  <testcase name="writeUserCard" time="0.001" classname="com.rongbei.util.WriteUserCard"/>
  <testcase name="writeUserCard" time="0.001" classname="com.rongbei.util.WriteUserCard"/>
  <testcase name="writeUserCard" time="0.001" classname="com.rongbei.util.WriteUserCard"/>
  <testcase name="writeUserCard" time="0.000" classname="com.rongbei.util.WriteUserCard"/>
  <testcase name="writeUserCard" time="0.001" classname="com.rongbei.util.WriteUserCard"/>
  <testcase name="writeUserCard" time="0.002" classname="com.rongbei.util.WriteUserCard"/>
  <testcase name="writeUserCard" time="0.002" classname="com.rongbei.util.WriteUserCard"/>
  <testcase name="writeUserCard" time="0.001" classname="com.rongbei.util.WriteUserCard"/>
  <testcase name="writeUserCard" time="0.001" classname="com.rongbei.util.WriteUserCard"/>
  <testcase name="writeUserCard" time="0.001" classname="com.rongbei.util.WriteUserCard"/>
  <testcase name="writeUserCard" time="0.001" classname="com.rongbei.util.WriteUserCard"/>
  <testcase name="writeUserCard" time="0.001" classname="com.rongbei.util.WriteUserCard"/>
  <testcase name="writeUserCard" time="0.001" classname="com.rongbei.util.WriteUserCard"/>
  <testcase name="writeUserCard" time="0.001" classname="com.rongbei.util.WriteUserCard"/>
  <testcase name="writeUserCard" time="0.001" classname="com.rongbei.util.WriteUserCard"/>
  <testcase name="writeUserCard" time="0.001" classname="com.rongbei.util.WriteUserCard"/>
  <testcase name="writeUserCard" time="0.001" classname="com.rongbei.util.WriteUserCard"/>
  <testcase name="writeUserCard" time="0.001" classname="com.rongbei.util.WriteUserCard"/>
  <testcase name="writeUserCard" time="0.001" classname="com.rongbei.util.WriteUserCard"/>
  <testcase name="writeUserCard" time="0.191" classname="com.rongbei.util.WriteUserCard"/>
  <testcase name="writeUserCard" time="0.006" classname="com.rongbei.util.WriteUserCard"/>
  <testcase name="writeUserCard" time="0.001" classname="com.rongbei.util.WriteUserCard"/>
  <testcase name="writeUserCard" time="0.001" classname="com.rongbei.util.WriteUserCard"/>
  <testcase name="writeUserCard" time="0.001" classname="com.rongbei.util.WriteUserCard"/>
  <testcase name="writeUserCard" time="0.001" classname="com.rongbei.util.WriteUserCard"/>
  <testcase name="writeUserCard" time="0.001" classname="com.rongbei.util.WriteUserCard"/>
  <testcase name="writeUserCard" time="0.001" classname="com.rongbei.util.WriteUserCard"/>
  <testcase name="writeUserCard" time="0.001" classname="com.rongbei.util.WriteUserCard"/>
  <testcase name="writeUserCard" time="0.001" classname="com.rongbei.util.WriteUserCard"/>
  <testcase name="writeUserCard" time="0.001" classname="com.rongbei.util.WriteUserCard"/>
  <testcase name="writeUserCard" time="0.002" classname="com.rongbei.util.WriteUserCard"/>
  <testcase name="writeUserCard" time="0.001" classname="com.rongbei.util.WriteUserCard"/>
  <testcase name="writeUserCard" time="0.001" classname="com.rongbei.util.WriteUserCard"/>
  <testcase name="writeUserCard" time="0.001" classname="com.rongbei.util.WriteUserCard"/>
  <testcase name="writeUserCard" time="0.018" classname="com.rongbei.util.WriteUserCard"/>
  <testcase name="writeUserCard" time="0.000" classname="com.rongbei.util.WriteUserCard"/>
  <testcase name="writeUserCard" time="0.001" classname="com.rongbei.util.WriteUserCard"/>
  <testcase name="writeUserCard" time="0.002" classname="com.rongbei.util.WriteUserCard"/>
  <testcase name="writeUserCard" time="0.001" classname="com.rongbei.util.WriteUserCard"/>
  <testcase name="writeUserCard" time="0.001" classname="com.rongbei.util.WriteUserCard"/>
  <testcase name="writeUserCard" time="0.001" classname="com.rongbei.util.WriteUserCard"/>
  <testcase name="writeUserCard" time="0.006" classname="com.rongbei.util.WriteUserCard"/>
  <testcase name="writeUserCard" time="0.001" classname="com.rongbei.util.WriteUserCard"/>
  <testcase name="writeUserCard" time="0.001" classname="com.rongbei.util.WriteUserCard"/>
  <testcase name="writeUserCard" time="0.001" classname="com.rongbei.util.WriteUserCard"/>
  <testcase name="writeUserCard" time="0.001" classname="com.rongbei.util.WriteUserCard"/>
  <testcase name="writeUserCard" time="0.002" classname="com.rongbei.util.WriteUserCard"/>
  <testcase name="writeUserCard" time="0.001" classname="com.rongbei.util.WriteUserCard"/>
  <testcase name="writeUserCard" time="0.004" classname="com.rongbei.util.WriteUserCard"/>
  <testcase name="writeUserCard" time="0.001" classname="com.rongbei.util.WriteUserCard"/>
  <testcase name="writeUserCard" time="0.001" classname="com.rongbei.util.WriteUserCard"/>
  <testcase name="writeUserCard" time="0.001" classname="com.rongbei.util.WriteUserCard"/>
  <testcase name="writeUserCard" time="0.001" classname="com.rongbei.util.WriteUserCard"/>
  <testcase name="writeUserCard" time="0.001" classname="com.rongbei.util.WriteUserCard"/>
  <testcase name="writeUserCard" time="0.001" classname="com.rongbei.util.WriteUserCard"/>
  <testcase name="writeUserCard" time="0.001" classname="com.rongbei.util.WriteUserCard"/>
  <testcase name="writeUserCard" time="0.001" classname="com.rongbei.util.WriteUserCard"/>
  <testcase name="writeUserCard" time="0.002" classname="com.rongbei.util.WriteUserCard"/>
  <testcase name="writeUserCard" time="0.001" classname="com.rongbei.util.WriteUserCard"/>
  <testcase name="writeUserCard" time="0.032" classname="com.rongbei.util.WriteUserCard"/>
  <testcase name="writeUserCard" time="0.001" classname="com.rongbei.util.WriteUserCard"/>
  <testcase name="writeUserCard" time="0.001" classname="com.rongbei.util.WriteUserCard"/>
  <testcase name="writeUserCard" time="0.001" classname="com.rongbei.util.WriteUserCard"/>
  <testcase name="writeUserCard" time="0.008" classname="com.rongbei.util.WriteUserCard"/>
  <testcase name="writeUserCard" time="0.001" classname="com.rongbei.util.WriteUserCard"/>
  <testcase name="writeUserCard" time="0.001" classname="com.rongbei.util.WriteUserCard"/>
  <testcase name="writeUserCard" time="0.002" classname="com.rongbei.util.WriteUserCard"/>
  <testcase name="writeUserCard" time="0.001" classname="com.rongbei.util.WriteUserCard"/>
  <testcase name="writeUserCard" time="0.001" classname="com.rongbei.util.WriteUserCard"/>
  <testcase name="writeUserCard" time="0.001" classname="com.rongbei.util.WriteUserCard"/>
  <testcase name="writeUserCard" time="0.001" classname="com.rongbei.util.WriteUserCard"/>
  <testcase name="writeUserCard" time="0.001" classname="com.rongbei.util.WriteUserCard"/>
  <testcase name="writeUserCard" time="0.001" classname="com.rongbei.util.WriteUserCard"/>
  <testcase name="writeUserCard" time="0.001" classname="com.rongbei.util.WriteUserCard"/>
  <testcase name="writeUserCard" time="0.001" classname="com.rongbei.util.WriteUserCard"/>
  <testcase name="writeUserCard" time="0.001" classname="com.rongbei.util.WriteUserCard"/>
  <testcase name="writeUserCard" time="0.001" classname="com.rongbei.util.WriteUserCard"/>
  <testcase name="writeUserCard" time="0.001" classname="com.rongbei.util.WriteUserCard"/>
  <testcase name="writeUserCard" time="0.001" classname="com.rongbei.util.WriteUserCard"/>
  <testcase name="writeUserCard" time="0.001" classname="com.rongbei.util.WriteUserCard"/>
  <testcase name="writeUserCard" time="0.002" classname="com.rongbei.util.WriteUserCard"/>
  <testcase name="writeUserCard" time="0.001" classname="com.rongbei.util.WriteUserCard"/>
  <testcase name="writeUserCard" time="0.001" classname="com.rongbei.util.WriteUserCard"/>
  <testcase name="writeUserCard" time="0.001" classname="com.rongbei.util.WriteUserCard"/>
  <testcase name="writeUserCard" time="0.001" classname="com.rongbei.util.WriteUserCard"/>
  <testcase name="writeUserCard" time="0.001" classname="com.rongbei.util.WriteUserCard"/>
  <testcase name="writeUserCard" time="0.001" classname="com.rongbei.util.WriteUserCard"/>
  <testcase name="writeUserCard" time="0.001" classname="com.rongbei.util.WriteUserCard"/>
  <testcase name="writeUserCard" time="0.003" classname="com.rongbei.util.WriteUserCard"/>
  <testcase name="writeUserCard" time="0.001" classname="com.rongbei.util.WriteUserCard"/>
  <testcase name="writeUserCard" time="0.001" classname="com.rongbei.util.WriteUserCard"/>
  <testcase name="writeUserCard" time="0.001" classname="com.rongbei.util.WriteUserCard"/>
  <testcase name="writeUserCard" time="0.001" classname="com.rongbei.util.WriteUserCard"/>
  <testcase name="writeUserCard" time="0.001" classname="com.rongbei.util.WriteUserCard"/>
  <testcase name="writeUserCard" time="0.001" classname="com.rongbei.util.WriteUserCard"/>
  <testcase name="writeUserCard" time="0.001" classname="com.rongbei.util.WriteUserCard"/>
  <testcase name="writeUserCard" time="0.001" classname="com.rongbei.util.WriteUserCard"/>
  <testcase name="writeUserCard" time="0.001" classname="com.rongbei.util.WriteUserCard"/>
  <testcase name="writeUserCard" time="0.000" classname="com.rongbei.util.WriteUserCard"/>
  <testcase name="writeUserCard" time="0.001" classname="com.rongbei.util.WriteUserCard"/>
  <testcase name="writeUserCard" time="0.001" classname="com.rongbei.util.WriteUserCard"/>
  <testcase name="writeUserCard" time="0.002" classname="com.rongbei.util.WriteUserCard"/>
  <testcase name="writeUserCard" time="0.001" classname="com.rongbei.util.WriteUserCard"/>
  <testcase name="writeUserCard" time="0.001" classname="com.rongbei.util.WriteUserCard"/>
  <testcase name="writeUserCard" time="0.001" classname="com.rongbei.util.WriteUserCard"/>
  <testcase name="writeUserCard" time="0.001" classname="com.rongbei.util.WriteUserCard"/>
  <testcase name="writeUserCard" time="0.001" classname="com.rongbei.util.WriteUserCard"/>
  <testcase name="writeUserCard" time="0.001" classname="com.rongbei.util.WriteUserCard"/>
  <testcase name="writeUserCard" time="0.054" classname="com.rongbei.util.WriteUserCard"/>
  <testcase name="writeUserCard" time="0.001" classname="com.rongbei.util.WriteUserCard"/>
  <testcase name="writeUserCard" time="0.001" classname="com.rongbei.util.WriteUserCard"/>
  <testcase name="writeUserCard" time="0.002" classname="com.rongbei.util.WriteUserCard"/>
  <testcase name="writeUserCard" time="0.001" classname="com.rongbei.util.WriteUserCard"/>
  <testcase name="writeUserCard" time="0.001" classname="com.rongbei.util.WriteUserCard"/>
  <testcase name="writeUserCard" time="0.001" classname="com.rongbei.util.WriteUserCard"/>
  <testcase name="writeUserCard" time="0.001" classname="com.rongbei.util.WriteUserCard"/>
  <testcase name="writeUserCard" time="0.002" classname="com.rongbei.util.WriteUserCard"/>
  <testcase name="writeUserCard" time="0.001" classname="com.rongbei.util.WriteUserCard"/>
  <testcase name="writeUserCard" time="0.001" classname="com.rongbei.util.WriteUserCard"/>
  <testcase name="writeUserCard" time="0.001" classname="com.rongbei.util.WriteUserCard"/>
  <testcase name="writeUserCard" time="0.001" classname="com.rongbei.util.WriteUserCard"/>
  <testcase name="writeUserCard" time="0.001" classname="com.rongbei.util.WriteUserCard"/>
  <testcase name="writeUserCard" time="0.001" classname="com.rongbei.util.WriteUserCard"/>
  <testcase name="writeUserCard" time="0.001" classname="com.rongbei.util.WriteUserCard"/>
  <testcase name="writeUserCard" time="0.001" classname="com.rongbei.util.WriteUserCard"/>
  <testcase name="writeUserCard" time="0.002" classname="com.rongbei.util.WriteUserCard"/>
  <testcase name="writeUserCard" time="0.001" classname="com.rongbei.util.WriteUserCard"/>
  <testcase name="writeUserCard" time="0.001" classname="com.rongbei.util.WriteUserCard"/>
  <testcase name="writeUserCard" time="0.001" classname="com.rongbei.util.WriteUserCard"/>
  <testcase name="writeUserCard" time="0.002" classname="com.rongbei.util.WriteUserCard"/>
  <testcase name="writeUserCard" time="0.001" classname="com.rongbei.util.WriteUserCard"/>
  <testcase name="writeUserCard" time="0.002" classname="com.rongbei.util.WriteUserCard"/>
  <testcase name="writeUserCard" time="0.002" classname="com.rongbei.util.WriteUserCard"/>
  <testcase name="writeUserCard" time="0.001" classname="com.rongbei.util.WriteUserCard"/>
  <testcase name="writeUserCard" time="0.001" classname="com.rongbei.util.WriteUserCard"/>
  <testcase name="writeUserCard" time="0.001" classname="com.rongbei.util.WriteUserCard"/>
  <testcase name="writeUserCard" time="0.002" classname="com.rongbei.util.WriteUserCard"/>
  <testcase name="writeUserCard" time="0.034" classname="com.rongbei.util.WriteUserCard"/>
  <testcase name="writeUserCard" time="0.006" classname="com.rongbei.util.WriteUserCard"/>
  <testcase name="writeUserCard" time="0.001" classname="com.rongbei.util.WriteUserCard"/>
  <testcase name="writeUserCard" time="0.001" classname="com.rongbei.util.WriteUserCard"/>
  <testcase name="writeUserCard" time="0.003" classname="com.rongbei.util.WriteUserCard"/>
  <testcase name="writeUserCard" time="0.001" classname="com.rongbei.util.WriteUserCard"/>
  <testcase name="writeUserCard" time="0.001" classname="com.rongbei.util.WriteUserCard"/>
  <testcase name="writeUserCard" time="0.001" classname="com.rongbei.util.WriteUserCard"/>
  <testcase name="writeUserCard" time="0.001" classname="com.rongbei.util.WriteUserCard"/>
  <testcase name="writeUserCard" time="0.000" classname="com.rongbei.util.WriteUserCard"/>
  <testcase name="writeUserCard" time="0.001" classname="com.rongbei.util.WriteUserCard"/>
  <testcase name="writeUserCard" time="0.001" classname="com.rongbei.util.WriteUserCard"/>
  <testcase name="writeUserCard" time="0.001" classname="com.rongbei.util.WriteUserCard"/>
  <testcase name="writeUserCard" time="0.002" classname="com.rongbei.util.WriteUserCard"/>
  <testcase name="writeUserCard" time="0.001" classname="com.rongbei.util.WriteUserCard"/>
  <testcase name="writeUserCard" time="0.001" classname="com.rongbei.util.WriteUserCard"/>
  <testcase name="writeUserCard" time="0.001" classname="com.rongbei.util.WriteUserCard"/>
  <testcase name="writeUserCard" time="0.001" classname="com.rongbei.util.WriteUserCard"/>
  <testcase name="writeUserCard" time="0.001" classname="com.rongbei.util.WriteUserCard"/>
  <testcase name="writeUserCard" time="0.015" classname="com.rongbei.util.WriteUserCard"/>
  <testcase name="writeUserCard" time="0.001" classname="com.rongbei.util.WriteUserCard"/>
  <testcase name="writeUserCard" time="0.001" classname="com.rongbei.util.WriteUserCard"/>
  <testcase name="writeUserCard" time="0.000" classname="com.rongbei.util.WriteUserCard"/>
  <testcase name="writeUserCard" time="0.001" classname="com.rongbei.util.WriteUserCard"/>
  <testcase name="writeUserCard" time="0.001" classname="com.rongbei.util.WriteUserCard"/>
  <testcase name="writeUserCard" time="0.000" classname="com.rongbei.util.WriteUserCard"/>
  <testcase name="writeUserCard" time="0.001" classname="com.rongbei.util.WriteUserCard"/>
  <testcase name="writeUserCard" time="0.002" classname="com.rongbei.util.WriteUserCard"/>
  <testcase name="writeUserCard" time="0.001" classname="com.rongbei.util.WriteUserCard"/>
  <testcase name="writeUserCard" time="0.040" classname="com.rongbei.util.WriteUserCard"/>
  <testcase name="writeUserCard" time="0.001" classname="com.rongbei.util.WriteUserCard"/>
  <testcase name="writeUserCard" time="0.002" classname="com.rongbei.util.WriteUserCard"/>
  <testcase name="writeUserCard" time="0.001" classname="com.rongbei.util.WriteUserCard"/>
  <testcase name="writeUserCard" time="0.002" classname="com.rongbei.util.WriteUserCard"/>
  <testcase name="writeUserCard" time="0.015" classname="com.rongbei.util.WriteUserCard"/>
  <testcase name="writeUserCard" time="0.000" classname="com.rongbei.util.WriteUserCard"/>
  <testcase name="writeUserCard" time="0.001" classname="com.rongbei.util.WriteUserCard"/>
  <testcase name="writeUserCard" time="0.001" classname="com.rongbei.util.WriteUserCard"/>
  <testcase name="writeUserCard" time="0.001" classname="com.rongbei.util.WriteUserCard"/>
  <testcase name="writeUserCard" time="0.002" classname="com.rongbei.util.WriteUserCard"/>
  <testcase name="writeUserCard" time="0.001" classname="com.rongbei.util.WriteUserCard"/>
  <testcase name="writeUserCard" time="0.002" classname="com.rongbei.util.WriteUserCard"/>
  <testcase name="writeUserCard" time="0.001" classname="com.rongbei.util.WriteUserCard"/>
  <testcase name="writeUserCard" time="0.001" classname="com.rongbei.util.WriteUserCard"/>
  <testcase name="writeUserCard" time="0.001" classname="com.rongbei.util.WriteUserCard"/>
  <testcase name="writeUserCard" time="0.001" classname="com.rongbei.util.WriteUserCard"/>
  <testcase name="writeUserCard" time="0.001" classname="com.rongbei.util.WriteUserCard"/>
  <testcase name="writeUserCard" time="0.002" classname="com.rongbei.util.WriteUserCard"/>
  <testcase name="writeUserCard" time="0.001" classname="com.rongbei.util.WriteUserCard"/>
  <testcase name="writeUserCard" time="0.001" classname="com.rongbei.util.WriteUserCard"/>
  <testcase name="writeUserCard" time="0.001" classname="com.rongbei.util.WriteUserCard"/>
  <testcase name="writeUserCard" time="0.001" classname="com.rongbei.util.WriteUserCard"/>
  <testcase name="writeUserCard" time="0.001" classname="com.rongbei.util.WriteUserCard"/>
  <testcase name="writeUserCard" time="0.001" classname="com.rongbei.util.WriteUserCard"/>
  <testcase name="writeUserCard" time="0.002" classname="com.rongbei.util.WriteUserCard"/>
  <testcase name="writeUserCard" time="0.001" classname="com.rongbei.util.WriteUserCard"/>
  <testcase name="writeUserCard" time="0.002" classname="com.rongbei.util.WriteUserCard"/>
  <testcase name="writeUserCard" time="0.002" classname="com.rongbei.util.WriteUserCard"/>
  <testcase name="writeUserCard" time="0.001" classname="com.rongbei.util.WriteUserCard"/>
  <testcase name="writeUserCard" time="0.001" classname="com.rongbei.util.WriteUserCard"/>
  <testcase name="writeUserCard" time="0.001" classname="com.rongbei.util.WriteUserCard"/>
  <testcase name="writeUserCard" time="0.001" classname="com.rongbei.util.WriteUserCard"/>
  <testcase name="writeUserCard" time="0.001" classname="com.rongbei.util.WriteUserCard"/>
  <testcase name="writeUserCard" time="0.001" classname="com.rongbei.util.WriteUserCard"/>
  <testcase name="writeUserCard" time="0.001" classname="com.rongbei.util.WriteUserCard"/>
  <testcase name="writeUserCard" time="0.001" classname="com.rongbei.util.WriteUserCard"/>
  <testcase name="writeUserCard" time="0.000" classname="com.rongbei.util.WriteUserCard"/>
  <testcase name="writeUserCard" time="0.002" classname="com.rongbei.util.WriteUserCard"/>
  <testcase name="writeUserCard" time="0.001" classname="com.rongbei.util.WriteUserCard"/>
  <testcase name="writeUserCard" time="0.001" classname="com.rongbei.util.WriteUserCard"/>
  <testcase name="writeUserCard" time="0.001" classname="com.rongbei.util.WriteUserCard"/>
  <testcase name="writeUserCard" time="0.001" classname="com.rongbei.util.WriteUserCard"/>
  <testcase name="writeUserCard" time="0.030" classname="com.rongbei.util.WriteUserCard"/>
  <testcase name="writeUserCard" time="0.001" classname="com.rongbei.util.WriteUserCard"/>
  <testcase name="writeUserCard" time="0.001" classname="com.rongbei.util.WriteUserCard"/>
  <testcase name="writeUserCard" time="0.001" classname="com.rongbei.util.WriteUserCard"/>
  <testcase name="writeUserCard" time="0.001" classname="com.rongbei.util.WriteUserCard"/>
  <testcase name="writeUserCard" time="0.001" classname="com.rongbei.util.WriteUserCard"/>
  <testcase name="writeUserCard" time="0.001" classname="com.rongbei.util.WriteUserCard"/>
  <testcase name="writeUserCard" time="0.001" classname="com.rongbei.util.WriteUserCard"/>
  <testcase name="writeUserCard" time="0.001" classname="com.rongbei.util.WriteUserCard"/>
  <testcase name="writeUserCard" time="0.000" classname="com.rongbei.util.WriteUserCard"/>
  <testcase name="writeUserCard" time="0.001" classname="com.rongbei.util.WriteUserCard"/>
  <testcase name="writeUserCard" time="0.003" classname="com.rongbei.util.WriteUserCard"/>
  <testcase name="writeUserCard" time="0.001" classname="com.rongbei.util.WriteUserCard"/>
  <testcase name="writeUserCard" time="0.000" classname="com.rongbei.util.WriteUserCard"/>
  <testcase name="writeUserCard" time="0.001" classname="com.rongbei.util.WriteUserCard"/>
  <testcase name="writeUserCard" time="0.001" classname="com.rongbei.util.WriteUserCard"/>
  <testcase name="writeUserCard" time="0.001" classname="com.rongbei.util.WriteUserCard"/>
  <testcase name="writeUserCard" time="0.001" classname="com.rongbei.util.WriteUserCard"/>
  <testcase name="writeUserCard" time="0.001" classname="com.rongbei.util.WriteUserCard"/>
  <testcase name="writeUserCard" time="0.001" classname="com.rongbei.util.WriteUserCard"/>
  <testcase name="writeUserCard" time="0.001" classname="com.rongbei.util.WriteUserCard"/>
  <testcase name="writeUserCard" time="0.001" classname="com.rongbei.util.WriteUserCard"/>
  <testcase name="writeUserCard" time="0.001" classname="com.rongbei.util.WriteUserCard"/>
  <testcase name="writeUserCard" time="0.002" classname="com.rongbei.util.WriteUserCard"/>
  <testcase name="writeUserCard" time="0.001" classname="com.rongbei.util.WriteUserCard"/>
  <testcase name="writeUserCard" time="0.001" classname="com.rongbei.util.WriteUserCard"/>
  <testcase name="writeUserCard" time="0.020" classname="com.rongbei.util.WriteUserCard"/>
  <testcase name="writeUserCard" time="0.001" classname="com.rongbei.util.WriteUserCard"/>
  <testcase name="writeUserCard" time="0.030" classname="com.rongbei.util.WriteUserCard"/>
  <testcase name="writeUserCard" time="0.001" classname="com.rongbei.util.WriteUserCard"/>
  <testcase name="writeUserCard" time="0.001" classname="com.rongbei.util.WriteUserCard"/>
  <testcase name="writeUserCard" time="0.001" classname="com.rongbei.util.WriteUserCard"/>
  <testcase name="writeUserCard" time="0.002" classname="com.rongbei.util.WriteUserCard"/>
  <testcase name="writeUserCard" time="0.001" classname="com.rongbei.util.WriteUserCard"/>
  <testcase name="writeUserCard" time="0.001" classname="com.rongbei.util.WriteUserCard"/>
  <testcase name="writeUserCard" time="0.001" classname="com.rongbei.util.WriteUserCard"/>
  <testcase name="writeUserCard" time="0.001" classname="com.rongbei.util.WriteUserCard"/>
  <testcase name="writeUserCard" time="0.001" classname="com.rongbei.util.WriteUserCard"/>
  <testcase name="writeUserCard" time="0.000" classname="com.rongbei.util.WriteUserCard"/>
  <testcase name="writeUserCard" time="0.002" classname="com.rongbei.util.WriteUserCard"/>
  <testcase name="writeUserCard" time="0.001" classname="com.rongbei.util.WriteUserCard"/>
  <testcase name="writeUserCard" time="0.002" classname="com.rongbei.util.WriteUserCard"/>
  <testcase name="writeUserCard" time="0.001" classname="com.rongbei.util.WriteUserCard"/>
  <testcase name="writeUserCard" time="0.001" classname="com.rongbei.util.WriteUserCard"/>
  <testcase name="writeUserCard" time="0.001" classname="com.rongbei.util.WriteUserCard"/>
  <testcase name="writeUserCard" time="0.001" classname="com.rongbei.util.WriteUserCard"/>
  <testcase name="writeUserCard" time="0.004" classname="com.rongbei.util.WriteUserCard"/>
  <testcase name="writeUserCard" time="0.002" classname="com.rongbei.util.WriteUserCard"/>
  <testcase name="writeUserCard" time="0.002" classname="com.rongbei.util.WriteUserCard"/>
  <testcase name="writeUserCard" time="0.001" classname="com.rongbei.util.WriteUserCard"/>
  <testcase name="writeUserCard" time="0.001" classname="com.rongbei.util.WriteUserCard"/>
  <testcase name="writeUserCard" time="0.002" classname="com.rongbei.util.WriteUserCard"/>
  <testcase name="writeUserCard" time="0.001" classname="com.rongbei.util.WriteUserCard"/>
  <testcase name="writeUserCard" time="0.001" classname="com.rongbei.util.WriteUserCard"/>
  <testcase name="writeUserCard" time="0.001" classname="com.rongbei.util.WriteUserCard"/>
  <testcase name="writeUserCard" time="0.001" classname="com.rongbei.util.WriteUserCard"/>
  <testcase name="writeUserCard" time="0.001" classname="com.rongbei.util.WriteUserCard"/>
  <testcase name="writeUserCard" time="0.015" classname="com.rongbei.util.WriteUserCard"/>
  <testcase name="writeUserCard" time="0.001" classname="com.rongbei.util.WriteUserCard"/>
  <testcase name="writeUserCard" time="0.001" classname="com.rongbei.util.WriteUserCard"/>
  <testcase name="writeUserCard" time="0.002" classname="com.rongbei.util.WriteUserCard"/>
  <testcase name="writeUserCard" time="0.001" classname="com.rongbei.util.WriteUserCard"/>
  <testcase name="writeUserCard" time="0.001" classname="com.rongbei.util.WriteUserCard"/>
  <testcase name="writeUserCard" time="0.000" classname="com.rongbei.util.WriteUserCard"/>
  <testcase name="writeUserCard" time="0.002" classname="com.rongbei.util.WriteUserCard"/>
  <testcase name="writeUserCard" time="0.001" classname="com.rongbei.util.WriteUserCard"/>
  <testcase name="writeUserCard" time="0.001" classname="com.rongbei.util.WriteUserCard"/>
  <testcase name="writeUserCard" time="0.001" classname="com.rongbei.util.WriteUserCard"/>
  <testcase name="writeUserCard" time="0.001" classname="com.rongbei.util.WriteUserCard"/>
  <testcase name="writeUserCard" time="0.001" classname="com.rongbei.util.WriteUserCard"/>
  <testcase name="writeUserCard" time="0.002" classname="com.rongbei.util.WriteUserCard"/>
  <testcase name="writeUserCard" time="0.002" classname="com.rongbei.util.WriteUserCard"/>
  <testcase name="writeUserCard" time="0.001" classname="com.rongbei.util.WriteUserCard"/>
  <testcase name="writeUserCard" time="0.001" classname="com.rongbei.util.WriteUserCard"/>
  <testcase name="writeUserCard" time="0.001" classname="com.rongbei.util.WriteUserCard"/>
  <testcase name="writeUserCard" time="0.001" classname="com.rongbei.util.WriteUserCard"/>
  <testcase name="writeUserCard" time="0.001" classname="com.rongbei.util.WriteUserCard"/>
  <testcase name="writeUserCard" time="0.001" classname="com.rongbei.util.WriteUserCard"/>
  <testcase name="writeUserCard" time="0.001" classname="com.rongbei.util.WriteUserCard"/>
  <testcase name="writeUserCard" time="0.000" classname="com.rongbei.util.WriteUserCard"/>
  <testcase name="writeUserCard" time="0.001" classname="com.rongbei.util.WriteUserCard"/>
  <testcase name="writeUserCard" time="0.001" classname="com.rongbei.util.WriteUserCard"/>
  <testcase name="writeUserCard" time="0.012" classname="com.rongbei.util.WriteUserCard"/>
  <testcase name="writeUserCard" time="0.001" classname="com.rongbei.util.WriteUserCard"/>
  <testcase name="writeUserCard" time="0.001" classname="com.rongbei.util.WriteUserCard"/>
  <testcase name="writeUserCard" time="0.015" classname="com.rongbei.util.WriteUserCard"/>
  <testcase name="writeUserCard" time="0.000" classname="com.rongbei.util.WriteUserCard"/>
  <testcase name="writeUserCard" time="0.001" classname="com.rongbei.util.WriteUserCard"/>
  <testcase name="writeUserCard" time="0.001" classname="com.rongbei.util.WriteUserCard"/>
  <testcase name="writeUserCard" time="0.001" classname="com.rongbei.util.WriteUserCard"/>
  <testcase name="writeUserCard" time="0.001" classname="com.rongbei.util.WriteUserCard"/>
  <testcase name="writeUserCard" time="0.002" classname="com.rongbei.util.WriteUserCard"/>
  <testcase name="writeUserCard" time="0.002" classname="com.rongbei.util.WriteUserCard"/>
  <testcase name="writeUserCard" time="0.001" classname="com.rongbei.util.WriteUserCard"/>
  <testcase name="writeUserCard" time="0.001" classname="com.rongbei.util.WriteUserCard"/>
  <testcase name="writeUserCard" time="0.001" classname="com.rongbei.util.WriteUserCard"/>
  <testcase name="writeUserCard" time="0.001" classname="com.rongbei.util.WriteUserCard"/>
  <testcase name="writeUserCard" time="0.001" classname="com.rongbei.util.WriteUserCard"/>
  <testcase name="writeUserCard" time="0.001" classname="com.rongbei.util.WriteUserCard"/>
  <testcase name="writeUserCard" time="0.003" classname="com.rongbei.util.WriteUserCard"/>
  <testcase name="writeUserCard" time="0.001" classname="com.rongbei.util.WriteUserCard"/>
  <testcase name="writeUserCard" time="0.001" classname="com.rongbei.util.WriteUserCard"/>
  <testcase name="writeUserCard" time="0.000" classname="com.rongbei.util.WriteUserCard"/>
  <testcase name="writeUserCard" time="0.000" classname="com.rongbei.util.WriteUserCard"/>
  <testcase name="writeUserCard" time="0.001" classname="com.rongbei.util.WriteUserCard"/>
  <testcase name="writeUserCard" time="0.003" classname="com.rongbei.util.WriteUserCard"/>
  <testcase name="writeUserCard" time="0.001" classname="com.rongbei.util.WriteUserCard"/>
  <testcase name="writeUserCard" time="0.001" classname="com.rongbei.util.WriteUserCard"/>
  <testcase name="writeUserCard" time="0.001" classname="com.rongbei.util.WriteUserCard"/>
  <testcase name="writeUserCard" time="0.002" classname="com.rongbei.util.WriteUserCard"/>
  <testcase name="writeUserCard" time="0.001" classname="com.rongbei.util.WriteUserCard"/>
  <testcase name="writeUserCard" time="0.001" classname="com.rongbei.util.WriteUserCard"/>
  <testcase name="writeUserCard" time="0.000" classname="com.rongbei.util.WriteUserCard"/>
  <testcase name="writeUserCard" time="0.001" classname="com.rongbei.util.WriteUserCard"/>
  <testcase name="writeUserCard" time="0.001" classname="com.rongbei.util.WriteUserCard"/>
  <testcase name="writeUserCard" time="0.002" classname="com.rongbei.util.WriteUserCard"/>
  <testcase name="writeUserCard" time="0.001" classname="com.rongbei.util.WriteUserCard"/>
  <testcase name="writeUserCard" time="0.001" classname="com.rongbei.util.WriteUserCard"/>
  <testcase name="writeUserCard" time="0.002" classname="com.rongbei.util.WriteUserCard"/>
  <testcase name="writeUserCard" time="0.002" classname="com.rongbei.util.WriteUserCard"/>
  <testcase name="writeUserCard" time="0.001" classname="com.rongbei.util.WriteUserCard"/>
  <testcase name="writeUserCard" time="0.001" classname="com.rongbei.util.WriteUserCard"/>
  <testcase name="writeUserCard" time="0.000" classname="com.rongbei.util.WriteUserCard"/>
  <testcase name="writeUserCard" time="0.032" classname="com.rongbei.util.WriteUserCard"/>
  <testcase name="writeUserCard" time="0.001" classname="com.rongbei.util.WriteUserCard"/>
  <testcase name="writeUserCard" time="0.001" classname="com.rongbei.util.WriteUserCard"/>
  <testcase name="writeUserCard" time="0.001" classname="com.rongbei.util.WriteUserCard"/>
  <testcase name="writeUserCard" time="0.002" classname="com.rongbei.util.WriteUserCard"/>
  <testcase name="writeUserCard" time="0.001" classname="com.rongbei.util.WriteUserCard"/>
  <testcase name="writeUserCard" time="0.001" classname="com.rongbei.util.WriteUserCard"/>
  <testcase name="writeUserCard" time="0.001" classname="com.rongbei.util.WriteUserCard"/>
  <testcase name="writeUserCard" time="0.001" classname="com.rongbei.util.WriteUserCard"/>
  <testcase name="writeUserCard" time="0.001" classname="com.rongbei.util.WriteUserCard"/>
  <testcase name="writeUserCard" time="0.002" classname="com.rongbei.util.WriteUserCard"/>
  <testcase name="writeUserCard" time="0.001" classname="com.rongbei.util.WriteUserCard"/>
  <testcase name="writeUserCard" time="0.001" classname="com.rongbei.util.WriteUserCard"/>
  <testcase name="writeUserCard" time="0.001" classname="com.rongbei.util.WriteUserCard"/>
  <testcase name="writeUserCard" time="0.001" classname="com.rongbei.util.WriteUserCard"/>
  <testcase name="writeUserCard" time="0.002" classname="com.rongbei.util.WriteUserCard"/>
  <testcase name="writeUserCard" time="0.001" classname="com.rongbei.util.WriteUserCard"/>
  <testcase name="writeUserCard" time="0.002" classname="com.rongbei.util.WriteUserCard"/>
  <testcase name="writeUserCard" time="0.018" classname="com.rongbei.util.WriteUserCard"/>
  <testcase name="writeUserCard" time="0.001" classname="com.rongbei.util.WriteUserCard"/>
  <testcase name="writeUserCard" time="0.001" classname="com.rongbei.util.WriteUserCard"/>
  <testcase name="writeUserCard" time="0.001" classname="com.rongbei.util.WriteUserCard"/>
  <testcase name="writeUserCard" time="0.001" classname="com.rongbei.util.WriteUserCard"/>
  <testcase name="writeUserCard" time="0.001" classname="com.rongbei.util.WriteUserCard"/>
  <testcase name="writeUserCard" time="0.001" classname="com.rongbei.util.WriteUserCard"/>
  <testcase name="writeUserCard" time="0.001" classname="com.rongbei.util.WriteUserCard"/>
  <testcase name="writeUserCard" time="0.000" classname="com.rongbei.util.WriteUserCard"/>
  <testcase name="writeUserCard" time="0.004" classname="com.rongbei.util.WriteUserCard"/>
  <testcase name="writeUserCard" time="0.012" classname="com.rongbei.util.WriteUserCard"/>
  <testcase name="writeUserCard" time="0.001" classname="com.rongbei.util.WriteUserCard"/>
  <testcase name="writeUserCard" time="0.001" classname="com.rongbei.util.WriteUserCard"/>
  <testcase name="writeUserCard" time="0.001" classname="com.rongbei.util.WriteUserCard"/>
  <testcase name="writeUserCard" time="0.001" classname="com.rongbei.util.WriteUserCard"/>
  <testcase name="writeUserCard" time="0.001" classname="com.rongbei.util.WriteUserCard"/>
  <testcase name="writeUserCard" time="0.001" classname="com.rongbei.util.WriteUserCard"/>
  <testcase name="writeUserCard" time="0.002" classname="com.rongbei.util.WriteUserCard"/>
  <testcase name="writeUserCard" time="0.001" classname="com.rongbei.util.WriteUserCard"/>
  <testcase name="writeUserCard" time="0.001" classname="com.rongbei.util.WriteUserCard"/>
  <testcase name="writeUserCard" time="0.001" classname="com.rongbei.util.WriteUserCard"/>
  <testcase name="writeUserCard" time="0.001" classname="com.rongbei.util.WriteUserCard"/>
  <testcase name="writeUserCard" time="0.002" classname="com.rongbei.util.WriteUserCard"/>
  <testcase name="writeUserCard" time="0.001" classname="com.rongbei.util.WriteUserCard"/>
  <testcase name="writeUserCard" time="0.001" classname="com.rongbei.util.WriteUserCard"/>
  <testcase name="writeUserCard" time="0.001" classname="com.rongbei.util.WriteUserCard"/>
  <testcase name="writeUserCard" time="0.001" classname="com.rongbei.util.WriteUserCard"/>
  <testcase name="writeUserCard" time="0.001" classname="com.rongbei.util.WriteUserCard"/>
  <testcase name="writeUserCard" time="0.001" classname="com.rongbei.util.WriteUserCard"/>
  <testcase name="writeUserCard" time="0.001" classname="com.rongbei.util.WriteUserCard"/>
  <testcase name="writeUserCard" time="0.002" classname="com.rongbei.util.WriteUserCard"/>
  <testcase name="writeUserCard" time="0.001" classname="com.rongbei.util.WriteUserCard"/>
  <testcase name="writeUserCard" time="0.001" classname="com.rongbei.util.WriteUserCard"/>
  <testcase name="writeUserCard" time="0.001" classname="com.rongbei.util.WriteUserCard"/>
  <testcase name="writeUserCard" time="0.001" classname="com.rongbei.util.WriteUserCard"/>
  <testcase name="writeUserCard" time="0.001" classname="com.rongbei.util.WriteUserCard"/>
  <testcase name="writeUserCard" time="0.001" classname="com.rongbei.util.WriteUserCard"/>
  <testcase name="writeUserCard" time="0.001" classname="com.rongbei.util.WriteUserCard"/>
  <testcase name="writeUserCard" time="0.001" classname="com.rongbei.util.WriteUserCard"/>
  <testcase name="writeUserCard" time="0.001" classname="com.rongbei.util.WriteUserCard"/>
  <testcase name="writeUserCard" time="0.002" classname="com.rongbei.util.WriteUserCard"/>
  <testcase name="writeUserCard" time="0.001" classname="com.rongbei.util.WriteUserCard"/>
  <testcase name="writeUserCard" time="0.001" classname="com.rongbei.util.WriteUserCard"/>
  <testcase name="writeUserCard" time="0.001" classname="com.rongbei.util.WriteUserCard"/>
  <testcase name="writeUserCard" time="0.001" classname="com.rongbei.util.WriteUserCard"/>
  <testcase name="writeUserCard" time="0.001" classname="com.rongbei.util.WriteUserCard"/>
  <testcase name="writeUserCard" time="0.001" classname="com.rongbei.util.WriteUserCard"/>
</testsuite> <!-- com.rongbei.util.WriteUserCard -->
