<?xml version="1.0" encoding="UTF-8"?>
<!-- Generated by org.testng.reporters.JUnitReportReporter -->
<testsuite skipped="0" hostname="EDZ-20170729POB" name="KaiHu.JieKuanRenKaiHu" tests="2" failures="0" timestamp="20 二月 2019 07:42:24 GMT" time="85.926" errors="0">
  <testcase name="jieKuanKaiHu" time="85.265" classname="KaiHu.JieKuanRenKaiHu"/>
  <testcase name="updateSql" time="0.661" classname="KaiHu.JieKuanRenKaiHu"/>
</testsuite> <!-- KaiHu.JieKuanRenKaiHu -->
