<?xml version="1.0" encoding="UTF-8"?>
<!-- Generated by org.testng.reporters.JUnitReportReporter -->
<testsuite skipped="0" hostname="EDZ-20170729POB" name="com.irongbei.CreateDaBiaoJiHua" tests="1" failures="0" timestamp="09 五月 2019 08:23:50 GMT" time="21.166" errors="0">
  <testcase name="createDaBiaoJiHua" time="21.166" classname="com.irongbei.CreateDaBiaoJiHua"/>
</testsuite> <!-- com.irongbei.CreateDaBiaoJiHua -->
