<?xml version="1.0" encoding="UTF-8"?>
<!-- Generated by org.testng.reporters.JUnitReportReporter -->
<testsuite skipped="0" hostname="EDZ-20170729POB" name="com.irongbei.CreateZZSPlan" tests="1" failures="0" timestamp="19 六月 2019 08:19:06 GMT" time="26.604" errors="0">
  <testcase name="createZzsPlan" time="26.604" classname="com.irongbei.CreateZZSPlan"/>
</testsuite> <!-- com.irongbei.CreateZZSPlan -->
