<?xml version="1.0" encoding="UTF-8"?>
<!-- Generated by org.testng.reporters.JUnitReportReporter -->
<testsuite skipped="0" hostname="EDZ-20170729POB" name="com.irongbei.ShengXinTouTuiChu" tests="10" failures="0" timestamp="30 四月 2019 09:34:38 GMT" time="633.411" errors="0">
  <testcase name="sxttc" time="58.925" classname="com.irongbei.ShengXinTouTuiChu"/>
  <testcase name="sxttc" time="62.339" classname="com.irongbei.ShengXinTouTuiChu"/>
  <testcase name="sxttc" time="65.455" classname="com.irongbei.ShengXinTouTuiChu"/>
  <testcase name="sxttc" time="78.452" classname="com.irongbei.ShengXinTouTuiChu"/>
  <testcase name="sxttc" time="60.702" classname="com.irongbei.ShengXinTouTuiChu"/>
  <testcase name="sxttc" time="62.645" classname="com.irongbei.ShengXinTouTuiChu"/>
  <testcase name="sxttc" time="60.153" classname="com.irongbei.ShengXinTouTuiChu"/>
  <testcase name="sxttc" time="59.221" classname="com.irongbei.ShengXinTouTuiChu"/>
  <testcase name="sxttc" time="60.892" classname="com.irongbei.ShengXinTouTuiChu"/>
  <testcase name="sxttc" time="64.627" classname="com.irongbei.ShengXinTouTuiChu"/>
</testsuite> <!-- com.irongbei.ShengXinTouTuiChu -->
