<?xml version="1.0" encoding="UTF-8"?>
<!-- Generated by org.testng.reporters.JUnitReportReporter -->
<testsuite skipped="0" hostname="EDZ-20170729POB" name="com.irongbeitest.GetExcelDataTest" tests="3" failures="0" timestamp="25 一月 2019 07:01:43 GMT" time="0.016" errors="0">
  <testcase name="testConnection" time="0.001" classname="com.irongbeitest.GetExcelDataTest"/>
  <testcase name="testConnection" time="0.001" classname="com.irongbeitest.GetExcelDataTest"/>
  <testcase name="testConnection" time="0.014" classname="com.irongbeitest.GetExcelDataTest"/>
</testsuite> <!-- com.irongbeitest.GetExcelDataTest -->
