<?xml version="1.0" encoding="UTF-8"?>
<!-- Generated by org.testng.reporters.JUnitReportReporter -->
<testsuite skipped="0" hostname="EDZ-20170729POB" name="com.rongbei.util.ConectMysql" tests="1" failures="0" timestamp="20 二月 2019 02:08:27 GMT" time="0.772" errors="0">
  <testcase name="updateMysql" time="0.772" classname="com.rongbei.util.ConectMysql"/>
</testsuite> <!-- com.rongbei.util.ConectMysql -->
