<?xml version="1.0" encoding="UTF-8"?>
<!-- Generated by org.testng.reporters.JUnitReportReporter -->
<testsuite skipped="0" hostname="EDZ-20170729POB" name="com.irongbei.CreatNewDaBiaoPlanforTestNG" tests="1" failures="0" timestamp="05 五月 2019 01:56:48 GMT" time="16.347" errors="0">
  <testcase name="createPlan" time="16.347" classname="com.irongbei.CreatNewDaBiaoPlanforTestNG"/>
</testsuite> <!-- com.irongbei.CreatNewDaBiaoPlanforTestNG -->
