<?xml version="1.0" encoding="UTF-8"?>
<!-- Generated by org.testng.reporters.JUnitReportReporter -->
<testsuite skipped="0" hostname="WINDOWS-BJRUN98" name="com.irongbei.AddZhouZhouSheng" tests="1" failures="0" timestamp="24 六月 2020 08:48:58 GMT" time="37.239" errors="0">
  <testcase name="addZhouZhouSheng" time="37.239" classname="com.irongbei.AddZhouZhouSheng"/>
</testsuite> <!-- com.irongbei.AddZhouZhouSheng -->
