<?xml version="1.0" encoding="UTF-8"?>
<!-- Generated by org.testng.reporters.JUnitReportReporter -->
<testsuite skipped="0" hostname="EDZ-20170729POB" name="KaiHu.JieKuanRenKaiHu" tests="2" failures="0" timestamp="18 十月 2019 02:43:36 GMT" time="82.694" errors="0">
  <testcase name="updateSql" time="2.710" classname="KaiHu.JieKuanRenKaiHu"/>
  <testcase name="jieKuanKaiHu" time="79.984" classname="KaiHu.JieKuanRenKaiHu"/>
</testsuite> <!-- KaiHu.JieKuanRenKaiHu -->
