<?xml version="1.0" encoding="UTF-8"?>
<!-- Generated by org.testng.reporters.JUnitReportReporter -->
<testsuite skipped="0" hostname="EDZ-20170729POB" name="com.irongbei.ShengXinTouTuiChu2" tests="1" failures="0" timestamp="14 十月 2019 10:38:06 GMT" time="542.944" errors="0">
  <testcase name="sxttc" time="542.944" classname="com.irongbei.ShengXinTouTuiChu2"/>
</testsuite> <!-- com.irongbei.ShengXinTouTuiChu2 -->
