<?xml version="1.0" encoding="UTF-8"?>
<!-- Generated by org.testng.reporters.JUnitReportReporter -->
<testsuite skipped="0" hostname="EDZ-20170729POB" name="com.irongbei.AddYouHuiQuan" tests="1" failures="0" timestamp="10 四月 2018 03:55:35 GMT" time="13.961" errors="0">
  <testcase name="addYouHuiQuan" time="13.961" classname="com.irongbei.AddYouHuiQuan"/>
</testsuite> <!-- com.irongbei.AddYouHuiQuan -->
