<?xml version="1.0" encoding="UTF-8"?>
<!-- Generated by org.testng.reporters.JUnitReportReporter -->
<testsuite skipped="0" hostname="DESKTOP-TRU9B26" name="com.irongbei.CreateZZSPlan" tests="1" failures="0" timestamp="2019-12-03T10:44:42 CST" time="25.418" errors="0">
  <testcase name="createZzsPlan" time="25.418" classname="com.irongbei.CreateZZSPlan"/>
</testsuite> <!-- com.irongbei.CreateZZSPlan -->
