<?xml version="1.0" encoding="UTF-8"?>
<!-- Generated by org.testng.reporters.JUnitReportReporter -->
<testsuite name="com.irongbeitest.GetExcelDataTest" tests="2" time="0.032" ignored="0" failures="0" timestamp="25 一月 2019 18:08:14 GMT" skipped="0" hostname="PC201610301941" errors="0">
  <testcase name="testConnection" time="0.016" classname="com.irongbeitest.GetExcelDataTest"/>
  <testcase name="testConnection" time="0.016" classname="com.irongbeitest.GetExcelDataTest"/>
</testsuite> <!-- com.irongbeitest.GetExcelDataTest -->
