<?xml version="1.0" encoding="UTF-8"?>
<!-- Generated by org.testng.reporters.JUnitReportReporter -->
<testsuite skipped="0" hostname="EDZ-20170729POB" name="KaiHu.JieKuanRenKaiHu" tests="2" failures="0" timestamp="27 六月 2019 07:27:40 GMT" time="98.027" errors="0">
  <testcase name="jieKuanKaiHu" time="97.295" classname="KaiHu.JieKuanRenKaiHu"/>
  <testcase name="updateSql" time="0.732" classname="KaiHu.JieKuanRenKaiHu"/>
</testsuite> <!-- KaiHu.JieKuanRenKaiHu -->
