<?xml version="1.0" encoding="UTF-8"?>
<!-- Generated by org.testng.reporters.JUnitReportReporter -->
<testsuite skipped="0" hostname="EDZ-20170729POB" name="com.cunguan.GetInterface" tests="1" failures="0" timestamp="05 九月 2019 03:07:43 GMT" time="9.096" errors="0">
  <testcase name="getInterface" time="9.096" classname="com.cunguan.GetInterface"/>
</testsuite> <!-- com.cunguan.GetInterface -->
