<?xml version="1.0" encoding="UTF-8"?>
<!-- Generated by org.testng.reporters.JUnitReportReporter -->
<testsuite skipped="0" hostname="EDZ-20170729POB" name="com.rongbei.util.WriteUserCard" tests="1000" failures="0" timestamp="24 一月 2019 14:39:00 GMT" time="2.452" errors="0">
  <testcase name="writeUserCard" time="0.001" classname="com.rongbei.util.WriteUserCard"/>
  <testcase name="writeUserCard" time="0.001" classname="com.rongbei.util.WriteUserCard"/>
  <testcase name="writeUserCard" time="0.001" classname="com.rongbei.util.WriteUserCard"/>
  <testcase name="writeUserCard" time="0.001" classname="com.rongbei.util.WriteUserCard"/>
  <testcase name="writeUserCard" time="0.001" classname="com.rongbei.util.WriteUserCard"/>
  <testcase name="writeUserCard" time="0.002" classname="com.rongbei.util.WriteUserCard"/>
  <testcase name="writeUserCard" time="0.001" classname="com.rongbei.util.WriteUserCard"/>
  <testcase name="writeUserCard" time="0.001" classname="com.rongbei.util.WriteUserCard"/>
  <testcase name="writeUserCard" time="0.001" classname="com.rongbei.util.WriteUserCard"/>
  <testcase name="writeUserCard" time="0.001" classname="com.rongbei.util.WriteUserCard"/>
  <testcase name="writeUserCard" time="0.003" classname="com.rongbei.util.WriteUserCard"/>
  <testcase name="writeUserCard" time="0.001" classname="com.rongbei.util.WriteUserCard"/>
  <testcase name="writeUserCard" time="0.001" classname="com.rongbei.util.WriteUserCard"/>
  <testcase name="writeUserCard" time="0.002" classname="com.rongbei.util.WriteUserCard"/>
  <testcase name="writeUserCard" time="0.001" classname="com.rongbei.util.WriteUserCard"/>
  <testcase name="writeUserCard" time="0.000" classname="com.rongbei.util.WriteUserCard"/>
  <testcase name="writeUserCard" time="0.001" classname="com.rongbei.util.WriteUserCard"/>
  <testcase name="writeUserCard" time="0.005" classname="com.rongbei.util.WriteUserCard"/>
  <testcase name="writeUserCard" time="0.003" classname="com.rongbei.util.WriteUserCard"/>
  <testcase name="writeUserCard" time="0.001" classname="com.rongbei.util.WriteUserCard"/>
  <testcase name="writeUserCard" time="0.002" classname="com.rongbei.util.WriteUserCard"/>
  <testcase name="writeUserCard" time="0.002" classname="com.rongbei.util.WriteUserCard"/>
  <testcase name="writeUserCard" time="0.002" classname="com.rongbei.util.WriteUserCard"/>
  <testcase name="writeUserCard" time="0.031" classname="com.rongbei.util.WriteUserCard"/>
  <testcase name="writeUserCard" time="0.001" classname="com.rongbei.util.WriteUserCard"/>
  <testcase name="writeUserCard" time="0.002" classname="com.rongbei.util.WriteUserCard"/>
  <testcase name="writeUserCard" time="0.002" classname="com.rongbei.util.WriteUserCard"/>
  <testcase name="writeUserCard" time="0.001" classname="com.rongbei.util.WriteUserCard"/>
  <testcase name="writeUserCard" time="0.011" classname="com.rongbei.util.WriteUserCard"/>
  <testcase name="writeUserCard" time="0.001" classname="com.rongbei.util.WriteUserCard"/>
  <testcase name="writeUserCard" time="0.001" classname="com.rongbei.util.WriteUserCard"/>
  <testcase name="writeUserCard" time="0.001" classname="com.rongbei.util.WriteUserCard"/>
  <testcase name="writeUserCard" time="0.001" classname="com.rongbei.util.WriteUserCard"/>
  <testcase name="writeUserCard" time="0.001" classname="com.rongbei.util.WriteUserCard"/>
  <testcase name="writeUserCard" time="0.002" classname="com.rongbei.util.WriteUserCard"/>
  <testcase name="writeUserCard" time="0.001" classname="com.rongbei.util.WriteUserCard"/>
  <testcase name="writeUserCard" time="0.002" classname="com.rongbei.util.WriteUserCard"/>
  <testcase name="writeUserCard" time="0.002" classname="com.rongbei.util.WriteUserCard"/>
  <testcase name="writeUserCard" time="0.003" classname="com.rongbei.util.WriteUserCard"/>
  <testcase name="writeUserCard" time="0.001" classname="com.rongbei.util.WriteUserCard"/>
  <testcase name="writeUserCard" time="0.001" classname="com.rongbei.util.WriteUserCard"/>
  <testcase name="writeUserCard" time="0.001" classname="com.rongbei.util.WriteUserCard"/>
  <testcase name="writeUserCard" time="0.001" classname="com.rongbei.util.WriteUserCard"/>
  <testcase name="writeUserCard" time="0.001" classname="com.rongbei.util.WriteUserCard"/>
  <testcase name="writeUserCard" time="0.001" classname="com.rongbei.util.WriteUserCard"/>
  <testcase name="writeUserCard" time="0.001" classname="com.rongbei.util.WriteUserCard"/>
  <testcase name="writeUserCard" time="0.001" classname="com.rongbei.util.WriteUserCard"/>
  <testcase name="writeUserCard" time="0.003" classname="com.rongbei.util.WriteUserCard"/>
  <testcase name="writeUserCard" time="0.001" classname="com.rongbei.util.WriteUserCard"/>
  <testcase name="writeUserCard" time="0.001" classname="com.rongbei.util.WriteUserCard"/>
  <testcase name="writeUserCard" time="0.001" classname="com.rongbei.util.WriteUserCard"/>
  <testcase name="writeUserCard" time="0.001" classname="com.rongbei.util.WriteUserCard"/>
  <testcase name="writeUserCard" time="0.002" classname="com.rongbei.util.WriteUserCard"/>
  <testcase name="writeUserCard" time="0.001" classname="com.rongbei.util.WriteUserCard"/>
  <testcase name="writeUserCard" time="0.001" classname="com.rongbei.util.WriteUserCard"/>
  <testcase name="writeUserCard" time="0.001" classname="com.rongbei.util.WriteUserCard"/>
  <testcase name="writeUserCard" time="0.001" classname="com.rongbei.util.WriteUserCard"/>
  <testcase name="writeUserCard" time="0.001" classname="com.rongbei.util.WriteUserCard"/>
  <testcase name="writeUserCard" time="0.001" classname="com.rongbei.util.WriteUserCard"/>
  <testcase name="writeUserCard" time="0.001" classname="com.rongbei.util.WriteUserCard"/>
  <testcase name="writeUserCard" time="0.001" classname="com.rongbei.util.WriteUserCard"/>
  <testcase name="writeUserCard" time="0.001" classname="com.rongbei.util.WriteUserCard"/>
  <testcase name="writeUserCard" time="0.001" classname="com.rongbei.util.WriteUserCard"/>
  <testcase name="writeUserCard" time="0.001" classname="com.rongbei.util.WriteUserCard"/>
  <testcase name="writeUserCard" time="0.001" classname="com.rongbei.util.WriteUserCard"/>
  <testcase name="writeUserCard" time="0.001" classname="com.rongbei.util.WriteUserCard"/>
  <testcase name="writeUserCard" time="0.001" classname="com.rongbei.util.WriteUserCard"/>
  <testcase name="writeUserCard" time="0.001" classname="com.rongbei.util.WriteUserCard"/>
  <testcase name="writeUserCard" time="0.001" classname="com.rongbei.util.WriteUserCard"/>
  <testcase name="writeUserCard" time="0.001" classname="com.rongbei.util.WriteUserCard"/>
  <testcase name="writeUserCard" time="0.001" classname="com.rongbei.util.WriteUserCard"/>
  <testcase name="writeUserCard" time="0.002" classname="com.rongbei.util.WriteUserCard"/>
  <testcase name="writeUserCard" time="0.001" classname="com.rongbei.util.WriteUserCard"/>
  <testcase name="writeUserCard" time="0.001" classname="com.rongbei.util.WriteUserCard"/>
  <testcase name="writeUserCard" time="0.009" classname="com.rongbei.util.WriteUserCard"/>
  <testcase name="writeUserCard" time="0.001" classname="com.rongbei.util.WriteUserCard"/>
  <testcase name="writeUserCard" time="0.001" classname="com.rongbei.util.WriteUserCard"/>
  <testcase name="writeUserCard" time="0.002" classname="com.rongbei.util.WriteUserCard"/>
  <testcase name="writeUserCard" time="0.003" classname="com.rongbei.util.WriteUserCard"/>
  <testcase name="writeUserCard" time="0.001" classname="com.rongbei.util.WriteUserCard"/>
  <testcase name="writeUserCard" time="0.001" classname="com.rongbei.util.WriteUserCard"/>
  <testcase name="writeUserCard" time="0.009" classname="com.rongbei.util.WriteUserCard"/>
  <testcase name="writeUserCard" time="0.001" classname="com.rongbei.util.WriteUserCard"/>
  <testcase name="writeUserCard" time="0.001" classname="com.rongbei.util.WriteUserCard"/>
  <testcase name="writeUserCard" time="0.001" classname="com.rongbei.util.WriteUserCard"/>
  <testcase name="writeUserCard" time="0.001" classname="com.rongbei.util.WriteUserCard"/>
  <testcase name="writeUserCard" time="0.007" classname="com.rongbei.util.WriteUserCard"/>
  <testcase name="writeUserCard" time="0.001" classname="com.rongbei.util.WriteUserCard"/>
  <testcase name="writeUserCard" time="0.001" classname="com.rongbei.util.WriteUserCard"/>
  <testcase name="writeUserCard" time="0.001" classname="com.rongbei.util.WriteUserCard"/>
  <testcase name="writeUserCard" time="0.002" classname="com.rongbei.util.WriteUserCard"/>
  <testcase name="writeUserCard" time="0.002" classname="com.rongbei.util.WriteUserCard"/>
  <testcase name="writeUserCard" time="0.002" classname="com.rongbei.util.WriteUserCard"/>
  <testcase name="writeUserCard" time="0.001" classname="com.rongbei.util.WriteUserCard"/>
  <testcase name="writeUserCard" time="0.001" classname="com.rongbei.util.WriteUserCard"/>
  <testcase name="writeUserCard" time="0.001" classname="com.rongbei.util.WriteUserCard"/>
  <testcase name="writeUserCard" time="0.008" classname="com.rongbei.util.WriteUserCard"/>
  <testcase name="writeUserCard" time="0.002" classname="com.rongbei.util.WriteUserCard"/>
  <testcase name="writeUserCard" time="0.001" classname="com.rongbei.util.WriteUserCard"/>
  <testcase name="writeUserCard" time="0.003" classname="com.rongbei.util.WriteUserCard"/>
  <testcase name="writeUserCard" time="0.003" classname="com.rongbei.util.WriteUserCard"/>
  <testcase name="writeUserCard" time="0.001" classname="com.rongbei.util.WriteUserCard"/>
  <testcase name="writeUserCard" time="0.002" classname="com.rongbei.util.WriteUserCard"/>
  <testcase name="writeUserCard" time="0.001" classname="com.rongbei.util.WriteUserCard"/>
  <testcase name="writeUserCard" time="0.010" classname="com.rongbei.util.WriteUserCard"/>
  <testcase name="writeUserCard" time="0.002" classname="com.rongbei.util.WriteUserCard"/>
  <testcase name="writeUserCard" time="0.001" classname="com.rongbei.util.WriteUserCard"/>
  <testcase name="writeUserCard" time="0.001" classname="com.rongbei.util.WriteUserCard"/>
  <testcase name="writeUserCard" time="0.001" classname="com.rongbei.util.WriteUserCard"/>
  <testcase name="writeUserCard" time="0.001" classname="com.rongbei.util.WriteUserCard"/>
  <testcase name="writeUserCard" time="0.001" classname="com.rongbei.util.WriteUserCard"/>
  <testcase name="writeUserCard" time="0.001" classname="com.rongbei.util.WriteUserCard"/>
  <testcase name="writeUserCard" time="0.001" classname="com.rongbei.util.WriteUserCard"/>
  <testcase name="writeUserCard" time="0.001" classname="com.rongbei.util.WriteUserCard"/>
  <testcase name="writeUserCard" time="0.001" classname="com.rongbei.util.WriteUserCard"/>
  <testcase name="writeUserCard" time="0.001" classname="com.rongbei.util.WriteUserCard"/>
  <testcase name="writeUserCard" time="0.002" classname="com.rongbei.util.WriteUserCard"/>
  <testcase name="writeUserCard" time="0.001" classname="com.rongbei.util.WriteUserCard"/>
  <testcase name="writeUserCard" time="0.001" classname="com.rongbei.util.WriteUserCard"/>
  <testcase name="writeUserCard" time="0.002" classname="com.rongbei.util.WriteUserCard"/>
  <testcase name="writeUserCard" time="0.006" classname="com.rongbei.util.WriteUserCard"/>
  <testcase name="writeUserCard" time="0.001" classname="com.rongbei.util.WriteUserCard"/>
  <testcase name="writeUserCard" time="0.002" classname="com.rongbei.util.WriteUserCard"/>
  <testcase name="writeUserCard" time="0.001" classname="com.rongbei.util.WriteUserCard"/>
  <testcase name="writeUserCard" time="0.001" classname="com.rongbei.util.WriteUserCard"/>
  <testcase name="writeUserCard" time="0.001" classname="com.rongbei.util.WriteUserCard"/>
  <testcase name="writeUserCard" time="0.001" classname="com.rongbei.util.WriteUserCard"/>
  <testcase name="writeUserCard" time="0.001" classname="com.rongbei.util.WriteUserCard"/>
  <testcase name="writeUserCard" time="0.001" classname="com.rongbei.util.WriteUserCard"/>
  <testcase name="writeUserCard" time="0.002" classname="com.rongbei.util.WriteUserCard"/>
  <testcase name="writeUserCard" time="0.001" classname="com.rongbei.util.WriteUserCard"/>
  <testcase name="writeUserCard" time="0.002" classname="com.rongbei.util.WriteUserCard"/>
  <testcase name="writeUserCard" time="0.001" classname="com.rongbei.util.WriteUserCard"/>
  <testcase name="writeUserCard" time="0.002" classname="com.rongbei.util.WriteUserCard"/>
  <testcase name="writeUserCard" time="0.001" classname="com.rongbei.util.WriteUserCard"/>
  <testcase name="writeUserCard" time="0.001" classname="com.rongbei.util.WriteUserCard"/>
  <testcase name="writeUserCard" time="0.001" classname="com.rongbei.util.WriteUserCard"/>
  <testcase name="writeUserCard" time="0.001" classname="com.rongbei.util.WriteUserCard"/>
  <testcase name="writeUserCard" time="0.001" classname="com.rongbei.util.WriteUserCard"/>
  <testcase name="writeUserCard" time="0.001" classname="com.rongbei.util.WriteUserCard"/>
  <testcase name="writeUserCard" time="0.001" classname="com.rongbei.util.WriteUserCard"/>
  <testcase name="writeUserCard" time="0.001" classname="com.rongbei.util.WriteUserCard"/>
  <testcase name="writeUserCard" time="0.001" classname="com.rongbei.util.WriteUserCard"/>
  <testcase name="writeUserCard" time="0.002" classname="com.rongbei.util.WriteUserCard"/>
  <testcase name="writeUserCard" time="0.001" classname="com.rongbei.util.WriteUserCard"/>
  <testcase name="writeUserCard" time="0.001" classname="com.rongbei.util.WriteUserCard"/>
  <testcase name="writeUserCard" time="0.001" classname="com.rongbei.util.WriteUserCard"/>
  <testcase name="writeUserCard" time="0.001" classname="com.rongbei.util.WriteUserCard"/>
  <testcase name="writeUserCard" time="0.001" classname="com.rongbei.util.WriteUserCard"/>
  <testcase name="writeUserCard" time="0.002" classname="com.rongbei.util.WriteUserCard"/>
  <testcase name="writeUserCard" time="0.001" classname="com.rongbei.util.WriteUserCard"/>
  <testcase name="writeUserCard" time="0.002" classname="com.rongbei.util.WriteUserCard"/>
  <testcase name="writeUserCard" time="0.021" classname="com.rongbei.util.WriteUserCard"/>
  <testcase name="writeUserCard" time="0.001" classname="com.rongbei.util.WriteUserCard"/>
  <testcase name="writeUserCard" time="0.001" classname="com.rongbei.util.WriteUserCard"/>
  <testcase name="writeUserCard" time="0.001" classname="com.rongbei.util.WriteUserCard"/>
  <testcase name="writeUserCard" time="0.001" classname="com.rongbei.util.WriteUserCard"/>
  <testcase name="writeUserCard" time="0.001" classname="com.rongbei.util.WriteUserCard"/>
  <testcase name="writeUserCard" time="0.001" classname="com.rongbei.util.WriteUserCard"/>
  <testcase name="writeUserCard" time="0.002" classname="com.rongbei.util.WriteUserCard"/>
  <testcase name="writeUserCard" time="0.001" classname="com.rongbei.util.WriteUserCard"/>
  <testcase name="writeUserCard" time="0.002" classname="com.rongbei.util.WriteUserCard"/>
  <testcase name="writeUserCard" time="0.001" classname="com.rongbei.util.WriteUserCard"/>
  <testcase name="writeUserCard" time="0.001" classname="com.rongbei.util.WriteUserCard"/>
  <testcase name="writeUserCard" time="0.015" classname="com.rongbei.util.WriteUserCard"/>
  <testcase name="writeUserCard" time="0.013" classname="com.rongbei.util.WriteUserCard"/>
  <testcase name="writeUserCard" time="0.001" classname="com.rongbei.util.WriteUserCard"/>
  <testcase name="writeUserCard" time="0.003" classname="com.rongbei.util.WriteUserCard"/>
  <testcase name="writeUserCard" time="0.001" classname="com.rongbei.util.WriteUserCard"/>
  <testcase name="writeUserCard" time="0.002" classname="com.rongbei.util.WriteUserCard"/>
  <testcase name="writeUserCard" time="0.001" classname="com.rongbei.util.WriteUserCard"/>
  <testcase name="writeUserCard" time="0.001" classname="com.rongbei.util.WriteUserCard"/>
  <testcase name="writeUserCard" time="0.001" classname="com.rongbei.util.WriteUserCard"/>
  <testcase name="writeUserCard" time="0.001" classname="com.rongbei.util.WriteUserCard"/>
  <testcase name="writeUserCard" time="0.002" classname="com.rongbei.util.WriteUserCard"/>
  <testcase name="writeUserCard" time="0.001" classname="com.rongbei.util.WriteUserCard"/>
  <testcase name="writeUserCard" time="0.001" classname="com.rongbei.util.WriteUserCard"/>
  <testcase name="writeUserCard" time="0.001" classname="com.rongbei.util.WriteUserCard"/>
  <testcase name="writeUserCard" time="0.001" classname="com.rongbei.util.WriteUserCard"/>
  <testcase name="writeUserCard" time="0.001" classname="com.rongbei.util.WriteUserCard"/>
  <testcase name="writeUserCard" time="0.001" classname="com.rongbei.util.WriteUserCard"/>
  <testcase name="writeUserCard" time="0.001" classname="com.rongbei.util.WriteUserCard"/>
  <testcase name="writeUserCard" time="0.001" classname="com.rongbei.util.WriteUserCard"/>
  <testcase name="writeUserCard" time="0.002" classname="com.rongbei.util.WriteUserCard"/>
  <testcase name="writeUserCard" time="0.001" classname="com.rongbei.util.WriteUserCard"/>
  <testcase name="writeUserCard" time="0.001" classname="com.rongbei.util.WriteUserCard"/>
  <testcase name="writeUserCard" time="0.014" classname="com.rongbei.util.WriteUserCard"/>
  <testcase name="writeUserCard" time="0.001" classname="com.rongbei.util.WriteUserCard"/>
  <testcase name="writeUserCard" time="0.008" classname="com.rongbei.util.WriteUserCard"/>
  <testcase name="writeUserCard" time="0.001" classname="com.rongbei.util.WriteUserCard"/>
  <testcase name="writeUserCard" time="0.001" classname="com.rongbei.util.WriteUserCard"/>
  <testcase name="writeUserCard" time="0.004" classname="com.rongbei.util.WriteUserCard"/>
  <testcase name="writeUserCard" time="0.002" classname="com.rongbei.util.WriteUserCard"/>
  <testcase name="writeUserCard" time="0.001" classname="com.rongbei.util.WriteUserCard"/>
  <testcase name="writeUserCard" time="0.001" classname="com.rongbei.util.WriteUserCard"/>
  <testcase name="writeUserCard" time="0.001" classname="com.rongbei.util.WriteUserCard"/>
  <testcase name="writeUserCard" time="0.002" classname="com.rongbei.util.WriteUserCard"/>
  <testcase name="writeUserCard" time="0.001" classname="com.rongbei.util.WriteUserCard"/>
  <testcase name="writeUserCard" time="0.001" classname="com.rongbei.util.WriteUserCard"/>
  <testcase name="writeUserCard" time="0.000" classname="com.rongbei.util.WriteUserCard"/>
  <testcase name="writeUserCard" time="0.001" classname="com.rongbei.util.WriteUserCard"/>
  <testcase name="writeUserCard" time="0.001" classname="com.rongbei.util.WriteUserCard"/>
  <testcase name="writeUserCard" time="0.001" classname="com.rongbei.util.WriteUserCard"/>
  <testcase name="writeUserCard" time="0.002" classname="com.rongbei.util.WriteUserCard"/>
  <testcase name="writeUserCard" time="0.004" classname="com.rongbei.util.WriteUserCard"/>
  <testcase name="writeUserCard" time="0.002" classname="com.rongbei.util.WriteUserCard"/>
  <testcase name="writeUserCard" time="0.001" classname="com.rongbei.util.WriteUserCard"/>
  <testcase name="writeUserCard" time="0.002" classname="com.rongbei.util.WriteUserCard"/>
  <testcase name="writeUserCard" time="0.001" classname="com.rongbei.util.WriteUserCard"/>
  <testcase name="writeUserCard" time="0.001" classname="com.rongbei.util.WriteUserCard"/>
  <testcase name="writeUserCard" time="0.002" classname="com.rongbei.util.WriteUserCard"/>
  <testcase name="writeUserCard" time="0.001" classname="com.rongbei.util.WriteUserCard"/>
  <testcase name="writeUserCard" time="0.001" classname="com.rongbei.util.WriteUserCard"/>
  <testcase name="writeUserCard" time="0.001" classname="com.rongbei.util.WriteUserCard"/>
  <testcase name="writeUserCard" time="0.002" classname="com.rongbei.util.WriteUserCard"/>
  <testcase name="writeUserCard" time="0.001" classname="com.rongbei.util.WriteUserCard"/>
  <testcase name="writeUserCard" time="0.000" classname="com.rongbei.util.WriteUserCard"/>
  <testcase name="writeUserCard" time="0.001" classname="com.rongbei.util.WriteUserCard"/>
  <testcase name="writeUserCard" time="0.001" classname="com.rongbei.util.WriteUserCard"/>
  <testcase name="writeUserCard" time="0.050" classname="com.rongbei.util.WriteUserCard"/>
  <testcase name="writeUserCard" time="0.001" classname="com.rongbei.util.WriteUserCard"/>
  <testcase name="writeUserCard" time="0.002" classname="com.rongbei.util.WriteUserCard"/>
  <testcase name="writeUserCard" time="0.001" classname="com.rongbei.util.WriteUserCard"/>
  <testcase name="writeUserCard" time="0.002" classname="com.rongbei.util.WriteUserCard"/>
  <testcase name="writeUserCard" time="0.001" classname="com.rongbei.util.WriteUserCard"/>
  <testcase name="writeUserCard" time="0.001" classname="com.rongbei.util.WriteUserCard"/>
  <testcase name="writeUserCard" time="0.001" classname="com.rongbei.util.WriteUserCard"/>
  <testcase name="writeUserCard" time="0.001" classname="com.rongbei.util.WriteUserCard"/>
  <testcase name="writeUserCard" time="0.001" classname="com.rongbei.util.WriteUserCard"/>
  <testcase name="writeUserCard" time="0.001" classname="com.rongbei.util.WriteUserCard"/>
  <testcase name="writeUserCard" time="0.001" classname="com.rongbei.util.WriteUserCard"/>
  <testcase name="writeUserCard" time="0.002" classname="com.rongbei.util.WriteUserCard"/>
  <testcase name="writeUserCard" time="0.001" classname="com.rongbei.util.WriteUserCard"/>
  <testcase name="writeUserCard" time="0.002" classname="com.rongbei.util.WriteUserCard"/>
  <testcase name="writeUserCard" time="0.001" classname="com.rongbei.util.WriteUserCard"/>
  <testcase name="writeUserCard" time="0.002" classname="com.rongbei.util.WriteUserCard"/>
  <testcase name="writeUserCard" time="0.001" classname="com.rongbei.util.WriteUserCard"/>
  <testcase name="writeUserCard" time="0.001" classname="com.rongbei.util.WriteUserCard"/>
  <testcase name="writeUserCard" time="0.002" classname="com.rongbei.util.WriteUserCard"/>
  <testcase name="writeUserCard" time="0.001" classname="com.rongbei.util.WriteUserCard"/>
  <testcase name="writeUserCard" time="0.002" classname="com.rongbei.util.WriteUserCard"/>
  <testcase name="writeUserCard" time="0.002" classname="com.rongbei.util.WriteUserCard"/>
  <testcase name="writeUserCard" time="0.001" classname="com.rongbei.util.WriteUserCard"/>
  <testcase name="writeUserCard" time="0.001" classname="com.rongbei.util.WriteUserCard"/>
  <testcase name="writeUserCard" time="0.001" classname="com.rongbei.util.WriteUserCard"/>
  <testcase name="writeUserCard" time="0.001" classname="com.rongbei.util.WriteUserCard"/>
  <testcase name="writeUserCard" time="0.002" classname="com.rongbei.util.WriteUserCard"/>
  <testcase name="writeUserCard" time="0.001" classname="com.rongbei.util.WriteUserCard"/>
  <testcase name="writeUserCard" time="0.002" classname="com.rongbei.util.WriteUserCard"/>
  <testcase name="writeUserCard" time="0.005" classname="com.rongbei.util.WriteUserCard"/>
  <testcase name="writeUserCard" time="0.001" classname="com.rongbei.util.WriteUserCard"/>
  <testcase name="writeUserCard" time="0.001" classname="com.rongbei.util.WriteUserCard"/>
  <testcase name="writeUserCard" time="0.001" classname="com.rongbei.util.WriteUserCard"/>
  <testcase name="writeUserCard" time="0.002" classname="com.rongbei.util.WriteUserCard"/>
  <testcase name="writeUserCard" time="0.001" classname="com.rongbei.util.WriteUserCard"/>
  <testcase name="writeUserCard" time="0.001" classname="com.rongbei.util.WriteUserCard"/>
  <testcase name="writeUserCard" time="0.015" classname="com.rongbei.util.WriteUserCard"/>
  <testcase name="writeUserCard" time="0.002" classname="com.rongbei.util.WriteUserCard"/>
  <testcase name="writeUserCard" time="0.001" classname="com.rongbei.util.WriteUserCard"/>
  <testcase name="writeUserCard" time="0.002" classname="com.rongbei.util.WriteUserCard"/>
  <testcase name="writeUserCard" time="0.001" classname="com.rongbei.util.WriteUserCard"/>
  <testcase name="writeUserCard" time="0.001" classname="com.rongbei.util.WriteUserCard"/>
  <testcase name="writeUserCard" time="0.002" classname="com.rongbei.util.WriteUserCard"/>
  <testcase name="writeUserCard" time="0.001" classname="com.rongbei.util.WriteUserCard"/>
  <testcase name="writeUserCard" time="0.001" classname="com.rongbei.util.WriteUserCard"/>
  <testcase name="writeUserCard" time="0.002" classname="com.rongbei.util.WriteUserCard"/>
  <testcase name="writeUserCard" time="0.001" classname="com.rongbei.util.WriteUserCard"/>
  <testcase name="writeUserCard" time="0.002" classname="com.rongbei.util.WriteUserCard"/>
  <testcase name="writeUserCard" time="0.001" classname="com.rongbei.util.WriteUserCard"/>
  <testcase name="writeUserCard" time="0.001" classname="com.rongbei.util.WriteUserCard"/>
  <testcase name="writeUserCard" time="0.001" classname="com.rongbei.util.WriteUserCard"/>
  <testcase name="writeUserCard" time="0.001" classname="com.rongbei.util.WriteUserCard"/>
  <testcase name="writeUserCard" time="0.005" classname="com.rongbei.util.WriteUserCard"/>
  <testcase name="writeUserCard" time="0.001" classname="com.rongbei.util.WriteUserCard"/>
  <testcase name="writeUserCard" time="0.002" classname="com.rongbei.util.WriteUserCard"/>
  <testcase name="writeUserCard" time="0.001" classname="com.rongbei.util.WriteUserCard"/>
  <testcase name="writeUserCard" time="0.004" classname="com.rongbei.util.WriteUserCard"/>
  <testcase name="writeUserCard" time="0.001" classname="com.rongbei.util.WriteUserCard"/>
  <testcase name="writeUserCard" time="0.092" classname="com.rongbei.util.WriteUserCard"/>
  <testcase name="writeUserCard" time="0.001" classname="com.rongbei.util.WriteUserCard"/>
  <testcase name="writeUserCard" time="0.001" classname="com.rongbei.util.WriteUserCard"/>
  <testcase name="writeUserCard" time="0.001" classname="com.rongbei.util.WriteUserCard"/>
  <testcase name="writeUserCard" time="0.009" classname="com.rongbei.util.WriteUserCard"/>
  <testcase name="writeUserCard" time="0.000" classname="com.rongbei.util.WriteUserCard"/>
  <testcase name="writeUserCard" time="0.001" classname="com.rongbei.util.WriteUserCard"/>
  <testcase name="writeUserCard" time="0.001" classname="com.rongbei.util.WriteUserCard"/>
  <testcase name="writeUserCard" time="0.001" classname="com.rongbei.util.WriteUserCard"/>
  <testcase name="writeUserCard" time="0.001" classname="com.rongbei.util.WriteUserCard"/>
  <testcase name="writeUserCard" time="0.001" classname="com.rongbei.util.WriteUserCard"/>
  <testcase name="writeUserCard" time="0.002" classname="com.rongbei.util.WriteUserCard"/>
  <testcase name="writeUserCard" time="0.002" classname="com.rongbei.util.WriteUserCard"/>
  <testcase name="writeUserCard" time="0.001" classname="com.rongbei.util.WriteUserCard"/>
  <testcase name="writeUserCard" time="0.001" classname="com.rongbei.util.WriteUserCard"/>
  <testcase name="writeUserCard" time="0.002" classname="com.rongbei.util.WriteUserCard"/>
  <testcase name="writeUserCard" time="0.001" classname="com.rongbei.util.WriteUserCard"/>
  <testcase name="writeUserCard" time="0.001" classname="com.rongbei.util.WriteUserCard"/>
  <testcase name="writeUserCard" time="0.002" classname="com.rongbei.util.WriteUserCard"/>
  <testcase name="writeUserCard" time="0.001" classname="com.rongbei.util.WriteUserCard"/>
  <testcase name="writeUserCard" time="0.001" classname="com.rongbei.util.WriteUserCard"/>
  <testcase name="writeUserCard" time="0.001" classname="com.rongbei.util.WriteUserCard"/>
  <testcase name="writeUserCard" time="0.002" classname="com.rongbei.util.WriteUserCard"/>
  <testcase name="writeUserCard" time="0.001" classname="com.rongbei.util.WriteUserCard"/>
  <testcase name="writeUserCard" time="0.001" classname="com.rongbei.util.WriteUserCard"/>
  <testcase name="writeUserCard" time="0.001" classname="com.rongbei.util.WriteUserCard"/>
  <testcase name="writeUserCard" time="0.001" classname="com.rongbei.util.WriteUserCard"/>
  <testcase name="writeUserCard" time="0.001" classname="com.rongbei.util.WriteUserCard"/>
  <testcase name="writeUserCard" time="0.001" classname="com.rongbei.util.WriteUserCard"/>
  <testcase name="writeUserCard" time="0.001" classname="com.rongbei.util.WriteUserCard"/>
  <testcase name="writeUserCard" time="0.000" classname="com.rongbei.util.WriteUserCard"/>
  <testcase name="writeUserCard" time="0.001" classname="com.rongbei.util.WriteUserCard"/>
  <testcase name="writeUserCard" time="0.001" classname="com.rongbei.util.WriteUserCard"/>
  <testcase name="writeUserCard" time="0.001" classname="com.rongbei.util.WriteUserCard"/>
  <testcase name="writeUserCard" time="0.001" classname="com.rongbei.util.WriteUserCard"/>
  <testcase name="writeUserCard" time="0.001" classname="com.rongbei.util.WriteUserCard"/>
  <testcase name="writeUserCard" time="0.001" classname="com.rongbei.util.WriteUserCard"/>
  <testcase name="writeUserCard" time="0.001" classname="com.rongbei.util.WriteUserCard"/>
  <testcase name="writeUserCard" time="0.001" classname="com.rongbei.util.WriteUserCard"/>
  <testcase name="writeUserCard" time="0.001" classname="com.rongbei.util.WriteUserCard"/>
  <testcase name="writeUserCard" time="0.003" classname="com.rongbei.util.WriteUserCard"/>
  <testcase name="writeUserCard" time="0.001" classname="com.rongbei.util.WriteUserCard"/>
  <testcase name="writeUserCard" time="0.001" classname="com.rongbei.util.WriteUserCard"/>
  <testcase name="writeUserCard" time="0.001" classname="com.rongbei.util.WriteUserCard"/>
  <testcase name="writeUserCard" time="0.001" classname="com.rongbei.util.WriteUserCard"/>
  <testcase name="writeUserCard" time="0.005" classname="com.rongbei.util.WriteUserCard"/>
  <testcase name="writeUserCard" time="0.001" classname="com.rongbei.util.WriteUserCard"/>
  <testcase name="writeUserCard" time="0.001" classname="com.rongbei.util.WriteUserCard"/>
  <testcase name="writeUserCard" time="0.001" classname="com.rongbei.util.WriteUserCard"/>
  <testcase name="writeUserCard" time="0.001" classname="com.rongbei.util.WriteUserCard"/>
  <testcase name="writeUserCard" time="0.001" classname="com.rongbei.util.WriteUserCard"/>
  <testcase name="writeUserCard" time="0.001" classname="com.rongbei.util.WriteUserCard"/>
  <testcase name="writeUserCard" time="0.003" classname="com.rongbei.util.WriteUserCard"/>
  <testcase name="writeUserCard" time="0.001" classname="com.rongbei.util.WriteUserCard"/>
  <testcase name="writeUserCard" time="0.001" classname="com.rongbei.util.WriteUserCard"/>
  <testcase name="writeUserCard" time="0.001" classname="com.rongbei.util.WriteUserCard"/>
  <testcase name="writeUserCard" time="0.001" classname="com.rongbei.util.WriteUserCard"/>
  <testcase name="writeUserCard" time="0.001" classname="com.rongbei.util.WriteUserCard"/>
  <testcase name="writeUserCard" time="0.003" classname="com.rongbei.util.WriteUserCard"/>
  <testcase name="writeUserCard" time="0.005" classname="com.rongbei.util.WriteUserCard"/>
  <testcase name="writeUserCard" time="0.001" classname="com.rongbei.util.WriteUserCard"/>
  <testcase name="writeUserCard" time="0.001" classname="com.rongbei.util.WriteUserCard"/>
  <testcase name="writeUserCard" time="0.001" classname="com.rongbei.util.WriteUserCard"/>
  <testcase name="writeUserCard" time="0.001" classname="com.rongbei.util.WriteUserCard"/>
  <testcase name="writeUserCard" time="0.001" classname="com.rongbei.util.WriteUserCard"/>
  <testcase name="writeUserCard" time="0.001" classname="com.rongbei.util.WriteUserCard"/>
  <testcase name="writeUserCard" time="0.001" classname="com.rongbei.util.WriteUserCard"/>
  <testcase name="writeUserCard" time="0.001" classname="com.rongbei.util.WriteUserCard"/>
  <testcase name="writeUserCard" time="0.002" classname="com.rongbei.util.WriteUserCard"/>
  <testcase name="writeUserCard" time="0.001" classname="com.rongbei.util.WriteUserCard"/>
  <testcase name="writeUserCard" time="0.001" classname="com.rongbei.util.WriteUserCard"/>
  <testcase name="writeUserCard" time="0.001" classname="com.rongbei.util.WriteUserCard"/>
  <testcase name="writeUserCard" time="0.001" classname="com.rongbei.util.WriteUserCard"/>
  <testcase name="writeUserCard" time="0.001" classname="com.rongbei.util.WriteUserCard"/>
  <testcase name="writeUserCard" time="0.003" classname="com.rongbei.util.WriteUserCard"/>
  <testcase name="writeUserCard" time="0.001" classname="com.rongbei.util.WriteUserCard"/>
  <testcase name="writeUserCard" time="0.001" classname="com.rongbei.util.WriteUserCard"/>
  <testcase name="writeUserCard" time="0.001" classname="com.rongbei.util.WriteUserCard"/>
  <testcase name="writeUserCard" time="0.002" classname="com.rongbei.util.WriteUserCard"/>
  <testcase name="writeUserCard" time="0.001" classname="com.rongbei.util.WriteUserCard"/>
  <testcase name="writeUserCard" time="0.002" classname="com.rongbei.util.WriteUserCard"/>
  <testcase name="writeUserCard" time="0.001" classname="com.rongbei.util.WriteUserCard"/>
  <testcase name="writeUserCard" time="0.001" classname="com.rongbei.util.WriteUserCard"/>
  <testcase name="writeUserCard" time="0.000" classname="com.rongbei.util.WriteUserCard"/>
  <testcase name="writeUserCard" time="0.002" classname="com.rongbei.util.WriteUserCard"/>
  <testcase name="writeUserCard" time="0.001" classname="com.rongbei.util.WriteUserCard"/>
  <testcase name="writeUserCard" time="0.001" classname="com.rongbei.util.WriteUserCard"/>
  <testcase name="writeUserCard" time="0.002" classname="com.rongbei.util.WriteUserCard"/>
  <testcase name="writeUserCard" time="0.002" classname="com.rongbei.util.WriteUserCard"/>
  <testcase name="writeUserCard" time="0.001" classname="com.rongbei.util.WriteUserCard"/>
  <testcase name="writeUserCard" time="0.001" classname="com.rongbei.util.WriteUserCard"/>
  <testcase name="writeUserCard" time="0.002" classname="com.rongbei.util.WriteUserCard"/>
  <testcase name="writeUserCard" time="0.001" classname="com.rongbei.util.WriteUserCard"/>
  <testcase name="writeUserCard" time="0.001" classname="com.rongbei.util.WriteUserCard"/>
  <testcase name="writeUserCard" time="0.000" classname="com.rongbei.util.WriteUserCard"/>
  <testcase name="writeUserCard" time="0.005" classname="com.rongbei.util.WriteUserCard"/>
  <testcase name="writeUserCard" time="0.001" classname="com.rongbei.util.WriteUserCard"/>
  <testcase name="writeUserCard" time="0.001" classname="com.rongbei.util.WriteUserCard"/>
  <testcase name="writeUserCard" time="0.002" classname="com.rongbei.util.WriteUserCard"/>
  <testcase name="writeUserCard" time="0.001" classname="com.rongbei.util.WriteUserCard"/>
  <testcase name="writeUserCard" time="0.001" classname="com.rongbei.util.WriteUserCard"/>
  <testcase name="writeUserCard" time="0.001" classname="com.rongbei.util.WriteUserCard"/>
  <testcase name="writeUserCard" time="0.001" classname="com.rongbei.util.WriteUserCard"/>
  <testcase name="writeUserCard" time="0.001" classname="com.rongbei.util.WriteUserCard"/>
  <testcase name="writeUserCard" time="0.002" classname="com.rongbei.util.WriteUserCard"/>
  <testcase name="writeUserCard" time="0.001" classname="com.rongbei.util.WriteUserCard"/>
  <testcase name="writeUserCard" time="0.001" classname="com.rongbei.util.WriteUserCard"/>
  <testcase name="writeUserCard" time="0.001" classname="com.rongbei.util.WriteUserCard"/>
  <testcase name="writeUserCard" time="0.001" classname="com.rongbei.util.WriteUserCard"/>
  <testcase name="writeUserCard" time="0.002" classname="com.rongbei.util.WriteUserCard"/>
  <testcase name="writeUserCard" time="0.001" classname="com.rongbei.util.WriteUserCard"/>
  <testcase name="writeUserCard" time="0.001" classname="com.rongbei.util.WriteUserCard"/>
  <testcase name="writeUserCard" time="0.001" classname="com.rongbei.util.WriteUserCard"/>
  <testcase name="writeUserCard" time="0.001" classname="com.rongbei.util.WriteUserCard"/>
  <testcase name="writeUserCard" time="0.001" classname="com.rongbei.util.WriteUserCard"/>
  <testcase name="writeUserCard" time="0.001" classname="com.rongbei.util.WriteUserCard"/>
  <testcase name="writeUserCard" time="0.000" classname="com.rongbei.util.WriteUserCard"/>
  <testcase name="writeUserCard" time="0.001" classname="com.rongbei.util.WriteUserCard"/>
  <testcase name="writeUserCard" time="0.001" classname="com.rongbei.util.WriteUserCard"/>
  <testcase name="writeUserCard" time="0.002" classname="com.rongbei.util.WriteUserCard"/>
  <testcase name="writeUserCard" time="0.001" classname="com.rongbei.util.WriteUserCard"/>
  <testcase name="writeUserCard" time="0.001" classname="com.rongbei.util.WriteUserCard"/>
  <testcase name="writeUserCard" time="0.001" classname="com.rongbei.util.WriteUserCard"/>
  <testcase name="writeUserCard" time="0.001" classname="com.rongbei.util.WriteUserCard"/>
  <testcase name="writeUserCard" time="0.001" classname="com.rongbei.util.WriteUserCard"/>
  <testcase name="writeUserCard" time="0.001" classname="com.rongbei.util.WriteUserCard"/>
  <testcase name="writeUserCard" time="0.001" classname="com.rongbei.util.WriteUserCard"/>
  <testcase name="writeUserCard" time="0.001" classname="com.rongbei.util.WriteUserCard"/>
  <testcase name="writeUserCard" time="0.001" classname="com.rongbei.util.WriteUserCard"/>
  <testcase name="writeUserCard" time="0.001" classname="com.rongbei.util.WriteUserCard"/>
  <testcase name="writeUserCard" time="0.002" classname="com.rongbei.util.WriteUserCard"/>
  <testcase name="writeUserCard" time="0.001" classname="com.rongbei.util.WriteUserCard"/>
  <testcase name="writeUserCard" time="0.001" classname="com.rongbei.util.WriteUserCard"/>
  <testcase name="writeUserCard" time="0.002" classname="com.rongbei.util.WriteUserCard"/>
  <testcase name="writeUserCard" time="0.003" classname="com.rongbei.util.WriteUserCard"/>
  <testcase name="writeUserCard" time="0.001" classname="com.rongbei.util.WriteUserCard"/>
  <testcase name="writeUserCard" time="0.001" classname="com.rongbei.util.WriteUserCard"/>
  <testcase name="writeUserCard" time="0.045" classname="com.rongbei.util.WriteUserCard"/>
  <testcase name="writeUserCard" time="0.001" classname="com.rongbei.util.WriteUserCard"/>
  <testcase name="writeUserCard" time="0.001" classname="com.rongbei.util.WriteUserCard"/>
  <testcase name="writeUserCard" time="0.001" classname="com.rongbei.util.WriteUserCard"/>
  <testcase name="writeUserCard" time="0.001" classname="com.rongbei.util.WriteUserCard"/>
  <testcase name="writeUserCard" time="0.002" classname="com.rongbei.util.WriteUserCard"/>
  <testcase name="writeUserCard" time="0.001" classname="com.rongbei.util.WriteUserCard"/>
  <testcase name="writeUserCard" time="0.001" classname="com.rongbei.util.WriteUserCard"/>
  <testcase name="writeUserCard" time="0.001" classname="com.rongbei.util.WriteUserCard"/>
  <testcase name="writeUserCard" time="0.001" classname="com.rongbei.util.WriteUserCard"/>
  <testcase name="writeUserCard" time="0.001" classname="com.rongbei.util.WriteUserCard"/>
  <testcase name="writeUserCard" time="0.001" classname="com.rongbei.util.WriteUserCard"/>
  <testcase name="writeUserCard" time="0.001" classname="com.rongbei.util.WriteUserCard"/>
  <testcase name="writeUserCard" time="0.001" classname="com.rongbei.util.WriteUserCard"/>
  <testcase name="writeUserCard" time="0.001" classname="com.rongbei.util.WriteUserCard"/>
  <testcase name="writeUserCard" time="0.001" classname="com.rongbei.util.WriteUserCard"/>
  <testcase name="writeUserCard" time="0.001" classname="com.rongbei.util.WriteUserCard"/>
  <testcase name="writeUserCard" time="0.001" classname="com.rongbei.util.WriteUserCard"/>
  <testcase name="writeUserCard" time="0.001" classname="com.rongbei.util.WriteUserCard"/>
  <testcase name="writeUserCard" time="0.001" classname="com.rongbei.util.WriteUserCard"/>
  <testcase name="writeUserCard" time="0.002" classname="com.rongbei.util.WriteUserCard"/>
  <testcase name="writeUserCard" time="0.011" classname="com.rongbei.util.WriteUserCard"/>
  <testcase name="writeUserCard" time="0.001" classname="com.rongbei.util.WriteUserCard"/>
  <testcase name="writeUserCard" time="0.001" classname="com.rongbei.util.WriteUserCard"/>
  <testcase name="writeUserCard" time="0.004" classname="com.rongbei.util.WriteUserCard"/>
  <testcase name="writeUserCard" time="0.009" classname="com.rongbei.util.WriteUserCard"/>
  <testcase name="writeUserCard" time="0.001" classname="com.rongbei.util.WriteUserCard"/>
  <testcase name="writeUserCard" time="0.001" classname="com.rongbei.util.WriteUserCard"/>
  <testcase name="writeUserCard" time="0.001" classname="com.rongbei.util.WriteUserCard"/>
  <testcase name="writeUserCard" time="0.002" classname="com.rongbei.util.WriteUserCard"/>
  <testcase name="writeUserCard" time="0.001" classname="com.rongbei.util.WriteUserCard"/>
  <testcase name="writeUserCard" time="0.001" classname="com.rongbei.util.WriteUserCard"/>
  <testcase name="writeUserCard" time="0.002" classname="com.rongbei.util.WriteUserCard"/>
  <testcase name="writeUserCard" time="0.002" classname="com.rongbei.util.WriteUserCard"/>
  <testcase name="writeUserCard" time="0.002" classname="com.rongbei.util.WriteUserCard"/>
  <testcase name="writeUserCard" time="0.001" classname="com.rongbei.util.WriteUserCard"/>
  <testcase name="writeUserCard" time="0.001" classname="com.rongbei.util.WriteUserCard"/>
  <testcase name="writeUserCard" time="0.001" classname="com.rongbei.util.WriteUserCard"/>
  <testcase name="writeUserCard" time="0.038" classname="com.rongbei.util.WriteUserCard"/>
  <testcase name="writeUserCard" time="0.001" classname="com.rongbei.util.WriteUserCard"/>
  <testcase name="writeUserCard" time="0.010" classname="com.rongbei.util.WriteUserCard"/>
  <testcase name="writeUserCard" time="0.012" classname="com.rongbei.util.WriteUserCard"/>
  <testcase name="writeUserCard" time="0.001" classname="com.rongbei.util.WriteUserCard"/>
  <testcase name="writeUserCard" time="0.001" classname="com.rongbei.util.WriteUserCard"/>
  <testcase name="writeUserCard" time="0.001" classname="com.rongbei.util.WriteUserCard"/>
  <testcase name="writeUserCard" time="0.001" classname="com.rongbei.util.WriteUserCard"/>
  <testcase name="writeUserCard" time="0.002" classname="com.rongbei.util.WriteUserCard"/>
  <testcase name="writeUserCard" time="0.002" classname="com.rongbei.util.WriteUserCard"/>
  <testcase name="writeUserCard" time="0.002" classname="com.rongbei.util.WriteUserCard"/>
  <testcase name="writeUserCard" time="0.002" classname="com.rongbei.util.WriteUserCard"/>
  <testcase name="writeUserCard" time="0.001" classname="com.rongbei.util.WriteUserCard"/>
  <testcase name="writeUserCard" time="0.001" classname="com.rongbei.util.WriteUserCard"/>
  <testcase name="writeUserCard" time="0.002" classname="com.rongbei.util.WriteUserCard"/>
  <testcase name="writeUserCard" time="0.001" classname="com.rongbei.util.WriteUserCard"/>
  <testcase name="writeUserCard" time="0.001" classname="com.rongbei.util.WriteUserCard"/>
  <testcase name="writeUserCard" time="0.001" classname="com.rongbei.util.WriteUserCard"/>
  <testcase name="writeUserCard" time="0.001" classname="com.rongbei.util.WriteUserCard"/>
  <testcase name="writeUserCard" time="0.001" classname="com.rongbei.util.WriteUserCard"/>
  <testcase name="writeUserCard" time="0.002" classname="com.rongbei.util.WriteUserCard"/>
  <testcase name="writeUserCard" time="0.001" classname="com.rongbei.util.WriteUserCard"/>
  <testcase name="writeUserCard" time="0.000" classname="com.rongbei.util.WriteUserCard"/>
  <testcase name="writeUserCard" time="0.001" classname="com.rongbei.util.WriteUserCard"/>
  <testcase name="writeUserCard" time="0.001" classname="com.rongbei.util.WriteUserCard"/>
  <testcase name="writeUserCard" time="0.001" classname="com.rongbei.util.WriteUserCard"/>
  <testcase name="writeUserCard" time="0.004" classname="com.rongbei.util.WriteUserCard"/>
  <testcase name="writeUserCard" time="0.002" classname="com.rongbei.util.WriteUserCard"/>
  <testcase name="writeUserCard" time="0.001" classname="com.rongbei.util.WriteUserCard"/>
  <testcase name="writeUserCard" time="0.002" classname="com.rongbei.util.WriteUserCard"/>
  <testcase name="writeUserCard" time="0.001" classname="com.rongbei.util.WriteUserCard"/>
  <testcase name="writeUserCard" time="0.001" classname="com.rongbei.util.WriteUserCard"/>
  <testcase name="writeUserCard" time="0.001" classname="com.rongbei.util.WriteUserCard"/>
  <testcase name="writeUserCard" time="0.001" classname="com.rongbei.util.WriteUserCard"/>
  <testcase name="writeUserCard" time="0.001" classname="com.rongbei.util.WriteUserCard"/>
  <testcase name="writeUserCard" time="0.001" classname="com.rongbei.util.WriteUserCard"/>
  <testcase name="writeUserCard" time="0.084" classname="com.rongbei.util.WriteUserCard"/>
  <testcase name="writeUserCard" time="0.002" classname="com.rongbei.util.WriteUserCard"/>
  <testcase name="writeUserCard" time="0.001" classname="com.rongbei.util.WriteUserCard"/>
  <testcase name="writeUserCard" time="0.001" classname="com.rongbei.util.WriteUserCard"/>
  <testcase name="writeUserCard" time="0.001" classname="com.rongbei.util.WriteUserCard"/>
  <testcase name="writeUserCard" time="0.002" classname="com.rongbei.util.WriteUserCard"/>
  <testcase name="writeUserCard" time="0.001" classname="com.rongbei.util.WriteUserCard"/>
  <testcase name="writeUserCard" time="0.002" classname="com.rongbei.util.WriteUserCard"/>
  <testcase name="writeUserCard" time="0.001" classname="com.rongbei.util.WriteUserCard"/>
  <testcase name="writeUserCard" time="0.001" classname="com.rongbei.util.WriteUserCard"/>
  <testcase name="writeUserCard" time="0.002" classname="com.rongbei.util.WriteUserCard"/>
  <testcase name="writeUserCard" time="0.001" classname="com.rongbei.util.WriteUserCard"/>
  <testcase name="writeUserCard" time="0.001" classname="com.rongbei.util.WriteUserCard"/>
  <testcase name="writeUserCard" time="0.001" classname="com.rongbei.util.WriteUserCard"/>
  <testcase name="writeUserCard" time="0.001" classname="com.rongbei.util.WriteUserCard"/>
  <testcase name="writeUserCard" time="0.001" classname="com.rongbei.util.WriteUserCard"/>
  <testcase name="writeUserCard" time="0.001" classname="com.rongbei.util.WriteUserCard"/>
  <testcase name="writeUserCard" time="0.001" classname="com.rongbei.util.WriteUserCard"/>
  <testcase name="writeUserCard" time="0.001" classname="com.rongbei.util.WriteUserCard"/>
  <testcase name="writeUserCard" time="0.003" classname="com.rongbei.util.WriteUserCard"/>
  <testcase name="writeUserCard" time="0.001" classname="com.rongbei.util.WriteUserCard"/>
  <testcase name="writeUserCard" time="0.001" classname="com.rongbei.util.WriteUserCard"/>
  <testcase name="writeUserCard" time="0.002" classname="com.rongbei.util.WriteUserCard"/>
  <testcase name="writeUserCard" time="0.001" classname="com.rongbei.util.WriteUserCard"/>
  <testcase name="writeUserCard" time="0.001" classname="com.rongbei.util.WriteUserCard"/>
  <testcase name="writeUserCard" time="0.001" classname="com.rongbei.util.WriteUserCard"/>
  <testcase name="writeUserCard" time="0.001" classname="com.rongbei.util.WriteUserCard"/>
  <testcase name="writeUserCard" time="0.001" classname="com.rongbei.util.WriteUserCard"/>
  <testcase name="writeUserCard" time="0.001" classname="com.rongbei.util.WriteUserCard"/>
  <testcase name="writeUserCard" time="0.018" classname="com.rongbei.util.WriteUserCard"/>
  <testcase name="writeUserCard" time="0.001" classname="com.rongbei.util.WriteUserCard"/>
  <testcase name="writeUserCard" time="0.001" classname="com.rongbei.util.WriteUserCard"/>
  <testcase name="writeUserCard" time="0.001" classname="com.rongbei.util.WriteUserCard"/>
  <testcase name="writeUserCard" time="0.001" classname="com.rongbei.util.WriteUserCard"/>
  <testcase name="writeUserCard" time="0.006" classname="com.rongbei.util.WriteUserCard"/>
  <testcase name="writeUserCard" time="0.002" classname="com.rongbei.util.WriteUserCard"/>
  <testcase name="writeUserCard" time="0.002" classname="com.rongbei.util.WriteUserCard"/>
  <testcase name="writeUserCard" time="0.001" classname="com.rongbei.util.WriteUserCard"/>
  <testcase name="writeUserCard" time="0.001" classname="com.rongbei.util.WriteUserCard"/>
  <testcase name="writeUserCard" time="0.002" classname="com.rongbei.util.WriteUserCard"/>
  <testcase name="writeUserCard" time="0.012" classname="com.rongbei.util.WriteUserCard"/>
  <testcase name="writeUserCard" time="0.001" classname="com.rongbei.util.WriteUserCard"/>
  <testcase name="writeUserCard" time="0.003" classname="com.rongbei.util.WriteUserCard"/>
  <testcase name="writeUserCard" time="0.002" classname="com.rongbei.util.WriteUserCard"/>
  <testcase name="writeUserCard" time="0.001" classname="com.rongbei.util.WriteUserCard"/>
  <testcase name="writeUserCard" time="0.002" classname="com.rongbei.util.WriteUserCard"/>
  <testcase name="writeUserCard" time="0.001" classname="com.rongbei.util.WriteUserCard"/>
  <testcase name="writeUserCard" time="0.001" classname="com.rongbei.util.WriteUserCard"/>
  <testcase name="writeUserCard" time="0.001" classname="com.rongbei.util.WriteUserCard"/>
  <testcase name="writeUserCard" time="0.001" classname="com.rongbei.util.WriteUserCard"/>
  <testcase name="writeUserCard" time="0.002" classname="com.rongbei.util.WriteUserCard"/>
  <testcase name="writeUserCard" time="0.001" classname="com.rongbei.util.WriteUserCard"/>
  <testcase name="writeUserCard" time="0.001" classname="com.rongbei.util.WriteUserCard"/>
  <testcase name="writeUserCard" time="0.001" classname="com.rongbei.util.WriteUserCard"/>
  <testcase name="writeUserCard" time="0.001" classname="com.rongbei.util.WriteUserCard"/>
  <testcase name="writeUserCard" time="0.001" classname="com.rongbei.util.WriteUserCard"/>
  <testcase name="writeUserCard" time="0.001" classname="com.rongbei.util.WriteUserCard"/>
  <testcase name="writeUserCard" time="0.000" classname="com.rongbei.util.WriteUserCard"/>
  <testcase name="writeUserCard" time="0.001" classname="com.rongbei.util.WriteUserCard"/>
  <testcase name="writeUserCard" time="0.001" classname="com.rongbei.util.WriteUserCard"/>
  <testcase name="writeUserCard" time="0.001" classname="com.rongbei.util.WriteUserCard"/>
  <testcase name="writeUserCard" time="0.001" classname="com.rongbei.util.WriteUserCard"/>
  <testcase name="writeUserCard" time="0.002" classname="com.rongbei.util.WriteUserCard"/>
  <testcase name="writeUserCard" time="0.001" classname="com.rongbei.util.WriteUserCard"/>
  <testcase name="writeUserCard" time="0.001" classname="com.rongbei.util.WriteUserCard"/>
  <testcase name="writeUserCard" time="0.001" classname="com.rongbei.util.WriteUserCard"/>
  <testcase name="writeUserCard" time="0.001" classname="com.rongbei.util.WriteUserCard"/>
  <testcase name="writeUserCard" time="0.001" classname="com.rongbei.util.WriteUserCard"/>
  <testcase name="writeUserCard" time="0.001" classname="com.rongbei.util.WriteUserCard"/>
  <testcase name="writeUserCard" time="0.001" classname="com.rongbei.util.WriteUserCard"/>
  <testcase name="writeUserCard" time="0.001" classname="com.rongbei.util.WriteUserCard"/>
  <testcase name="writeUserCard" time="0.007" classname="com.rongbei.util.WriteUserCard"/>
  <testcase name="writeUserCard" time="0.002" classname="com.rongbei.util.WriteUserCard"/>
  <testcase name="writeUserCard" time="0.001" classname="com.rongbei.util.WriteUserCard"/>
  <testcase name="writeUserCard" time="0.001" classname="com.rongbei.util.WriteUserCard"/>
  <testcase name="writeUserCard" time="0.001" classname="com.rongbei.util.WriteUserCard"/>
  <testcase name="writeUserCard" time="0.001" classname="com.rongbei.util.WriteUserCard"/>
  <testcase name="writeUserCard" time="0.002" classname="com.rongbei.util.WriteUserCard"/>
  <testcase name="writeUserCard" time="0.001" classname="com.rongbei.util.WriteUserCard"/>
  <testcase name="writeUserCard" time="0.002" classname="com.rongbei.util.WriteUserCard"/>
  <testcase name="writeUserCard" time="0.001" classname="com.rongbei.util.WriteUserCard"/>
  <testcase name="writeUserCard" time="0.001" classname="com.rongbei.util.WriteUserCard"/>
  <testcase name="writeUserCard" time="0.001" classname="com.rongbei.util.WriteUserCard"/>
  <testcase name="writeUserCard" time="0.001" classname="com.rongbei.util.WriteUserCard"/>
  <testcase name="writeUserCard" time="0.014" classname="com.rongbei.util.WriteUserCard"/>
  <testcase name="writeUserCard" time="0.000" classname="com.rongbei.util.WriteUserCard"/>
  <testcase name="writeUserCard" time="0.001" classname="com.rongbei.util.WriteUserCard"/>
  <testcase name="writeUserCard" time="0.001" classname="com.rongbei.util.WriteUserCard"/>
  <testcase name="writeUserCard" time="0.050" classname="com.rongbei.util.WriteUserCard"/>
  <testcase name="writeUserCard" time="0.001" classname="com.rongbei.util.WriteUserCard"/>
  <testcase name="writeUserCard" time="0.001" classname="com.rongbei.util.WriteUserCard"/>
  <testcase name="writeUserCard" time="0.001" classname="com.rongbei.util.WriteUserCard"/>
  <testcase name="writeUserCard" time="0.001" classname="com.rongbei.util.WriteUserCard"/>
  <testcase name="writeUserCard" time="0.001" classname="com.rongbei.util.WriteUserCard"/>
  <testcase name="writeUserCard" time="0.000" classname="com.rongbei.util.WriteUserCard"/>
  <testcase name="writeUserCard" time="0.006" classname="com.rongbei.util.WriteUserCard"/>
  <testcase name="writeUserCard" time="0.001" classname="com.rongbei.util.WriteUserCard"/>
  <testcase name="writeUserCard" time="0.001" classname="com.rongbei.util.WriteUserCard"/>
  <testcase name="writeUserCard" time="0.001" classname="com.rongbei.util.WriteUserCard"/>
  <testcase name="writeUserCard" time="0.001" classname="com.rongbei.util.WriteUserCard"/>
  <testcase name="writeUserCard" time="0.001" classname="com.rongbei.util.WriteUserCard"/>
  <testcase name="writeUserCard" time="0.001" classname="com.rongbei.util.WriteUserCard"/>
  <testcase name="writeUserCard" time="0.002" classname="com.rongbei.util.WriteUserCard"/>
  <testcase name="writeUserCard" time="0.004" classname="com.rongbei.util.WriteUserCard"/>
  <testcase name="writeUserCard" time="0.001" classname="com.rongbei.util.WriteUserCard"/>
  <testcase name="writeUserCard" time="0.000" classname="com.rongbei.util.WriteUserCard"/>
  <testcase name="writeUserCard" time="0.004" classname="com.rongbei.util.WriteUserCard"/>
  <testcase name="writeUserCard" time="0.001" classname="com.rongbei.util.WriteUserCard"/>
  <testcase name="writeUserCard" time="0.046" classname="com.rongbei.util.WriteUserCard"/>
  <testcase name="writeUserCard" time="0.001" classname="com.rongbei.util.WriteUserCard"/>
  <testcase name="writeUserCard" time="0.001" classname="com.rongbei.util.WriteUserCard"/>
  <testcase name="writeUserCard" time="0.001" classname="com.rongbei.util.WriteUserCard"/>
  <testcase name="writeUserCard" time="0.002" classname="com.rongbei.util.WriteUserCard"/>
  <testcase name="writeUserCard" time="0.001" classname="com.rongbei.util.WriteUserCard"/>
  <testcase name="writeUserCard" time="0.000" classname="com.rongbei.util.WriteUserCard"/>
  <testcase name="writeUserCard" time="0.001" classname="com.rongbei.util.WriteUserCard"/>
  <testcase name="writeUserCard" time="0.001" classname="com.rongbei.util.WriteUserCard"/>
  <testcase name="writeUserCard" time="0.001" classname="com.rongbei.util.WriteUserCard"/>
  <testcase name="writeUserCard" time="0.002" classname="com.rongbei.util.WriteUserCard"/>
  <testcase name="writeUserCard" time="0.002" classname="com.rongbei.util.WriteUserCard"/>
  <testcase name="writeUserCard" time="0.020" classname="com.rongbei.util.WriteUserCard"/>
  <testcase name="writeUserCard" time="0.002" classname="com.rongbei.util.WriteUserCard"/>
  <testcase name="writeUserCard" time="0.001" classname="com.rongbei.util.WriteUserCard"/>
  <testcase name="writeUserCard" time="0.002" classname="com.rongbei.util.WriteUserCard"/>
  <testcase name="writeUserCard" time="0.001" classname="com.rongbei.util.WriteUserCard"/>
  <testcase name="writeUserCard" time="0.001" classname="com.rongbei.util.WriteUserCard"/>
  <testcase name="writeUserCard" time="0.001" classname="com.rongbei.util.WriteUserCard"/>
  <testcase name="writeUserCard" time="0.001" classname="com.rongbei.util.WriteUserCard"/>
  <testcase name="writeUserCard" time="0.001" classname="com.rongbei.util.WriteUserCard"/>
  <testcase name="writeUserCard" time="0.002" classname="com.rongbei.util.WriteUserCard"/>
  <testcase name="writeUserCard" time="0.001" classname="com.rongbei.util.WriteUserCard"/>
  <testcase name="writeUserCard" time="0.001" classname="com.rongbei.util.WriteUserCard"/>
  <testcase name="writeUserCard" time="0.002" classname="com.rongbei.util.WriteUserCard"/>
  <testcase name="writeUserCard" time="0.002" classname="com.rongbei.util.WriteUserCard"/>
  <testcase name="writeUserCard" time="0.001" classname="com.rongbei.util.WriteUserCard"/>
  <testcase name="writeUserCard" time="0.002" classname="com.rongbei.util.WriteUserCard"/>
  <testcase name="writeUserCard" time="0.001" classname="com.rongbei.util.WriteUserCard"/>
  <testcase name="writeUserCard" time="0.001" classname="com.rongbei.util.WriteUserCard"/>
  <testcase name="writeUserCard" time="0.002" classname="com.rongbei.util.WriteUserCard"/>
  <testcase name="writeUserCard" time="0.001" classname="com.rongbei.util.WriteUserCard"/>
  <testcase name="writeUserCard" time="0.031" classname="com.rongbei.util.WriteUserCard"/>
  <testcase name="writeUserCard" time="0.001" classname="com.rongbei.util.WriteUserCard"/>
  <testcase name="writeUserCard" time="0.002" classname="com.rongbei.util.WriteUserCard"/>
  <testcase name="writeUserCard" time="0.001" classname="com.rongbei.util.WriteUserCard"/>
  <testcase name="writeUserCard" time="0.001" classname="com.rongbei.util.WriteUserCard"/>
  <testcase name="writeUserCard" time="0.000" classname="com.rongbei.util.WriteUserCard"/>
  <testcase name="writeUserCard" time="0.012" classname="com.rongbei.util.WriteUserCard"/>
  <testcase name="writeUserCard" time="0.009" classname="com.rongbei.util.WriteUserCard"/>
  <testcase name="writeUserCard" time="0.019" classname="com.rongbei.util.WriteUserCard"/>
  <testcase name="writeUserCard" time="0.001" classname="com.rongbei.util.WriteUserCard"/>
  <testcase name="writeUserCard" time="0.003" classname="com.rongbei.util.WriteUserCard"/>
  <testcase name="writeUserCard" time="0.001" classname="com.rongbei.util.WriteUserCard"/>
  <testcase name="writeUserCard" time="0.001" classname="com.rongbei.util.WriteUserCard"/>
  <testcase name="writeUserCard" time="0.001" classname="com.rongbei.util.WriteUserCard"/>
  <testcase name="writeUserCard" time="0.001" classname="com.rongbei.util.WriteUserCard"/>
  <testcase name="writeUserCard" time="0.001" classname="com.rongbei.util.WriteUserCard"/>
  <testcase name="writeUserCard" time="0.002" classname="com.rongbei.util.WriteUserCard"/>
  <testcase name="writeUserCard" time="0.001" classname="com.rongbei.util.WriteUserCard"/>
  <testcase name="writeUserCard" time="0.002" classname="com.rongbei.util.WriteUserCard"/>
  <testcase name="writeUserCard" time="0.002" classname="com.rongbei.util.WriteUserCard"/>
  <testcase name="writeUserCard" time="0.001" classname="com.rongbei.util.WriteUserCard"/>
  <testcase name="writeUserCard" time="0.012" classname="com.rongbei.util.WriteUserCard"/>
  <testcase name="writeUserCard" time="0.001" classname="com.rongbei.util.WriteUserCard"/>
  <testcase name="writeUserCard" time="0.001" classname="com.rongbei.util.WriteUserCard"/>
  <testcase name="writeUserCard" time="0.002" classname="com.rongbei.util.WriteUserCard"/>
  <testcase name="writeUserCard" time="0.001" classname="com.rongbei.util.WriteUserCard"/>
  <testcase name="writeUserCard" time="0.001" classname="com.rongbei.util.WriteUserCard"/>
  <testcase name="writeUserCard" time="0.001" classname="com.rongbei.util.WriteUserCard"/>
  <testcase name="writeUserCard" time="0.001" classname="com.rongbei.util.WriteUserCard"/>
  <testcase name="writeUserCard" time="0.005" classname="com.rongbei.util.WriteUserCard"/>
  <testcase name="writeUserCard" time="0.001" classname="com.rongbei.util.WriteUserCard"/>
  <testcase name="writeUserCard" time="0.001" classname="com.rongbei.util.WriteUserCard"/>
  <testcase name="writeUserCard" time="0.002" classname="com.rongbei.util.WriteUserCard"/>
  <testcase name="writeUserCard" time="0.001" classname="com.rongbei.util.WriteUserCard"/>
  <testcase name="writeUserCard" time="0.001" classname="com.rongbei.util.WriteUserCard"/>
  <testcase name="writeUserCard" time="0.005" classname="com.rongbei.util.WriteUserCard"/>
  <testcase name="writeUserCard" time="0.000" classname="com.rongbei.util.WriteUserCard"/>
  <testcase name="writeUserCard" time="0.001" classname="com.rongbei.util.WriteUserCard"/>
  <testcase name="writeUserCard" time="0.034" classname="com.rongbei.util.WriteUserCard"/>
  <testcase name="writeUserCard" time="0.001" classname="com.rongbei.util.WriteUserCard"/>
  <testcase name="writeUserCard" time="0.002" classname="com.rongbei.util.WriteUserCard"/>
  <testcase name="writeUserCard" time="0.002" classname="com.rongbei.util.WriteUserCard"/>
  <testcase name="writeUserCard" time="0.002" classname="com.rongbei.util.WriteUserCard"/>
  <testcase name="writeUserCard" time="0.001" classname="com.rongbei.util.WriteUserCard"/>
  <testcase name="writeUserCard" time="0.001" classname="com.rongbei.util.WriteUserCard"/>
  <testcase name="writeUserCard" time="0.001" classname="com.rongbei.util.WriteUserCard"/>
  <testcase name="writeUserCard" time="0.002" classname="com.rongbei.util.WriteUserCard"/>
  <testcase name="writeUserCard" time="0.001" classname="com.rongbei.util.WriteUserCard"/>
  <testcase name="writeUserCard" time="0.007" classname="com.rongbei.util.WriteUserCard"/>
  <testcase name="writeUserCard" time="0.001" classname="com.rongbei.util.WriteUserCard"/>
  <testcase name="writeUserCard" time="0.001" classname="com.rongbei.util.WriteUserCard"/>
  <testcase name="writeUserCard" time="0.001" classname="com.rongbei.util.WriteUserCard"/>
  <testcase name="writeUserCard" time="0.002" classname="com.rongbei.util.WriteUserCard"/>
  <testcase name="writeUserCard" time="0.009" classname="com.rongbei.util.WriteUserCard"/>
  <testcase name="writeUserCard" time="0.002" classname="com.rongbei.util.WriteUserCard"/>
  <testcase name="writeUserCard" time="0.001" classname="com.rongbei.util.WriteUserCard"/>
  <testcase name="writeUserCard" time="0.001" classname="com.rongbei.util.WriteUserCard"/>
  <testcase name="writeUserCard" time="0.001" classname="com.rongbei.util.WriteUserCard"/>
  <testcase name="writeUserCard" time="0.001" classname="com.rongbei.util.WriteUserCard"/>
  <testcase name="writeUserCard" time="0.001" classname="com.rongbei.util.WriteUserCard"/>
  <testcase name="writeUserCard" time="0.002" classname="com.rongbei.util.WriteUserCard"/>
  <testcase name="writeUserCard" time="0.032" classname="com.rongbei.util.WriteUserCard"/>
  <testcase name="writeUserCard" time="0.002" classname="com.rongbei.util.WriteUserCard"/>
  <testcase name="writeUserCard" time="0.001" classname="com.rongbei.util.WriteUserCard"/>
  <testcase name="writeUserCard" time="0.001" classname="com.rongbei.util.WriteUserCard"/>
  <testcase name="writeUserCard" time="0.001" classname="com.rongbei.util.WriteUserCard"/>
  <testcase name="writeUserCard" time="0.001" classname="com.rongbei.util.WriteUserCard"/>
  <testcase name="writeUserCard" time="0.001" classname="com.rongbei.util.WriteUserCard"/>
  <testcase name="writeUserCard" time="0.001" classname="com.rongbei.util.WriteUserCard"/>
  <testcase name="writeUserCard" time="0.001" classname="com.rongbei.util.WriteUserCard"/>
  <testcase name="writeUserCard" time="0.001" classname="com.rongbei.util.WriteUserCard"/>
  <testcase name="writeUserCard" time="0.001" classname="com.rongbei.util.WriteUserCard"/>
  <testcase name="writeUserCard" time="0.001" classname="com.rongbei.util.WriteUserCard"/>
  <testcase name="writeUserCard" time="0.003" classname="com.rongbei.util.WriteUserCard"/>
  <testcase name="writeUserCard" time="0.001" classname="com.rongbei.util.WriteUserCard"/>
  <testcase name="writeUserCard" time="0.001" classname="com.rongbei.util.WriteUserCard"/>
  <testcase name="writeUserCard" time="0.001" classname="com.rongbei.util.WriteUserCard"/>
  <testcase name="writeUserCard" time="0.003" classname="com.rongbei.util.WriteUserCard"/>
  <testcase name="writeUserCard" time="0.001" classname="com.rongbei.util.WriteUserCard"/>
  <testcase name="writeUserCard" time="0.003" classname="com.rongbei.util.WriteUserCard"/>
  <testcase name="writeUserCard" time="0.001" classname="com.rongbei.util.WriteUserCard"/>
  <testcase name="writeUserCard" time="0.001" classname="com.rongbei.util.WriteUserCard"/>
  <testcase name="writeUserCard" time="0.001" classname="com.rongbei.util.WriteUserCard"/>
  <testcase name="writeUserCard" time="0.001" classname="com.rongbei.util.WriteUserCard"/>
  <testcase name="writeUserCard" time="0.002" classname="com.rongbei.util.WriteUserCard"/>
  <testcase name="writeUserCard" time="0.002" classname="com.rongbei.util.WriteUserCard"/>
  <testcase name="writeUserCard" time="0.002" classname="com.rongbei.util.WriteUserCard"/>
  <testcase name="writeUserCard" time="0.001" classname="com.rongbei.util.WriteUserCard"/>
  <testcase name="writeUserCard" time="0.001" classname="com.rongbei.util.WriteUserCard"/>
  <testcase name="writeUserCard" time="0.001" classname="com.rongbei.util.WriteUserCard"/>
  <testcase name="writeUserCard" time="0.001" classname="com.rongbei.util.WriteUserCard"/>
  <testcase name="writeUserCard" time="0.001" classname="com.rongbei.util.WriteUserCard"/>
  <testcase name="writeUserCard" time="0.001" classname="com.rongbei.util.WriteUserCard"/>
  <testcase name="writeUserCard" time="0.001" classname="com.rongbei.util.WriteUserCard"/>
  <testcase name="writeUserCard" time="0.001" classname="com.rongbei.util.WriteUserCard"/>
  <testcase name="writeUserCard" time="0.001" classname="com.rongbei.util.WriteUserCard"/>
  <testcase name="writeUserCard" time="0.001" classname="com.rongbei.util.WriteUserCard"/>
  <testcase name="writeUserCard" time="0.002" classname="com.rongbei.util.WriteUserCard"/>
  <testcase name="writeUserCard" time="0.001" classname="com.rongbei.util.WriteUserCard"/>
  <testcase name="writeUserCard" time="0.001" classname="com.rongbei.util.WriteUserCard"/>
  <testcase name="writeUserCard" time="0.001" classname="com.rongbei.util.WriteUserCard"/>
  <testcase name="writeUserCard" time="0.002" classname="com.rongbei.util.WriteUserCard"/>
  <testcase name="writeUserCard" time="0.001" classname="com.rongbei.util.WriteUserCard"/>
  <testcase name="writeUserCard" time="0.002" classname="com.rongbei.util.WriteUserCard"/>
  <testcase name="writeUserCard" time="0.001" classname="com.rongbei.util.WriteUserCard"/>
  <testcase name="writeUserCard" time="0.002" classname="com.rongbei.util.WriteUserCard"/>
  <testcase name="writeUserCard" time="0.001" classname="com.rongbei.util.WriteUserCard"/>
  <testcase name="writeUserCard" time="0.001" classname="com.rongbei.util.WriteUserCard"/>
  <testcase name="writeUserCard" time="0.032" classname="com.rongbei.util.WriteUserCard"/>
  <testcase name="writeUserCard" time="0.001" classname="com.rongbei.util.WriteUserCard"/>
  <testcase name="writeUserCard" time="0.001" classname="com.rongbei.util.WriteUserCard"/>
  <testcase name="writeUserCard" time="0.003" classname="com.rongbei.util.WriteUserCard"/>
  <testcase name="writeUserCard" time="0.002" classname="com.rongbei.util.WriteUserCard"/>
  <testcase name="writeUserCard" time="0.002" classname="com.rongbei.util.WriteUserCard"/>
  <testcase name="writeUserCard" time="0.002" classname="com.rongbei.util.WriteUserCard"/>
  <testcase name="writeUserCard" time="0.001" classname="com.rongbei.util.WriteUserCard"/>
  <testcase name="writeUserCard" time="0.006" classname="com.rongbei.util.WriteUserCard"/>
  <testcase name="writeUserCard" time="0.001" classname="com.rongbei.util.WriteUserCard"/>
  <testcase name="writeUserCard" time="0.001" classname="com.rongbei.util.WriteUserCard"/>
  <testcase name="writeUserCard" time="0.000" classname="com.rongbei.util.WriteUserCard"/>
  <testcase name="writeUserCard" time="0.001" classname="com.rongbei.util.WriteUserCard"/>
  <testcase name="writeUserCard" time="0.001" classname="com.rongbei.util.WriteUserCard"/>
  <testcase name="writeUserCard" time="0.015" classname="com.rongbei.util.WriteUserCard"/>
  <testcase name="writeUserCard" time="0.001" classname="com.rongbei.util.WriteUserCard"/>
  <testcase name="writeUserCard" time="0.002" classname="com.rongbei.util.WriteUserCard"/>
  <testcase name="writeUserCard" time="0.001" classname="com.rongbei.util.WriteUserCard"/>
  <testcase name="writeUserCard" time="0.001" classname="com.rongbei.util.WriteUserCard"/>
  <testcase name="writeUserCard" time="0.001" classname="com.rongbei.util.WriteUserCard"/>
  <testcase name="writeUserCard" time="0.001" classname="com.rongbei.util.WriteUserCard"/>
  <testcase name="writeUserCard" time="0.001" classname="com.rongbei.util.WriteUserCard"/>
  <testcase name="writeUserCard" time="0.001" classname="com.rongbei.util.WriteUserCard"/>
  <testcase name="writeUserCard" time="0.001" classname="com.rongbei.util.WriteUserCard"/>
  <testcase name="writeUserCard" time="0.001" classname="com.rongbei.util.WriteUserCard"/>
  <testcase name="writeUserCard" time="0.001" classname="com.rongbei.util.WriteUserCard"/>
  <testcase name="writeUserCard" time="0.001" classname="com.rongbei.util.WriteUserCard"/>
  <testcase name="writeUserCard" time="0.001" classname="com.rongbei.util.WriteUserCard"/>
  <testcase name="writeUserCard" time="0.002" classname="com.rongbei.util.WriteUserCard"/>
  <testcase name="writeUserCard" time="0.001" classname="com.rongbei.util.WriteUserCard"/>
  <testcase name="writeUserCard" time="0.001" classname="com.rongbei.util.WriteUserCard"/>
  <testcase name="writeUserCard" time="0.001" classname="com.rongbei.util.WriteUserCard"/>
  <testcase name="writeUserCard" time="0.035" classname="com.rongbei.util.WriteUserCard"/>
  <testcase name="writeUserCard" time="0.002" classname="com.rongbei.util.WriteUserCard"/>
  <testcase name="writeUserCard" time="0.001" classname="com.rongbei.util.WriteUserCard"/>
  <testcase name="writeUserCard" time="0.001" classname="com.rongbei.util.WriteUserCard"/>
  <testcase name="writeUserCard" time="0.001" classname="com.rongbei.util.WriteUserCard"/>
  <testcase name="writeUserCard" time="0.001" classname="com.rongbei.util.WriteUserCard"/>
  <testcase name="writeUserCard" time="0.002" classname="com.rongbei.util.WriteUserCard"/>
  <testcase name="writeUserCard" time="0.001" classname="com.rongbei.util.WriteUserCard"/>
  <testcase name="writeUserCard" time="0.003" classname="com.rongbei.util.WriteUserCard"/>
  <testcase name="writeUserCard" time="0.008" classname="com.rongbei.util.WriteUserCard"/>
  <testcase name="writeUserCard" time="0.003" classname="com.rongbei.util.WriteUserCard"/>
  <testcase name="writeUserCard" time="0.028" classname="com.rongbei.util.WriteUserCard"/>
  <testcase name="writeUserCard" time="0.002" classname="com.rongbei.util.WriteUserCard"/>
  <testcase name="writeUserCard" time="0.001" classname="com.rongbei.util.WriteUserCard"/>
  <testcase name="writeUserCard" time="0.001" classname="com.rongbei.util.WriteUserCard"/>
  <testcase name="writeUserCard" time="0.002" classname="com.rongbei.util.WriteUserCard"/>
  <testcase name="writeUserCard" time="0.001" classname="com.rongbei.util.WriteUserCard"/>
  <testcase name="writeUserCard" time="0.001" classname="com.rongbei.util.WriteUserCard"/>
  <testcase name="writeUserCard" time="0.001" classname="com.rongbei.util.WriteUserCard"/>
  <testcase name="writeUserCard" time="0.001" classname="com.rongbei.util.WriteUserCard"/>
  <testcase name="writeUserCard" time="0.001" classname="com.rongbei.util.WriteUserCard"/>
  <testcase name="writeUserCard" time="0.001" classname="com.rongbei.util.WriteUserCard"/>
  <testcase name="writeUserCard" time="0.001" classname="com.rongbei.util.WriteUserCard"/>
  <testcase name="writeUserCard" time="0.001" classname="com.rongbei.util.WriteUserCard"/>
  <testcase name="writeUserCard" time="0.001" classname="com.rongbei.util.WriteUserCard"/>
  <testcase name="writeUserCard" time="0.001" classname="com.rongbei.util.WriteUserCard"/>
  <testcase name="writeUserCard" time="0.003" classname="com.rongbei.util.WriteUserCard"/>
  <testcase name="writeUserCard" time="0.002" classname="com.rongbei.util.WriteUserCard"/>
  <testcase name="writeUserCard" time="0.002" classname="com.rongbei.util.WriteUserCard"/>
  <testcase name="writeUserCard" time="0.001" classname="com.rongbei.util.WriteUserCard"/>
  <testcase name="writeUserCard" time="0.002" classname="com.rongbei.util.WriteUserCard"/>
  <testcase name="writeUserCard" time="0.001" classname="com.rongbei.util.WriteUserCard"/>
  <testcase name="writeUserCard" time="0.003" classname="com.rongbei.util.WriteUserCard"/>
  <testcase name="writeUserCard" time="0.039" classname="com.rongbei.util.WriteUserCard"/>
  <testcase name="writeUserCard" time="0.001" classname="com.rongbei.util.WriteUserCard"/>
  <testcase name="writeUserCard" time="0.047" classname="com.rongbei.util.WriteUserCard"/>
  <testcase name="writeUserCard" time="0.001" classname="com.rongbei.util.WriteUserCard"/>
  <testcase name="writeUserCard" time="0.001" classname="com.rongbei.util.WriteUserCard"/>
  <testcase name="writeUserCard" time="0.001" classname="com.rongbei.util.WriteUserCard"/>
  <testcase name="writeUserCard" time="0.001" classname="com.rongbei.util.WriteUserCard"/>
  <testcase name="writeUserCard" time="0.001" classname="com.rongbei.util.WriteUserCard"/>
  <testcase name="writeUserCard" time="0.014" classname="com.rongbei.util.WriteUserCard"/>
  <testcase name="writeUserCard" time="0.033" classname="com.rongbei.util.WriteUserCard"/>
  <testcase name="writeUserCard" time="0.001" classname="com.rongbei.util.WriteUserCard"/>
  <testcase name="writeUserCard" time="0.002" classname="com.rongbei.util.WriteUserCard"/>
  <testcase name="writeUserCard" time="0.001" classname="com.rongbei.util.WriteUserCard"/>
  <testcase name="writeUserCard" time="0.001" classname="com.rongbei.util.WriteUserCard"/>
  <testcase name="writeUserCard" time="0.002" classname="com.rongbei.util.WriteUserCard"/>
  <testcase name="writeUserCard" time="0.001" classname="com.rongbei.util.WriteUserCard"/>
  <testcase name="writeUserCard" time="0.001" classname="com.rongbei.util.WriteUserCard"/>
  <testcase name="writeUserCard" time="0.001" classname="com.rongbei.util.WriteUserCard"/>
  <testcase name="writeUserCard" time="0.001" classname="com.rongbei.util.WriteUserCard"/>
  <testcase name="writeUserCard" time="0.002" classname="com.rongbei.util.WriteUserCard"/>
  <testcase name="writeUserCard" time="0.001" classname="com.rongbei.util.WriteUserCard"/>
  <testcase name="writeUserCard" time="0.001" classname="com.rongbei.util.WriteUserCard"/>
  <testcase name="writeUserCard" time="0.001" classname="com.rongbei.util.WriteUserCard"/>
  <testcase name="writeUserCard" time="0.002" classname="com.rongbei.util.WriteUserCard"/>
  <testcase name="writeUserCard" time="0.002" classname="com.rongbei.util.WriteUserCard"/>
  <testcase name="writeUserCard" time="0.001" classname="com.rongbei.util.WriteUserCard"/>
  <testcase name="writeUserCard" time="0.001" classname="com.rongbei.util.WriteUserCard"/>
  <testcase name="writeUserCard" time="0.001" classname="com.rongbei.util.WriteUserCard"/>
  <testcase name="writeUserCard" time="0.002" classname="com.rongbei.util.WriteUserCard"/>
  <testcase name="writeUserCard" time="0.000" classname="com.rongbei.util.WriteUserCard"/>
  <testcase name="writeUserCard" time="0.015" classname="com.rongbei.util.WriteUserCard"/>
  <testcase name="writeUserCard" time="0.002" classname="com.rongbei.util.WriteUserCard"/>
  <testcase name="writeUserCard" time="0.001" classname="com.rongbei.util.WriteUserCard"/>
  <testcase name="writeUserCard" time="0.002" classname="com.rongbei.util.WriteUserCard"/>
  <testcase name="writeUserCard" time="0.001" classname="com.rongbei.util.WriteUserCard"/>
  <testcase name="writeUserCard" time="0.001" classname="com.rongbei.util.WriteUserCard"/>
  <testcase name="writeUserCard" time="0.001" classname="com.rongbei.util.WriteUserCard"/>
  <testcase name="writeUserCard" time="0.003" classname="com.rongbei.util.WriteUserCard"/>
  <testcase name="writeUserCard" time="0.001" classname="com.rongbei.util.WriteUserCard"/>
  <testcase name="writeUserCard" time="0.001" classname="com.rongbei.util.WriteUserCard"/>
  <testcase name="writeUserCard" time="0.001" classname="com.rongbei.util.WriteUserCard"/>
  <testcase name="writeUserCard" time="0.002" classname="com.rongbei.util.WriteUserCard"/>
  <testcase name="writeUserCard" time="0.001" classname="com.rongbei.util.WriteUserCard"/>
  <testcase name="writeUserCard" time="0.001" classname="com.rongbei.util.WriteUserCard"/>
  <testcase name="writeUserCard" time="0.001" classname="com.rongbei.util.WriteUserCard"/>
  <testcase name="writeUserCard" time="0.001" classname="com.rongbei.util.WriteUserCard"/>
  <testcase name="writeUserCard" time="0.001" classname="com.rongbei.util.WriteUserCard"/>
  <testcase name="writeUserCard" time="0.001" classname="com.rongbei.util.WriteUserCard"/>
  <testcase name="writeUserCard" time="0.002" classname="com.rongbei.util.WriteUserCard"/>
  <testcase name="writeUserCard" time="0.001" classname="com.rongbei.util.WriteUserCard"/>
  <testcase name="writeUserCard" time="0.002" classname="com.rongbei.util.WriteUserCard"/>
  <testcase name="writeUserCard" time="0.001" classname="com.rongbei.util.WriteUserCard"/>
  <testcase name="writeUserCard" time="0.001" classname="com.rongbei.util.WriteUserCard"/>
  <testcase name="writeUserCard" time="0.001" classname="com.rongbei.util.WriteUserCard"/>
  <testcase name="writeUserCard" time="0.001" classname="com.rongbei.util.WriteUserCard"/>
  <testcase name="writeUserCard" time="0.001" classname="com.rongbei.util.WriteUserCard"/>
  <testcase name="writeUserCard" time="0.001" classname="com.rongbei.util.WriteUserCard"/>
  <testcase name="writeUserCard" time="0.001" classname="com.rongbei.util.WriteUserCard"/>
  <testcase name="writeUserCard" time="0.002" classname="com.rongbei.util.WriteUserCard"/>
  <testcase name="writeUserCard" time="0.002" classname="com.rongbei.util.WriteUserCard"/>
  <testcase name="writeUserCard" time="0.002" classname="com.rongbei.util.WriteUserCard"/>
  <testcase name="writeUserCard" time="0.002" classname="com.rongbei.util.WriteUserCard"/>
  <testcase name="writeUserCard" time="0.001" classname="com.rongbei.util.WriteUserCard"/>
  <testcase name="writeUserCard" time="0.001" classname="com.rongbei.util.WriteUserCard"/>
  <testcase name="writeUserCard" time="0.001" classname="com.rongbei.util.WriteUserCard"/>
  <testcase name="writeUserCard" time="0.001" classname="com.rongbei.util.WriteUserCard"/>
  <testcase name="writeUserCard" time="0.002" classname="com.rongbei.util.WriteUserCard"/>
  <testcase name="writeUserCard" time="0.001" classname="com.rongbei.util.WriteUserCard"/>
  <testcase name="writeUserCard" time="0.001" classname="com.rongbei.util.WriteUserCard"/>
  <testcase name="writeUserCard" time="0.001" classname="com.rongbei.util.WriteUserCard"/>
  <testcase name="writeUserCard" time="0.001" classname="com.rongbei.util.WriteUserCard"/>
  <testcase name="writeUserCard" time="0.001" classname="com.rongbei.util.WriteUserCard"/>
  <testcase name="writeUserCard" time="0.001" classname="com.rongbei.util.WriteUserCard"/>
  <testcase name="writeUserCard" time="0.002" classname="com.rongbei.util.WriteUserCard"/>
  <testcase name="writeUserCard" time="0.001" classname="com.rongbei.util.WriteUserCard"/>
  <testcase name="writeUserCard" time="0.001" classname="com.rongbei.util.WriteUserCard"/>
  <testcase name="writeUserCard" time="0.002" classname="com.rongbei.util.WriteUserCard"/>
  <testcase name="writeUserCard" time="0.001" classname="com.rongbei.util.WriteUserCard"/>
  <testcase name="writeUserCard" time="0.001" classname="com.rongbei.util.WriteUserCard"/>
  <testcase name="writeUserCard" time="0.001" classname="com.rongbei.util.WriteUserCard"/>
  <testcase name="writeUserCard" time="0.001" classname="com.rongbei.util.WriteUserCard"/>
  <testcase name="writeUserCard" time="0.001" classname="com.rongbei.util.WriteUserCard"/>
  <testcase name="writeUserCard" time="0.001" classname="com.rongbei.util.WriteUserCard"/>
  <testcase name="writeUserCard" time="0.002" classname="com.rongbei.util.WriteUserCard"/>
  <testcase name="writeUserCard" time="0.001" classname="com.rongbei.util.WriteUserCard"/>
  <testcase name="writeUserCard" time="0.001" classname="com.rongbei.util.WriteUserCard"/>
  <testcase name="writeUserCard" time="0.003" classname="com.rongbei.util.WriteUserCard"/>
  <testcase name="writeUserCard" time="0.001" classname="com.rongbei.util.WriteUserCard"/>
  <testcase name="writeUserCard" time="0.001" classname="com.rongbei.util.WriteUserCard"/>
  <testcase name="writeUserCard" time="0.001" classname="com.rongbei.util.WriteUserCard"/>
  <testcase name="writeUserCard" time="0.001" classname="com.rongbei.util.WriteUserCard"/>
  <testcase name="writeUserCard" time="0.001" classname="com.rongbei.util.WriteUserCard"/>
  <testcase name="writeUserCard" time="0.001" classname="com.rongbei.util.WriteUserCard"/>
  <testcase name="writeUserCard" time="0.002" classname="com.rongbei.util.WriteUserCard"/>
  <testcase name="writeUserCard" time="0.001" classname="com.rongbei.util.WriteUserCard"/>
  <testcase name="writeUserCard" time="0.001" classname="com.rongbei.util.WriteUserCard"/>
  <testcase name="writeUserCard" time="0.001" classname="com.rongbei.util.WriteUserCard"/>
  <testcase name="writeUserCard" time="0.001" classname="com.rongbei.util.WriteUserCard"/>
  <testcase name="writeUserCard" time="0.001" classname="com.rongbei.util.WriteUserCard"/>
  <testcase name="writeUserCard" time="0.001" classname="com.rongbei.util.WriteUserCard"/>
  <testcase name="writeUserCard" time="0.002" classname="com.rongbei.util.WriteUserCard"/>
  <testcase name="writeUserCard" time="0.002" classname="com.rongbei.util.WriteUserCard"/>
  <testcase name="writeUserCard" time="0.001" classname="com.rongbei.util.WriteUserCard"/>
  <testcase name="writeUserCard" time="0.002" classname="com.rongbei.util.WriteUserCard"/>
  <testcase name="writeUserCard" time="0.002" classname="com.rongbei.util.WriteUserCard"/>
  <testcase name="writeUserCard" time="0.002" classname="com.rongbei.util.WriteUserCard"/>
  <testcase name="writeUserCard" time="0.001" classname="com.rongbei.util.WriteUserCard"/>
  <testcase name="writeUserCard" time="0.000" classname="com.rongbei.util.WriteUserCard"/>
  <testcase name="writeUserCard" time="0.001" classname="com.rongbei.util.WriteUserCard"/>
  <testcase name="writeUserCard" time="0.001" classname="com.rongbei.util.WriteUserCard"/>
  <testcase name="writeUserCard" time="0.000" classname="com.rongbei.util.WriteUserCard"/>
  <testcase name="writeUserCard" time="0.001" classname="com.rongbei.util.WriteUserCard"/>
  <testcase name="writeUserCard" time="0.002" classname="com.rongbei.util.WriteUserCard"/>
  <testcase name="writeUserCard" time="0.002" classname="com.rongbei.util.WriteUserCard"/>
  <testcase name="writeUserCard" time="0.001" classname="com.rongbei.util.WriteUserCard"/>
  <testcase name="writeUserCard" time="0.001" classname="com.rongbei.util.WriteUserCard"/>
  <testcase name="writeUserCard" time="0.001" classname="com.rongbei.util.WriteUserCard"/>
  <testcase name="writeUserCard" time="0.001" classname="com.rongbei.util.WriteUserCard"/>
  <testcase name="writeUserCard" time="0.001" classname="com.rongbei.util.WriteUserCard"/>
  <testcase name="writeUserCard" time="0.001" classname="com.rongbei.util.WriteUserCard"/>
  <testcase name="writeUserCard" time="0.000" classname="com.rongbei.util.WriteUserCard"/>
  <testcase name="writeUserCard" time="0.001" classname="com.rongbei.util.WriteUserCard"/>
  <testcase name="writeUserCard" time="0.001" classname="com.rongbei.util.WriteUserCard"/>
  <testcase name="writeUserCard" time="0.002" classname="com.rongbei.util.WriteUserCard"/>
  <testcase name="writeUserCard" time="0.002" classname="com.rongbei.util.WriteUserCard"/>
  <testcase name="writeUserCard" time="0.001" classname="com.rongbei.util.WriteUserCard"/>
  <testcase name="writeUserCard" time="0.002" classname="com.rongbei.util.WriteUserCard"/>
  <testcase name="writeUserCard" time="0.028" classname="com.rongbei.util.WriteUserCard"/>
  <testcase name="writeUserCard" time="0.001" classname="com.rongbei.util.WriteUserCard"/>
  <testcase name="writeUserCard" time="0.001" classname="com.rongbei.util.WriteUserCard"/>
  <testcase name="writeUserCard" time="0.001" classname="com.rongbei.util.WriteUserCard"/>
  <testcase name="writeUserCard" time="0.022" classname="com.rongbei.util.WriteUserCard"/>
  <testcase name="writeUserCard" time="0.002" classname="com.rongbei.util.WriteUserCard"/>
  <testcase name="writeUserCard" time="0.001" classname="com.rongbei.util.WriteUserCard"/>
  <testcase name="writeUserCard" time="0.001" classname="com.rongbei.util.WriteUserCard"/>
  <testcase name="writeUserCard" time="0.002" classname="com.rongbei.util.WriteUserCard"/>
  <testcase name="writeUserCard" time="0.001" classname="com.rongbei.util.WriteUserCard"/>
  <testcase name="writeUserCard" time="0.001" classname="com.rongbei.util.WriteUserCard"/>
  <testcase name="writeUserCard" time="0.001" classname="com.rongbei.util.WriteUserCard"/>
  <testcase name="writeUserCard" time="0.002" classname="com.rongbei.util.WriteUserCard"/>
  <testcase name="writeUserCard" time="0.002" classname="com.rongbei.util.WriteUserCard"/>
  <testcase name="writeUserCard" time="0.001" classname="com.rongbei.util.WriteUserCard"/>
  <testcase name="writeUserCard" time="0.002" classname="com.rongbei.util.WriteUserCard"/>
  <testcase name="writeUserCard" time="0.001" classname="com.rongbei.util.WriteUserCard"/>
  <testcase name="writeUserCard" time="0.000" classname="com.rongbei.util.WriteUserCard"/>
  <testcase name="writeUserCard" time="0.001" classname="com.rongbei.util.WriteUserCard"/>
  <testcase name="writeUserCard" time="0.001" classname="com.rongbei.util.WriteUserCard"/>
  <testcase name="writeUserCard" time="0.002" classname="com.rongbei.util.WriteUserCard"/>
  <testcase name="writeUserCard" time="0.001" classname="com.rongbei.util.WriteUserCard"/>
  <testcase name="writeUserCard" time="0.002" classname="com.rongbei.util.WriteUserCard"/>
  <testcase name="writeUserCard" time="0.001" classname="com.rongbei.util.WriteUserCard"/>
  <testcase name="writeUserCard" time="0.001" classname="com.rongbei.util.WriteUserCard"/>
  <testcase name="writeUserCard" time="0.018" classname="com.rongbei.util.WriteUserCard"/>
  <testcase name="writeUserCard" time="0.001" classname="com.rongbei.util.WriteUserCard"/>
  <testcase name="writeUserCard" time="0.003" classname="com.rongbei.util.WriteUserCard"/>
  <testcase name="writeUserCard" time="0.001" classname="com.rongbei.util.WriteUserCard"/>
  <testcase name="writeUserCard" time="0.001" classname="com.rongbei.util.WriteUserCard"/>
  <testcase name="writeUserCard" time="0.008" classname="com.rongbei.util.WriteUserCard"/>
  <testcase name="writeUserCard" time="0.003" classname="com.rongbei.util.WriteUserCard"/>
  <testcase name="writeUserCard" time="0.001" classname="com.rongbei.util.WriteUserCard"/>
  <testcase name="writeUserCard" time="0.001" classname="com.rongbei.util.WriteUserCard"/>
  <testcase name="writeUserCard" time="0.001" classname="com.rongbei.util.WriteUserCard"/>
  <testcase name="writeUserCard" time="0.001" classname="com.rongbei.util.WriteUserCard"/>
  <testcase name="writeUserCard" time="0.001" classname="com.rongbei.util.WriteUserCard"/>
  <testcase name="writeUserCard" time="0.001" classname="com.rongbei.util.WriteUserCard"/>
  <testcase name="writeUserCard" time="0.001" classname="com.rongbei.util.WriteUserCard"/>
  <testcase name="writeUserCard" time="0.001" classname="com.rongbei.util.WriteUserCard"/>
  <testcase name="writeUserCard" time="0.001" classname="com.rongbei.util.WriteUserCard"/>
  <testcase name="writeUserCard" time="0.001" classname="com.rongbei.util.WriteUserCard"/>
  <testcase name="writeUserCard" time="0.001" classname="com.rongbei.util.WriteUserCard"/>
  <testcase name="writeUserCard" time="0.002" classname="com.rongbei.util.WriteUserCard"/>
  <testcase name="writeUserCard" time="0.002" classname="com.rongbei.util.WriteUserCard"/>
  <testcase name="writeUserCard" time="0.002" classname="com.rongbei.util.WriteUserCard"/>
  <testcase name="writeUserCard" time="0.001" classname="com.rongbei.util.WriteUserCard"/>
  <testcase name="writeUserCard" time="0.001" classname="com.rongbei.util.WriteUserCard"/>
  <testcase name="writeUserCard" time="0.001" classname="com.rongbei.util.WriteUserCard"/>
  <testcase name="writeUserCard" time="0.001" classname="com.rongbei.util.WriteUserCard"/>
  <testcase name="writeUserCard" time="0.001" classname="com.rongbei.util.WriteUserCard"/>
  <testcase name="writeUserCard" time="0.001" classname="com.rongbei.util.WriteUserCard"/>
  <testcase name="writeUserCard" time="0.002" classname="com.rongbei.util.WriteUserCard"/>
  <testcase name="writeUserCard" time="0.002" classname="com.rongbei.util.WriteUserCard"/>
  <testcase name="writeUserCard" time="0.001" classname="com.rongbei.util.WriteUserCard"/>
  <testcase name="writeUserCard" time="0.002" classname="com.rongbei.util.WriteUserCard"/>
  <testcase name="writeUserCard" time="0.001" classname="com.rongbei.util.WriteUserCard"/>
  <testcase name="writeUserCard" time="0.000" classname="com.rongbei.util.WriteUserCard"/>
  <testcase name="writeUserCard" time="0.001" classname="com.rongbei.util.WriteUserCard"/>
  <testcase name="writeUserCard" time="0.001" classname="com.rongbei.util.WriteUserCard"/>
  <testcase name="writeUserCard" time="0.001" classname="com.rongbei.util.WriteUserCard"/>
  <testcase name="writeUserCard" time="0.001" classname="com.rongbei.util.WriteUserCard"/>
  <testcase name="writeUserCard" time="0.001" classname="com.rongbei.util.WriteUserCard"/>
  <testcase name="writeUserCard" time="0.001" classname="com.rongbei.util.WriteUserCard"/>
  <testcase name="writeUserCard" time="0.001" classname="com.rongbei.util.WriteUserCard"/>
  <testcase name="writeUserCard" time="0.001" classname="com.rongbei.util.WriteUserCard"/>
  <testcase name="writeUserCard" time="0.002" classname="com.rongbei.util.WriteUserCard"/>
  <testcase name="writeUserCard" time="0.002" classname="com.rongbei.util.WriteUserCard"/>
  <testcase name="writeUserCard" time="0.002" classname="com.rongbei.util.WriteUserCard"/>
  <testcase name="writeUserCard" time="0.001" classname="com.rongbei.util.WriteUserCard"/>
  <testcase name="writeUserCard" time="0.001" classname="com.rongbei.util.WriteUserCard"/>
</testsuite> <!-- com.rongbei.util.WriteUserCard -->
