<?xml version="1.0" encoding="UTF-8"?>
<!-- Generated by org.testng.reporters.JUnitReportReporter -->
<testsuite skipped="0" hostname="EDZ-20170729POB" name="com.irongbei.CreateZZSPlan" tests="1" failures="0" timestamp="31 一月 2019 09:51:10 GMT" time="22.250" errors="0">
  <testcase name="createZzsPlan" time="22.250" classname="com.irongbei.CreateZZSPlan"/>
</testsuite> <!-- com.irongbei.CreateZZSPlan -->
