<?xml version="1.0" encoding="UTF-8"?>
<!-- Generated by org.testng.reporters.JUnitReportReporter -->
<testsuite skipped="0" hostname="EDZ-20170729POB" name="com.irongbei.ShengXinTouTuiChuMingLing" tests="1" failures="0" timestamp="30 四月 2019 09:39:40 GMT" time="270.251" errors="0">
  <testcase name="sxttcml" time="270.251" classname="com.irongbei.ShengXinTouTuiChuMingLing"/>
</testsuite> <!-- com.irongbei.ShengXinTouTuiChuMingLing -->
