<?xml version="1.0" encoding="UTF-8"?>
<!-- Generated by org.testng.reporters.JUnitReportReporter -->
<testsuite skipped="0" hostname="EDZ-20170729POB" name="com.irongbei.ShengXinTouTuiChu2" tests="10" failures="0" timestamp="05 五月 2019 07:43:01 GMT" time="707.166" errors="0">
  <testcase name="sxttc" time="66.954" classname="com.irongbei.ShengXinTouTuiChu2"/>
  <testcase name="sxttc" time="72.812" classname="com.irongbei.ShengXinTouTuiChu2"/>
  <testcase name="sxttc" time="74.813" classname="com.irongbei.ShengXinTouTuiChu2"/>
  <testcase name="sxttc" time="70.393" classname="com.irongbei.ShengXinTouTuiChu2"/>
  <testcase name="sxttc" time="70.160" classname="com.irongbei.ShengXinTouTuiChu2"/>
  <testcase name="sxttc" time="72.231" classname="com.irongbei.ShengXinTouTuiChu2"/>
  <testcase name="sxttc" time="67.781" classname="com.irongbei.ShengXinTouTuiChu2"/>
  <testcase name="sxttc" time="71.241" classname="com.irongbei.ShengXinTouTuiChu2"/>
  <testcase name="sxttc" time="75.065" classname="com.irongbei.ShengXinTouTuiChu2"/>
  <testcase name="sxttc" time="65.716" classname="com.irongbei.ShengXinTouTuiChu2"/>
</testsuite> <!-- com.irongbei.ShengXinTouTuiChu2 -->
